[2022-01-28 19:34:41,990] {taskinstance.py:1032} INFO - Dependencies all met for <TaskInstance: xcom_dag.task_4 manual__2022-01-28T22:34:35.629149+00:00 [queued]>
[2022-01-28 19:34:42,007] {taskinstance.py:1032} INFO - Dependencies all met for <TaskInstance: xcom_dag.task_4 manual__2022-01-28T22:34:35.629149+00:00 [queued]>
[2022-01-28 19:34:42,007] {taskinstance.py:1238} INFO - 
--------------------------------------------------------------------------------
[2022-01-28 19:34:42,007] {taskinstance.py:1239} INFO - Starting attempt 1 of 1
[2022-01-28 19:34:42,008] {taskinstance.py:1240} INFO - 
--------------------------------------------------------------------------------
[2022-01-28 19:34:42,024] {taskinstance.py:1259} INFO - Executing <Task(PythonOperator): task_4> on 2022-01-28 22:34:35.629149+00:00
[2022-01-28 19:34:42,030] {standard_task_runner.py:52} INFO - Started process 204394 to run task
[2022-01-28 19:34:42,034] {standard_task_runner.py:76} INFO - Running: ['airflow', 'tasks', 'run', 'xcom_dag', 'task_4', 'manual__2022-01-28T22:34:35.629149+00:00', '--job-id', '976', '--raw', '--subdir', 'DAGS_FOLDER/xcom_dag.py', '--cfg-path', '/tmp/tmpdirsqd3a', '--error-file', '/tmp/tmpp8j9tlu2']
[2022-01-28 19:34:42,034] {standard_task_runner.py:77} INFO - Job 976: Subtask task_4
[2022-01-28 19:34:42,115] {logging_mixin.py:109} INFO - Running <TaskInstance: xcom_dag.task_4 manual__2022-01-28T22:34:35.629149+00:00 [running]> on host uiliam-Vostro-15-3515
[2022-01-28 19:34:42,196] {taskinstance.py:1424} INFO - Exporting the following env vars:
AIRFLOW_CTX_DAG_OWNER=airflow
AIRFLOW_CTX_DAG_ID=xcom_dag
AIRFLOW_CTX_TASK_ID=task_4
AIRFLOW_CTX_EXECUTION_DATE=2022-01-28T22:34:35.629149+00:00
AIRFLOW_CTX_DAG_RUN_ID=manual__2022-01-28T22:34:35.629149+00:00
[2022-01-28 19:34:42,196] {logging_mixin.py:109} INFO - choose best model
[2022-01-28 19:34:42,208] {logging_mixin.py:109} INFO - [3.9082755131077462, 6.940029194643795, 9.28523821773503]
[2022-01-28 19:34:42,208] {python.py:175} INFO - Done. Returned value was: None
[2022-01-28 19:34:42,225] {taskinstance.py:1267} INFO - Marking task as SUCCESS. dag_id=xcom_dag, task_id=task_4, execution_date=20220128T223435, start_date=20220128T223441, end_date=20220128T223442
[2022-01-28 19:34:42,246] {local_task_job.py:154} INFO - Task exited with return code 0
[2022-01-28 19:34:42,285] {local_task_job.py:264} INFO - 0 downstream tasks scheduled from follow-on schedule check
