[2022-01-28 20:53:06,623] {taskinstance.py:1032} INFO - Dependencies all met for <TaskInstance: xcom_dag.processing_tasks.training_model_b manual__2022-01-28T23:53:01.536064+00:00 [queued]>
[2022-01-28 20:53:06,635] {taskinstance.py:1032} INFO - Dependencies all met for <TaskInstance: xcom_dag.processing_tasks.training_model_b manual__2022-01-28T23:53:01.536064+00:00 [queued]>
[2022-01-28 20:53:06,635] {taskinstance.py:1238} INFO - 
--------------------------------------------------------------------------------
[2022-01-28 20:53:06,635] {taskinstance.py:1239} INFO - Starting attempt 1 of 1
[2022-01-28 20:53:06,635] {taskinstance.py:1240} INFO - 
--------------------------------------------------------------------------------
[2022-01-28 20:53:06,646] {taskinstance.py:1259} INFO - Executing <Task(PythonOperator): processing_tasks.training_model_b> on 2022-01-28 23:53:01.536064+00:00
[2022-01-28 20:53:06,650] {standard_task_runner.py:52} INFO - Started process 223946 to run task
[2022-01-28 20:53:06,655] {standard_task_runner.py:76} INFO - Running: ['airflow', 'tasks', 'run', 'xcom_dag', 'processing_tasks.training_model_b', 'manual__2022-01-28T23:53:01.536064+00:00', '--job-id', '1023', '--raw', '--subdir', 'DAGS_FOLDER/xcom_dag.py', '--cfg-path', '/tmp/tmps61g33pk', '--error-file', '/tmp/tmpvv9e2dqq']
[2022-01-28 20:53:06,656] {standard_task_runner.py:77} INFO - Job 1023: Subtask processing_tasks.training_model_b
[2022-01-28 20:53:06,719] {logging_mixin.py:109} INFO - Running <TaskInstance: xcom_dag.processing_tasks.training_model_b manual__2022-01-28T23:53:01.536064+00:00 [running]> on host uiliam-Vostro-15-3515
[2022-01-28 20:53:06,785] {taskinstance.py:1424} INFO - Exporting the following env vars:
AIRFLOW_CTX_DAG_OWNER=airflow
AIRFLOW_CTX_DAG_ID=xcom_dag
AIRFLOW_CTX_TASK_ID=processing_tasks.training_model_b
AIRFLOW_CTX_EXECUTION_DATE=2022-01-28T23:53:01.536064+00:00
AIRFLOW_CTX_DAG_RUN_ID=manual__2022-01-28T23:53:01.536064+00:00
[2022-01-28 20:53:06,786] {logging_mixin.py:109} INFO - model's accuracy: 2.757217027908158
[2022-01-28 20:53:06,796] {python.py:175} INFO - Done. Returned value was: None
[2022-01-28 20:53:06,814] {taskinstance.py:1267} INFO - Marking task as SUCCESS. dag_id=xcom_dag, task_id=processing_tasks.training_model_b, execution_date=20220128T235301, start_date=20220128T235306, end_date=20220128T235306
[2022-01-28 20:53:06,864] {local_task_job.py:154} INFO - Task exited with return code 0
[2022-01-28 20:53:06,911] {local_task_job.py:264} INFO - 0 downstream tasks scheduled from follow-on schedule check
