[2022-01-28 20:54:30,431] {taskinstance.py:1032} INFO - Dependencies all met for <TaskInstance: xcom_dag.processing_tasks.training_model_b manual__2022-01-28T23:53:01.536064+00:00 [queued]>
[2022-01-28 20:54:30,448] {taskinstance.py:1032} INFO - Dependencies all met for <TaskInstance: xcom_dag.processing_tasks.training_model_b manual__2022-01-28T23:53:01.536064+00:00 [queued]>
[2022-01-28 20:54:30,448] {taskinstance.py:1238} INFO - 
--------------------------------------------------------------------------------
[2022-01-28 20:54:30,448] {taskinstance.py:1239} INFO - Starting attempt 2 of 2
[2022-01-28 20:54:30,448] {taskinstance.py:1240} INFO - 
--------------------------------------------------------------------------------
[2022-01-28 20:54:30,466] {taskinstance.py:1259} INFO - Executing <Task(PythonOperator): processing_tasks.training_model_b> on 2022-01-28 23:53:01.536064+00:00
[2022-01-28 20:54:30,470] {standard_task_runner.py:52} INFO - Started process 224873 to run task
[2022-01-28 20:54:30,474] {standard_task_runner.py:76} INFO - Running: ['airflow', 'tasks', 'run', 'xcom_dag', 'processing_tasks.training_model_b', 'manual__2022-01-28T23:53:01.536064+00:00', '--job-id', '1028', '--raw', '--subdir', 'DAGS_FOLDER/xcom_dag.py', '--cfg-path', '/tmp/tmpu85rekx5', '--error-file', '/tmp/tmp9x_l0ej4']
[2022-01-28 20:54:30,476] {standard_task_runner.py:77} INFO - Job 1028: Subtask processing_tasks.training_model_b
[2022-01-28 20:54:30,559] {logging_mixin.py:109} INFO - Running <TaskInstance: xcom_dag.processing_tasks.training_model_b manual__2022-01-28T23:53:01.536064+00:00 [running]> on host uiliam-Vostro-15-3515
[2022-01-28 20:54:30,636] {taskinstance.py:1424} INFO - Exporting the following env vars:
AIRFLOW_CTX_DAG_OWNER=airflow
AIRFLOW_CTX_DAG_ID=xcom_dag
AIRFLOW_CTX_TASK_ID=processing_tasks.training_model_b
AIRFLOW_CTX_EXECUTION_DATE=2022-01-28T23:53:01.536064+00:00
AIRFLOW_CTX_DAG_RUN_ID=manual__2022-01-28T23:53:01.536064+00:00
[2022-01-28 20:54:30,637] {logging_mixin.py:109} INFO - model's accuracy: 8.581209132877884
[2022-01-28 20:54:30,646] {python.py:175} INFO - Done. Returned value was: None
[2022-01-28 20:54:30,658] {taskinstance.py:1267} INFO - Marking task as SUCCESS. dag_id=xcom_dag, task_id=processing_tasks.training_model_b, execution_date=20220128T235301, start_date=20220128T235430, end_date=20220128T235430
[2022-01-28 20:54:30,691] {local_task_job.py:154} INFO - Task exited with return code 0
[2022-01-28 20:54:30,747] {local_task_job.py:264} INFO - 0 downstream tasks scheduled from follow-on schedule check
