[2022-01-28 20:22:37,425] {taskinstance.py:1032} INFO - Dependencies all met for <TaskInstance: xcom_dag.task_4 manual__2022-01-28T23:20:00.615086+00:00 [queued]>
[2022-01-28 20:22:37,435] {taskinstance.py:1032} INFO - Dependencies all met for <TaskInstance: xcom_dag.task_4 manual__2022-01-28T23:20:00.615086+00:00 [queued]>
[2022-01-28 20:22:37,436] {taskinstance.py:1238} INFO - 
--------------------------------------------------------------------------------
[2022-01-28 20:22:37,436] {taskinstance.py:1239} INFO - Starting attempt 1 of 1
[2022-01-28 20:22:37,436] {taskinstance.py:1240} INFO - 
--------------------------------------------------------------------------------
[2022-01-28 20:22:37,447] {taskinstance.py:1259} INFO - Executing <Task(PythonOperator): task_4> on 2022-01-28 23:20:00.615086+00:00
[2022-01-28 20:22:37,450] {standard_task_runner.py:52} INFO - Started process 215479 to run task
[2022-01-28 20:22:37,453] {standard_task_runner.py:76} INFO - Running: ['airflow', 'tasks', 'run', 'xcom_dag', 'task_4', 'manual__2022-01-28T23:20:00.615086+00:00', '--job-id', '999', '--raw', '--subdir', 'DAGS_FOLDER/xcom_dag.py', '--cfg-path', '/tmp/tmp5ld8oeiy', '--error-file', '/tmp/tmpl2222s87']
[2022-01-28 20:22:37,455] {standard_task_runner.py:77} INFO - Job 999: Subtask task_4
[2022-01-28 20:22:37,521] {logging_mixin.py:109} INFO - Running <TaskInstance: xcom_dag.task_4 manual__2022-01-28T23:20:00.615086+00:00 [running]> on host uiliam-Vostro-15-3515
[2022-01-28 20:22:37,587] {taskinstance.py:1424} INFO - Exporting the following env vars:
AIRFLOW_CTX_DAG_OWNER=airflow
AIRFLOW_CTX_DAG_ID=xcom_dag
AIRFLOW_CTX_TASK_ID=task_4
AIRFLOW_CTX_EXECUTION_DATE=2022-01-28T23:20:00.615086+00:00
AIRFLOW_CTX_DAG_RUN_ID=manual__2022-01-28T23:20:00.615086+00:00
[2022-01-28 20:22:37,588] {logging_mixin.py:109} INFO - choose best model
[2022-01-28 20:22:37,601] {logging_mixin.py:109} INFO - [5.948827043462007, 8.277673960022945, 4.378551794267612]
[2022-01-28 20:22:37,601] {python.py:175} INFO - Done. Returned value was: None
[2022-01-28 20:22:37,617] {taskinstance.py:1267} INFO - Marking task as SUCCESS. dag_id=xcom_dag, task_id=task_4, execution_date=20220128T232000, start_date=20220128T232237, end_date=20220128T232237
[2022-01-28 20:22:37,664] {local_task_job.py:154} INFO - Task exited with return code 0
[2022-01-28 20:22:37,701] {local_task_job.py:264} INFO - 0 downstream tasks scheduled from follow-on schedule check
