[2022-01-28 20:16:55,589] {taskinstance.py:1032} INFO - Dependencies all met for <TaskInstance: xcom_dag.task_4 manual__2022-01-28T23:16:49.720040+00:00 [queued]>
[2022-01-28 20:16:55,600] {taskinstance.py:1032} INFO - Dependencies all met for <TaskInstance: xcom_dag.task_4 manual__2022-01-28T23:16:49.720040+00:00 [queued]>
[2022-01-28 20:16:55,600] {taskinstance.py:1238} INFO - 
--------------------------------------------------------------------------------
[2022-01-28 20:16:55,600] {taskinstance.py:1239} INFO - Starting attempt 1 of 1
[2022-01-28 20:16:55,600] {taskinstance.py:1240} INFO - 
--------------------------------------------------------------------------------
[2022-01-28 20:16:55,611] {taskinstance.py:1259} INFO - Executing <Task(PythonOperator): task_4> on 2022-01-28 23:16:49.720040+00:00
[2022-01-28 20:16:55,616] {standard_task_runner.py:52} INFO - Started process 212205 to run task
[2022-01-28 20:16:55,620] {standard_task_runner.py:76} INFO - Running: ['airflow', 'tasks', 'run', 'xcom_dag', 'task_4', 'manual__2022-01-28T23:16:49.720040+00:00', '--job-id', '981', '--raw', '--subdir', 'DAGS_FOLDER/xcom_dag.py', '--cfg-path', '/tmp/tmp39se1ocy', '--error-file', '/tmp/tmp3jld8rm6']
[2022-01-28 20:16:55,621] {standard_task_runner.py:77} INFO - Job 981: Subtask task_4
[2022-01-28 20:16:55,678] {logging_mixin.py:109} INFO - Running <TaskInstance: xcom_dag.task_4 manual__2022-01-28T23:16:49.720040+00:00 [running]> on host uiliam-Vostro-15-3515
[2022-01-28 20:16:55,738] {taskinstance.py:1424} INFO - Exporting the following env vars:
AIRFLOW_CTX_DAG_OWNER=airflow
AIRFLOW_CTX_DAG_ID=xcom_dag
AIRFLOW_CTX_TASK_ID=task_4
AIRFLOW_CTX_EXECUTION_DATE=2022-01-28T23:16:49.720040+00:00
AIRFLOW_CTX_DAG_RUN_ID=manual__2022-01-28T23:16:49.720040+00:00
[2022-01-28 20:16:55,739] {logging_mixin.py:109} INFO - choose best model
[2022-01-28 20:16:55,747] {logging_mixin.py:109} INFO - [3.62582388495243, 7.1597671060062895, 4.458097098354378]
[2022-01-28 20:16:55,748] {python.py:175} INFO - Done. Returned value was: None
[2022-01-28 20:16:55,764] {taskinstance.py:1267} INFO - Marking task as SUCCESS. dag_id=xcom_dag, task_id=task_4, execution_date=20220128T231649, start_date=20220128T231655, end_date=20220128T231655
[2022-01-28 20:16:55,790] {local_task_job.py:154} INFO - Task exited with return code 0
[2022-01-28 20:16:55,828] {local_task_job.py:264} INFO - 0 downstream tasks scheduled from follow-on schedule check
