[2022-01-28 20:54:30,391] {taskinstance.py:1032} INFO - Dependencies all met for <TaskInstance: xcom_dag.processing_tasks.training_model_a manual__2022-01-28T23:53:01.536064+00:00 [queued]>
[2022-01-28 20:54:30,402] {taskinstance.py:1032} INFO - Dependencies all met for <TaskInstance: xcom_dag.processing_tasks.training_model_a manual__2022-01-28T23:53:01.536064+00:00 [queued]>
[2022-01-28 20:54:30,402] {taskinstance.py:1238} INFO - 
--------------------------------------------------------------------------------
[2022-01-28 20:54:30,402] {taskinstance.py:1239} INFO - Starting attempt 2 of 2
[2022-01-28 20:54:30,402] {taskinstance.py:1240} INFO - 
--------------------------------------------------------------------------------
[2022-01-28 20:54:30,418] {taskinstance.py:1259} INFO - Executing <Task(PythonOperator): processing_tasks.training_model_a> on 2022-01-28 23:53:01.536064+00:00
[2022-01-28 20:54:30,424] {standard_task_runner.py:52} INFO - Started process 224869 to run task
[2022-01-28 20:54:30,430] {standard_task_runner.py:76} INFO - Running: ['airflow', 'tasks', 'run', 'xcom_dag', 'processing_tasks.training_model_a', 'manual__2022-01-28T23:53:01.536064+00:00', '--job-id', '1026', '--raw', '--subdir', 'DAGS_FOLDER/xcom_dag.py', '--cfg-path', '/tmp/tmpc7i0ft32', '--error-file', '/tmp/tmp9vrd0hws']
[2022-01-28 20:54:30,431] {standard_task_runner.py:77} INFO - Job 1026: Subtask processing_tasks.training_model_a
[2022-01-28 20:54:30,515] {logging_mixin.py:109} INFO - Running <TaskInstance: xcom_dag.processing_tasks.training_model_a manual__2022-01-28T23:53:01.536064+00:00 [running]> on host uiliam-Vostro-15-3515
[2022-01-28 20:54:30,590] {taskinstance.py:1424} INFO - Exporting the following env vars:
AIRFLOW_CTX_DAG_OWNER=airflow
AIRFLOW_CTX_DAG_ID=xcom_dag
AIRFLOW_CTX_TASK_ID=processing_tasks.training_model_a
AIRFLOW_CTX_EXECUTION_DATE=2022-01-28T23:53:01.536064+00:00
AIRFLOW_CTX_DAG_RUN_ID=manual__2022-01-28T23:53:01.536064+00:00
[2022-01-28 20:54:30,592] {logging_mixin.py:109} INFO - model's accuracy: 0.5322031208721185
[2022-01-28 20:54:30,604] {python.py:175} INFO - Done. Returned value was: None
[2022-01-28 20:54:30,622] {taskinstance.py:1267} INFO - Marking task as SUCCESS. dag_id=xcom_dag, task_id=processing_tasks.training_model_a, execution_date=20220128T235301, start_date=20220128T235430, end_date=20220128T235430
[2022-01-28 20:54:30,680] {local_task_job.py:154} INFO - Task exited with return code 0
[2022-01-28 20:54:30,724] {local_task_job.py:264} INFO - 0 downstream tasks scheduled from follow-on schedule check
