[2022-01-28 20:52:58,013] {taskinstance.py:1032} INFO - Dependencies all met for <TaskInstance: xcom_dag.downloading_data manual__2022-01-28T23:49:52.996846+00:00 [queued]>
[2022-01-28 20:52:58,027] {taskinstance.py:1032} INFO - Dependencies all met for <TaskInstance: xcom_dag.downloading_data manual__2022-01-28T23:49:52.996846+00:00 [queued]>
[2022-01-28 20:52:58,027] {taskinstance.py:1238} INFO - 
--------------------------------------------------------------------------------
[2022-01-28 20:52:58,027] {taskinstance.py:1239} INFO - Starting attempt 2 of 2
[2022-01-28 20:52:58,027] {taskinstance.py:1240} INFO - 
--------------------------------------------------------------------------------
[2022-01-28 20:52:58,044] {taskinstance.py:1259} INFO - Executing <Task(BashOperator): downloading_data> on 2022-01-28 23:49:52.996846+00:00
[2022-01-28 20:52:58,049] {standard_task_runner.py:52} INFO - Started process 223499 to run task
[2022-01-28 20:52:58,056] {standard_task_runner.py:76} INFO - Running: ['airflow', 'tasks', 'run', 'xcom_dag', 'downloading_data', 'manual__2022-01-28T23:49:52.996846+00:00', '--job-id', '1015', '--raw', '--subdir', 'DAGS_FOLDER/xcom_dag.py', '--cfg-path', '/tmp/tmp95rh4s4_', '--error-file', '/tmp/tmprb43rce2']
[2022-01-28 20:52:58,057] {standard_task_runner.py:77} INFO - Job 1015: Subtask downloading_data
[2022-01-28 20:52:58,132] {logging_mixin.py:109} INFO - Running <TaskInstance: xcom_dag.downloading_data manual__2022-01-28T23:49:52.996846+00:00 [running]> on host uiliam-Vostro-15-3515
[2022-01-28 20:52:58,206] {taskinstance.py:1424} INFO - Exporting the following env vars:
AIRFLOW_CTX_DAG_OWNER=airflow
AIRFLOW_CTX_DAG_ID=xcom_dag
AIRFLOW_CTX_TASK_ID=downloading_data
AIRFLOW_CTX_EXECUTION_DATE=2022-01-28T23:49:52.996846+00:00
AIRFLOW_CTX_DAG_RUN_ID=manual__2022-01-28T23:49:52.996846+00:00
[2022-01-28 20:52:58,207] {subprocess.py:62} INFO - Tmp dir root location: 
 /tmp
[2022-01-28 20:52:58,208] {subprocess.py:74} INFO - Running command: ['bash', '-c', 'sleep 3']
[2022-01-28 20:52:58,219] {subprocess.py:85} INFO - Output:
[2022-01-28 20:53:01,221] {subprocess.py:93} INFO - Command exited with return code 0
[2022-01-28 20:53:01,242] {taskinstance.py:1267} INFO - Marking task as SUCCESS. dag_id=xcom_dag, task_id=downloading_data, execution_date=20220128T234952, start_date=20220128T235258, end_date=20220128T235301
[2022-01-28 20:53:01,273] {local_task_job.py:154} INFO - Task exited with return code 0
[2022-01-28 20:53:01,322] {local_task_job.py:264} INFO - 3 downstream tasks scheduled from follow-on schedule check
