[2022-02-03 23:09:04,884] {taskinstance.py:1032} INFO - Dependencies all met for <TaskInstance: elasticsearch_dag.print_es_info manual__2022-02-04T02:09:03.791980+00:00 [queued]>
[2022-02-03 23:09:04,893] {taskinstance.py:1032} INFO - Dependencies all met for <TaskInstance: elasticsearch_dag.print_es_info manual__2022-02-04T02:09:03.791980+00:00 [queued]>
[2022-02-03 23:09:04,893] {taskinstance.py:1238} INFO - 
--------------------------------------------------------------------------------
[2022-02-03 23:09:04,893] {taskinstance.py:1239} INFO - Starting attempt 1 of 1
[2022-02-03 23:09:04,893] {taskinstance.py:1240} INFO - 
--------------------------------------------------------------------------------
[2022-02-03 23:09:04,906] {taskinstance.py:1259} INFO - Executing <Task(PythonOperator): print_es_info> on 2022-02-04 02:09:03.791980+00:00
[2022-02-03 23:09:04,909] {standard_task_runner.py:52} INFO - Started process 128956 to run task
[2022-02-03 23:09:04,913] {standard_task_runner.py:76} INFO - Running: ['airflow', 'tasks', 'run', 'elasticsearch_dag', 'print_es_info', 'manual__2022-02-04T02:09:03.791980+00:00', '--job-id', '1096', '--raw', '--subdir', 'DAGS_FOLDER/elasticsearch_dag.py', '--cfg-path', '/tmp/tmpu1qtpw48', '--error-file', '/tmp/tmpzsemshhs']
[2022-02-03 23:09:04,914] {standard_task_runner.py:77} INFO - Job 1096: Subtask print_es_info
[2022-02-03 23:09:04,977] {logging_mixin.py:109} INFO - Running <TaskInstance: elasticsearch_dag.print_es_info manual__2022-02-04T02:09:03.791980+00:00 [running]> on host uiliam-Vostro-15-3515
[2022-02-03 23:09:05,040] {taskinstance.py:1424} INFO - Exporting the following env vars:
AIRFLOW_CTX_DAG_OWNER=airflow
AIRFLOW_CTX_DAG_ID=elasticsearch_dag
AIRFLOW_CTX_TASK_ID=print_es_info
AIRFLOW_CTX_EXECUTION_DATE=2022-02-04T02:09:03.791980+00:00
AIRFLOW_CTX_DAG_RUN_ID=manual__2022-02-04T02:09:03.791980+00:00
[2022-02-03 23:09:05,051] {base.py:70} INFO - Using connection to: id: elasticsearch_default. Host: localhost, Port: 9200, Schema: http, Login: None, Password: None, extra: {}
[2022-02-03 23:09:05,060] {logging_mixin.py:109} WARNING - /home/uiliam/sandbox/lib/python3.9/site-packages/elasticsearch/connection/base.py:200 ElasticsearchWarning: Elasticsearch built-in security features are not enabled. Without authentication, your cluster could be accessible to anyone. See https://www.elastic.co/guide/en/elasticsearch/reference/7.17/security-minimal-setup.html to enable security.
[2022-02-03 23:09:05,060] {base.py:265} INFO - GET http://localhost:9200/ [status:200 request:0.005s]
[2022-02-03 23:09:05,064] {base.py:265} INFO - GET http://localhost:9200/ [status:200 request:0.004s]
[2022-02-03 23:09:05,065] {logging_mixin.py:109} INFO - {'name': 'uiliam-Vostro-15-3515', 'cluster_name': 'elasticsearch', 'cluster_uuid': 'ZELjDOjXQ_60xkbqHdA4xA', 'version': {'number': '7.17.0', 'build_flavor': 'default', 'build_type': 'deb', 'build_hash': 'bee86328705acaa9a6daede7140defd4d9ec56bd', 'build_date': '2022-01-28T08:36:04.875279988Z', 'build_snapshot': False, 'lucene_version': '8.11.1', 'minimum_wire_compatibility_version': '6.8.0', 'minimum_index_compatibility_version': '6.0.0-beta1'}, 'tagline': 'You Know, for Search'}
[2022-02-03 23:09:05,065] {python.py:175} INFO - Done. Returned value was: None
[2022-02-03 23:09:05,080] {taskinstance.py:1267} INFO - Marking task as SUCCESS. dag_id=elasticsearch_dag, task_id=print_es_info, execution_date=20220204T020903, start_date=20220204T020904, end_date=20220204T020905
[2022-02-03 23:09:05,123] {local_task_job.py:154} INFO - Task exited with return code 0
[2022-02-03 23:09:05,166] {local_task_job.py:264} INFO - 1 downstream tasks scheduled from follow-on schedule check
