[2021-11-25 13:43:37,048] {taskinstance.py:876} INFO - Dependencies all met for <TaskInstance: user_processing.extracting_user 2021-11-24T00:00:00+00:00 [queued]>
[2021-11-25 13:43:37,078] {taskinstance.py:876} INFO - Dependencies all met for <TaskInstance: user_processing.extracting_user 2021-11-24T00:00:00+00:00 [queued]>
[2021-11-25 13:43:37,079] {taskinstance.py:1067} INFO - 
--------------------------------------------------------------------------------
[2021-11-25 13:43:37,079] {taskinstance.py:1068} INFO - Starting attempt 1 of 1
[2021-11-25 13:43:37,080] {taskinstance.py:1069} INFO - 
--------------------------------------------------------------------------------
[2021-11-25 13:43:37,198] {taskinstance.py:1087} INFO - Executing <Task(SimpleHttpOperator): extracting_user> on 2021-11-24T00:00:00+00:00
[2021-11-25 13:43:37,205] {standard_task_runner.py:52} INFO - Started process 10831 to run task
[2021-11-25 13:43:37,218] {standard_task_runner.py:76} INFO - Running: ['airflow', 'tasks', 'run', 'user_processing', 'extracting_user', '2021-11-24T00:00:00+00:00', '--job-id', '10', '--pool', 'default_pool', '--raw', '--subdir', 'DAGS_FOLDER/user_processing.py', '--cfg-path', '/tmp/tmpyn59ixqe', '--error-file', '/tmp/tmpc21c0yqa']
[2021-11-25 13:43:37,219] {standard_task_runner.py:77} INFO - Job 10: Subtask extracting_user
[2021-11-25 13:43:37,480] {logging_mixin.py:104} INFO - Running <TaskInstance: user_processing.extracting_user 2021-11-24T00:00:00+00:00 [running]> on host uiliam-Lenovo-G40-70
[2021-11-25 13:43:37,780] {taskinstance.py:1280} INFO - Exporting the following env vars:
AIRFLOW_CTX_DAG_OWNER=airflow
AIRFLOW_CTX_DAG_ID=user_processing
AIRFLOW_CTX_TASK_ID=extracting_user
AIRFLOW_CTX_EXECUTION_DATE=2021-11-24T00:00:00+00:00
AIRFLOW_CTX_DAG_RUN_ID=scheduled__2021-11-24T00:00:00+00:00
[2021-11-25 13:43:37,782] {http.py:111} INFO - Calling HTTP method
[2021-11-25 13:43:37,796] {base.py:69} INFO - Using connection to: id: user_api. Host: https://randomuser.me/, Port: None, Schema: , Login: , Password: ***, extra: {}
[2021-11-25 13:43:37,799] {http.py:140} INFO - Sending 'GET' to url: https://randomuser.me//api
[2021-11-25 13:43:38,279] {http.py:115} INFO - {"results":[{"gender":"male","name":{"title":"Mr","first":"Taha","last":"Leithe"},"location":{"street":{"number":6097,"name":"Røslyngveien"},"city":"Selvik","state":"Sogn og Fjordane","country":"Norway","postcode":"0128","coordinates":{"latitude":"55.7090","longitude":"-129.7839"},"timezone":{"offset":"+6:00","description":"Almaty, Dhaka, Colombo"}},"email":"taha.leithe@example.com","login":{"uuid":"d7c9bbb4-9fc0-45fe-b092-1947d4a0cf7d","username":"organicdog174","password":"1959","salt":"J8Yau96T","md5":"95c99508dcd8339de0e4875bd64bf8b1","sha1":"fe0bc833449b25b990ee0fa78f44e590b24f80bf","sha256":"a4626de47b930c3488398a95d578c2512cfd8499228bb65061aac7b91db421c2"},"dob":{"date":"1976-02-02T04:22:55.351Z","age":45},"registered":{"date":"2006-11-13T22:21:52.801Z","age":15},"phone":"82607948","cell":"49009191","id":{"name":"FN","value":"02027629167"},"picture":{"large":"https://randomuser.me/api/portraits/men/44.jpg","medium":"https://randomuser.me/api/portraits/med/men/44.jpg","thumbnail":"https://randomuser.me/api/portraits/thumb/men/44.jpg"},"nat":"NO"}],"info":{"seed":"9c9b0eb4da653393","results":1,"page":1,"version":"1.3"}}
[2021-11-25 13:43:38,452] {taskinstance.py:1184} INFO - Marking task as SUCCESS. dag_id=user_processing, task_id=extracting_user, execution_date=20211124T000000, start_date=20211125T164337, end_date=20211125T164338
[2021-11-25 13:43:38,787] {taskinstance.py:1245} INFO - 1 downstream tasks scheduled from follow-on schedule check
[2021-11-25 13:43:38,833] {local_task_job.py:151} INFO - Task exited with return code 0
