[2022-01-28 21:00:05,850] {taskinstance.py:1032} INFO - Dependencies all met for <TaskInstance: xcom_dag.choose_best_model scheduled__2022-01-28T00:00:00+00:00 [queued]>
[2022-01-28 21:00:05,860] {taskinstance.py:1032} INFO - Dependencies all met for <TaskInstance: xcom_dag.choose_best_model scheduled__2022-01-28T00:00:00+00:00 [queued]>
[2022-01-28 21:00:05,860] {taskinstance.py:1238} INFO - 
--------------------------------------------------------------------------------
[2022-01-28 21:00:05,860] {taskinstance.py:1239} INFO - Starting attempt 1 of 1
[2022-01-28 21:00:05,860] {taskinstance.py:1240} INFO - 
--------------------------------------------------------------------------------
[2022-01-28 21:00:05,871] {taskinstance.py:1259} INFO - Executing <Task(BranchPythonOperator): choose_best_model> on 2022-01-28 00:00:00+00:00
[2022-01-28 21:00:05,875] {standard_task_runner.py:52} INFO - Started process 226782 to run task
[2022-01-28 21:00:05,879] {standard_task_runner.py:76} INFO - Running: ['airflow', 'tasks', 'run', 'xcom_dag', 'choose_best_model', 'scheduled__2022-01-28T00:00:00+00:00', '--job-id', '1039', '--raw', '--subdir', 'DAGS_FOLDER/xcom_dag.py', '--cfg-path', '/tmp/tmpcextbipo', '--error-file', '/tmp/tmpkrek62_g']
[2022-01-28 21:00:05,880] {standard_task_runner.py:77} INFO - Job 1039: Subtask choose_best_model
[2022-01-28 21:00:05,951] {logging_mixin.py:109} INFO - Running <TaskInstance: xcom_dag.choose_best_model scheduled__2022-01-28T00:00:00+00:00 [running]> on host uiliam-Vostro-15-3515
[2022-01-28 21:00:06,013] {taskinstance.py:1424} INFO - Exporting the following env vars:
AIRFLOW_CTX_DAG_OWNER=airflow
AIRFLOW_CTX_DAG_ID=xcom_dag
AIRFLOW_CTX_TASK_ID=choose_best_model
AIRFLOW_CTX_EXECUTION_DATE=2022-01-28T00:00:00+00:00
AIRFLOW_CTX_DAG_RUN_ID=scheduled__2022-01-28T00:00:00+00:00
[2022-01-28 21:00:06,014] {logging_mixin.py:109} INFO - choose best model
[2022-01-28 21:00:06,025] {python.py:175} INFO - Done. Returned value was: inaccurate
[2022-01-28 21:00:06,025] {skipmixin.py:143} INFO - Following branch inaccurate
[2022-01-28 21:00:06,025] {skipmixin.py:174} INFO - Skipping tasks ['accurate']
[2022-01-28 21:00:06,070] {taskinstance.py:1267} INFO - Marking task as SUCCESS. dag_id=xcom_dag, task_id=choose_best_model, execution_date=20220128T000000, start_date=20220129T000005, end_date=20220129T000006
[2022-01-28 21:00:06,090] {local_task_job.py:154} INFO - Task exited with return code 0
[2022-01-28 21:00:06,137] {local_task_job.py:264} INFO - 1 downstream tasks scheduled from follow-on schedule check
