[2022-01-26 23:31:03,974] {taskinstance.py:1032} INFO - Dependencies all met for <TaskInstance: parallel_dag.task_4 manual__2022-01-27T02:29:43.157805+00:00 [queued]>
[2022-01-26 23:31:03,987] {taskinstance.py:1032} INFO - Dependencies all met for <TaskInstance: parallel_dag.task_4 manual__2022-01-27T02:29:43.157805+00:00 [queued]>
[2022-01-26 23:31:03,987] {taskinstance.py:1238} INFO - 
--------------------------------------------------------------------------------
[2022-01-26 23:31:03,987] {taskinstance.py:1239} INFO - Starting attempt 1 of 1
[2022-01-26 23:31:03,987] {taskinstance.py:1240} INFO - 
--------------------------------------------------------------------------------
[2022-01-26 23:31:04,001] {taskinstance.py:1259} INFO - Executing <Task(BashOperator): task_4> on 2022-01-27 02:29:43.157805+00:00
[2022-01-26 23:31:04,009] {standard_task_runner.py:52} INFO - Started process 19102 to run task
[2022-01-26 23:31:04,015] {standard_task_runner.py:76} INFO - Running: ['airflow', 'tasks', 'run', 'parallel_dag', 'task_4', 'manual__2022-01-27T02:29:43.157805+00:00', '--job-id', '935', '--raw', '--subdir', 'DAGS_FOLDER/parallel_dag.py', '--cfg-path', '/tmp/tmpvjkn0353', '--error-file', '/tmp/tmpw168roie']
[2022-01-26 23:31:04,015] {standard_task_runner.py:77} INFO - Job 935: Subtask task_4
[2022-01-26 23:31:04,083] {logging_mixin.py:109} INFO - Running <TaskInstance: parallel_dag.task_4 manual__2022-01-27T02:29:43.157805+00:00 [running]> on host uiliam-Vostro-15-3515
[2022-01-26 23:31:04,143] {taskinstance.py:1424} INFO - Exporting the following env vars:
AIRFLOW_CTX_DAG_OWNER=airflow
AIRFLOW_CTX_DAG_ID=parallel_dag
AIRFLOW_CTX_TASK_ID=task_4
AIRFLOW_CTX_EXECUTION_DATE=2022-01-27T02:29:43.157805+00:00
AIRFLOW_CTX_DAG_RUN_ID=manual__2022-01-27T02:29:43.157805+00:00
[2022-01-26 23:31:04,144] {subprocess.py:62} INFO - Tmp dir root location: 
 /tmp
[2022-01-26 23:31:04,144] {subprocess.py:74} INFO - Running command: ['bash', '-c', 'sleep 3']
[2022-01-26 23:31:04,155] {subprocess.py:85} INFO - Output:
[2022-01-26 23:31:07,158] {subprocess.py:93} INFO - Command exited with return code 0
[2022-01-26 23:31:07,191] {taskinstance.py:1267} INFO - Marking task as SUCCESS. dag_id=parallel_dag, task_id=task_4, execution_date=20220127T022943, start_date=20220127T023103, end_date=20220127T023107
[2022-01-26 23:31:07,236] {local_task_job.py:154} INFO - Task exited with return code 0
[2022-01-26 23:31:07,277] {local_task_job.py:264} INFO - 0 downstream tasks scheduled from follow-on schedule check
[2022-01-26 23:31:07,299] {dagrun.py:545} INFO - Marking run <DagRun parallel_dag @ 2022-01-27 02:29:43.157805+00:00: manual__2022-01-27T02:29:43.157805+00:00, externally triggered: True> successful
[2022-01-26 23:31:07,300] {dagrun.py:590} INFO - DagRun Finished: dag_id=parallel_dag, execution_date=2022-01-27 02:29:43.157805+00:00, run_id=manual__2022-01-27T02:29:43.157805+00:00, run_start_date=2022-01-27 02:30:54.975195+00:00, run_end_date=2022-01-27 02:31:07.300097+00:00, run_duration=12.324902, state=success, external_trigger=True, run_type=manual, data_interval_start=2022-01-26 00:00:00+00:00, data_interval_end=2022-01-27 00:00:00+00:00, dag_hash=51c9d52925b444e4aba153aed5328643
