[2022-01-26 23:31:03,970] {taskinstance.py:1032} INFO - Dependencies all met for <TaskInstance: parallel_dag.task_4 scheduled__2022-01-26T00:00:00+00:00 [queued]>
[2022-01-26 23:31:03,984] {taskinstance.py:1032} INFO - Dependencies all met for <TaskInstance: parallel_dag.task_4 scheduled__2022-01-26T00:00:00+00:00 [queued]>
[2022-01-26 23:31:03,984] {taskinstance.py:1238} INFO - 
--------------------------------------------------------------------------------
[2022-01-26 23:31:03,984] {taskinstance.py:1239} INFO - Starting attempt 1 of 1
[2022-01-26 23:31:03,984] {taskinstance.py:1240} INFO - 
--------------------------------------------------------------------------------
[2022-01-26 23:31:03,998] {taskinstance.py:1259} INFO - Executing <Task(BashOperator): task_4> on 2022-01-26 00:00:00+00:00
[2022-01-26 23:31:04,004] {standard_task_runner.py:52} INFO - Started process 19100 to run task
[2022-01-26 23:31:04,007] {standard_task_runner.py:76} INFO - Running: ['airflow', 'tasks', 'run', 'parallel_dag', 'task_4', 'scheduled__2022-01-26T00:00:00+00:00', '--job-id', '934', '--raw', '--subdir', 'DAGS_FOLDER/parallel_dag.py', '--cfg-path', '/tmp/tmpdhxejtkg', '--error-file', '/tmp/tmp2l4lzgwg']
[2022-01-26 23:31:04,008] {standard_task_runner.py:77} INFO - Job 934: Subtask task_4
[2022-01-26 23:31:04,073] {logging_mixin.py:109} INFO - Running <TaskInstance: parallel_dag.task_4 scheduled__2022-01-26T00:00:00+00:00 [running]> on host uiliam-Vostro-15-3515
[2022-01-26 23:31:04,143] {taskinstance.py:1424} INFO - Exporting the following env vars:
AIRFLOW_CTX_DAG_OWNER=airflow
AIRFLOW_CTX_DAG_ID=parallel_dag
AIRFLOW_CTX_TASK_ID=task_4
AIRFLOW_CTX_EXECUTION_DATE=2022-01-26T00:00:00+00:00
AIRFLOW_CTX_DAG_RUN_ID=scheduled__2022-01-26T00:00:00+00:00
[2022-01-26 23:31:04,144] {subprocess.py:62} INFO - Tmp dir root location: 
 /tmp
[2022-01-26 23:31:04,145] {subprocess.py:74} INFO - Running command: ['bash', '-c', 'sleep 3']
[2022-01-26 23:31:04,157] {subprocess.py:85} INFO - Output:
[2022-01-26 23:31:07,158] {subprocess.py:93} INFO - Command exited with return code 0
[2022-01-26 23:31:07,191] {taskinstance.py:1267} INFO - Marking task as SUCCESS. dag_id=parallel_dag, task_id=task_4, execution_date=20220126T000000, start_date=20220127T023103, end_date=20220127T023107
[2022-01-26 23:31:07,229] {local_task_job.py:154} INFO - Task exited with return code 0
[2022-01-26 23:31:07,275] {local_task_job.py:264} INFO - 0 downstream tasks scheduled from follow-on schedule check
[2022-01-26 23:31:07,297] {dagrun.py:545} INFO - Marking run <DagRun parallel_dag @ 2022-01-26 00:00:00+00:00: scheduled__2022-01-26T00:00:00+00:00, externally triggered: False> successful
[2022-01-26 23:31:07,297] {dagrun.py:590} INFO - DagRun Finished: dag_id=parallel_dag, execution_date=2022-01-26 00:00:00+00:00, run_id=scheduled__2022-01-26T00:00:00+00:00, run_start_date=2022-01-27 02:28:30.311236+00:00, run_end_date=2022-01-27 02:31:07.297625+00:00, run_duration=156.986389, state=success, external_trigger=False, run_type=scheduled, data_interval_start=2022-01-26 00:00:00+00:00, data_interval_end=2022-01-27 00:00:00+00:00, dag_hash=51c9d52925b444e4aba153aed5328643
