[2022-01-28 21:00:04,684] {taskinstance.py:1032} INFO - Dependencies all met for <TaskInstance: xcom_dag.processing_tasks.training_model_b scheduled__2022-01-28T00:00:00+00:00 [queued]>
[2022-01-28 21:00:04,694] {taskinstance.py:1032} INFO - Dependencies all met for <TaskInstance: xcom_dag.processing_tasks.training_model_b scheduled__2022-01-28T00:00:00+00:00 [queued]>
[2022-01-28 21:00:04,694] {taskinstance.py:1238} INFO - 
--------------------------------------------------------------------------------
[2022-01-28 21:00:04,694] {taskinstance.py:1239} INFO - Starting attempt 1 of 1
[2022-01-28 21:00:04,694] {taskinstance.py:1240} INFO - 
--------------------------------------------------------------------------------
[2022-01-28 21:00:04,705] {taskinstance.py:1259} INFO - Executing <Task(PythonOperator): processing_tasks.training_model_b> on 2022-01-28 00:00:00+00:00
[2022-01-28 21:00:04,708] {standard_task_runner.py:52} INFO - Started process 226738 to run task
[2022-01-28 21:00:04,712] {standard_task_runner.py:76} INFO - Running: ['airflow', 'tasks', 'run', 'xcom_dag', 'processing_tasks.training_model_b', 'scheduled__2022-01-28T00:00:00+00:00', '--job-id', '1036', '--raw', '--subdir', 'DAGS_FOLDER/xcom_dag.py', '--cfg-path', '/tmp/tmp4i_cq4fn', '--error-file', '/tmp/tmpro1183tb']
[2022-01-28 21:00:04,713] {standard_task_runner.py:77} INFO - Job 1036: Subtask processing_tasks.training_model_b
[2022-01-28 21:00:04,777] {logging_mixin.py:109} INFO - Running <TaskInstance: xcom_dag.processing_tasks.training_model_b scheduled__2022-01-28T00:00:00+00:00 [running]> on host uiliam-Vostro-15-3515
[2022-01-28 21:00:04,845] {taskinstance.py:1424} INFO - Exporting the following env vars:
AIRFLOW_CTX_DAG_OWNER=airflow
AIRFLOW_CTX_DAG_ID=xcom_dag
AIRFLOW_CTX_TASK_ID=processing_tasks.training_model_b
AIRFLOW_CTX_EXECUTION_DATE=2022-01-28T00:00:00+00:00
AIRFLOW_CTX_DAG_RUN_ID=scheduled__2022-01-28T00:00:00+00:00
[2022-01-28 21:00:04,846] {logging_mixin.py:109} INFO - model's accuracy: 3.6329601188579654
[2022-01-28 21:00:04,860] {python.py:175} INFO - Done. Returned value was: None
[2022-01-28 21:00:04,875] {taskinstance.py:1267} INFO - Marking task as SUCCESS. dag_id=xcom_dag, task_id=processing_tasks.training_model_b, execution_date=20220128T000000, start_date=20220129T000004, end_date=20220129T000004
[2022-01-28 21:00:04,922] {local_task_job.py:154} INFO - Task exited with return code 0
[2022-01-28 21:00:04,973] {local_task_job.py:264} INFO - 0 downstream tasks scheduled from follow-on schedule check
