[2022-02-03 21:00:00,732] {taskinstance.py:1032} INFO - Dependencies all met for <TaskInstance: xcom_dag.downloading_data scheduled__2022-02-03T00:00:00+00:00 [queued]>
[2022-02-03 21:00:00,744] {taskinstance.py:1032} INFO - Dependencies all met for <TaskInstance: xcom_dag.downloading_data scheduled__2022-02-03T00:00:00+00:00 [queued]>
[2022-02-03 21:00:00,744] {taskinstance.py:1238} INFO - 
--------------------------------------------------------------------------------
[2022-02-03 21:00:00,744] {taskinstance.py:1239} INFO - Starting attempt 1 of 1
[2022-02-03 21:00:00,744] {taskinstance.py:1240} INFO - 
--------------------------------------------------------------------------------
[2022-02-03 21:00:00,756] {taskinstance.py:1259} INFO - Executing <Task(BashOperator): downloading_data> on 2022-02-03 00:00:00+00:00
[2022-02-03 21:00:00,759] {standard_task_runner.py:52} INFO - Started process 93427 to run task
[2022-02-03 21:00:00,763] {standard_task_runner.py:76} INFO - Running: ['airflow', 'tasks', 'run', 'xcom_dag', 'downloading_data', 'scheduled__2022-02-03T00:00:00+00:00', '--job-id', '1070', '--raw', '--subdir', 'DAGS_FOLDER/xcom_dag.py', '--cfg-path', '/tmp/tmpr2n7c4pu', '--error-file', '/tmp/tmpynfkkria']
[2022-02-03 21:00:00,764] {standard_task_runner.py:77} INFO - Job 1070: Subtask downloading_data
[2022-02-03 21:00:00,832] {logging_mixin.py:109} INFO - Running <TaskInstance: xcom_dag.downloading_data scheduled__2022-02-03T00:00:00+00:00 [running]> on host uiliam-Vostro-15-3515
[2022-02-03 21:00:00,898] {taskinstance.py:1424} INFO - Exporting the following env vars:
AIRFLOW_CTX_DAG_OWNER=airflow
AIRFLOW_CTX_DAG_ID=xcom_dag
AIRFLOW_CTX_TASK_ID=downloading_data
AIRFLOW_CTX_EXECUTION_DATE=2022-02-03T00:00:00+00:00
AIRFLOW_CTX_DAG_RUN_ID=scheduled__2022-02-03T00:00:00+00:00
[2022-02-03 21:00:00,899] {subprocess.py:62} INFO - Tmp dir root location: 
 /tmp
[2022-02-03 21:00:00,900] {subprocess.py:74} INFO - Running command: ['bash', '-c', 'sleep 3']
[2022-02-03 21:00:00,913] {subprocess.py:85} INFO - Output:
[2022-02-03 21:00:03,915] {subprocess.py:93} INFO - Command exited with return code 0
[2022-02-03 21:00:03,936] {taskinstance.py:1267} INFO - Marking task as SUCCESS. dag_id=xcom_dag, task_id=downloading_data, execution_date=20220203T000000, start_date=20220204T000000, end_date=20220204T000003
[2022-02-03 21:00:03,983] {local_task_job.py:154} INFO - Task exited with return code 0
[2022-02-03 21:00:04,031] {local_task_job.py:264} INFO - 3 downstream tasks scheduled from follow-on schedule check
