[2022-01-26 23:30:59,794] {taskinstance.py:1032} INFO - Dependencies all met for <TaskInstance: parallel_dag.task_3 manual__2022-01-27T02:29:34.331101+00:00 [queued]>
[2022-01-26 23:30:59,804] {taskinstance.py:1032} INFO - Dependencies all met for <TaskInstance: parallel_dag.task_3 manual__2022-01-27T02:29:34.331101+00:00 [queued]>
[2022-01-26 23:30:59,804] {taskinstance.py:1238} INFO - 
--------------------------------------------------------------------------------
[2022-01-26 23:30:59,804] {taskinstance.py:1239} INFO - Starting attempt 1 of 1
[2022-01-26 23:30:59,804] {taskinstance.py:1240} INFO - 
--------------------------------------------------------------------------------
[2022-01-26 23:30:59,814] {taskinstance.py:1259} INFO - Executing <Task(BashOperator): task_3> on 2022-01-27 02:29:34.331101+00:00
[2022-01-26 23:30:59,818] {standard_task_runner.py:52} INFO - Started process 18864 to run task
[2022-01-26 23:30:59,822] {standard_task_runner.py:76} INFO - Running: ['airflow', 'tasks', 'run', 'parallel_dag', 'task_3', 'manual__2022-01-27T02:29:34.331101+00:00', '--job-id', '933', '--raw', '--subdir', 'DAGS_FOLDER/parallel_dag.py', '--cfg-path', '/tmp/tmpr199uh3b', '--error-file', '/tmp/tmpq8dse0r9']
[2022-01-26 23:30:59,822] {standard_task_runner.py:77} INFO - Job 933: Subtask task_3
[2022-01-26 23:30:59,880] {logging_mixin.py:109} INFO - Running <TaskInstance: parallel_dag.task_3 manual__2022-01-27T02:29:34.331101+00:00 [running]> on host uiliam-Vostro-15-3515
[2022-01-26 23:30:59,931] {taskinstance.py:1424} INFO - Exporting the following env vars:
AIRFLOW_CTX_DAG_OWNER=airflow
AIRFLOW_CTX_DAG_ID=parallel_dag
AIRFLOW_CTX_TASK_ID=task_3
AIRFLOW_CTX_EXECUTION_DATE=2022-01-27T02:29:34.331101+00:00
AIRFLOW_CTX_DAG_RUN_ID=manual__2022-01-27T02:29:34.331101+00:00
[2022-01-26 23:30:59,933] {subprocess.py:62} INFO - Tmp dir root location: 
 /tmp
[2022-01-26 23:30:59,933] {subprocess.py:74} INFO - Running command: ['bash', '-c', 'sleep 3']
[2022-01-26 23:30:59,945] {subprocess.py:85} INFO - Output:
[2022-01-26 23:31:02,947] {subprocess.py:93} INFO - Command exited with return code 0
[2022-01-26 23:31:02,978] {taskinstance.py:1267} INFO - Marking task as SUCCESS. dag_id=parallel_dag, task_id=task_3, execution_date=20220127T022934, start_date=20220127T023059, end_date=20220127T023102
[2022-01-26 23:31:03,040] {local_task_job.py:154} INFO - Task exited with return code 0
[2022-01-26 23:31:03,081] {local_task_job.py:264} INFO - 0 downstream tasks scheduled from follow-on schedule check
