[2022-01-28 02:47:50,128] {taskinstance.py:1032} INFO - Dependencies all met for <TaskInstance: xcom_dag.processing_tasks.training_model_b manual__2022-01-28T05:47:44.856139+00:00 [queued]>
[2022-01-28 02:47:50,146] {taskinstance.py:1032} INFO - Dependencies all met for <TaskInstance: xcom_dag.processing_tasks.training_model_b manual__2022-01-28T05:47:44.856139+00:00 [queued]>
[2022-01-28 02:47:50,146] {taskinstance.py:1238} INFO - 
--------------------------------------------------------------------------------
[2022-01-28 02:47:50,146] {taskinstance.py:1239} INFO - Starting attempt 1 of 1
[2022-01-28 02:47:50,146] {taskinstance.py:1240} INFO - 
--------------------------------------------------------------------------------
[2022-01-28 02:47:50,159] {taskinstance.py:1259} INFO - Executing <Task(PythonOperator): processing_tasks.training_model_b> on 2022-01-28 05:47:44.856139+00:00
[2022-01-28 02:47:50,163] {standard_task_runner.py:52} INFO - Started process 188854 to run task
[2022-01-28 02:47:50,168] {standard_task_runner.py:76} INFO - Running: ['airflow', 'tasks', 'run', 'xcom_dag', 'processing_tasks.training_model_b', 'manual__2022-01-28T05:47:44.856139+00:00', '--job-id', '965', '--raw', '--subdir', 'DAGS_FOLDER/xcom_dag.py', '--cfg-path', '/tmp/tmp3u4srp39', '--error-file', '/tmp/tmp9wo_e4s1']
[2022-01-28 02:47:50,169] {standard_task_runner.py:77} INFO - Job 965: Subtask processing_tasks.training_model_b
[2022-01-28 02:47:50,248] {logging_mixin.py:109} INFO - Running <TaskInstance: xcom_dag.processing_tasks.training_model_b manual__2022-01-28T05:47:44.856139+00:00 [running]> on host uiliam-Vostro-15-3515
[2022-01-28 02:47:50,311] {taskinstance.py:1424} INFO - Exporting the following env vars:
AIRFLOW_CTX_DAG_OWNER=airflow
AIRFLOW_CTX_DAG_ID=xcom_dag
AIRFLOW_CTX_TASK_ID=processing_tasks.training_model_b
AIRFLOW_CTX_EXECUTION_DATE=2022-01-28T05:47:44.856139+00:00
AIRFLOW_CTX_DAG_RUN_ID=manual__2022-01-28T05:47:44.856139+00:00
[2022-01-28 02:47:50,311] {logging_mixin.py:109} INFO - model's accuracy: 2.3454767147673894
[2022-01-28 02:47:50,324] {python.py:175} INFO - Done. Returned value was: None
[2022-01-28 02:47:50,347] {taskinstance.py:1267} INFO - Marking task as SUCCESS. dag_id=xcom_dag, task_id=processing_tasks.training_model_b, execution_date=20220128T054744, start_date=20220128T054750, end_date=20220128T054750
[2022-01-28 02:47:50,378] {local_task_job.py:154} INFO - Task exited with return code 0
[2022-01-28 02:47:50,417] {local_task_job.py:264} INFO - 0 downstream tasks scheduled from follow-on schedule check
