[2022-01-28 01:33:11,081] {taskinstance.py:1032} INFO - Dependencies all met for <TaskInstance: parallel_dag.processing_tasks.task_2 scheduled__2022-01-27T00:00:00+00:00 [queued]>
[2022-01-28 01:33:11,092] {taskinstance.py:1032} INFO - Dependencies all met for <TaskInstance: parallel_dag.processing_tasks.task_2 scheduled__2022-01-27T00:00:00+00:00 [queued]>
[2022-01-28 01:33:11,092] {taskinstance.py:1238} INFO - 
--------------------------------------------------------------------------------
[2022-01-28 01:33:11,092] {taskinstance.py:1239} INFO - Starting attempt 1 of 1
[2022-01-28 01:33:11,092] {taskinstance.py:1240} INFO - 
--------------------------------------------------------------------------------
[2022-01-28 01:33:11,103] {taskinstance.py:1259} INFO - Executing <Task(BashOperator): task_2> on 2022-01-27 00:00:00+00:00
[2022-01-28 01:33:11,108] {standard_task_runner.py:52} INFO - Started process 172831 to run task
[2022-01-28 01:33:11,111] {standard_task_runner.py:76} INFO - Running: ['airflow', 'tasks', 'run', 'parallel_dag.processing_tasks', 'task_2', 'scheduled__2022-01-27T00:00:00+00:00', '--job-id', '953', '--raw', '--subdir', 'DAGS_FOLDER/parallel_dag.py', '--cfg-path', '/tmp/tmpql0w09mx', '--error-file', '/tmp/tmpls95qope']
[2022-01-28 01:33:11,112] {standard_task_runner.py:77} INFO - Job 953: Subtask task_2
[2022-01-28 01:33:11,185] {logging_mixin.py:109} INFO - Running <TaskInstance: parallel_dag.processing_tasks.task_2 scheduled__2022-01-27T00:00:00+00:00 [running]> on host uiliam-Vostro-15-3515
[2022-01-28 01:33:11,254] {taskinstance.py:1424} INFO - Exporting the following env vars:
AIRFLOW_CTX_DAG_OWNER=airflow
AIRFLOW_CTX_DAG_ID=parallel_dag.processing_tasks
AIRFLOW_CTX_TASK_ID=task_2
AIRFLOW_CTX_EXECUTION_DATE=2022-01-27T00:00:00+00:00
AIRFLOW_CTX_DAG_RUN_ID=scheduled__2022-01-27T00:00:00+00:00
[2022-01-28 01:33:11,255] {subprocess.py:62} INFO - Tmp dir root location: 
 /tmp
[2022-01-28 01:33:11,256] {subprocess.py:74} INFO - Running command: ['bash', '-c', 'sleep 3']
[2022-01-28 01:33:11,267] {subprocess.py:85} INFO - Output:
[2022-01-28 01:33:14,269] {subprocess.py:93} INFO - Command exited with return code 0
[2022-01-28 01:33:14,302] {taskinstance.py:1267} INFO - Marking task as SUCCESS. dag_id=parallel_dag.processing_tasks, task_id=task_2, execution_date=20220127T000000, start_date=20220128T043311, end_date=20220128T043314
[2022-01-28 01:33:14,333] {local_task_job.py:154} INFO - Task exited with return code 0
[2022-01-28 01:33:14,387] {local_task_job.py:264} INFO - 0 downstream tasks scheduled from follow-on schedule check
