[2022-01-28 20:22:31,965] {taskinstance.py:1032} INFO - Dependencies all met for <TaskInstance: xcom_dag.downloading_data manual__2022-01-28T23:20:00.615086+00:00 [queued]>
[2022-01-28 20:22:31,973] {taskinstance.py:1032} INFO - Dependencies all met for <TaskInstance: xcom_dag.downloading_data manual__2022-01-28T23:20:00.615086+00:00 [queued]>
[2022-01-28 20:22:31,974] {taskinstance.py:1238} INFO - 
--------------------------------------------------------------------------------
[2022-01-28 20:22:31,974] {taskinstance.py:1239} INFO - Starting attempt 1 of 1
[2022-01-28 20:22:31,974] {taskinstance.py:1240} INFO - 
--------------------------------------------------------------------------------
[2022-01-28 20:22:31,988] {taskinstance.py:1259} INFO - Executing <Task(BashOperator): downloading_data> on 2022-01-28 23:20:00.615086+00:00
[2022-01-28 20:22:31,991] {standard_task_runner.py:52} INFO - Started process 215224 to run task
[2022-01-28 20:22:31,995] {standard_task_runner.py:76} INFO - Running: ['airflow', 'tasks', 'run', 'xcom_dag', 'downloading_data', 'manual__2022-01-28T23:20:00.615086+00:00', '--job-id', '995', '--raw', '--subdir', 'DAGS_FOLDER/xcom_dag.py', '--cfg-path', '/tmp/tmpq0m_kpmz', '--error-file', '/tmp/tmp5f7c3aja']
[2022-01-28 20:22:31,996] {standard_task_runner.py:77} INFO - Job 995: Subtask downloading_data
[2022-01-28 20:22:32,060] {logging_mixin.py:109} INFO - Running <TaskInstance: xcom_dag.downloading_data manual__2022-01-28T23:20:00.615086+00:00 [running]> on host uiliam-Vostro-15-3515
[2022-01-28 20:22:32,125] {taskinstance.py:1424} INFO - Exporting the following env vars:
AIRFLOW_CTX_DAG_OWNER=airflow
AIRFLOW_CTX_DAG_ID=xcom_dag
AIRFLOW_CTX_TASK_ID=downloading_data
AIRFLOW_CTX_EXECUTION_DATE=2022-01-28T23:20:00.615086+00:00
AIRFLOW_CTX_DAG_RUN_ID=manual__2022-01-28T23:20:00.615086+00:00
[2022-01-28 20:22:32,126] {subprocess.py:62} INFO - Tmp dir root location: 
 /tmp
[2022-01-28 20:22:32,126] {subprocess.py:74} INFO - Running command: ['bash', '-c', 'sleep 3']
[2022-01-28 20:22:32,134] {subprocess.py:85} INFO - Output:
[2022-01-28 20:22:35,136] {subprocess.py:93} INFO - Command exited with return code 0
[2022-01-28 20:22:35,154] {taskinstance.py:1267} INFO - Marking task as SUCCESS. dag_id=xcom_dag, task_id=downloading_data, execution_date=20220128T232000, start_date=20220128T232231, end_date=20220128T232235
[2022-01-28 20:22:35,214] {local_task_job.py:154} INFO - Task exited with return code 0
[2022-01-28 20:22:35,272] {local_task_job.py:264} INFO - 3 downstream tasks scheduled from follow-on schedule check
