[2022-01-28 02:37:53,906] {taskinstance.py:1032} INFO - Dependencies all met for <TaskInstance: xcom_dag.task_4 scheduled__2022-01-27T00:00:00+00:00 [queued]>
[2022-01-28 02:37:53,918] {taskinstance.py:1032} INFO - Dependencies all met for <TaskInstance: xcom_dag.task_4 scheduled__2022-01-27T00:00:00+00:00 [queued]>
[2022-01-28 02:37:53,918] {taskinstance.py:1238} INFO - 
--------------------------------------------------------------------------------
[2022-01-28 02:37:53,918] {taskinstance.py:1239} INFO - Starting attempt 1 of 1
[2022-01-28 02:37:53,918] {taskinstance.py:1240} INFO - 
--------------------------------------------------------------------------------
[2022-01-28 02:37:53,929] {taskinstance.py:1259} INFO - Executing <Task(PythonOperator): task_4> on 2022-01-27 00:00:00+00:00
[2022-01-28 02:37:53,934] {standard_task_runner.py:52} INFO - Started process 185763 to run task
[2022-01-28 02:37:53,938] {standard_task_runner.py:76} INFO - Running: ['airflow', 'tasks', 'run', 'xcom_dag', 'task_4', 'scheduled__2022-01-27T00:00:00+00:00', '--job-id', '961', '--raw', '--subdir', 'DAGS_FOLDER/xcom_dag.py', '--cfg-path', '/tmp/tmpgrx8k9h9', '--error-file', '/tmp/tmpql6jq9go']
[2022-01-28 02:37:53,939] {standard_task_runner.py:77} INFO - Job 961: Subtask task_4
[2022-01-28 02:37:53,993] {logging_mixin.py:109} INFO - Running <TaskInstance: xcom_dag.task_4 scheduled__2022-01-27T00:00:00+00:00 [running]> on host uiliam-Vostro-15-3515
[2022-01-28 02:37:54,051] {taskinstance.py:1424} INFO - Exporting the following env vars:
AIRFLOW_CTX_DAG_OWNER=airflow
AIRFLOW_CTX_DAG_ID=xcom_dag
AIRFLOW_CTX_TASK_ID=task_4
AIRFLOW_CTX_EXECUTION_DATE=2022-01-27T00:00:00+00:00
AIRFLOW_CTX_DAG_RUN_ID=scheduled__2022-01-27T00:00:00+00:00
[2022-01-28 02:37:54,052] {logging_mixin.py:109} INFO - choose best model
[2022-01-28 02:37:54,052] {python.py:175} INFO - Done. Returned value was: None
[2022-01-28 02:37:54,068] {taskinstance.py:1267} INFO - Marking task as SUCCESS. dag_id=xcom_dag, task_id=task_4, execution_date=20220127T000000, start_date=20220128T053753, end_date=20220128T053754
[2022-01-28 02:37:54,108] {local_task_job.py:154} INFO - Task exited with return code 0
[2022-01-28 02:37:54,145] {local_task_job.py:264} INFO - 0 downstream tasks scheduled from follow-on schedule check
