[2021-11-25 23:04:50,066] {taskinstance.py:876} INFO - Dependencies all met for <TaskInstance: parallel_dag.task_4 2021-11-25T00:00:00+00:00 [queued]>
[2021-11-25 23:04:50,087] {taskinstance.py:876} INFO - Dependencies all met for <TaskInstance: parallel_dag.task_4 2021-11-25T00:00:00+00:00 [queued]>
[2021-11-25 23:04:50,088] {taskinstance.py:1067} INFO - 
--------------------------------------------------------------------------------
[2021-11-25 23:04:50,088] {taskinstance.py:1068} INFO - Starting attempt 1 of 1
[2021-11-25 23:04:50,088] {taskinstance.py:1069} INFO - 
--------------------------------------------------------------------------------
[2021-11-25 23:04:50,209] {taskinstance.py:1087} INFO - Executing <Task(BashOperator): task_4> on 2021-11-25T00:00:00+00:00
[2021-11-25 23:04:50,213] {standard_task_runner.py:52} INFO - Started process 60278 to run task
[2021-11-25 23:04:50,220] {standard_task_runner.py:76} INFO - Running: ['airflow', 'tasks', 'run', 'parallel_dag', 'task_4', '2021-11-25T00:00:00+00:00', '--job-id', '25', '--pool', 'default_pool', '--raw', '--subdir', 'DAGS_FOLDER/parallel_dag.py', '--cfg-path', '/tmp/tmpsr7s4yag', '--error-file', '/tmp/tmp9jdjyv35']
[2021-11-25 23:04:50,221] {standard_task_runner.py:77} INFO - Job 25: Subtask task_4
[2021-11-25 23:04:50,452] {logging_mixin.py:104} INFO - Running <TaskInstance: parallel_dag.task_4 2021-11-25T00:00:00+00:00 [running]> on host uiliam-Lenovo-G40-70
[2021-11-25 23:04:50,826] {taskinstance.py:1280} INFO - Exporting the following env vars:
AIRFLOW_CTX_DAG_OWNER=airflow
AIRFLOW_CTX_DAG_ID=parallel_dag
AIRFLOW_CTX_TASK_ID=task_4
AIRFLOW_CTX_EXECUTION_DATE=2021-11-25T00:00:00+00:00
AIRFLOW_CTX_DAG_RUN_ID=scheduled__2021-11-25T00:00:00+00:00
[2021-11-25 23:04:50,827] {subprocess.py:52} INFO - Tmp dir root location: 
 /tmp
[2021-11-25 23:04:50,828] {subprocess.py:63} INFO - Running command: ['bash', '-c', 'sleep 3']
[2021-11-25 23:04:50,840] {subprocess.py:75} INFO - Output:
[2021-11-25 23:04:53,846] {subprocess.py:83} INFO - Command exited with return code 0
[2021-11-25 23:04:53,957] {taskinstance.py:1184} INFO - Marking task as SUCCESS. dag_id=parallel_dag, task_id=task_4, execution_date=20211125T000000, start_date=20211126T020450, end_date=20211126T020453
[2021-11-25 23:04:54,138] {taskinstance.py:1245} INFO - 0 downstream tasks scheduled from follow-on schedule check
[2021-11-25 23:04:54,169] {local_task_job.py:151} INFO - Task exited with return code 0
[2021-11-26 01:36:38,564] {taskinstance.py:876} INFO - Dependencies all met for <TaskInstance: parallel_dag.task_4 2021-11-25T00:00:00+00:00 [queued]>
[2021-11-26 01:36:38,609] {taskinstance.py:876} INFO - Dependencies all met for <TaskInstance: parallel_dag.task_4 2021-11-25T00:00:00+00:00 [queued]>
[2021-11-26 01:36:38,610] {taskinstance.py:1067} INFO - 
--------------------------------------------------------------------------------
[2021-11-26 01:36:38,610] {taskinstance.py:1068} INFO - Starting attempt 1 of 1
[2021-11-26 01:36:38,610] {taskinstance.py:1069} INFO - 
--------------------------------------------------------------------------------
[2021-11-26 01:36:38,629] {taskinstance.py:1087} INFO - Executing <Task(BashOperator): task_4> on 2021-11-25T00:00:00+00:00
[2021-11-26 01:36:38,634] {standard_task_runner.py:52} INFO - Started process 91250 to run task
[2021-11-26 01:36:38,643] {standard_task_runner.py:76} INFO - Running: ['airflow', 'tasks', 'run', 'parallel_dag', 'task_4', '2021-11-25T00:00:00+00:00', '--job-id', '5', '--pool', 'default_pool', '--raw', '--subdir', 'DAGS_FOLDER/parallel_dag.py', '--cfg-path', '/tmp/tmpf543zlpw', '--error-file', '/tmp/tmpvpal6jtm']
[2021-11-26 01:36:38,644] {standard_task_runner.py:77} INFO - Job 5: Subtask task_4
[2021-11-26 01:36:38,743] {logging_mixin.py:104} INFO - Running <TaskInstance: parallel_dag.task_4 2021-11-25T00:00:00+00:00 [running]> on host uiliam-Lenovo-G40-70
[2021-11-26 01:36:38,908] {taskinstance.py:1280} INFO - Exporting the following env vars:
AIRFLOW_CTX_DAG_OWNER=airflow
AIRFLOW_CTX_DAG_ID=parallel_dag
AIRFLOW_CTX_TASK_ID=task_4
AIRFLOW_CTX_EXECUTION_DATE=2021-11-25T00:00:00+00:00
AIRFLOW_CTX_DAG_RUN_ID=scheduled__2021-11-25T00:00:00+00:00
[2021-11-26 01:36:38,909] {subprocess.py:52} INFO - Tmp dir root location: 
 /tmp
[2021-11-26 01:36:38,910] {subprocess.py:63} INFO - Running command: ['bash', '-c', 'sleep 3']
[2021-11-26 01:36:38,919] {subprocess.py:75} INFO - Output:
[2021-11-26 01:36:41,921] {subprocess.py:83} INFO - Command exited with return code 0
[2021-11-26 01:36:41,982] {taskinstance.py:1184} INFO - Marking task as SUCCESS. dag_id=parallel_dag, task_id=task_4, execution_date=20211125T000000, start_date=20211126T043638, end_date=20211126T043641
[2021-11-26 01:36:42,070] {taskinstance.py:1245} INFO - 0 downstream tasks scheduled from follow-on schedule check
[2021-11-26 01:36:42,107] {local_task_job.py:151} INFO - Task exited with return code 0
