[2022-01-28 20:22:44,416] {taskinstance.py:1032} INFO - Dependencies all met for <TaskInstance: xcom_dag.task_4 manual__2022-01-28T23:22:38.358263+00:00 [queued]>
[2022-01-28 20:22:44,433] {taskinstance.py:1032} INFO - Dependencies all met for <TaskInstance: xcom_dag.task_4 manual__2022-01-28T23:22:38.358263+00:00 [queued]>
[2022-01-28 20:22:44,433] {taskinstance.py:1238} INFO - 
--------------------------------------------------------------------------------
[2022-01-28 20:22:44,433] {taskinstance.py:1239} INFO - Starting attempt 1 of 1
[2022-01-28 20:22:44,434] {taskinstance.py:1240} INFO - 
--------------------------------------------------------------------------------
[2022-01-28 20:22:44,446] {taskinstance.py:1259} INFO - Executing <Task(PythonOperator): task_4> on 2022-01-28 23:22:38.358263+00:00
[2022-01-28 20:22:44,450] {standard_task_runner.py:52} INFO - Started process 215867 to run task
[2022-01-28 20:22:44,454] {standard_task_runner.py:76} INFO - Running: ['airflow', 'tasks', 'run', 'xcom_dag', 'task_4', 'manual__2022-01-28T23:22:38.358263+00:00', '--job-id', '1004', '--raw', '--subdir', 'DAGS_FOLDER/xcom_dag.py', '--cfg-path', '/tmp/tmpt5fdndh7', '--error-file', '/tmp/tmpzqgarsxe']
[2022-01-28 20:22:44,455] {standard_task_runner.py:77} INFO - Job 1004: Subtask task_4
[2022-01-28 20:22:44,520] {logging_mixin.py:109} INFO - Running <TaskInstance: xcom_dag.task_4 manual__2022-01-28T23:22:38.358263+00:00 [running]> on host uiliam-Vostro-15-3515
[2022-01-28 20:22:44,589] {taskinstance.py:1424} INFO - Exporting the following env vars:
AIRFLOW_CTX_DAG_OWNER=airflow
AIRFLOW_CTX_DAG_ID=xcom_dag
AIRFLOW_CTX_TASK_ID=task_4
AIRFLOW_CTX_EXECUTION_DATE=2022-01-28T23:22:38.358263+00:00
AIRFLOW_CTX_DAG_RUN_ID=manual__2022-01-28T23:22:38.358263+00:00
[2022-01-28 20:22:44,590] {logging_mixin.py:109} INFO - choose best model
[2022-01-28 20:22:44,601] {logging_mixin.py:109} INFO - [1.469344614587759, 9.648084917312548, 5.30441860432509]
[2022-01-28 20:22:44,601] {python.py:175} INFO - Done. Returned value was: None
[2022-01-28 20:22:44,616] {taskinstance.py:1267} INFO - Marking task as SUCCESS. dag_id=xcom_dag, task_id=task_4, execution_date=20220128T232238, start_date=20220128T232244, end_date=20220128T232244
[2022-01-28 20:22:44,664] {local_task_job.py:154} INFO - Task exited with return code 0
[2022-01-28 20:22:44,706] {local_task_job.py:264} INFO - 0 downstream tasks scheduled from follow-on schedule check
