[2022-01-28 20:16:54,467] {taskinstance.py:1032} INFO - Dependencies all met for <TaskInstance: xcom_dag.processing_tasks.training_model_c manual__2022-01-28T23:16:49.720040+00:00 [queued]>
[2022-01-28 20:16:54,478] {taskinstance.py:1032} INFO - Dependencies all met for <TaskInstance: xcom_dag.processing_tasks.training_model_c manual__2022-01-28T23:16:49.720040+00:00 [queued]>
[2022-01-28 20:16:54,478] {taskinstance.py:1238} INFO - 
--------------------------------------------------------------------------------
[2022-01-28 20:16:54,478] {taskinstance.py:1239} INFO - Starting attempt 1 of 1
[2022-01-28 20:16:54,478] {taskinstance.py:1240} INFO - 
--------------------------------------------------------------------------------
[2022-01-28 20:16:54,489] {taskinstance.py:1259} INFO - Executing <Task(PythonOperator): processing_tasks.training_model_c> on 2022-01-28 23:16:49.720040+00:00
[2022-01-28 20:16:54,493] {standard_task_runner.py:52} INFO - Started process 212162 to run task
[2022-01-28 20:16:54,497] {standard_task_runner.py:76} INFO - Running: ['airflow', 'tasks', 'run', 'xcom_dag', 'processing_tasks.training_model_c', 'manual__2022-01-28T23:16:49.720040+00:00', '--job-id', '980', '--raw', '--subdir', 'DAGS_FOLDER/xcom_dag.py', '--cfg-path', '/tmp/tmpc7nkxd5j', '--error-file', '/tmp/tmpjao1o1j5']
[2022-01-28 20:16:54,499] {standard_task_runner.py:77} INFO - Job 980: Subtask processing_tasks.training_model_c
[2022-01-28 20:16:54,577] {logging_mixin.py:109} INFO - Running <TaskInstance: xcom_dag.processing_tasks.training_model_c manual__2022-01-28T23:16:49.720040+00:00 [running]> on host uiliam-Vostro-15-3515
[2022-01-28 20:16:54,640] {taskinstance.py:1424} INFO - Exporting the following env vars:
AIRFLOW_CTX_DAG_OWNER=airflow
AIRFLOW_CTX_DAG_ID=xcom_dag
AIRFLOW_CTX_TASK_ID=processing_tasks.training_model_c
AIRFLOW_CTX_EXECUTION_DATE=2022-01-28T23:16:49.720040+00:00
AIRFLOW_CTX_DAG_RUN_ID=manual__2022-01-28T23:16:49.720040+00:00
[2022-01-28 20:16:54,641] {logging_mixin.py:109} INFO - model's accuracy: 4.458097098354378
[2022-01-28 20:16:54,652] {python.py:175} INFO - Done. Returned value was: None
[2022-01-28 20:16:54,667] {taskinstance.py:1267} INFO - Marking task as SUCCESS. dag_id=xcom_dag, task_id=processing_tasks.training_model_c, execution_date=20220128T231649, start_date=20220128T231654, end_date=20220128T231654
[2022-01-28 20:16:54,707] {local_task_job.py:154} INFO - Task exited with return code 0
[2022-01-28 20:16:54,752] {local_task_job.py:264} INFO - 1 downstream tasks scheduled from follow-on schedule check
