[2021-11-25 23:04:00,453] {taskinstance.py:876} INFO - Dependencies all met for <TaskInstance: parallel_dag.task_1 2021-11-25T00:00:00+00:00 [queued]>
[2021-11-25 23:04:00,461] {taskinstance.py:876} INFO - Dependencies all met for <TaskInstance: parallel_dag.task_1 2021-11-25T00:00:00+00:00 [queued]>
[2021-11-25 23:04:00,461] {taskinstance.py:1067} INFO - 
--------------------------------------------------------------------------------
[2021-11-25 23:04:00,462] {taskinstance.py:1068} INFO - Starting attempt 1 of 1
[2021-11-25 23:04:00,462] {taskinstance.py:1069} INFO - 
--------------------------------------------------------------------------------
[2021-11-25 23:04:01,545] {taskinstance.py:1087} INFO - Executing <Task(BashOperator): task_1> on 2021-11-25T00:00:00+00:00
[2021-11-25 23:04:01,547] {standard_task_runner.py:52} INFO - Started process 59833 to run task
[2021-11-25 23:04:01,554] {standard_task_runner.py:76} INFO - Running: ['airflow', 'tasks', 'run', 'parallel_dag', 'task_1', '2021-11-25T00:00:00+00:00', '--job-id', '22', '--pool', 'default_pool', '--raw', '--subdir', 'DAGS_FOLDER/parallel_dag.py', '--cfg-path', '/tmp/tmpejp4tj9t', '--error-file', '/tmp/tmphzw51jx2']
[2021-11-25 23:04:01,554] {standard_task_runner.py:77} INFO - Job 22: Subtask task_1
[2021-11-25 23:04:02,444] {logging_mixin.py:104} INFO - Running <TaskInstance: parallel_dag.task_1 2021-11-25T00:00:00+00:00 [running]> on host uiliam-Lenovo-G40-70
[2021-11-25 23:04:04,196] {taskinstance.py:1280} INFO - Exporting the following env vars:
AIRFLOW_CTX_DAG_OWNER=airflow
AIRFLOW_CTX_DAG_ID=parallel_dag
AIRFLOW_CTX_TASK_ID=task_1
AIRFLOW_CTX_EXECUTION_DATE=2021-11-25T00:00:00+00:00
AIRFLOW_CTX_DAG_RUN_ID=scheduled__2021-11-25T00:00:00+00:00
[2021-11-25 23:04:04,198] {subprocess.py:52} INFO - Tmp dir root location: 
 /tmp
[2021-11-25 23:04:04,251] {subprocess.py:63} INFO - Running command: ['bash', '-c', 'sleep 3']
[2021-11-25 23:04:04,278] {subprocess.py:75} INFO - Output:
[2021-11-25 23:04:07,285] {subprocess.py:83} INFO - Command exited with return code 0
[2021-11-25 23:04:08,092] {taskinstance.py:1184} INFO - Marking task as SUCCESS. dag_id=parallel_dag, task_id=task_1, execution_date=20211125T000000, start_date=20211126T020400, end_date=20211126T020408
[2021-11-25 23:04:08,655] {taskinstance.py:1245} INFO - 2 downstream tasks scheduled from follow-on schedule check
[2021-11-25 23:04:08,672] {local_task_job.py:151} INFO - Task exited with return code 0
[2021-11-26 01:31:36,741] {taskinstance.py:876} INFO - Dependencies all met for <TaskInstance: parallel_dag.task_1 2021-11-25T00:00:00+00:00 [None]>
[2021-11-26 01:31:36,837] {taskinstance.py:876} INFO - Dependencies all met for <TaskInstance: parallel_dag.task_1 2021-11-25T00:00:00+00:00 [None]>
[2021-11-26 01:31:36,837] {taskinstance.py:1067} INFO - 
--------------------------------------------------------------------------------
[2021-11-26 01:31:36,837] {taskinstance.py:1068} INFO - Starting attempt 1 of 1
[2021-11-26 01:31:36,838] {taskinstance.py:1069} INFO - 
--------------------------------------------------------------------------------
[2021-11-26 01:31:36,872] {taskinstance.py:1087} INFO - Executing <Task(BashOperator): task_1> on 2021-11-25T00:00:00+00:00
[2021-11-26 01:31:36,876] {standard_task_runner.py:52} INFO - Started process 88846 to run task
[2021-11-26 01:31:36,881] {standard_task_runner.py:76} INFO - Running: ['airflow', 'tasks', 'run', 'parallel_dag', 'task_1', '2021-11-25T00:00:00+00:00', '--job-id', '1', '--pool', 'default_pool', '--raw', '--subdir', 'DAGS_FOLDER/parallel_dag.py', '--cfg-path', '/tmp/tmp3c0tqo48', '--error-file', '/tmp/tmp22qquk4d']
[2021-11-26 01:31:36,883] {standard_task_runner.py:77} INFO - Job 1: Subtask task_1
[2021-11-26 01:31:36,977] {logging_mixin.py:104} INFO - Running <TaskInstance: parallel_dag.task_1 2021-11-25T00:00:00+00:00 [running]> on host uiliam-Lenovo-G40-70
[2021-11-26 01:31:37,152] {taskinstance.py:1280} INFO - Exporting the following env vars:
AIRFLOW_CTX_DAG_OWNER=airflow
AIRFLOW_CTX_DAG_ID=parallel_dag
AIRFLOW_CTX_TASK_ID=task_1
AIRFLOW_CTX_EXECUTION_DATE=2021-11-25T00:00:00+00:00
[2021-11-26 01:31:37,154] {subprocess.py:52} INFO - Tmp dir root location: 
 /tmp
[2021-11-26 01:31:37,156] {subprocess.py:63} INFO - Running command: ['bash', '-c', 'sleep 3']
[2021-11-26 01:31:37,171] {subprocess.py:75} INFO - Output:
[2021-11-26 01:31:40,174] {subprocess.py:83} INFO - Command exited with return code 0
[2021-11-26 01:31:40,392] {taskinstance.py:1184} INFO - Marking task as SUCCESS. dag_id=parallel_dag, task_id=task_1, execution_date=20211125T000000, start_date=20211126T043136, end_date=20211126T043140
[2021-11-26 01:31:40,546] {local_task_job.py:151} INFO - Task exited with return code 1
