[2022-02-03 19:28:37,211] {taskinstance.py:1032} INFO - Dependencies all met for <TaskInstance: xcom_dag.processing_tasks.training_model_a scheduled__2022-02-02T00:00:00+00:00 [queued]>
[2022-02-03 19:28:37,221] {taskinstance.py:1032} INFO - Dependencies all met for <TaskInstance: xcom_dag.processing_tasks.training_model_a scheduled__2022-02-02T00:00:00+00:00 [queued]>
[2022-02-03 19:28:37,221] {taskinstance.py:1238} INFO - 
--------------------------------------------------------------------------------
[2022-02-03 19:28:37,221] {taskinstance.py:1239} INFO - Starting attempt 1 of 1
[2022-02-03 19:28:37,221] {taskinstance.py:1240} INFO - 
--------------------------------------------------------------------------------
[2022-02-03 19:28:37,233] {taskinstance.py:1259} INFO - Executing <Task(PythonOperator): processing_tasks.training_model_a> on 2022-02-02 00:00:00+00:00
[2022-02-03 19:28:37,237] {standard_task_runner.py:52} INFO - Started process 77779 to run task
[2022-02-03 19:28:37,241] {standard_task_runner.py:76} INFO - Running: ['airflow', 'tasks', 'run', 'xcom_dag', 'processing_tasks.training_model_a', 'scheduled__2022-02-02T00:00:00+00:00', '--job-id', '1065', '--raw', '--subdir', 'DAGS_FOLDER/xcom_dag.py', '--cfg-path', '/tmp/tmpaiumpzyw', '--error-file', '/tmp/tmpuekdh2as']
[2022-02-03 19:28:37,242] {standard_task_runner.py:77} INFO - Job 1065: Subtask processing_tasks.training_model_a
[2022-02-03 19:28:37,315] {logging_mixin.py:109} INFO - Running <TaskInstance: xcom_dag.processing_tasks.training_model_a scheduled__2022-02-02T00:00:00+00:00 [running]> on host uiliam-Vostro-15-3515
[2022-02-03 19:28:37,387] {taskinstance.py:1424} INFO - Exporting the following env vars:
AIRFLOW_CTX_DAG_OWNER=airflow
AIRFLOW_CTX_DAG_ID=xcom_dag
AIRFLOW_CTX_TASK_ID=processing_tasks.training_model_a
AIRFLOW_CTX_EXECUTION_DATE=2022-02-02T00:00:00+00:00
AIRFLOW_CTX_DAG_RUN_ID=scheduled__2022-02-02T00:00:00+00:00
[2022-02-03 19:28:37,388] {logging_mixin.py:109} INFO - model's accuracy: 0.4290999340040256
[2022-02-03 19:28:37,398] {python.py:175} INFO - Done. Returned value was: None
[2022-02-03 19:28:37,418] {taskinstance.py:1267} INFO - Marking task as SUCCESS. dag_id=xcom_dag, task_id=processing_tasks.training_model_a, execution_date=20220202T000000, start_date=20220203T222837, end_date=20220203T222837
[2022-02-03 19:28:37,452] {local_task_job.py:154} INFO - Task exited with return code 0
[2022-02-03 19:28:37,491] {local_task_job.py:264} INFO - 0 downstream tasks scheduled from follow-on schedule check
