[2022-01-28 02:47:50,059] {taskinstance.py:1032} INFO - Dependencies all met for <TaskInstance: xcom_dag.processing_tasks.training_model_c manual__2022-01-28T05:47:44.856139+00:00 [queued]>
[2022-01-28 02:47:50,068] {taskinstance.py:1032} INFO - Dependencies all met for <TaskInstance: xcom_dag.processing_tasks.training_model_c manual__2022-01-28T05:47:44.856139+00:00 [queued]>
[2022-01-28 02:47:50,068] {taskinstance.py:1238} INFO - 
--------------------------------------------------------------------------------
[2022-01-28 02:47:50,068] {taskinstance.py:1239} INFO - Starting attempt 1 of 1
[2022-01-28 02:47:50,069] {taskinstance.py:1240} INFO - 
--------------------------------------------------------------------------------
[2022-01-28 02:47:50,080] {taskinstance.py:1259} INFO - Executing <Task(PythonOperator): processing_tasks.training_model_c> on 2022-01-28 05:47:44.856139+00:00
[2022-01-28 02:47:50,084] {standard_task_runner.py:52} INFO - Started process 188847 to run task
[2022-01-28 02:47:50,088] {standard_task_runner.py:76} INFO - Running: ['airflow', 'tasks', 'run', 'xcom_dag', 'processing_tasks.training_model_c', 'manual__2022-01-28T05:47:44.856139+00:00', '--job-id', '963', '--raw', '--subdir', 'DAGS_FOLDER/xcom_dag.py', '--cfg-path', '/tmp/tmp_y8ngcri', '--error-file', '/tmp/tmpp_tpo0pu']
[2022-01-28 02:47:50,089] {standard_task_runner.py:77} INFO - Job 963: Subtask processing_tasks.training_model_c
[2022-01-28 02:47:50,149] {logging_mixin.py:109} INFO - Running <TaskInstance: xcom_dag.processing_tasks.training_model_c manual__2022-01-28T05:47:44.856139+00:00 [running]> on host uiliam-Vostro-15-3515
[2022-01-28 02:47:50,215] {taskinstance.py:1424} INFO - Exporting the following env vars:
AIRFLOW_CTX_DAG_OWNER=airflow
AIRFLOW_CTX_DAG_ID=xcom_dag
AIRFLOW_CTX_TASK_ID=processing_tasks.training_model_c
AIRFLOW_CTX_EXECUTION_DATE=2022-01-28T05:47:44.856139+00:00
AIRFLOW_CTX_DAG_RUN_ID=manual__2022-01-28T05:47:44.856139+00:00
[2022-01-28 02:47:50,215] {logging_mixin.py:109} INFO - model's accuracy: 9.979666417796322
[2022-01-28 02:47:50,230] {python.py:175} INFO - Done. Returned value was: None
[2022-01-28 02:47:50,244] {taskinstance.py:1267} INFO - Marking task as SUCCESS. dag_id=xcom_dag, task_id=processing_tasks.training_model_c, execution_date=20220128T054744, start_date=20220128T054750, end_date=20220128T054750
[2022-01-28 02:47:50,300] {local_task_job.py:154} INFO - Task exited with return code 0
[2022-01-28 02:47:50,344] {local_task_job.py:264} INFO - 0 downstream tasks scheduled from follow-on schedule check
