[2022-01-28 19:34:25,536] {taskinstance.py:1032} INFO - Dependencies all met for <TaskInstance: xcom_dag.processing_tasks.training_model_c manual__2022-01-28T05:47:44.856139+00:00 [queued]>
[2022-01-28 19:34:25,548] {taskinstance.py:1032} INFO - Dependencies all met for <TaskInstance: xcom_dag.processing_tasks.training_model_c manual__2022-01-28T05:47:44.856139+00:00 [queued]>
[2022-01-28 19:34:25,548] {taskinstance.py:1238} INFO - 
--------------------------------------------------------------------------------
[2022-01-28 19:34:25,548] {taskinstance.py:1239} INFO - Starting attempt 2 of 2
[2022-01-28 19:34:25,548] {taskinstance.py:1240} INFO - 
--------------------------------------------------------------------------------
[2022-01-28 19:34:25,565] {taskinstance.py:1259} INFO - Executing <Task(PythonOperator): processing_tasks.training_model_c> on 2022-01-28 05:47:44.856139+00:00
[2022-01-28 19:34:25,569] {standard_task_runner.py:52} INFO - Started process 203831 to run task
[2022-01-28 19:34:25,572] {standard_task_runner.py:76} INFO - Running: ['airflow', 'tasks', 'run', 'xcom_dag', 'processing_tasks.training_model_c', 'manual__2022-01-28T05:47:44.856139+00:00', '--job-id', '969', '--raw', '--subdir', 'DAGS_FOLDER/xcom_dag.py', '--cfg-path', '/tmp/tmpbe1kcyh3', '--error-file', '/tmp/tmpjtmttc9a']
[2022-01-28 19:34:25,574] {standard_task_runner.py:77} INFO - Job 969: Subtask processing_tasks.training_model_c
[2022-01-28 19:34:25,649] {logging_mixin.py:109} INFO - Running <TaskInstance: xcom_dag.processing_tasks.training_model_c manual__2022-01-28T05:47:44.856139+00:00 [running]> on host uiliam-Vostro-15-3515
[2022-01-28 19:34:25,717] {taskinstance.py:1424} INFO - Exporting the following env vars:
AIRFLOW_CTX_DAG_OWNER=airflow
AIRFLOW_CTX_DAG_ID=xcom_dag
AIRFLOW_CTX_TASK_ID=processing_tasks.training_model_c
AIRFLOW_CTX_EXECUTION_DATE=2022-01-28T05:47:44.856139+00:00
AIRFLOW_CTX_DAG_RUN_ID=manual__2022-01-28T05:47:44.856139+00:00
[2022-01-28 19:34:25,717] {logging_mixin.py:109} INFO - model's accuracy: 4.473921093594832
[2022-01-28 19:34:25,729] {python.py:175} INFO - Done. Returned value was: None
[2022-01-28 19:34:25,742] {taskinstance.py:1267} INFO - Marking task as SUCCESS. dag_id=xcom_dag, task_id=processing_tasks.training_model_c, execution_date=20220128T054744, start_date=20220128T223425, end_date=20220128T223425
[2022-01-28 19:34:25,783] {local_task_job.py:154} INFO - Task exited with return code 0
[2022-01-28 19:34:25,833] {local_task_job.py:264} INFO - 0 downstream tasks scheduled from follow-on schedule check
