[2022-01-28 22:45:33,856] {taskinstance.py:1032} INFO - Dependencies all met for <TaskInstance: xcom_dag.processing_tasks.training_model_c manual__2022-01-29T01:45:28.924474+00:00 [queued]>
[2022-01-28 22:45:33,871] {taskinstance.py:1032} INFO - Dependencies all met for <TaskInstance: xcom_dag.processing_tasks.training_model_c manual__2022-01-29T01:45:28.924474+00:00 [queued]>
[2022-01-28 22:45:33,871] {taskinstance.py:1238} INFO - 
--------------------------------------------------------------------------------
[2022-01-28 22:45:33,871] {taskinstance.py:1239} INFO - Starting attempt 1 of 1
[2022-01-28 22:45:33,871] {taskinstance.py:1240} INFO - 
--------------------------------------------------------------------------------
[2022-01-28 22:45:33,883] {taskinstance.py:1259} INFO - Executing <Task(PythonOperator): processing_tasks.training_model_c> on 2022-01-29 01:45:28.924474+00:00
[2022-01-28 22:45:33,887] {standard_task_runner.py:52} INFO - Started process 245179 to run task
[2022-01-28 22:45:33,890] {standard_task_runner.py:76} INFO - Running: ['airflow', 'tasks', 'run', 'xcom_dag', 'processing_tasks.training_model_c', 'manual__2022-01-29T01:45:28.924474+00:00', '--job-id', '1059', '--raw', '--subdir', 'DAGS_FOLDER/xcom_dag.py', '--cfg-path', '/tmp/tmp4vgym_kz', '--error-file', '/tmp/tmpg5kfqjvx']
[2022-01-28 22:45:33,891] {standard_task_runner.py:77} INFO - Job 1059: Subtask processing_tasks.training_model_c
[2022-01-28 22:45:33,956] {logging_mixin.py:109} INFO - Running <TaskInstance: xcom_dag.processing_tasks.training_model_c manual__2022-01-29T01:45:28.924474+00:00 [running]> on host uiliam-Vostro-15-3515
[2022-01-28 22:45:34,019] {taskinstance.py:1424} INFO - Exporting the following env vars:
AIRFLOW_CTX_DAG_OWNER=airflow
AIRFLOW_CTX_DAG_ID=xcom_dag
AIRFLOW_CTX_TASK_ID=processing_tasks.training_model_c
AIRFLOW_CTX_EXECUTION_DATE=2022-01-29T01:45:28.924474+00:00
AIRFLOW_CTX_DAG_RUN_ID=manual__2022-01-29T01:45:28.924474+00:00
[2022-01-28 22:45:34,020] {logging_mixin.py:109} INFO - model's accuracy: 5.79964035639647
[2022-01-28 22:45:34,033] {python.py:175} INFO - Done. Returned value was: None
[2022-01-28 22:45:34,049] {taskinstance.py:1267} INFO - Marking task as SUCCESS. dag_id=xcom_dag, task_id=processing_tasks.training_model_c, execution_date=20220129T014528, start_date=20220129T014533, end_date=20220129T014534
[2022-01-28 22:45:34,102] {local_task_job.py:154} INFO - Task exited with return code 0
[2022-01-28 22:45:34,151] {local_task_job.py:264} INFO - 0 downstream tasks scheduled from follow-on schedule check
