[2022-02-03 21:00:05,835] {taskinstance.py:1032} INFO - Dependencies all met for <TaskInstance: xcom_dag.choose_best_model scheduled__2022-02-03T00:00:00+00:00 [queued]>
[2022-02-03 21:00:05,845] {taskinstance.py:1032} INFO - Dependencies all met for <TaskInstance: xcom_dag.choose_best_model scheduled__2022-02-03T00:00:00+00:00 [queued]>
[2022-02-03 21:00:05,846] {taskinstance.py:1238} INFO - 
--------------------------------------------------------------------------------
[2022-02-03 21:00:05,846] {taskinstance.py:1239} INFO - Starting attempt 1 of 1
[2022-02-03 21:00:05,846] {taskinstance.py:1240} INFO - 
--------------------------------------------------------------------------------
[2022-02-03 21:00:05,860] {taskinstance.py:1259} INFO - Executing <Task(BranchPythonOperator): choose_best_model> on 2022-02-03 00:00:00+00:00
[2022-02-03 21:00:05,863] {standard_task_runner.py:52} INFO - Started process 93673 to run task
[2022-02-03 21:00:05,867] {standard_task_runner.py:76} INFO - Running: ['airflow', 'tasks', 'run', 'xcom_dag', 'choose_best_model', 'scheduled__2022-02-03T00:00:00+00:00', '--job-id', '1075', '--raw', '--subdir', 'DAGS_FOLDER/xcom_dag.py', '--cfg-path', '/tmp/tmpza4a9uqh', '--error-file', '/tmp/tmp75r559su']
[2022-02-03 21:00:05,869] {standard_task_runner.py:77} INFO - Job 1075: Subtask choose_best_model
[2022-02-03 21:00:05,934] {logging_mixin.py:109} INFO - Running <TaskInstance: xcom_dag.choose_best_model scheduled__2022-02-03T00:00:00+00:00 [running]> on host uiliam-Vostro-15-3515
[2022-02-03 21:00:05,999] {taskinstance.py:1424} INFO - Exporting the following env vars:
AIRFLOW_CTX_DAG_OWNER=airflow
AIRFLOW_CTX_DAG_ID=xcom_dag
AIRFLOW_CTX_TASK_ID=choose_best_model
AIRFLOW_CTX_EXECUTION_DATE=2022-02-03T00:00:00+00:00
AIRFLOW_CTX_DAG_RUN_ID=scheduled__2022-02-03T00:00:00+00:00
[2022-02-03 21:00:06,000] {logging_mixin.py:109} INFO - choose best model
[2022-02-03 21:00:06,008] {python.py:175} INFO - Done. Returned value was: accurate
[2022-02-03 21:00:06,008] {skipmixin.py:143} INFO - Following branch accurate
[2022-02-03 21:00:06,008] {skipmixin.py:174} INFO - Skipping tasks ['inaccurate']
[2022-02-03 21:00:06,052] {taskinstance.py:1267} INFO - Marking task as SUCCESS. dag_id=xcom_dag, task_id=choose_best_model, execution_date=20220203T000000, start_date=20220204T000005, end_date=20220204T000006
[2022-02-03 21:00:06,077] {local_task_job.py:154} INFO - Task exited with return code 0
[2022-02-03 21:00:06,136] {local_task_job.py:264} INFO - 1 downstream tasks scheduled from follow-on schedule check
