[2022-01-28 20:54:35,446] {taskinstance.py:1032} INFO - Dependencies all met for <TaskInstance: xcom_dag.processing_tasks.training_model_c manual__2022-01-28T23:54:31.253328+00:00 [queued]>
[2022-01-28 20:54:35,456] {taskinstance.py:1032} INFO - Dependencies all met for <TaskInstance: xcom_dag.processing_tasks.training_model_c manual__2022-01-28T23:54:31.253328+00:00 [queued]>
[2022-01-28 20:54:35,456] {taskinstance.py:1238} INFO - 
--------------------------------------------------------------------------------
[2022-01-28 20:54:35,456] {taskinstance.py:1239} INFO - Starting attempt 1 of 1
[2022-01-28 20:54:35,456] {taskinstance.py:1240} INFO - 
--------------------------------------------------------------------------------
[2022-01-28 20:54:35,468] {taskinstance.py:1259} INFO - Executing <Task(PythonOperator): processing_tasks.training_model_c> on 2022-01-28 23:54:31.253328+00:00
[2022-01-28 20:54:35,471] {standard_task_runner.py:52} INFO - Started process 225123 to run task
[2022-01-28 20:54:35,476] {standard_task_runner.py:76} INFO - Running: ['airflow', 'tasks', 'run', 'xcom_dag', 'processing_tasks.training_model_c', 'manual__2022-01-28T23:54:31.253328+00:00', '--job-id', '1032', '--raw', '--subdir', 'DAGS_FOLDER/xcom_dag.py', '--cfg-path', '/tmp/tmpi_lkcppq', '--error-file', '/tmp/tmpa5dzsk98']
[2022-01-28 20:54:35,477] {standard_task_runner.py:77} INFO - Job 1032: Subtask processing_tasks.training_model_c
[2022-01-28 20:54:35,550] {logging_mixin.py:109} INFO - Running <TaskInstance: xcom_dag.processing_tasks.training_model_c manual__2022-01-28T23:54:31.253328+00:00 [running]> on host uiliam-Vostro-15-3515
[2022-01-28 20:54:35,628] {taskinstance.py:1424} INFO - Exporting the following env vars:
AIRFLOW_CTX_DAG_OWNER=airflow
AIRFLOW_CTX_DAG_ID=xcom_dag
AIRFLOW_CTX_TASK_ID=processing_tasks.training_model_c
AIRFLOW_CTX_EXECUTION_DATE=2022-01-28T23:54:31.253328+00:00
AIRFLOW_CTX_DAG_RUN_ID=manual__2022-01-28T23:54:31.253328+00:00
[2022-01-28 20:54:35,629] {logging_mixin.py:109} INFO - model's accuracy: 2.9314001775954592
[2022-01-28 20:54:35,641] {python.py:175} INFO - Done. Returned value was: None
[2022-01-28 20:54:35,660] {taskinstance.py:1267} INFO - Marking task as SUCCESS. dag_id=xcom_dag, task_id=processing_tasks.training_model_c, execution_date=20220128T235431, start_date=20220128T235435, end_date=20220128T235435
[2022-01-28 20:54:35,686] {local_task_job.py:154} INFO - Task exited with return code 0
[2022-01-28 20:54:35,735] {local_task_job.py:264} INFO - 0 downstream tasks scheduled from follow-on schedule check
