[2022-01-28 22:45:26,600] {taskinstance.py:1032} INFO - Dependencies all met for <TaskInstance: xcom_dag.processing_tasks.training_model_c manual__2022-01-28T23:54:31.253328+00:00 [queued]>
[2022-01-28 22:45:26,614] {taskinstance.py:1032} INFO - Dependencies all met for <TaskInstance: xcom_dag.processing_tasks.training_model_c manual__2022-01-28T23:54:31.253328+00:00 [queued]>
[2022-01-28 22:45:26,614] {taskinstance.py:1238} INFO - 
--------------------------------------------------------------------------------
[2022-01-28 22:45:26,614] {taskinstance.py:1239} INFO - Starting attempt 2 of 2
[2022-01-28 22:45:26,614] {taskinstance.py:1240} INFO - 
--------------------------------------------------------------------------------
[2022-01-28 22:45:26,628] {taskinstance.py:1259} INFO - Executing <Task(PythonOperator): processing_tasks.training_model_c> on 2022-01-28 23:54:31.253328+00:00
[2022-01-28 22:45:26,632] {standard_task_runner.py:52} INFO - Started process 244892 to run task
[2022-01-28 22:45:26,637] {standard_task_runner.py:76} INFO - Running: ['airflow', 'tasks', 'run', 'xcom_dag', 'processing_tasks.training_model_c', 'manual__2022-01-28T23:54:31.253328+00:00', '--job-id', '1055', '--raw', '--subdir', 'DAGS_FOLDER/xcom_dag.py', '--cfg-path', '/tmp/tmp7e_dbtux', '--error-file', '/tmp/tmp8xzao896']
[2022-01-28 22:45:26,639] {standard_task_runner.py:77} INFO - Job 1055: Subtask processing_tasks.training_model_c
[2022-01-28 22:45:26,705] {logging_mixin.py:109} INFO - Running <TaskInstance: xcom_dag.processing_tasks.training_model_c manual__2022-01-28T23:54:31.253328+00:00 [running]> on host uiliam-Vostro-15-3515
[2022-01-28 22:45:26,771] {taskinstance.py:1424} INFO - Exporting the following env vars:
AIRFLOW_CTX_DAG_OWNER=airflow
AIRFLOW_CTX_DAG_ID=xcom_dag
AIRFLOW_CTX_TASK_ID=processing_tasks.training_model_c
AIRFLOW_CTX_EXECUTION_DATE=2022-01-28T23:54:31.253328+00:00
AIRFLOW_CTX_DAG_RUN_ID=manual__2022-01-28T23:54:31.253328+00:00
[2022-01-28 22:45:26,772] {logging_mixin.py:109} INFO - model's accuracy: 0.786408125254036
[2022-01-28 22:45:26,783] {python.py:175} INFO - Done. Returned value was: None
[2022-01-28 22:45:26,798] {taskinstance.py:1267} INFO - Marking task as SUCCESS. dag_id=xcom_dag, task_id=processing_tasks.training_model_c, execution_date=20220128T235431, start_date=20220129T014526, end_date=20220129T014526
[2022-01-28 22:45:26,847] {local_task_job.py:154} INFO - Task exited with return code 0
[2022-01-28 22:45:26,889] {local_task_job.py:264} INFO - 0 downstream tasks scheduled from follow-on schedule check
