[2022-02-03 23:10:56,366] {taskinstance.py:1032} INFO - Dependencies all met for <TaskInstance: elasticsearch_dag.connections_to_es manual__2022-02-04T02:09:12.019128+00:00 [queued]>
[2022-02-03 23:10:56,382] {taskinstance.py:1032} INFO - Dependencies all met for <TaskInstance: elasticsearch_dag.connections_to_es manual__2022-02-04T02:09:12.019128+00:00 [queued]>
[2022-02-03 23:10:56,382] {taskinstance.py:1238} INFO - 
--------------------------------------------------------------------------------
[2022-02-03 23:10:56,382] {taskinstance.py:1239} INFO - Starting attempt 2 of 2
[2022-02-03 23:10:56,382] {taskinstance.py:1240} INFO - 
--------------------------------------------------------------------------------
[2022-02-03 23:10:56,394] {taskinstance.py:1259} INFO - Executing <Task(PostgresToElasticOperator): connections_to_es> on 2022-02-04 02:09:12.019128+00:00
[2022-02-03 23:10:56,397] {standard_task_runner.py:52} INFO - Started process 130124 to run task
[2022-02-03 23:10:56,401] {standard_task_runner.py:76} INFO - Running: ['airflow', 'tasks', 'run', 'elasticsearch_dag', 'connections_to_es', 'manual__2022-02-04T02:09:12.019128+00:00', '--job-id', '1100', '--raw', '--subdir', 'DAGS_FOLDER/elasticsearch_dag.py', '--cfg-path', '/tmp/tmpo2ftf53t', '--error-file', '/tmp/tmpa7a33d6g']
[2022-02-03 23:10:56,402] {standard_task_runner.py:77} INFO - Job 1100: Subtask connections_to_es
[2022-02-03 23:10:56,467] {logging_mixin.py:109} INFO - Running <TaskInstance: elasticsearch_dag.connections_to_es manual__2022-02-04T02:09:12.019128+00:00 [running]> on host uiliam-Vostro-15-3515
[2022-02-03 23:10:56,532] {taskinstance.py:1424} INFO - Exporting the following env vars:
AIRFLOW_CTX_DAG_OWNER=airflow
AIRFLOW_CTX_DAG_ID=elasticsearch_dag
AIRFLOW_CTX_TASK_ID=connections_to_es
AIRFLOW_CTX_EXECUTION_DATE=2022-02-04T02:09:12.019128+00:00
AIRFLOW_CTX_DAG_RUN_ID=manual__2022-02-04T02:09:12.019128+00:00
[2022-02-03 23:10:56,544] {base.py:70} INFO - Using connection to: id: elasticsearch_default. Host: localhost, Port: 9200, Schema: http, Login: None, Password: None, extra: {}
[2022-02-03 23:10:56,555] {base.py:70} INFO - Using connection to: id: ***_default. Host: localhost, Port: 5432, Schema: , Login: ***, Password: ***, extra: {'cursor': 'realdictcursor'}
[2022-02-03 23:10:56,572] {logging_mixin.py:109} WARNING - /home/uiliam/sandbox/lib/python3.9/site-packages/elasticsearch/connection/base.py:200 ElasticsearchWarning: Elasticsearch built-in security features are not enabled. Without authentication, your cluster could be accessible to anyone. See https://www.elastic.co/guide/en/elasticsearch/reference/7.17/security-minimal-setup.html to enable security.
[2022-02-03 23:10:56,572] {base.py:265} INFO - GET http://localhost:9200/ [status:200 request:0.006s]
[2022-02-03 23:10:56,588] {logging_mixin.py:109} WARNING - /home/uiliam/sandbox/lib/python3.9/site-packages/elasticsearch/connection/base.py:200 ElasticsearchWarning: [types removal] Specifying types in document index requests is deprecated, use the typeless endpoints instead (/{index}/_doc/{id}, /{index}/_doc, or /{index}/_create/{id}).
[2022-02-03 23:10:56,588] {base.py:265} INFO - POST http://localhost:9200/connections/external [status:201 request:0.012s]
[2022-02-03 23:10:56,598] {base.py:265} INFO - POST http://localhost:9200/connections/external [status:201 request:0.009s]
[2022-02-03 23:10:56,651] {base.py:265} INFO - POST http://localhost:9200/connections/external [status:201 request:0.053s]
[2022-02-03 23:10:56,658] {base.py:265} INFO - POST http://localhost:9200/connections/external [status:201 request:0.006s]
[2022-02-03 23:10:56,665] {base.py:265} INFO - POST http://localhost:9200/connections/external [status:201 request:0.007s]
[2022-02-03 23:10:56,674] {base.py:265} INFO - POST http://localhost:9200/connections/external [status:201 request:0.008s]
[2022-02-03 23:10:56,682] {base.py:265} INFO - POST http://localhost:9200/connections/external [status:201 request:0.008s]
[2022-02-03 23:10:56,733] {base.py:265} INFO - POST http://localhost:9200/connections/external [status:201 request:0.050s]
[2022-02-03 23:10:56,742] {base.py:265} INFO - POST http://localhost:9200/connections/external [status:201 request:0.008s]
[2022-02-03 23:10:56,750] {base.py:265} INFO - POST http://localhost:9200/connections/external [status:201 request:0.008s]
[2022-02-03 23:10:56,758] {base.py:265} INFO - POST http://localhost:9200/connections/external [status:201 request:0.007s]
[2022-02-03 23:10:56,766] {base.py:265} INFO - POST http://localhost:9200/connections/external [status:201 request:0.007s]
[2022-02-03 23:10:56,774] {base.py:265} INFO - POST http://localhost:9200/connections/external [status:201 request:0.007s]
[2022-02-03 23:10:56,783] {base.py:265} INFO - POST http://localhost:9200/connections/external [status:201 request:0.008s]
[2022-02-03 23:10:56,792] {base.py:265} INFO - POST http://localhost:9200/connections/external [status:201 request:0.008s]
[2022-02-03 23:10:56,799] {base.py:265} INFO - POST http://localhost:9200/connections/external [status:201 request:0.007s]
[2022-02-03 23:10:56,806] {base.py:265} INFO - POST http://localhost:9200/connections/external [status:201 request:0.007s]
[2022-02-03 23:10:56,814] {base.py:265} INFO - POST http://localhost:9200/connections/external [status:201 request:0.007s]
[2022-02-03 23:10:56,823] {base.py:265} INFO - POST http://localhost:9200/connections/external [status:201 request:0.008s]
[2022-02-03 23:10:56,831] {base.py:265} INFO - POST http://localhost:9200/connections/external [status:201 request:0.008s]
[2022-02-03 23:10:56,839] {base.py:265} INFO - POST http://localhost:9200/connections/external [status:201 request:0.007s]
[2022-02-03 23:10:56,846] {base.py:265} INFO - POST http://localhost:9200/connections/external [status:201 request:0.007s]
[2022-02-03 23:10:56,904] {base.py:265} INFO - POST http://localhost:9200/connections/external [status:201 request:0.057s]
[2022-02-03 23:10:56,912] {base.py:265} INFO - POST http://localhost:9200/connections/external [status:201 request:0.007s]
[2022-02-03 23:10:56,920] {base.py:265} INFO - POST http://localhost:9200/connections/external [status:201 request:0.008s]
[2022-02-03 23:10:56,928] {base.py:265} INFO - POST http://localhost:9200/connections/external [status:201 request:0.007s]
[2022-02-03 23:10:56,935] {base.py:265} INFO - POST http://localhost:9200/connections/external [status:201 request:0.007s]
[2022-02-03 23:10:56,943] {base.py:265} INFO - POST http://localhost:9200/connections/external [status:201 request:0.008s]
[2022-02-03 23:10:56,953] {base.py:265} INFO - POST http://localhost:9200/connections/external [status:201 request:0.009s]
[2022-02-03 23:10:56,962] {base.py:265} INFO - POST http://localhost:9200/connections/external [status:201 request:0.008s]
[2022-02-03 23:10:56,971] {base.py:265} INFO - POST http://localhost:9200/connections/external [status:201 request:0.009s]
[2022-02-03 23:10:56,979] {base.py:265} INFO - POST http://localhost:9200/connections/external [status:201 request:0.008s]
[2022-02-03 23:10:56,988] {base.py:265} INFO - POST http://localhost:9200/connections/external [status:201 request:0.008s]
[2022-02-03 23:10:56,996] {base.py:265} INFO - POST http://localhost:9200/connections/external [status:201 request:0.007s]
[2022-02-03 23:10:57,004] {base.py:265} INFO - POST http://localhost:9200/connections/external [status:201 request:0.007s]
[2022-02-03 23:10:57,012] {base.py:265} INFO - POST http://localhost:9200/connections/external [status:201 request:0.007s]
[2022-02-03 23:10:57,019] {base.py:265} INFO - POST http://localhost:9200/connections/external [status:201 request:0.007s]
[2022-02-03 23:10:57,028] {base.py:265} INFO - POST http://localhost:9200/connections/external [status:201 request:0.008s]
[2022-02-03 23:10:57,035] {base.py:265} INFO - POST http://localhost:9200/connections/external [status:201 request:0.006s]
[2022-02-03 23:10:57,044] {base.py:265} INFO - POST http://localhost:9200/connections/external [status:201 request:0.008s]
[2022-02-03 23:10:57,052] {base.py:265} INFO - POST http://localhost:9200/connections/external [status:201 request:0.007s]
[2022-02-03 23:10:57,060] {base.py:265} INFO - POST http://localhost:9200/connections/external [status:201 request:0.008s]
[2022-02-03 23:10:57,068] {base.py:265} INFO - POST http://localhost:9200/connections/external [status:201 request:0.007s]
[2022-02-03 23:10:57,075] {base.py:265} INFO - POST http://localhost:9200/connections/external [status:201 request:0.007s]
[2022-02-03 23:10:57,083] {base.py:265} INFO - POST http://localhost:9200/connections/external [status:201 request:0.007s]
[2022-02-03 23:10:57,092] {base.py:265} INFO - POST http://localhost:9200/connections/external [status:201 request:0.008s]
[2022-02-03 23:10:57,099] {base.py:265} INFO - POST http://localhost:9200/connections/external [status:201 request:0.007s]
[2022-02-03 23:10:57,108] {base.py:265} INFO - POST http://localhost:9200/connections/external [status:201 request:0.008s]
[2022-02-03 23:10:57,115] {base.py:265} INFO - POST http://localhost:9200/connections/external [status:201 request:0.006s]
[2022-02-03 23:10:57,123] {base.py:265} INFO - POST http://localhost:9200/connections/external [status:201 request:0.007s]
[2022-02-03 23:10:57,176] {base.py:265} INFO - POST http://localhost:9200/connections/external [status:201 request:0.052s]
[2022-02-03 23:10:57,183] {base.py:265} INFO - POST http://localhost:9200/connections/external [status:201 request:0.007s]
[2022-02-03 23:10:57,204] {taskinstance.py:1267} INFO - Marking task as SUCCESS. dag_id=elasticsearch_dag, task_id=connections_to_es, execution_date=20220204T020912, start_date=20220204T021056, end_date=20220204T021057
[2022-02-03 23:10:57,253] {local_task_job.py:154} INFO - Task exited with return code 0
[2022-02-03 23:10:57,293] {local_task_job.py:264} INFO - 0 downstream tasks scheduled from follow-on schedule check
