[2022-02-03 23:11:02,530] {taskinstance.py:1032} INFO - Dependencies all met for <TaskInstance: elasticsearch_dag.connections_to_es manual__2022-02-04T02:09:12.019128+00:00 [queued]>
[2022-02-03 23:11:02,542] {taskinstance.py:1032} INFO - Dependencies all met for <TaskInstance: elasticsearch_dag.connections_to_es manual__2022-02-04T02:09:12.019128+00:00 [queued]>
[2022-02-03 23:11:02,542] {taskinstance.py:1238} INFO - 
--------------------------------------------------------------------------------
[2022-02-03 23:11:02,542] {taskinstance.py:1239} INFO - Starting attempt 3 of 3
[2022-02-03 23:11:02,542] {taskinstance.py:1240} INFO - 
--------------------------------------------------------------------------------
[2022-02-03 23:11:02,553] {taskinstance.py:1259} INFO - Executing <Task(PostgresToElasticOperator): connections_to_es> on 2022-02-04 02:09:12.019128+00:00
[2022-02-03 23:11:02,557] {standard_task_runner.py:52} INFO - Started process 130388 to run task
[2022-02-03 23:11:02,560] {standard_task_runner.py:76} INFO - Running: ['airflow', 'tasks', 'run', 'elasticsearch_dag', 'connections_to_es', 'manual__2022-02-04T02:09:12.019128+00:00', '--job-id', '1102', '--raw', '--subdir', 'DAGS_FOLDER/elasticsearch_dag.py', '--cfg-path', '/tmp/tmpr4d8s9dq', '--error-file', '/tmp/tmppk0fysak']
[2022-02-03 23:11:02,561] {standard_task_runner.py:77} INFO - Job 1102: Subtask connections_to_es
[2022-02-03 23:11:02,628] {logging_mixin.py:109} INFO - Running <TaskInstance: elasticsearch_dag.connections_to_es manual__2022-02-04T02:09:12.019128+00:00 [running]> on host uiliam-Vostro-15-3515
[2022-02-03 23:11:02,699] {taskinstance.py:1424} INFO - Exporting the following env vars:
AIRFLOW_CTX_DAG_OWNER=airflow
AIRFLOW_CTX_DAG_ID=elasticsearch_dag
AIRFLOW_CTX_TASK_ID=connections_to_es
AIRFLOW_CTX_EXECUTION_DATE=2022-02-04T02:09:12.019128+00:00
AIRFLOW_CTX_DAG_RUN_ID=manual__2022-02-04T02:09:12.019128+00:00
[2022-02-03 23:11:02,715] {base.py:70} INFO - Using connection to: id: elasticsearch_default. Host: localhost, Port: 9200, Schema: http, Login: None, Password: None, extra: {}
[2022-02-03 23:11:02,728] {base.py:70} INFO - Using connection to: id: ***_default. Host: localhost, Port: 5432, Schema: , Login: ***, Password: ***, extra: {'cursor': 'realdictcursor'}
[2022-02-03 23:11:02,745] {logging_mixin.py:109} WARNING - /home/uiliam/sandbox/lib/python3.9/site-packages/elasticsearch/connection/base.py:200 ElasticsearchWarning: Elasticsearch built-in security features are not enabled. Without authentication, your cluster could be accessible to anyone. See https://www.elastic.co/guide/en/elasticsearch/reference/7.17/security-minimal-setup.html to enable security.
[2022-02-03 23:11:02,745] {base.py:265} INFO - GET http://localhost:9200/ [status:200 request:0.006s]
[2022-02-03 23:11:02,757] {logging_mixin.py:109} WARNING - /home/uiliam/sandbox/lib/python3.9/site-packages/elasticsearch/connection/base.py:200 ElasticsearchWarning: [types removal] Specifying types in document index requests is deprecated, use the typeless endpoints instead (/{index}/_doc/{id}, /{index}/_doc, or /{index}/_create/{id}).
[2022-02-03 23:11:02,758] {base.py:265} INFO - POST http://localhost:9200/connections/external [status:201 request:0.009s]
[2022-02-03 23:11:02,766] {base.py:265} INFO - POST http://localhost:9200/connections/external [status:201 request:0.007s]
[2022-02-03 23:11:02,775] {base.py:265} INFO - POST http://localhost:9200/connections/external [status:201 request:0.008s]
[2022-02-03 23:11:02,782] {base.py:265} INFO - POST http://localhost:9200/connections/external [status:201 request:0.007s]
[2022-02-03 23:11:02,790] {base.py:265} INFO - POST http://localhost:9200/connections/external [status:201 request:0.007s]
[2022-02-03 23:11:02,798] {base.py:265} INFO - POST http://localhost:9200/connections/external [status:201 request:0.008s]
[2022-02-03 23:11:02,806] {base.py:265} INFO - POST http://localhost:9200/connections/external [status:201 request:0.007s]
[2022-02-03 23:11:02,813] {base.py:265} INFO - POST http://localhost:9200/connections/external [status:201 request:0.007s]
[2022-02-03 23:11:02,822] {base.py:265} INFO - POST http://localhost:9200/connections/external [status:201 request:0.008s]
[2022-02-03 23:11:02,830] {base.py:265} INFO - POST http://localhost:9200/connections/external [status:201 request:0.007s]
[2022-02-03 23:11:02,837] {base.py:265} INFO - POST http://localhost:9200/connections/external [status:201 request:0.007s]
[2022-02-03 23:11:02,845] {base.py:265} INFO - POST http://localhost:9200/connections/external [status:201 request:0.007s]
[2022-02-03 23:11:02,852] {base.py:265} INFO - POST http://localhost:9200/connections/external [status:201 request:0.007s]
[2022-02-03 23:11:02,861] {base.py:265} INFO - POST http://localhost:9200/connections/external [status:201 request:0.008s]
[2022-02-03 23:11:02,870] {base.py:265} INFO - POST http://localhost:9200/connections/external [status:201 request:0.008s]
[2022-02-03 23:11:02,878] {base.py:265} INFO - POST http://localhost:9200/connections/external [status:201 request:0.007s]
[2022-02-03 23:11:02,884] {base.py:265} INFO - POST http://localhost:9200/connections/external [status:201 request:0.006s]
[2022-02-03 23:11:02,892] {base.py:265} INFO - POST http://localhost:9200/connections/external [status:201 request:0.007s]
[2022-02-03 23:11:02,900] {base.py:265} INFO - POST http://localhost:9200/connections/external [status:201 request:0.007s]
[2022-02-03 23:11:02,908] {base.py:265} INFO - POST http://localhost:9200/connections/external [status:201 request:0.008s]
[2022-02-03 23:11:02,916] {base.py:265} INFO - POST http://localhost:9200/connections/external [status:201 request:0.007s]
[2022-02-03 23:11:02,923] {base.py:265} INFO - POST http://localhost:9200/connections/external [status:201 request:0.007s]
[2022-02-03 23:11:02,931] {base.py:265} INFO - POST http://localhost:9200/connections/external [status:201 request:0.007s]
[2022-02-03 23:11:02,940] {base.py:265} INFO - POST http://localhost:9200/connections/external [status:201 request:0.008s]
[2022-02-03 23:11:02,947] {base.py:265} INFO - POST http://localhost:9200/connections/external [status:201 request:0.007s]
[2022-02-03 23:11:02,955] {base.py:265} INFO - POST http://localhost:9200/connections/external [status:201 request:0.007s]
[2022-02-03 23:11:02,962] {base.py:265} INFO - POST http://localhost:9200/connections/external [status:201 request:0.007s]
[2022-02-03 23:11:02,970] {base.py:265} INFO - POST http://localhost:9200/connections/external [status:201 request:0.007s]
[2022-02-03 23:11:02,979] {base.py:265} INFO - POST http://localhost:9200/connections/external [status:201 request:0.008s]
[2022-02-03 23:11:02,985] {base.py:265} INFO - POST http://localhost:9200/connections/external [status:201 request:0.005s]
[2022-02-03 23:11:02,992] {base.py:265} INFO - POST http://localhost:9200/connections/external [status:201 request:0.007s]
[2022-02-03 23:11:03,000] {base.py:265} INFO - POST http://localhost:9200/connections/external [status:201 request:0.007s]
[2022-02-03 23:11:03,007] {base.py:265} INFO - POST http://localhost:9200/connections/external [status:201 request:0.006s]
[2022-02-03 23:11:03,014] {base.py:265} INFO - POST http://localhost:9200/connections/external [status:201 request:0.007s]
[2022-02-03 23:11:03,021] {base.py:265} INFO - POST http://localhost:9200/connections/external [status:201 request:0.007s]
[2022-02-03 23:11:03,027] {base.py:265} INFO - POST http://localhost:9200/connections/external [status:201 request:0.006s]
[2022-02-03 23:11:03,034] {base.py:265} INFO - POST http://localhost:9200/connections/external [status:201 request:0.006s]
[2022-02-03 23:11:03,043] {base.py:265} INFO - POST http://localhost:9200/connections/external [status:201 request:0.008s]
[2022-02-03 23:11:03,050] {base.py:265} INFO - POST http://localhost:9200/connections/external [status:201 request:0.007s]
[2022-02-03 23:11:03,058] {base.py:265} INFO - POST http://localhost:9200/connections/external [status:201 request:0.007s]
[2022-02-03 23:11:03,065] {base.py:265} INFO - POST http://localhost:9200/connections/external [status:201 request:0.007s]
[2022-02-03 23:11:03,073] {base.py:265} INFO - POST http://localhost:9200/connections/external [status:201 request:0.007s]
[2022-02-03 23:11:03,079] {base.py:265} INFO - POST http://localhost:9200/connections/external [status:201 request:0.006s]
[2022-02-03 23:11:03,085] {base.py:265} INFO - POST http://localhost:9200/connections/external [status:201 request:0.006s]
[2022-02-03 23:11:03,093] {base.py:265} INFO - POST http://localhost:9200/connections/external [status:201 request:0.007s]
[2022-02-03 23:11:03,100] {base.py:265} INFO - POST http://localhost:9200/connections/external [status:201 request:0.006s]
[2022-02-03 23:11:03,106] {base.py:265} INFO - POST http://localhost:9200/connections/external [status:201 request:0.006s]
[2022-02-03 23:11:03,113] {base.py:265} INFO - POST http://localhost:9200/connections/external [status:201 request:0.006s]
[2022-02-03 23:11:03,119] {base.py:265} INFO - POST http://localhost:9200/connections/external [status:201 request:0.006s]
[2022-02-03 23:11:03,126] {base.py:265} INFO - POST http://localhost:9200/connections/external [status:201 request:0.006s]
[2022-02-03 23:11:03,134] {base.py:265} INFO - POST http://localhost:9200/connections/external [status:201 request:0.007s]
[2022-02-03 23:11:03,142] {base.py:265} INFO - POST http://localhost:9200/connections/external [status:201 request:0.007s]
[2022-02-03 23:11:03,158] {taskinstance.py:1267} INFO - Marking task as SUCCESS. dag_id=elasticsearch_dag, task_id=connections_to_es, execution_date=20220204T020912, start_date=20220204T021102, end_date=20220204T021103
[2022-02-03 23:11:03,213] {local_task_job.py:154} INFO - Task exited with return code 0
[2022-02-03 23:11:03,254] {local_task_job.py:264} INFO - 0 downstream tasks scheduled from follow-on schedule check
