[2021-11-25 23:04:32,857] {taskinstance.py:876} INFO - Dependencies all met for <TaskInstance: parallel_dag.task_2 2021-11-25T00:00:00+00:00 [queued]>
[2021-11-25 23:04:32,874] {taskinstance.py:876} INFO - Dependencies all met for <TaskInstance: parallel_dag.task_2 2021-11-25T00:00:00+00:00 [queued]>
[2021-11-25 23:04:32,876] {taskinstance.py:1067} INFO - 
--------------------------------------------------------------------------------
[2021-11-25 23:04:32,876] {taskinstance.py:1068} INFO - Starting attempt 1 of 1
[2021-11-25 23:04:32,876] {taskinstance.py:1069} INFO - 
--------------------------------------------------------------------------------
[2021-11-25 23:04:33,039] {taskinstance.py:1087} INFO - Executing <Task(BashOperator): task_2> on 2021-11-25T00:00:00+00:00
[2021-11-25 23:04:33,042] {standard_task_runner.py:52} INFO - Started process 60146 to run task
[2021-11-25 23:04:33,047] {standard_task_runner.py:76} INFO - Running: ['airflow', 'tasks', 'run', 'parallel_dag', 'task_2', '2021-11-25T00:00:00+00:00', '--job-id', '23', '--pool', 'default_pool', '--raw', '--subdir', 'DAGS_FOLDER/parallel_dag.py', '--cfg-path', '/tmp/tmp39s8ytk9', '--error-file', '/tmp/tmpwrobwony']
[2021-11-25 23:04:33,048] {standard_task_runner.py:77} INFO - Job 23: Subtask task_2
[2021-11-25 23:04:33,210] {logging_mixin.py:104} INFO - Running <TaskInstance: parallel_dag.task_2 2021-11-25T00:00:00+00:00 [running]> on host uiliam-Lenovo-G40-70
[2021-11-25 23:04:33,801] {taskinstance.py:1280} INFO - Exporting the following env vars:
AIRFLOW_CTX_DAG_OWNER=airflow
AIRFLOW_CTX_DAG_ID=parallel_dag
AIRFLOW_CTX_TASK_ID=task_2
AIRFLOW_CTX_EXECUTION_DATE=2021-11-25T00:00:00+00:00
AIRFLOW_CTX_DAG_RUN_ID=scheduled__2021-11-25T00:00:00+00:00
[2021-11-25 23:04:33,802] {subprocess.py:52} INFO - Tmp dir root location: 
 /tmp
[2021-11-25 23:04:33,803] {subprocess.py:63} INFO - Running command: ['bash', '-c', 'sleep 3']
[2021-11-25 23:04:33,811] {subprocess.py:75} INFO - Output:
[2021-11-25 23:04:36,814] {subprocess.py:83} INFO - Command exited with return code 0
[2021-11-25 23:04:37,358] {taskinstance.py:1184} INFO - Marking task as SUCCESS. dag_id=parallel_dag, task_id=task_2, execution_date=20211125T000000, start_date=20211126T020432, end_date=20211126T020437
[2021-11-25 23:04:37,638] {taskinstance.py:1245} INFO - 0 downstream tasks scheduled from follow-on schedule check
[2021-11-25 23:04:37,674] {local_task_job.py:151} INFO - Task exited with return code 0
[2021-11-26 01:36:33,507] {taskinstance.py:876} INFO - Dependencies all met for <TaskInstance: parallel_dag.task_2 2021-11-25T00:00:00+00:00 [queued]>
[2021-11-26 01:36:33,726] {taskinstance.py:876} INFO - Dependencies all met for <TaskInstance: parallel_dag.task_2 2021-11-25T00:00:00+00:00 [queued]>
[2021-11-26 01:36:33,727] {taskinstance.py:1067} INFO - 
--------------------------------------------------------------------------------
[2021-11-26 01:36:33,727] {taskinstance.py:1068} INFO - Starting attempt 1 of 1
[2021-11-26 01:36:33,727] {taskinstance.py:1069} INFO - 
--------------------------------------------------------------------------------
[2021-11-26 01:36:33,812] {taskinstance.py:1087} INFO - Executing <Task(BashOperator): task_2> on 2021-11-25T00:00:00+00:00
[2021-11-26 01:36:33,817] {standard_task_runner.py:52} INFO - Started process 91033 to run task
[2021-11-26 01:36:33,824] {standard_task_runner.py:76} INFO - Running: ['airflow', 'tasks', 'run', 'parallel_dag', 'task_2', '2021-11-25T00:00:00+00:00', '--job-id', '3', '--pool', 'default_pool', '--raw', '--subdir', 'DAGS_FOLDER/parallel_dag.py', '--cfg-path', '/tmp/tmpy77ckubk', '--error-file', '/tmp/tmp84xd48am']
[2021-11-26 01:36:33,825] {standard_task_runner.py:77} INFO - Job 3: Subtask task_2
[2021-11-26 01:36:33,982] {logging_mixin.py:104} INFO - Running <TaskInstance: parallel_dag.task_2 2021-11-25T00:00:00+00:00 [running]> on host uiliam-Lenovo-G40-70
[2021-11-26 01:36:34,486] {taskinstance.py:1280} INFO - Exporting the following env vars:
AIRFLOW_CTX_DAG_OWNER=airflow
AIRFLOW_CTX_DAG_ID=parallel_dag
AIRFLOW_CTX_TASK_ID=task_2
AIRFLOW_CTX_EXECUTION_DATE=2021-11-25T00:00:00+00:00
AIRFLOW_CTX_DAG_RUN_ID=scheduled__2021-11-25T00:00:00+00:00
[2021-11-26 01:36:34,488] {subprocess.py:52} INFO - Tmp dir root location: 
 /tmp
[2021-11-26 01:36:34,489] {subprocess.py:63} INFO - Running command: ['bash', '-c', 'sleep 3']
[2021-11-26 01:36:34,500] {subprocess.py:75} INFO - Output:
[2021-11-26 01:36:37,503] {subprocess.py:83} INFO - Command exited with return code 0
[2021-11-26 01:36:37,601] {taskinstance.py:1184} INFO - Marking task as SUCCESS. dag_id=parallel_dag, task_id=task_2, execution_date=20211125T000000, start_date=20211126T043633, end_date=20211126T043637
[2021-11-26 01:36:37,699] {taskinstance.py:1245} INFO - 0 downstream tasks scheduled from follow-on schedule check
[2021-11-26 01:36:37,737] {local_task_job.py:151} INFO - Task exited with return code 0
