[2022-02-03 23:00:21,834] {taskinstance.py:1032} INFO - Dependencies all met for <TaskInstance: elasticsearch_dag.print_es_info manual__2022-02-04T02:00:21.121334+00:00 [queued]>
[2022-02-03 23:00:21,845] {taskinstance.py:1032} INFO - Dependencies all met for <TaskInstance: elasticsearch_dag.print_es_info manual__2022-02-04T02:00:21.121334+00:00 [queued]>
[2022-02-03 23:00:21,845] {taskinstance.py:1238} INFO - 
--------------------------------------------------------------------------------
[2022-02-03 23:00:21,845] {taskinstance.py:1239} INFO - Starting attempt 1 of 1
[2022-02-03 23:00:21,845] {taskinstance.py:1240} INFO - 
--------------------------------------------------------------------------------
[2022-02-03 23:00:21,858] {taskinstance.py:1259} INFO - Executing <Task(PythonOperator): print_es_info> on 2022-02-04 02:00:21.121334+00:00
[2022-02-03 23:00:21,862] {standard_task_runner.py:52} INFO - Started process 123707 to run task
[2022-02-03 23:00:21,865] {standard_task_runner.py:76} INFO - Running: ['airflow', 'tasks', 'run', 'elasticsearch_dag', 'print_es_info', 'manual__2022-02-04T02:00:21.121334+00:00', '--job-id', '1078', '--raw', '--subdir', 'DAGS_FOLDER/elasticsearch_dag.py', '--cfg-path', '/tmp/tmp4mbdklq3', '--error-file', '/tmp/tmpgyv25sbp']
[2022-02-03 23:00:21,867] {standard_task_runner.py:77} INFO - Job 1078: Subtask print_es_info
[2022-02-03 23:00:21,932] {logging_mixin.py:109} INFO - Running <TaskInstance: elasticsearch_dag.print_es_info manual__2022-02-04T02:00:21.121334+00:00 [running]> on host uiliam-Vostro-15-3515
[2022-02-03 23:00:21,990] {taskinstance.py:1424} INFO - Exporting the following env vars:
AIRFLOW_CTX_DAG_OWNER=airflow
AIRFLOW_CTX_DAG_ID=elasticsearch_dag
AIRFLOW_CTX_TASK_ID=print_es_info
AIRFLOW_CTX_EXECUTION_DATE=2022-02-04T02:00:21.121334+00:00
AIRFLOW_CTX_DAG_RUN_ID=manual__2022-02-04T02:00:21.121334+00:00
[2022-02-03 23:00:22,000] {base.py:70} INFO - Using connection to: id: elasticsearch_default. Host: localhost, Port: 9200, Schema: http, Login: None, Password: None, extra: {}
[2022-02-03 23:00:22,014] {logging_mixin.py:109} WARNING - /home/uiliam/sandbox/lib/python3.9/site-packages/elasticsearch/connection/base.py:200 ElasticsearchWarning: Elasticsearch built-in security features are not enabled. Without authentication, your cluster could be accessible to anyone. See https://www.elastic.co/guide/en/elasticsearch/reference/7.17/security-minimal-setup.html to enable security.
[2022-02-03 23:00:22,014] {base.py:265} INFO - GET http://localhost:9200/ [status:200 request:0.010s]
[2022-02-03 23:00:22,019] {base.py:265} INFO - GET http://localhost:9200/ [status:200 request:0.004s]
[2022-02-03 23:00:22,020] {logging_mixin.py:109} INFO - {'name': 'uiliam-Vostro-15-3515', 'cluster_name': 'elasticsearch', 'cluster_uuid': 'ZELjDOjXQ_60xkbqHdA4xA', 'version': {'number': '7.17.0', 'build_flavor': 'default', 'build_type': 'deb', 'build_hash': 'bee86328705acaa9a6daede7140defd4d9ec56bd', 'build_date': '2022-01-28T08:36:04.875279988Z', 'build_snapshot': False, 'lucene_version': '8.11.1', 'minimum_wire_compatibility_version': '6.8.0', 'minimum_index_compatibility_version': '6.0.0-beta1'}, 'tagline': 'You Know, for Search'}
[2022-02-03 23:00:22,020] {python.py:175} INFO - Done. Returned value was: None
[2022-02-03 23:00:22,035] {taskinstance.py:1267} INFO - Marking task as SUCCESS. dag_id=elasticsearch_dag, task_id=print_es_info, execution_date=20220204T020021, start_date=20220204T020021, end_date=20220204T020022
[2022-02-03 23:00:22,076] {local_task_job.py:154} INFO - Task exited with return code 0
[2022-02-03 23:00:22,117] {local_task_job.py:264} INFO - 1 downstream tasks scheduled from follow-on schedule check
