[2022-01-26 23:30:55,559] {taskinstance.py:1032} INFO - Dependencies all met for <TaskInstance: parallel_dag.task_1 manual__2022-01-27T02:29:43.157805+00:00 [queued]>
[2022-01-26 23:30:55,572] {taskinstance.py:1032} INFO - Dependencies all met for <TaskInstance: parallel_dag.task_1 manual__2022-01-27T02:29:43.157805+00:00 [queued]>
[2022-01-26 23:30:55,573] {taskinstance.py:1238} INFO - 
--------------------------------------------------------------------------------
[2022-01-26 23:30:55,573] {taskinstance.py:1239} INFO - Starting attempt 1 of 1
[2022-01-26 23:30:55,573] {taskinstance.py:1240} INFO - 
--------------------------------------------------------------------------------
[2022-01-26 23:30:55,589] {taskinstance.py:1259} INFO - Executing <Task(BashOperator): task_1> on 2022-01-27 02:29:43.157805+00:00
[2022-01-26 23:30:55,596] {standard_task_runner.py:52} INFO - Started process 18536 to run task
[2022-01-26 23:30:55,600] {standard_task_runner.py:76} INFO - Running: ['airflow', 'tasks', 'run', 'parallel_dag', 'task_1', 'manual__2022-01-27T02:29:43.157805+00:00', '--job-id', '925', '--raw', '--subdir', 'DAGS_FOLDER/parallel_dag.py', '--cfg-path', '/tmp/tmp8nie4wrb', '--error-file', '/tmp/tmphvx0y8qx']
[2022-01-26 23:30:55,600] {standard_task_runner.py:77} INFO - Job 925: Subtask task_1
[2022-01-26 23:30:55,658] {logging_mixin.py:109} INFO - Running <TaskInstance: parallel_dag.task_1 manual__2022-01-27T02:29:43.157805+00:00 [running]> on host uiliam-Vostro-15-3515
[2022-01-26 23:30:55,720] {taskinstance.py:1424} INFO - Exporting the following env vars:
AIRFLOW_CTX_DAG_OWNER=airflow
AIRFLOW_CTX_DAG_ID=parallel_dag
AIRFLOW_CTX_TASK_ID=task_1
AIRFLOW_CTX_EXECUTION_DATE=2022-01-27T02:29:43.157805+00:00
AIRFLOW_CTX_DAG_RUN_ID=manual__2022-01-27T02:29:43.157805+00:00
[2022-01-26 23:30:55,721] {subprocess.py:62} INFO - Tmp dir root location: 
 /tmp
[2022-01-26 23:30:55,722] {subprocess.py:74} INFO - Running command: ['bash', '-c', 'sleep 3']
[2022-01-26 23:30:55,735] {subprocess.py:85} INFO - Output:
[2022-01-26 23:30:58,738] {subprocess.py:93} INFO - Command exited with return code 0
[2022-01-26 23:30:58,777] {taskinstance.py:1267} INFO - Marking task as SUCCESS. dag_id=parallel_dag, task_id=task_1, execution_date=20220127T022943, start_date=20220127T023055, end_date=20220127T023058
[2022-01-26 23:30:58,820] {local_task_job.py:154} INFO - Task exited with return code 0
[2022-01-26 23:30:58,880] {local_task_job.py:264} INFO - 0 downstream tasks scheduled from follow-on schedule check
