[2022-01-26 23:32:08,327] {taskinstance.py:1032} INFO - Dependencies all met for <TaskInstance: parallel_dag.task_1 manual__2022-01-27T02:29:43.157805+00:00 [queued]>
[2022-01-26 23:32:08,337] {taskinstance.py:1032} INFO - Dependencies all met for <TaskInstance: parallel_dag.task_1 manual__2022-01-27T02:29:43.157805+00:00 [queued]>
[2022-01-26 23:32:08,337] {taskinstance.py:1238} INFO - 
--------------------------------------------------------------------------------
[2022-01-26 23:32:08,337] {taskinstance.py:1239} INFO - Starting attempt 2 of 2
[2022-01-26 23:32:08,337] {taskinstance.py:1240} INFO - 
--------------------------------------------------------------------------------
[2022-01-26 23:32:08,347] {taskinstance.py:1259} INFO - Executing <Task(BashOperator): task_1> on 2022-01-27 02:29:43.157805+00:00
[2022-01-26 23:32:08,350] {standard_task_runner.py:52} INFO - Started process 19807 to run task
[2022-01-26 23:32:08,354] {standard_task_runner.py:76} INFO - Running: ['airflow', 'tasks', 'run', 'parallel_dag', 'task_1', 'manual__2022-01-27T02:29:43.157805+00:00', '--job-id', '937', '--raw', '--subdir', 'DAGS_FOLDER/parallel_dag.py', '--cfg-path', '/tmp/tmpulj3xnaq', '--error-file', '/tmp/tmptpbjv0yq']
[2022-01-26 23:32:08,355] {standard_task_runner.py:77} INFO - Job 937: Subtask task_1
[2022-01-26 23:32:08,416] {logging_mixin.py:109} INFO - Running <TaskInstance: parallel_dag.task_1 manual__2022-01-27T02:29:43.157805+00:00 [running]> on host uiliam-Vostro-15-3515
[2022-01-26 23:32:08,470] {taskinstance.py:1424} INFO - Exporting the following env vars:
AIRFLOW_CTX_DAG_OWNER=airflow
AIRFLOW_CTX_DAG_ID=parallel_dag
AIRFLOW_CTX_TASK_ID=task_1
AIRFLOW_CTX_EXECUTION_DATE=2022-01-27T02:29:43.157805+00:00
AIRFLOW_CTX_DAG_RUN_ID=manual__2022-01-27T02:29:43.157805+00:00
[2022-01-26 23:32:08,471] {subprocess.py:62} INFO - Tmp dir root location: 
 /tmp
[2022-01-26 23:32:08,472] {subprocess.py:74} INFO - Running command: ['bash', '-c', 'sleep 3']
[2022-01-26 23:32:08,483] {subprocess.py:85} INFO - Output:
[2022-01-26 23:32:11,487] {subprocess.py:93} INFO - Command exited with return code 0
[2022-01-26 23:32:11,522] {taskinstance.py:1267} INFO - Marking task as SUCCESS. dag_id=parallel_dag, task_id=task_1, execution_date=20220127T022943, start_date=20220127T023208, end_date=20220127T023211
[2022-01-26 23:32:11,573] {local_task_job.py:154} INFO - Task exited with return code 0
[2022-01-26 23:32:11,631] {local_task_job.py:264} INFO - 2 downstream tasks scheduled from follow-on schedule check
