[2022-01-28 19:34:36,720] {taskinstance.py:1032} INFO - Dependencies all met for <TaskInstance: xcom_dag.downloading_data manual__2022-01-28T22:34:35.629149+00:00 [queued]>
[2022-01-28 19:34:36,732] {taskinstance.py:1032} INFO - Dependencies all met for <TaskInstance: xcom_dag.downloading_data manual__2022-01-28T22:34:35.629149+00:00 [queued]>
[2022-01-28 19:34:36,732] {taskinstance.py:1238} INFO - 
--------------------------------------------------------------------------------
[2022-01-28 19:34:36,732] {taskinstance.py:1239} INFO - Starting attempt 1 of 1
[2022-01-28 19:34:36,732] {taskinstance.py:1240} INFO - 
--------------------------------------------------------------------------------
[2022-01-28 19:34:36,743] {taskinstance.py:1259} INFO - Executing <Task(BashOperator): downloading_data> on 2022-01-28 22:34:35.629149+00:00
[2022-01-28 19:34:36,746] {standard_task_runner.py:52} INFO - Started process 204153 to run task
[2022-01-28 19:34:36,749] {standard_task_runner.py:76} INFO - Running: ['airflow', 'tasks', 'run', 'xcom_dag', 'downloading_data', 'manual__2022-01-28T22:34:35.629149+00:00', '--job-id', '972', '--raw', '--subdir', 'DAGS_FOLDER/xcom_dag.py', '--cfg-path', '/tmp/tmp850wnnzs', '--error-file', '/tmp/tmp5vymkpxf']
[2022-01-28 19:34:36,751] {standard_task_runner.py:77} INFO - Job 972: Subtask downloading_data
[2022-01-28 19:34:36,813] {logging_mixin.py:109} INFO - Running <TaskInstance: xcom_dag.downloading_data manual__2022-01-28T22:34:35.629149+00:00 [running]> on host uiliam-Vostro-15-3515
[2022-01-28 19:34:36,877] {taskinstance.py:1424} INFO - Exporting the following env vars:
AIRFLOW_CTX_DAG_OWNER=airflow
AIRFLOW_CTX_DAG_ID=xcom_dag
AIRFLOW_CTX_TASK_ID=downloading_data
AIRFLOW_CTX_EXECUTION_DATE=2022-01-28T22:34:35.629149+00:00
AIRFLOW_CTX_DAG_RUN_ID=manual__2022-01-28T22:34:35.629149+00:00
[2022-01-28 19:34:36,877] {subprocess.py:62} INFO - Tmp dir root location: 
 /tmp
[2022-01-28 19:34:36,878] {subprocess.py:74} INFO - Running command: ['bash', '-c', 'sleep 3']
[2022-01-28 19:34:36,889] {subprocess.py:85} INFO - Output:
[2022-01-28 19:34:39,892] {subprocess.py:93} INFO - Command exited with return code 0
[2022-01-28 19:34:39,925] {taskinstance.py:1267} INFO - Marking task as SUCCESS. dag_id=xcom_dag, task_id=downloading_data, execution_date=20220128T223435, start_date=20220128T223436, end_date=20220128T223439
[2022-01-28 19:34:39,968] {local_task_job.py:154} INFO - Task exited with return code 0
[2022-01-28 19:34:40,024] {local_task_job.py:264} INFO - 3 downstream tasks scheduled from follow-on schedule check
