[2022-01-28 21:00:04,748] {taskinstance.py:1032} INFO - Dependencies all met for <TaskInstance: xcom_dag.processing_tasks.training_model_c scheduled__2022-01-28T00:00:00+00:00 [queued]>
[2022-01-28 21:00:04,765] {taskinstance.py:1032} INFO - Dependencies all met for <TaskInstance: xcom_dag.processing_tasks.training_model_c scheduled__2022-01-28T00:00:00+00:00 [queued]>
[2022-01-28 21:00:04,765] {taskinstance.py:1238} INFO - 
--------------------------------------------------------------------------------
[2022-01-28 21:00:04,765] {taskinstance.py:1239} INFO - Starting attempt 1 of 1
[2022-01-28 21:00:04,766] {taskinstance.py:1240} INFO - 
--------------------------------------------------------------------------------
[2022-01-28 21:00:04,778] {taskinstance.py:1259} INFO - Executing <Task(PythonOperator): processing_tasks.training_model_c> on 2022-01-28 00:00:00+00:00
[2022-01-28 21:00:04,784] {standard_task_runner.py:52} INFO - Started process 226745 to run task
[2022-01-28 21:00:04,788] {standard_task_runner.py:76} INFO - Running: ['airflow', 'tasks', 'run', 'xcom_dag', 'processing_tasks.training_model_c', 'scheduled__2022-01-28T00:00:00+00:00', '--job-id', '1037', '--raw', '--subdir', 'DAGS_FOLDER/xcom_dag.py', '--cfg-path', '/tmp/tmphfs2dppm', '--error-file', '/tmp/tmptpb3k21s']
[2022-01-28 21:00:04,790] {standard_task_runner.py:77} INFO - Job 1037: Subtask processing_tasks.training_model_c
[2022-01-28 21:00:04,856] {logging_mixin.py:109} INFO - Running <TaskInstance: xcom_dag.processing_tasks.training_model_c scheduled__2022-01-28T00:00:00+00:00 [running]> on host uiliam-Vostro-15-3515
[2022-01-28 21:00:04,928] {taskinstance.py:1424} INFO - Exporting the following env vars:
AIRFLOW_CTX_DAG_OWNER=airflow
AIRFLOW_CTX_DAG_ID=xcom_dag
AIRFLOW_CTX_TASK_ID=processing_tasks.training_model_c
AIRFLOW_CTX_EXECUTION_DATE=2022-01-28T00:00:00+00:00
AIRFLOW_CTX_DAG_RUN_ID=scheduled__2022-01-28T00:00:00+00:00
[2022-01-28 21:00:04,929] {logging_mixin.py:109} INFO - model's accuracy: 1.8648090506837693
[2022-01-28 21:00:04,939] {python.py:175} INFO - Done. Returned value was: None
[2022-01-28 21:00:04,976] {taskinstance.py:1267} INFO - Marking task as SUCCESS. dag_id=xcom_dag, task_id=processing_tasks.training_model_c, execution_date=20220128T000000, start_date=20220129T000004, end_date=20220129T000004
[2022-01-28 21:00:04,998] {local_task_job.py:154} INFO - Task exited with return code 0
[2022-01-28 21:00:05,042] {local_task_job.py:264} INFO - 1 downstream tasks scheduled from follow-on schedule check
