[2022-01-28 01:33:10,358] {taskinstance.py:1032} INFO - Dependencies all met for <TaskInstance: parallel_dag.processing_tasks scheduled__2022-01-27T00:00:00+00:00 [queued]>
[2022-01-28 01:33:10,367] {taskinstance.py:1032} INFO - Dependencies all met for <TaskInstance: parallel_dag.processing_tasks scheduled__2022-01-27T00:00:00+00:00 [queued]>
[2022-01-28 01:33:10,368] {taskinstance.py:1238} INFO - 
--------------------------------------------------------------------------------
[2022-01-28 01:33:10,368] {taskinstance.py:1239} INFO - Starting attempt 1 of 1
[2022-01-28 01:33:10,368] {taskinstance.py:1240} INFO - 
--------------------------------------------------------------------------------
[2022-01-28 01:33:10,380] {taskinstance.py:1259} INFO - Executing <Task(SubDagOperator): processing_tasks> on 2022-01-27 00:00:00+00:00
[2022-01-28 01:33:10,383] {standard_task_runner.py:52} INFO - Started process 172808 to run task
[2022-01-28 01:33:10,386] {standard_task_runner.py:76} INFO - Running: ['airflow', 'tasks', 'run', 'parallel_dag', 'processing_tasks', 'scheduled__2022-01-27T00:00:00+00:00', '--job-id', '952', '--raw', '--subdir', 'DAGS_FOLDER/parallel_dag.py', '--cfg-path', '/tmp/tmp6akp89_i', '--error-file', '/tmp/tmp47khfzh0']
[2022-01-28 01:33:10,388] {standard_task_runner.py:77} INFO - Job 952: Subtask processing_tasks
[2022-01-28 01:33:10,440] {logging_mixin.py:109} INFO - Running <TaskInstance: parallel_dag.processing_tasks scheduled__2022-01-27T00:00:00+00:00 [running]> on host uiliam-Vostro-15-3515
[2022-01-28 01:33:10,496] {taskinstance.py:1424} INFO - Exporting the following env vars:
AIRFLOW_CTX_DAG_OWNER=airflow
AIRFLOW_CTX_DAG_ID=parallel_dag
AIRFLOW_CTX_TASK_ID=processing_tasks
AIRFLOW_CTX_EXECUTION_DATE=2022-01-27T00:00:00+00:00
AIRFLOW_CTX_DAG_RUN_ID=scheduled__2022-01-27T00:00:00+00:00
[2022-01-28 01:33:10,504] {logging_mixin.py:109} WARNING - /home/uiliam/anaconda3/lib/python3.9/site-packages/airflow/utils/context.py:152 AirflowContextDeprecationWarning: Accessing 'execution_date' from the template is deprecated and will be removed in a future version. Please use 'data_interval_start' or 'logical_date' instead.
[2022-01-28 01:33:10,540] {subdag.py:176} INFO - Created DagRun: scheduled__2022-01-27T00:00:00+00:00
[2022-01-28 01:34:10,621] {base.py:249} INFO - Success criteria met. Exiting.
[2022-01-28 01:34:10,632] {subdag.py:191} INFO - Execution finished. State is success
[2022-01-28 01:34:10,650] {taskinstance.py:1267} INFO - Marking task as SUCCESS. dag_id=parallel_dag, task_id=processing_tasks, execution_date=20220127T000000, start_date=20220128T043310, end_date=20220128T043410
[2022-01-28 01:34:10,682] {local_task_job.py:154} INFO - Task exited with return code 0
[2022-01-28 01:34:10,744] {local_task_job.py:264} INFO - 1 downstream tasks scheduled from follow-on schedule check
