[2022-01-28 20:53:07,738] {taskinstance.py:1032} INFO - Dependencies all met for <TaskInstance: xcom_dag.choose_best_model manual__2022-01-28T23:53:01.536064+00:00 [queued]>
[2022-01-28 20:53:07,753] {taskinstance.py:1032} INFO - Dependencies all met for <TaskInstance: xcom_dag.choose_best_model manual__2022-01-28T23:53:01.536064+00:00 [queued]>
[2022-01-28 20:53:07,753] {taskinstance.py:1238} INFO - 
--------------------------------------------------------------------------------
[2022-01-28 20:53:07,753] {taskinstance.py:1239} INFO - Starting attempt 1 of 1
[2022-01-28 20:53:07,753] {taskinstance.py:1240} INFO - 
--------------------------------------------------------------------------------
[2022-01-28 20:53:07,764] {taskinstance.py:1259} INFO - Executing <Task(BranchPythonOperator): choose_best_model> on 2022-01-28 23:53:01.536064+00:00
[2022-01-28 20:53:07,768] {standard_task_runner.py:52} INFO - Started process 223986 to run task
[2022-01-28 20:53:07,771] {standard_task_runner.py:76} INFO - Running: ['airflow', 'tasks', 'run', 'xcom_dag', 'choose_best_model', 'manual__2022-01-28T23:53:01.536064+00:00', '--job-id', '1024', '--raw', '--subdir', 'DAGS_FOLDER/xcom_dag.py', '--cfg-path', '/tmp/tmps98yih15', '--error-file', '/tmp/tmprkp7u9bg']
[2022-01-28 20:53:07,772] {standard_task_runner.py:77} INFO - Job 1024: Subtask choose_best_model
[2022-01-28 20:53:07,843] {logging_mixin.py:109} INFO - Running <TaskInstance: xcom_dag.choose_best_model manual__2022-01-28T23:53:01.536064+00:00 [running]> on host uiliam-Vostro-15-3515
[2022-01-28 20:53:07,917] {taskinstance.py:1424} INFO - Exporting the following env vars:
AIRFLOW_CTX_DAG_OWNER=airflow
AIRFLOW_CTX_DAG_ID=xcom_dag
AIRFLOW_CTX_TASK_ID=choose_best_model
AIRFLOW_CTX_EXECUTION_DATE=2022-01-28T23:53:01.536064+00:00
AIRFLOW_CTX_DAG_RUN_ID=manual__2022-01-28T23:53:01.536064+00:00
[2022-01-28 20:53:07,919] {logging_mixin.py:109} INFO - choose best model
[2022-01-28 20:53:07,931] {python.py:175} INFO - Done. Returned value was: inacurate
[2022-01-28 20:53:07,954] {taskinstance.py:1700} ERROR - Task failed with exception
Traceback (most recent call last):
  File "/home/uiliam/anaconda3/lib/python3.9/site-packages/airflow/models/taskinstance.py", line 1329, in _run_raw_task
    self._execute_task_with_callbacks(context)
  File "/home/uiliam/anaconda3/lib/python3.9/site-packages/airflow/models/taskinstance.py", line 1455, in _execute_task_with_callbacks
    result = self._execute_task(context, self.task)
  File "/home/uiliam/anaconda3/lib/python3.9/site-packages/airflow/models/taskinstance.py", line 1511, in _execute_task
    result = execute_callable(context=context)
  File "/home/uiliam/anaconda3/lib/python3.9/site-packages/airflow/operators/python.py", line 214, in execute
    raise AirflowException(
airflow.exceptions.AirflowException: Branch callable must return valid task_ids. Invalid tasks found: {'inacurate'}
[2022-01-28 20:53:07,963] {taskinstance.py:1267} INFO - Marking task as FAILED. dag_id=xcom_dag, task_id=choose_best_model, execution_date=20220128T235301, start_date=20220128T235307, end_date=20220128T235307
[2022-01-28 20:53:07,974] {standard_task_runner.py:89} ERROR - Failed to execute job 1024 for task choose_best_model
Traceback (most recent call last):
  File "/home/uiliam/anaconda3/lib/python3.9/site-packages/airflow/task/task_runner/standard_task_runner.py", line 85, in _start_by_fork
    args.func(args, dag=self.dag)
  File "/home/uiliam/anaconda3/lib/python3.9/site-packages/airflow/cli/cli_parser.py", line 48, in command
    return func(*args, **kwargs)
  File "/home/uiliam/anaconda3/lib/python3.9/site-packages/airflow/utils/cli.py", line 92, in wrapper
    return f(*args, **kwargs)
  File "/home/uiliam/anaconda3/lib/python3.9/site-packages/airflow/cli/commands/task_command.py", line 298, in task_run
    _run_task_by_selected_method(args, dag, ti)
  File "/home/uiliam/anaconda3/lib/python3.9/site-packages/airflow/cli/commands/task_command.py", line 107, in _run_task_by_selected_method
    _run_raw_task(args, ti)
  File "/home/uiliam/anaconda3/lib/python3.9/site-packages/airflow/cli/commands/task_command.py", line 180, in _run_raw_task
    ti._run_raw_task(
  File "/home/uiliam/anaconda3/lib/python3.9/site-packages/airflow/utils/session.py", line 70, in wrapper
    return func(*args, session=session, **kwargs)
  File "/home/uiliam/anaconda3/lib/python3.9/site-packages/airflow/models/taskinstance.py", line 1329, in _run_raw_task
    self._execute_task_with_callbacks(context)
  File "/home/uiliam/anaconda3/lib/python3.9/site-packages/airflow/models/taskinstance.py", line 1455, in _execute_task_with_callbacks
    result = self._execute_task(context, self.task)
  File "/home/uiliam/anaconda3/lib/python3.9/site-packages/airflow/models/taskinstance.py", line 1511, in _execute_task
    result = execute_callable(context=context)
  File "/home/uiliam/anaconda3/lib/python3.9/site-packages/airflow/operators/python.py", line 214, in execute
    raise AirflowException(
airflow.exceptions.AirflowException: Branch callable must return valid task_ids. Invalid tasks found: {'inacurate'}
[2022-01-28 20:53:07,982] {local_task_job.py:154} INFO - Task exited with return code 1
[2022-01-28 20:53:08,036] {local_task_job.py:264} INFO - 0 downstream tasks scheduled from follow-on schedule check
