[2022-01-28 20:54:31,584] {taskinstance.py:1032} INFO - Dependencies all met for <TaskInstance: xcom_dag.choose_best_model manual__2022-01-28T23:53:01.536064+00:00 [queued]>
[2022-01-28 20:54:31,602] {taskinstance.py:1032} INFO - Dependencies all met for <TaskInstance: xcom_dag.choose_best_model manual__2022-01-28T23:53:01.536064+00:00 [queued]>
[2022-01-28 20:54:31,602] {taskinstance.py:1238} INFO - 
--------------------------------------------------------------------------------
[2022-01-28 20:54:31,602] {taskinstance.py:1239} INFO - Starting attempt 2 of 2
[2022-01-28 20:54:31,602] {taskinstance.py:1240} INFO - 
--------------------------------------------------------------------------------
[2022-01-28 20:54:31,628] {taskinstance.py:1259} INFO - Executing <Task(BranchPythonOperator): choose_best_model> on 2022-01-28 23:53:01.536064+00:00
[2022-01-28 20:54:31,632] {standard_task_runner.py:52} INFO - Started process 224933 to run task
[2022-01-28 20:54:31,635] {standard_task_runner.py:76} INFO - Running: ['airflow', 'tasks', 'run', 'xcom_dag', 'choose_best_model', 'manual__2022-01-28T23:53:01.536064+00:00', '--job-id', '1030', '--raw', '--subdir', 'DAGS_FOLDER/xcom_dag.py', '--cfg-path', '/tmp/tmpm0pysq0l', '--error-file', '/tmp/tmp5om6l0v6']
[2022-01-28 20:54:31,637] {standard_task_runner.py:77} INFO - Job 1030: Subtask choose_best_model
[2022-01-28 20:54:31,710] {logging_mixin.py:109} INFO - Running <TaskInstance: xcom_dag.choose_best_model manual__2022-01-28T23:53:01.536064+00:00 [running]> on host uiliam-Vostro-15-3515
[2022-01-28 20:54:31,794] {taskinstance.py:1424} INFO - Exporting the following env vars:
AIRFLOW_CTX_DAG_OWNER=airflow
AIRFLOW_CTX_DAG_ID=xcom_dag
AIRFLOW_CTX_TASK_ID=choose_best_model
AIRFLOW_CTX_EXECUTION_DATE=2022-01-28T23:53:01.536064+00:00
AIRFLOW_CTX_DAG_RUN_ID=manual__2022-01-28T23:53:01.536064+00:00
[2022-01-28 20:54:31,794] {logging_mixin.py:109} INFO - choose best model
[2022-01-28 20:54:31,806] {python.py:175} INFO - Done. Returned value was: accurate
[2022-01-28 20:54:31,806] {skipmixin.py:143} INFO - Following branch accurate
[2022-01-28 20:54:31,806] {skipmixin.py:174} INFO - Skipping tasks ['inaccurate']
[2022-01-28 20:54:31,863] {taskinstance.py:1267} INFO - Marking task as SUCCESS. dag_id=xcom_dag, task_id=choose_best_model, execution_date=20220128T235301, start_date=20220128T235431, end_date=20220128T235431
[2022-01-28 20:54:31,890] {local_task_job.py:154} INFO - Task exited with return code 0
[2022-01-28 20:54:31,947] {local_task_job.py:264} INFO - 1 downstream tasks scheduled from follow-on schedule check
