[2022-01-28 02:47:51,021] {taskinstance.py:1032} INFO - Dependencies all met for <TaskInstance: xcom_dag.task_4 manual__2022-01-28T05:47:44.856139+00:00 [queued]>
[2022-01-28 02:47:51,035] {taskinstance.py:1032} INFO - Dependencies all met for <TaskInstance: xcom_dag.task_4 manual__2022-01-28T05:47:44.856139+00:00 [queued]>
[2022-01-28 02:47:51,035] {taskinstance.py:1238} INFO - 
--------------------------------------------------------------------------------
[2022-01-28 02:47:51,035] {taskinstance.py:1239} INFO - Starting attempt 1 of 1
[2022-01-28 02:47:51,036] {taskinstance.py:1240} INFO - 
--------------------------------------------------------------------------------
[2022-01-28 02:47:51,053] {taskinstance.py:1259} INFO - Executing <Task(PythonOperator): task_4> on 2022-01-28 05:47:44.856139+00:00
[2022-01-28 02:47:51,058] {standard_task_runner.py:52} INFO - Started process 188891 to run task
[2022-01-28 02:47:51,062] {standard_task_runner.py:76} INFO - Running: ['airflow', 'tasks', 'run', 'xcom_dag', 'task_4', 'manual__2022-01-28T05:47:44.856139+00:00', '--job-id', '966', '--raw', '--subdir', 'DAGS_FOLDER/xcom_dag.py', '--cfg-path', '/tmp/tmpwyi26jbk', '--error-file', '/tmp/tmpc43f_qix']
[2022-01-28 02:47:51,063] {standard_task_runner.py:77} INFO - Job 966: Subtask task_4
[2022-01-28 02:47:51,126] {logging_mixin.py:109} INFO - Running <TaskInstance: xcom_dag.task_4 manual__2022-01-28T05:47:44.856139+00:00 [running]> on host uiliam-Vostro-15-3515
[2022-01-28 02:47:51,194] {taskinstance.py:1424} INFO - Exporting the following env vars:
AIRFLOW_CTX_DAG_OWNER=airflow
AIRFLOW_CTX_DAG_ID=xcom_dag
AIRFLOW_CTX_TASK_ID=task_4
AIRFLOW_CTX_EXECUTION_DATE=2022-01-28T05:47:44.856139+00:00
AIRFLOW_CTX_DAG_RUN_ID=manual__2022-01-28T05:47:44.856139+00:00
[2022-01-28 02:47:51,194] {logging_mixin.py:109} INFO - choose best model
[2022-01-28 02:47:51,195] {python.py:175} INFO - Done. Returned value was: None
[2022-01-28 02:47:51,206] {taskinstance.py:1267} INFO - Marking task as SUCCESS. dag_id=xcom_dag, task_id=task_4, execution_date=20220128T054744, start_date=20220128T054751, end_date=20220128T054751
[2022-01-28 02:47:51,232] {local_task_job.py:154} INFO - Task exited with return code 0
[2022-01-28 02:47:51,273] {local_task_job.py:264} INFO - 0 downstream tasks scheduled from follow-on schedule check
