[2022-01-28 01:33:06,396] {taskinstance.py:1032} INFO - Dependencies all met for <TaskInstance: parallel_dag.task_1 scheduled__2022-01-27T00:00:00+00:00 [queued]>
[2022-01-28 01:33:06,408] {taskinstance.py:1032} INFO - Dependencies all met for <TaskInstance: parallel_dag.task_1 scheduled__2022-01-27T00:00:00+00:00 [queued]>
[2022-01-28 01:33:06,408] {taskinstance.py:1238} INFO - 
--------------------------------------------------------------------------------
[2022-01-28 01:33:06,408] {taskinstance.py:1239} INFO - Starting attempt 1 of 1
[2022-01-28 01:33:06,408] {taskinstance.py:1240} INFO - 
--------------------------------------------------------------------------------
[2022-01-28 01:33:06,423] {taskinstance.py:1259} INFO - Executing <Task(BashOperator): task_1> on 2022-01-27 00:00:00+00:00
[2022-01-28 01:33:06,426] {standard_task_runner.py:52} INFO - Started process 172629 to run task
[2022-01-28 01:33:06,430] {standard_task_runner.py:76} INFO - Running: ['airflow', 'tasks', 'run', 'parallel_dag', 'task_1', 'scheduled__2022-01-27T00:00:00+00:00', '--job-id', '951', '--raw', '--subdir', 'DAGS_FOLDER/parallel_dag.py', '--cfg-path', '/tmp/tmpy1_v1g2i', '--error-file', '/tmp/tmp1_z_45md']
[2022-01-28 01:33:06,431] {standard_task_runner.py:77} INFO - Job 951: Subtask task_1
[2022-01-28 01:33:06,481] {logging_mixin.py:109} INFO - Running <TaskInstance: parallel_dag.task_1 scheduled__2022-01-27T00:00:00+00:00 [running]> on host uiliam-Vostro-15-3515
[2022-01-28 01:33:06,571] {taskinstance.py:1424} INFO - Exporting the following env vars:
AIRFLOW_CTX_DAG_OWNER=airflow
AIRFLOW_CTX_DAG_ID=parallel_dag
AIRFLOW_CTX_TASK_ID=task_1
AIRFLOW_CTX_EXECUTION_DATE=2022-01-27T00:00:00+00:00
AIRFLOW_CTX_DAG_RUN_ID=scheduled__2022-01-27T00:00:00+00:00
[2022-01-28 01:33:06,573] {subprocess.py:62} INFO - Tmp dir root location: 
 /tmp
[2022-01-28 01:33:06,573] {subprocess.py:74} INFO - Running command: ['bash', '-c', 'sleep 3']
[2022-01-28 01:33:06,582] {subprocess.py:85} INFO - Output:
[2022-01-28 01:33:09,585] {subprocess.py:93} INFO - Command exited with return code 0
[2022-01-28 01:33:09,620] {taskinstance.py:1267} INFO - Marking task as SUCCESS. dag_id=parallel_dag, task_id=task_1, execution_date=20220127T000000, start_date=20220128T043306, end_date=20220128T043309
[2022-01-28 01:33:09,651] {local_task_job.py:154} INFO - Task exited with return code 0
[2022-01-28 01:33:09,701] {local_task_job.py:264} INFO - 1 downstream tasks scheduled from follow-on schedule check
