[2021-11-23 18:25:21,594] {scheduler_job.py:182} INFO - Started process (PID=14226) to work on /home/uiliam/virtualenvs/sandbox/lib/python3.8/site-packages/airflow/example_dags/subdags/subdag.py
[2021-11-23 18:25:21,598] {scheduler_job.py:633} INFO - Processing file /home/uiliam/virtualenvs/sandbox/lib/python3.8/site-packages/airflow/example_dags/subdags/subdag.py for tasks to queue
[2021-11-23 18:25:21,599] {logging_mixin.py:104} INFO - [2021-11-23 18:25:21,599] {dagbag.py:487} INFO - Filling up the DagBag from /home/uiliam/virtualenvs/sandbox/lib/python3.8/site-packages/airflow/example_dags/subdags/subdag.py
[2021-11-23 18:25:21,605] {scheduler_job.py:645} WARNING - No viable dags retrieved from /home/uiliam/virtualenvs/sandbox/lib/python3.8/site-packages/airflow/example_dags/subdags/subdag.py
[2021-11-23 18:25:21,622] {scheduler_job.py:190} INFO - Processing /home/uiliam/virtualenvs/sandbox/lib/python3.8/site-packages/airflow/example_dags/subdags/subdag.py took 0.035 seconds
[2021-11-23 18:26:06,079] {scheduler_job.py:182} INFO - Started process (PID=14302) to work on /home/uiliam/virtualenvs/sandbox/lib/python3.8/site-packages/airflow/example_dags/subdags/subdag.py
[2021-11-23 18:26:06,081] {scheduler_job.py:633} INFO - Processing file /home/uiliam/virtualenvs/sandbox/lib/python3.8/site-packages/airflow/example_dags/subdags/subdag.py for tasks to queue
[2021-11-23 18:26:06,082] {logging_mixin.py:104} INFO - [2021-11-23 18:26:06,082] {dagbag.py:487} INFO - Filling up the DagBag from /home/uiliam/virtualenvs/sandbox/lib/python3.8/site-packages/airflow/example_dags/subdags/subdag.py
[2021-11-23 18:26:06,087] {scheduler_job.py:645} WARNING - No viable dags retrieved from /home/uiliam/virtualenvs/sandbox/lib/python3.8/site-packages/airflow/example_dags/subdags/subdag.py
[2021-11-23 18:26:06,105] {scheduler_job.py:190} INFO - Processing /home/uiliam/virtualenvs/sandbox/lib/python3.8/site-packages/airflow/example_dags/subdags/subdag.py took 0.038 seconds
[2021-11-23 18:26:42,621] {scheduler_job.py:182} INFO - Started process (PID=14370) to work on /home/uiliam/virtualenvs/sandbox/lib/python3.8/site-packages/airflow/example_dags/subdags/subdag.py
[2021-11-23 18:26:42,622] {scheduler_job.py:633} INFO - Processing file /home/uiliam/virtualenvs/sandbox/lib/python3.8/site-packages/airflow/example_dags/subdags/subdag.py for tasks to queue
[2021-11-23 18:26:42,623] {logging_mixin.py:104} INFO - [2021-11-23 18:26:42,623] {dagbag.py:487} INFO - Filling up the DagBag from /home/uiliam/virtualenvs/sandbox/lib/python3.8/site-packages/airflow/example_dags/subdags/subdag.py
[2021-11-23 18:26:42,627] {scheduler_job.py:645} WARNING - No viable dags retrieved from /home/uiliam/virtualenvs/sandbox/lib/python3.8/site-packages/airflow/example_dags/subdags/subdag.py
[2021-11-23 18:26:42,636] {scheduler_job.py:190} INFO - Processing /home/uiliam/virtualenvs/sandbox/lib/python3.8/site-packages/airflow/example_dags/subdags/subdag.py took 0.019 seconds
[2021-11-23 18:27:20,528] {scheduler_job.py:182} INFO - Started process (PID=14457) to work on /home/uiliam/virtualenvs/sandbox/lib/python3.8/site-packages/airflow/example_dags/subdags/subdag.py
[2021-11-23 18:27:20,530] {scheduler_job.py:633} INFO - Processing file /home/uiliam/virtualenvs/sandbox/lib/python3.8/site-packages/airflow/example_dags/subdags/subdag.py for tasks to queue
[2021-11-23 18:27:20,531] {logging_mixin.py:104} INFO - [2021-11-23 18:27:20,531] {dagbag.py:487} INFO - Filling up the DagBag from /home/uiliam/virtualenvs/sandbox/lib/python3.8/site-packages/airflow/example_dags/subdags/subdag.py
[2021-11-23 18:27:20,536] {scheduler_job.py:645} WARNING - No viable dags retrieved from /home/uiliam/virtualenvs/sandbox/lib/python3.8/site-packages/airflow/example_dags/subdags/subdag.py
[2021-11-23 18:27:20,552] {scheduler_job.py:190} INFO - Processing /home/uiliam/virtualenvs/sandbox/lib/python3.8/site-packages/airflow/example_dags/subdags/subdag.py took 0.031 seconds
[2021-11-23 18:27:59,087] {scheduler_job.py:182} INFO - Started process (PID=14511) to work on /home/uiliam/virtualenvs/sandbox/lib/python3.8/site-packages/airflow/example_dags/subdags/subdag.py
[2021-11-23 18:27:59,089] {scheduler_job.py:633} INFO - Processing file /home/uiliam/virtualenvs/sandbox/lib/python3.8/site-packages/airflow/example_dags/subdags/subdag.py for tasks to queue
[2021-11-23 18:27:59,090] {logging_mixin.py:104} INFO - [2021-11-23 18:27:59,090] {dagbag.py:487} INFO - Filling up the DagBag from /home/uiliam/virtualenvs/sandbox/lib/python3.8/site-packages/airflow/example_dags/subdags/subdag.py
[2021-11-23 18:27:59,095] {scheduler_job.py:645} WARNING - No viable dags retrieved from /home/uiliam/virtualenvs/sandbox/lib/python3.8/site-packages/airflow/example_dags/subdags/subdag.py
[2021-11-23 18:27:59,109] {scheduler_job.py:190} INFO - Processing /home/uiliam/virtualenvs/sandbox/lib/python3.8/site-packages/airflow/example_dags/subdags/subdag.py took 0.027 seconds
[2021-11-23 18:28:37,991] {scheduler_job.py:182} INFO - Started process (PID=14593) to work on /home/uiliam/virtualenvs/sandbox/lib/python3.8/site-packages/airflow/example_dags/subdags/subdag.py
[2021-11-23 18:28:37,992] {scheduler_job.py:633} INFO - Processing file /home/uiliam/virtualenvs/sandbox/lib/python3.8/site-packages/airflow/example_dags/subdags/subdag.py for tasks to queue
[2021-11-23 18:28:37,993] {logging_mixin.py:104} INFO - [2021-11-23 18:28:37,993] {dagbag.py:487} INFO - Filling up the DagBag from /home/uiliam/virtualenvs/sandbox/lib/python3.8/site-packages/airflow/example_dags/subdags/subdag.py
[2021-11-23 18:28:37,997] {scheduler_job.py:645} WARNING - No viable dags retrieved from /home/uiliam/virtualenvs/sandbox/lib/python3.8/site-packages/airflow/example_dags/subdags/subdag.py
[2021-11-23 18:28:38,008] {scheduler_job.py:190} INFO - Processing /home/uiliam/virtualenvs/sandbox/lib/python3.8/site-packages/airflow/example_dags/subdags/subdag.py took 0.023 seconds
[2021-11-23 18:29:14,816] {scheduler_job.py:182} INFO - Started process (PID=14628) to work on /home/uiliam/virtualenvs/sandbox/lib/python3.8/site-packages/airflow/example_dags/subdags/subdag.py
[2021-11-23 18:29:14,817] {scheduler_job.py:633} INFO - Processing file /home/uiliam/virtualenvs/sandbox/lib/python3.8/site-packages/airflow/example_dags/subdags/subdag.py for tasks to queue
[2021-11-23 18:29:14,819] {logging_mixin.py:104} INFO - [2021-11-23 18:29:14,819] {dagbag.py:487} INFO - Filling up the DagBag from /home/uiliam/virtualenvs/sandbox/lib/python3.8/site-packages/airflow/example_dags/subdags/subdag.py
[2021-11-23 18:29:14,824] {scheduler_job.py:645} WARNING - No viable dags retrieved from /home/uiliam/virtualenvs/sandbox/lib/python3.8/site-packages/airflow/example_dags/subdags/subdag.py
[2021-11-23 18:29:14,837] {scheduler_job.py:190} INFO - Processing /home/uiliam/virtualenvs/sandbox/lib/python3.8/site-packages/airflow/example_dags/subdags/subdag.py took 0.025 seconds
[2021-11-23 18:29:56,577] {scheduler_job.py:182} INFO - Started process (PID=14664) to work on /home/uiliam/virtualenvs/sandbox/lib/python3.8/site-packages/airflow/example_dags/subdags/subdag.py
[2021-11-23 18:29:56,579] {scheduler_job.py:633} INFO - Processing file /home/uiliam/virtualenvs/sandbox/lib/python3.8/site-packages/airflow/example_dags/subdags/subdag.py for tasks to queue
[2021-11-23 18:29:56,581] {logging_mixin.py:104} INFO - [2021-11-23 18:29:56,580] {dagbag.py:487} INFO - Filling up the DagBag from /home/uiliam/virtualenvs/sandbox/lib/python3.8/site-packages/airflow/example_dags/subdags/subdag.py
[2021-11-23 18:29:56,588] {scheduler_job.py:645} WARNING - No viable dags retrieved from /home/uiliam/virtualenvs/sandbox/lib/python3.8/site-packages/airflow/example_dags/subdags/subdag.py
[2021-11-23 18:29:56,610] {scheduler_job.py:190} INFO - Processing /home/uiliam/virtualenvs/sandbox/lib/python3.8/site-packages/airflow/example_dags/subdags/subdag.py took 0.038 seconds
[2021-11-23 18:30:35,991] {scheduler_job.py:182} INFO - Started process (PID=14726) to work on /home/uiliam/virtualenvs/sandbox/lib/python3.8/site-packages/airflow/example_dags/subdags/subdag.py
[2021-11-23 18:30:35,994] {scheduler_job.py:633} INFO - Processing file /home/uiliam/virtualenvs/sandbox/lib/python3.8/site-packages/airflow/example_dags/subdags/subdag.py for tasks to queue
[2021-11-23 18:30:35,996] {logging_mixin.py:104} INFO - [2021-11-23 18:30:35,996] {dagbag.py:487} INFO - Filling up the DagBag from /home/uiliam/virtualenvs/sandbox/lib/python3.8/site-packages/airflow/example_dags/subdags/subdag.py
[2021-11-23 18:30:36,002] {scheduler_job.py:645} WARNING - No viable dags retrieved from /home/uiliam/virtualenvs/sandbox/lib/python3.8/site-packages/airflow/example_dags/subdags/subdag.py
[2021-11-23 18:30:36,020] {scheduler_job.py:190} INFO - Processing /home/uiliam/virtualenvs/sandbox/lib/python3.8/site-packages/airflow/example_dags/subdags/subdag.py took 0.038 seconds
[2021-11-23 18:31:16,059] {scheduler_job.py:182} INFO - Started process (PID=14783) to work on /home/uiliam/virtualenvs/sandbox/lib/python3.8/site-packages/airflow/example_dags/subdags/subdag.py
[2021-11-23 18:31:16,061] {scheduler_job.py:633} INFO - Processing file /home/uiliam/virtualenvs/sandbox/lib/python3.8/site-packages/airflow/example_dags/subdags/subdag.py for tasks to queue
[2021-11-23 18:31:16,063] {logging_mixin.py:104} INFO - [2021-11-23 18:31:16,062] {dagbag.py:487} INFO - Filling up the DagBag from /home/uiliam/virtualenvs/sandbox/lib/python3.8/site-packages/airflow/example_dags/subdags/subdag.py
[2021-11-23 18:31:16,069] {scheduler_job.py:645} WARNING - No viable dags retrieved from /home/uiliam/virtualenvs/sandbox/lib/python3.8/site-packages/airflow/example_dags/subdags/subdag.py
[2021-11-23 18:31:16,090] {scheduler_job.py:190} INFO - Processing /home/uiliam/virtualenvs/sandbox/lib/python3.8/site-packages/airflow/example_dags/subdags/subdag.py took 0.038 seconds
[2021-11-23 18:31:57,892] {scheduler_job.py:182} INFO - Started process (PID=14828) to work on /home/uiliam/virtualenvs/sandbox/lib/python3.8/site-packages/airflow/example_dags/subdags/subdag.py
[2021-11-23 18:31:57,895] {scheduler_job.py:633} INFO - Processing file /home/uiliam/virtualenvs/sandbox/lib/python3.8/site-packages/airflow/example_dags/subdags/subdag.py for tasks to queue
[2021-11-23 18:31:57,896] {logging_mixin.py:104} INFO - [2021-11-23 18:31:57,896] {dagbag.py:487} INFO - Filling up the DagBag from /home/uiliam/virtualenvs/sandbox/lib/python3.8/site-packages/airflow/example_dags/subdags/subdag.py
[2021-11-23 18:31:57,901] {scheduler_job.py:645} WARNING - No viable dags retrieved from /home/uiliam/virtualenvs/sandbox/lib/python3.8/site-packages/airflow/example_dags/subdags/subdag.py
[2021-11-23 18:31:57,920] {scheduler_job.py:190} INFO - Processing /home/uiliam/virtualenvs/sandbox/lib/python3.8/site-packages/airflow/example_dags/subdags/subdag.py took 0.033 seconds
[2021-11-23 18:32:40,531] {scheduler_job.py:182} INFO - Started process (PID=14928) to work on /home/uiliam/virtualenvs/sandbox/lib/python3.8/site-packages/airflow/example_dags/subdags/subdag.py
[2021-11-23 18:32:40,532] {scheduler_job.py:633} INFO - Processing file /home/uiliam/virtualenvs/sandbox/lib/python3.8/site-packages/airflow/example_dags/subdags/subdag.py for tasks to queue
[2021-11-23 18:32:40,532] {logging_mixin.py:104} INFO - [2021-11-23 18:32:40,532] {dagbag.py:487} INFO - Filling up the DagBag from /home/uiliam/virtualenvs/sandbox/lib/python3.8/site-packages/airflow/example_dags/subdags/subdag.py
[2021-11-23 18:32:40,536] {scheduler_job.py:645} WARNING - No viable dags retrieved from /home/uiliam/virtualenvs/sandbox/lib/python3.8/site-packages/airflow/example_dags/subdags/subdag.py
[2021-11-23 18:32:40,544] {scheduler_job.py:190} INFO - Processing /home/uiliam/virtualenvs/sandbox/lib/python3.8/site-packages/airflow/example_dags/subdags/subdag.py took 0.016 seconds
