[2022-02-03 23:09:01,899] {taskinstance.py:1032} INFO - Dependencies all met for <TaskInstance: elasticsearch_dag.connections_to_es manual__2022-02-04T02:07:11.645015+00:00 [queued]>
[2022-02-03 23:09:01,909] {taskinstance.py:1032} INFO - Dependencies all met for <TaskInstance: elasticsearch_dag.connections_to_es manual__2022-02-04T02:07:11.645015+00:00 [queued]>
[2022-02-03 23:09:01,909] {taskinstance.py:1238} INFO - 
--------------------------------------------------------------------------------
[2022-02-03 23:09:01,909] {taskinstance.py:1239} INFO - Starting attempt 2 of 2
[2022-02-03 23:09:01,909] {taskinstance.py:1240} INFO - 
--------------------------------------------------------------------------------
[2022-02-03 23:09:01,921] {taskinstance.py:1259} INFO - Executing <Task(PostgresToElasticOperator): connections_to_es> on 2022-02-04 02:07:11.645015+00:00
[2022-02-03 23:09:01,924] {standard_task_runner.py:52} INFO - Started process 128774 to run task
[2022-02-03 23:09:01,927] {standard_task_runner.py:76} INFO - Running: ['airflow', 'tasks', 'run', 'elasticsearch_dag', 'connections_to_es', 'manual__2022-02-04T02:07:11.645015+00:00', '--job-id', '1095', '--raw', '--subdir', 'DAGS_FOLDER/elasticsearch_dag.py', '--cfg-path', '/tmp/tmp35r06z50', '--error-file', '/tmp/tmpo3wp44v3']
[2022-02-03 23:09:01,928] {standard_task_runner.py:77} INFO - Job 1095: Subtask connections_to_es
[2022-02-03 23:09:01,993] {logging_mixin.py:109} INFO - Running <TaskInstance: elasticsearch_dag.connections_to_es manual__2022-02-04T02:07:11.645015+00:00 [running]> on host uiliam-Vostro-15-3515
[2022-02-03 23:09:02,056] {taskinstance.py:1424} INFO - Exporting the following env vars:
AIRFLOW_CTX_DAG_OWNER=airflow
AIRFLOW_CTX_DAG_ID=elasticsearch_dag
AIRFLOW_CTX_TASK_ID=connections_to_es
AIRFLOW_CTX_EXECUTION_DATE=2022-02-04T02:07:11.645015+00:00
AIRFLOW_CTX_DAG_RUN_ID=manual__2022-02-04T02:07:11.645015+00:00
[2022-02-03 23:09:02,067] {base.py:70} INFO - Using connection to: id: elasticsearch_default. Host: localhost, Port: 9200, Schema: http, Login: None, Password: None, extra: {}
[2022-02-03 23:09:02,079] {base.py:70} INFO - Using connection to: id: ***_default. Host: localhost, Port: 5432, Schema: , Login: ***, Password: ***, extra: {'cursor': 'realdictcursor'}
[2022-02-03 23:09:02,096] {logging_mixin.py:109} WARNING - /home/uiliam/sandbox/lib/python3.9/site-packages/elasticsearch/connection/base.py:200 ElasticsearchWarning: Elasticsearch built-in security features are not enabled. Without authentication, your cluster could be accessible to anyone. See https://www.elastic.co/guide/en/elasticsearch/reference/7.17/security-minimal-setup.html to enable security.
[2022-02-03 23:09:02,096] {base.py:265} INFO - GET http://localhost:9200/ [status:200 request:0.006s]
[2022-02-03 23:09:02,291] {logging_mixin.py:109} WARNING - /home/uiliam/sandbox/lib/python3.9/site-packages/elasticsearch/connection/base.py:200 ElasticsearchWarning: [types removal] Specifying types in document index requests is deprecated, use the typeless endpoints instead (/{index}/_doc/{id}, /{index}/_doc, or /{index}/_create/{id}).
[2022-02-03 23:09:02,292] {base.py:265} INFO - POST http://localhost:9200/connections/external [status:201 request:0.192s]
[2022-02-03 23:09:02,292] {taskinstance.py:1700} ERROR - Task failed with exception
Traceback (most recent call last):
  File "/home/uiliam/sandbox/lib/python3.9/site-packages/airflow/models/taskinstance.py", line 1329, in _run_raw_task
    self._execute_task_with_callbacks(context)
  File "/home/uiliam/sandbox/lib/python3.9/site-packages/airflow/models/taskinstance.py", line 1455, in _execute_task_with_callbacks
    result = self._execute_task(context, self.task)
  File "/home/uiliam/sandbox/lib/python3.9/site-packages/airflow/models/taskinstance.py", line 1511, in _execute_task
    result = execute_callable(context=context)
  File "/home/uiliam/airflow/plugins/elasticsearch_plugin/operators/postgres_to_elastic.py", line 29, in execute
    es.add_doc(index=self.index, doc_type='external', doc=doc)
  File "/home/uiliam/airflow/plugins/elasticsearch_plugin/hooks/elastic_hook.py", line 33, in add_doc
    return res
NameError: name 'res' is not defined
[2022-02-03 23:09:02,307] {taskinstance.py:1267} INFO - Marking task as FAILED. dag_id=elasticsearch_dag, task_id=connections_to_es, execution_date=20220204T020711, start_date=20220204T020901, end_date=20220204T020902
[2022-02-03 23:09:02,319] {standard_task_runner.py:89} ERROR - Failed to execute job 1095 for task connections_to_es
Traceback (most recent call last):
  File "/home/uiliam/sandbox/lib/python3.9/site-packages/airflow/task/task_runner/standard_task_runner.py", line 85, in _start_by_fork
    args.func(args, dag=self.dag)
  File "/home/uiliam/sandbox/lib/python3.9/site-packages/airflow/cli/cli_parser.py", line 48, in command
    return func(*args, **kwargs)
  File "/home/uiliam/sandbox/lib/python3.9/site-packages/airflow/utils/cli.py", line 92, in wrapper
    return f(*args, **kwargs)
  File "/home/uiliam/sandbox/lib/python3.9/site-packages/airflow/cli/commands/task_command.py", line 298, in task_run
    _run_task_by_selected_method(args, dag, ti)
  File "/home/uiliam/sandbox/lib/python3.9/site-packages/airflow/cli/commands/task_command.py", line 107, in _run_task_by_selected_method
    _run_raw_task(args, ti)
  File "/home/uiliam/sandbox/lib/python3.9/site-packages/airflow/cli/commands/task_command.py", line 180, in _run_raw_task
    ti._run_raw_task(
  File "/home/uiliam/sandbox/lib/python3.9/site-packages/airflow/utils/session.py", line 70, in wrapper
    return func(*args, session=session, **kwargs)
  File "/home/uiliam/sandbox/lib/python3.9/site-packages/airflow/models/taskinstance.py", line 1329, in _run_raw_task
    self._execute_task_with_callbacks(context)
  File "/home/uiliam/sandbox/lib/python3.9/site-packages/airflow/models/taskinstance.py", line 1455, in _execute_task_with_callbacks
    result = self._execute_task(context, self.task)
  File "/home/uiliam/sandbox/lib/python3.9/site-packages/airflow/models/taskinstance.py", line 1511, in _execute_task
    result = execute_callable(context=context)
  File "/home/uiliam/airflow/plugins/elasticsearch_plugin/operators/postgres_to_elastic.py", line 29, in execute
    es.add_doc(index=self.index, doc_type='external', doc=doc)
  File "/home/uiliam/airflow/plugins/elasticsearch_plugin/hooks/elastic_hook.py", line 33, in add_doc
    return res
NameError: name 'res' is not defined
[2022-02-03 23:09:02,338] {local_task_job.py:154} INFO - Task exited with return code 1
[2022-02-03 23:09:02,375] {local_task_job.py:264} INFO - 0 downstream tasks scheduled from follow-on schedule check
