[2022-01-28 19:34:40,825] {taskinstance.py:1032} INFO - Dependencies all met for <TaskInstance: xcom_dag.processing_tasks.training_model_c manual__2022-01-28T22:34:35.629149+00:00 [queued]>
[2022-01-28 19:34:40,837] {taskinstance.py:1032} INFO - Dependencies all met for <TaskInstance: xcom_dag.processing_tasks.training_model_c manual__2022-01-28T22:34:35.629149+00:00 [queued]>
[2022-01-28 19:34:40,838] {taskinstance.py:1238} INFO - 
--------------------------------------------------------------------------------
[2022-01-28 19:34:40,838] {taskinstance.py:1239} INFO - Starting attempt 1 of 1
[2022-01-28 19:34:40,838] {taskinstance.py:1240} INFO - 
--------------------------------------------------------------------------------
[2022-01-28 19:34:40,849] {taskinstance.py:1259} INFO - Executing <Task(PythonOperator): processing_tasks.training_model_c> on 2022-01-28 22:34:35.629149+00:00
[2022-01-28 19:34:40,853] {standard_task_runner.py:52} INFO - Started process 204332 to run task
[2022-01-28 19:34:40,858] {standard_task_runner.py:76} INFO - Running: ['airflow', 'tasks', 'run', 'xcom_dag', 'processing_tasks.training_model_c', 'manual__2022-01-28T22:34:35.629149+00:00', '--job-id', '974', '--raw', '--subdir', 'DAGS_FOLDER/xcom_dag.py', '--cfg-path', '/tmp/tmpxvjcyjnv', '--error-file', '/tmp/tmpme4qt_w_']
[2022-01-28 19:34:40,859] {standard_task_runner.py:77} INFO - Job 974: Subtask processing_tasks.training_model_c
[2022-01-28 19:34:40,933] {logging_mixin.py:109} INFO - Running <TaskInstance: xcom_dag.processing_tasks.training_model_c manual__2022-01-28T22:34:35.629149+00:00 [running]> on host uiliam-Vostro-15-3515
[2022-01-28 19:34:40,999] {taskinstance.py:1424} INFO - Exporting the following env vars:
AIRFLOW_CTX_DAG_OWNER=airflow
AIRFLOW_CTX_DAG_ID=xcom_dag
AIRFLOW_CTX_TASK_ID=processing_tasks.training_model_c
AIRFLOW_CTX_EXECUTION_DATE=2022-01-28T22:34:35.629149+00:00
AIRFLOW_CTX_DAG_RUN_ID=manual__2022-01-28T22:34:35.629149+00:00
[2022-01-28 19:34:41,000] {logging_mixin.py:109} INFO - model's accuracy: 9.28523821773503
[2022-01-28 19:34:41,014] {python.py:175} INFO - Done. Returned value was: None
[2022-01-28 19:34:41,031] {taskinstance.py:1267} INFO - Marking task as SUCCESS. dag_id=xcom_dag, task_id=processing_tasks.training_model_c, execution_date=20220128T223435, start_date=20220128T223440, end_date=20220128T223441
[2022-01-28 19:34:41,067] {local_task_job.py:154} INFO - Task exited with return code 0
[2022-01-28 19:34:41,117] {local_task_job.py:264} INFO - 0 downstream tasks scheduled from follow-on schedule check
