[2022-01-28 20:22:36,338] {taskinstance.py:1032} INFO - Dependencies all met for <TaskInstance: xcom_dag.processing_tasks.training_model_a manual__2022-01-28T23:20:00.615086+00:00 [queued]>
[2022-01-28 20:22:36,352] {taskinstance.py:1032} INFO - Dependencies all met for <TaskInstance: xcom_dag.processing_tasks.training_model_a manual__2022-01-28T23:20:00.615086+00:00 [queued]>
[2022-01-28 20:22:36,352] {taskinstance.py:1238} INFO - 
--------------------------------------------------------------------------------
[2022-01-28 20:22:36,352] {taskinstance.py:1239} INFO - Starting attempt 1 of 1
[2022-01-28 20:22:36,352] {taskinstance.py:1240} INFO - 
--------------------------------------------------------------------------------
[2022-01-28 20:22:36,367] {taskinstance.py:1259} INFO - Executing <Task(PythonOperator): processing_tasks.training_model_a> on 2022-01-28 23:20:00.615086+00:00
[2022-01-28 20:22:36,370] {standard_task_runner.py:52} INFO - Started process 215442 to run task
[2022-01-28 20:22:36,373] {standard_task_runner.py:76} INFO - Running: ['airflow', 'tasks', 'run', 'xcom_dag', 'processing_tasks.training_model_a', 'manual__2022-01-28T23:20:00.615086+00:00', '--job-id', '998', '--raw', '--subdir', 'DAGS_FOLDER/xcom_dag.py', '--cfg-path', '/tmp/tmpz35mvwpt', '--error-file', '/tmp/tmp2ggvfwsy']
[2022-01-28 20:22:36,374] {standard_task_runner.py:77} INFO - Job 998: Subtask processing_tasks.training_model_a
[2022-01-28 20:22:36,433] {logging_mixin.py:109} INFO - Running <TaskInstance: xcom_dag.processing_tasks.training_model_a manual__2022-01-28T23:20:00.615086+00:00 [running]> on host uiliam-Vostro-15-3515
[2022-01-28 20:22:36,499] {taskinstance.py:1424} INFO - Exporting the following env vars:
AIRFLOW_CTX_DAG_OWNER=airflow
AIRFLOW_CTX_DAG_ID=xcom_dag
AIRFLOW_CTX_TASK_ID=processing_tasks.training_model_a
AIRFLOW_CTX_EXECUTION_DATE=2022-01-28T23:20:00.615086+00:00
AIRFLOW_CTX_DAG_RUN_ID=manual__2022-01-28T23:20:00.615086+00:00
[2022-01-28 20:22:36,500] {logging_mixin.py:109} INFO - model's accuracy: 5.948827043462007
[2022-01-28 20:22:36,511] {python.py:175} INFO - Done. Returned value was: None
[2022-01-28 20:22:36,527] {taskinstance.py:1267} INFO - Marking task as SUCCESS. dag_id=xcom_dag, task_id=processing_tasks.training_model_a, execution_date=20220128T232000, start_date=20220128T232236, end_date=20220128T232236
[2022-01-28 20:22:36,585] {local_task_job.py:154} INFO - Task exited with return code 0
[2022-01-28 20:22:36,627] {local_task_job.py:264} INFO - 0 downstream tasks scheduled from follow-on schedule check
