[2021-11-23 18:25:46,184] {scheduler_job.py:182} INFO - Started process (PID=14259) to work on /home/uiliam/virtualenvs/sandbox/lib/python3.8/site-packages/airflow/example_dags/example_branch_datetime_operator.py
[2021-11-23 18:25:46,185] {scheduler_job.py:633} INFO - Processing file /home/uiliam/virtualenvs/sandbox/lib/python3.8/site-packages/airflow/example_dags/example_branch_datetime_operator.py for tasks to queue
[2021-11-23 18:25:46,187] {logging_mixin.py:104} INFO - [2021-11-23 18:25:46,186] {dagbag.py:487} INFO - Filling up the DagBag from /home/uiliam/virtualenvs/sandbox/lib/python3.8/site-packages/airflow/example_dags/example_branch_datetime_operator.py
[2021-11-23 18:25:46,213] {scheduler_job.py:643} INFO - DAG(s) dict_keys(['example_branch_datetime_operator_2']) retrieved from /home/uiliam/virtualenvs/sandbox/lib/python3.8/site-packages/airflow/example_dags/example_branch_datetime_operator.py
[2021-11-23 18:25:46,247] {logging_mixin.py:104} INFO - [2021-11-23 18:25:46,247] {dag.py:1832} INFO - Sync 1 DAGs
[2021-11-23 18:25:46,297] {logging_mixin.py:104} INFO - [2021-11-23 18:25:46,297] {dag.py:2305} INFO - Setting next_dagrun for example_branch_datetime_operator_2 to 2021-11-21 00:00:00+00:00
[2021-11-23 18:25:46,417] {scheduler_job.py:190} INFO - Processing /home/uiliam/virtualenvs/sandbox/lib/python3.8/site-packages/airflow/example_dags/example_branch_datetime_operator.py took 0.239 seconds
[2021-11-23 18:26:25,231] {scheduler_job.py:182} INFO - Started process (PID=14324) to work on /home/uiliam/virtualenvs/sandbox/lib/python3.8/site-packages/airflow/example_dags/example_branch_datetime_operator.py
[2021-11-23 18:26:25,232] {scheduler_job.py:633} INFO - Processing file /home/uiliam/virtualenvs/sandbox/lib/python3.8/site-packages/airflow/example_dags/example_branch_datetime_operator.py for tasks to queue
[2021-11-23 18:26:25,233] {logging_mixin.py:104} INFO - [2021-11-23 18:26:25,233] {dagbag.py:487} INFO - Filling up the DagBag from /home/uiliam/virtualenvs/sandbox/lib/python3.8/site-packages/airflow/example_dags/example_branch_datetime_operator.py
[2021-11-23 18:26:25,248] {scheduler_job.py:643} INFO - DAG(s) dict_keys(['example_branch_datetime_operator_2']) retrieved from /home/uiliam/virtualenvs/sandbox/lib/python3.8/site-packages/airflow/example_dags/example_branch_datetime_operator.py
[2021-11-23 18:26:25,265] {logging_mixin.py:104} INFO - [2021-11-23 18:26:25,265] {dag.py:1832} INFO - Sync 1 DAGs
[2021-11-23 18:26:25,283] {logging_mixin.py:104} INFO - [2021-11-23 18:26:25,283] {dag.py:2305} INFO - Setting next_dagrun for example_branch_datetime_operator_2 to 2021-11-21 00:00:00+00:00
[2021-11-23 18:26:25,373] {scheduler_job.py:190} INFO - Processing /home/uiliam/virtualenvs/sandbox/lib/python3.8/site-packages/airflow/example_dags/example_branch_datetime_operator.py took 0.146 seconds
[2021-11-23 18:27:06,793] {scheduler_job.py:182} INFO - Started process (PID=14436) to work on /home/uiliam/virtualenvs/sandbox/lib/python3.8/site-packages/airflow/example_dags/example_branch_datetime_operator.py
[2021-11-23 18:27:06,796] {scheduler_job.py:633} INFO - Processing file /home/uiliam/virtualenvs/sandbox/lib/python3.8/site-packages/airflow/example_dags/example_branch_datetime_operator.py for tasks to queue
[2021-11-23 18:27:06,797] {logging_mixin.py:104} INFO - [2021-11-23 18:27:06,797] {dagbag.py:487} INFO - Filling up the DagBag from /home/uiliam/virtualenvs/sandbox/lib/python3.8/site-packages/airflow/example_dags/example_branch_datetime_operator.py
[2021-11-23 18:27:06,837] {scheduler_job.py:643} INFO - DAG(s) dict_keys(['example_branch_datetime_operator_2']) retrieved from /home/uiliam/virtualenvs/sandbox/lib/python3.8/site-packages/airflow/example_dags/example_branch_datetime_operator.py
[2021-11-23 18:27:06,875] {logging_mixin.py:104} INFO - [2021-11-23 18:27:06,875] {dag.py:1832} INFO - Sync 1 DAGs
[2021-11-23 18:27:06,922] {logging_mixin.py:104} INFO - [2021-11-23 18:27:06,921] {dag.py:2305} INFO - Setting next_dagrun for example_branch_datetime_operator_2 to 2021-11-21 00:00:00+00:00
[2021-11-23 18:27:07,056] {scheduler_job.py:190} INFO - Processing /home/uiliam/virtualenvs/sandbox/lib/python3.8/site-packages/airflow/example_dags/example_branch_datetime_operator.py took 0.269 seconds
[2021-11-23 18:27:50,095] {scheduler_job.py:182} INFO - Started process (PID=14485) to work on /home/uiliam/virtualenvs/sandbox/lib/python3.8/site-packages/airflow/example_dags/example_branch_datetime_operator.py
[2021-11-23 18:27:50,097] {scheduler_job.py:633} INFO - Processing file /home/uiliam/virtualenvs/sandbox/lib/python3.8/site-packages/airflow/example_dags/example_branch_datetime_operator.py for tasks to queue
[2021-11-23 18:27:50,099] {logging_mixin.py:104} INFO - [2021-11-23 18:27:50,098] {dagbag.py:487} INFO - Filling up the DagBag from /home/uiliam/virtualenvs/sandbox/lib/python3.8/site-packages/airflow/example_dags/example_branch_datetime_operator.py
[2021-11-23 18:27:50,122] {scheduler_job.py:643} INFO - DAG(s) dict_keys(['example_branch_datetime_operator_2']) retrieved from /home/uiliam/virtualenvs/sandbox/lib/python3.8/site-packages/airflow/example_dags/example_branch_datetime_operator.py
[2021-11-23 18:27:50,146] {logging_mixin.py:104} INFO - [2021-11-23 18:27:50,146] {dag.py:1832} INFO - Sync 1 DAGs
[2021-11-23 18:27:50,172] {logging_mixin.py:104} INFO - [2021-11-23 18:27:50,172] {dag.py:2305} INFO - Setting next_dagrun for example_branch_datetime_operator_2 to 2021-11-21 00:00:00+00:00
[2021-11-23 18:27:50,282] {scheduler_job.py:190} INFO - Processing /home/uiliam/virtualenvs/sandbox/lib/python3.8/site-packages/airflow/example_dags/example_branch_datetime_operator.py took 0.193 seconds
[2021-11-23 18:28:38,536] {scheduler_job.py:182} INFO - Started process (PID=14594) to work on /home/uiliam/virtualenvs/sandbox/lib/python3.8/site-packages/airflow/example_dags/example_branch_datetime_operator.py
[2021-11-23 18:28:38,538] {scheduler_job.py:633} INFO - Processing file /home/uiliam/virtualenvs/sandbox/lib/python3.8/site-packages/airflow/example_dags/example_branch_datetime_operator.py for tasks to queue
[2021-11-23 18:28:38,540] {logging_mixin.py:104} INFO - [2021-11-23 18:28:38,539] {dagbag.py:487} INFO - Filling up the DagBag from /home/uiliam/virtualenvs/sandbox/lib/python3.8/site-packages/airflow/example_dags/example_branch_datetime_operator.py
[2021-11-23 18:28:38,564] {scheduler_job.py:643} INFO - DAG(s) dict_keys(['example_branch_datetime_operator_2']) retrieved from /home/uiliam/virtualenvs/sandbox/lib/python3.8/site-packages/airflow/example_dags/example_branch_datetime_operator.py
[2021-11-23 18:28:38,597] {logging_mixin.py:104} INFO - [2021-11-23 18:28:38,597] {dag.py:1832} INFO - Sync 1 DAGs
[2021-11-23 18:28:38,641] {logging_mixin.py:104} INFO - [2021-11-23 18:28:38,641] {dag.py:2305} INFO - Setting next_dagrun for example_branch_datetime_operator_2 to 2021-11-21 00:00:00+00:00
[2021-11-23 18:28:38,758] {scheduler_job.py:190} INFO - Processing /home/uiliam/virtualenvs/sandbox/lib/python3.8/site-packages/airflow/example_dags/example_branch_datetime_operator.py took 0.232 seconds
[2021-11-23 18:29:30,517] {scheduler_job.py:182} INFO - Started process (PID=14641) to work on /home/uiliam/virtualenvs/sandbox/lib/python3.8/site-packages/airflow/example_dags/example_branch_datetime_operator.py
[2021-11-23 18:29:30,519] {scheduler_job.py:633} INFO - Processing file /home/uiliam/virtualenvs/sandbox/lib/python3.8/site-packages/airflow/example_dags/example_branch_datetime_operator.py for tasks to queue
[2021-11-23 18:29:30,521] {logging_mixin.py:104} INFO - [2021-11-23 18:29:30,520] {dagbag.py:487} INFO - Filling up the DagBag from /home/uiliam/virtualenvs/sandbox/lib/python3.8/site-packages/airflow/example_dags/example_branch_datetime_operator.py
[2021-11-23 18:29:30,549] {scheduler_job.py:643} INFO - DAG(s) dict_keys(['example_branch_datetime_operator_2']) retrieved from /home/uiliam/virtualenvs/sandbox/lib/python3.8/site-packages/airflow/example_dags/example_branch_datetime_operator.py
[2021-11-23 18:29:30,576] {logging_mixin.py:104} INFO - [2021-11-23 18:29:30,576] {dag.py:1832} INFO - Sync 1 DAGs
[2021-11-23 18:29:30,609] {logging_mixin.py:104} INFO - [2021-11-23 18:29:30,608] {dag.py:2305} INFO - Setting next_dagrun for example_branch_datetime_operator_2 to 2021-11-21 00:00:00+00:00
[2021-11-23 18:29:30,714] {scheduler_job.py:190} INFO - Processing /home/uiliam/virtualenvs/sandbox/lib/python3.8/site-packages/airflow/example_dags/example_branch_datetime_operator.py took 0.203 seconds
[2021-11-23 18:30:13,485] {scheduler_job.py:182} INFO - Started process (PID=14680) to work on /home/uiliam/virtualenvs/sandbox/lib/python3.8/site-packages/airflow/example_dags/example_branch_datetime_operator.py
[2021-11-23 18:30:13,487] {scheduler_job.py:633} INFO - Processing file /home/uiliam/virtualenvs/sandbox/lib/python3.8/site-packages/airflow/example_dags/example_branch_datetime_operator.py for tasks to queue
[2021-11-23 18:30:13,488] {logging_mixin.py:104} INFO - [2021-11-23 18:30:13,488] {dagbag.py:487} INFO - Filling up the DagBag from /home/uiliam/virtualenvs/sandbox/lib/python3.8/site-packages/airflow/example_dags/example_branch_datetime_operator.py
[2021-11-23 18:30:13,510] {scheduler_job.py:643} INFO - DAG(s) dict_keys(['example_branch_datetime_operator_2']) retrieved from /home/uiliam/virtualenvs/sandbox/lib/python3.8/site-packages/airflow/example_dags/example_branch_datetime_operator.py
[2021-11-23 18:30:13,547] {logging_mixin.py:104} INFO - [2021-11-23 18:30:13,546] {dag.py:1832} INFO - Sync 1 DAGs
[2021-11-23 18:30:13,575] {logging_mixin.py:104} INFO - [2021-11-23 18:30:13,575] {dag.py:2305} INFO - Setting next_dagrun for example_branch_datetime_operator_2 to 2021-11-21 00:00:00+00:00
[2021-11-23 18:30:13,684] {scheduler_job.py:190} INFO - Processing /home/uiliam/virtualenvs/sandbox/lib/python3.8/site-packages/airflow/example_dags/example_branch_datetime_operator.py took 0.204 seconds
[2021-11-23 18:31:06,314] {scheduler_job.py:182} INFO - Started process (PID=14771) to work on /home/uiliam/virtualenvs/sandbox/lib/python3.8/site-packages/airflow/example_dags/example_branch_datetime_operator.py
[2021-11-23 18:31:06,317] {scheduler_job.py:633} INFO - Processing file /home/uiliam/virtualenvs/sandbox/lib/python3.8/site-packages/airflow/example_dags/example_branch_datetime_operator.py for tasks to queue
[2021-11-23 18:31:06,318] {logging_mixin.py:104} INFO - [2021-11-23 18:31:06,318] {dagbag.py:487} INFO - Filling up the DagBag from /home/uiliam/virtualenvs/sandbox/lib/python3.8/site-packages/airflow/example_dags/example_branch_datetime_operator.py
[2021-11-23 18:31:06,349] {scheduler_job.py:643} INFO - DAG(s) dict_keys(['example_branch_datetime_operator_2']) retrieved from /home/uiliam/virtualenvs/sandbox/lib/python3.8/site-packages/airflow/example_dags/example_branch_datetime_operator.py
[2021-11-23 18:31:06,379] {logging_mixin.py:104} INFO - [2021-11-23 18:31:06,379] {dag.py:1832} INFO - Sync 1 DAGs
[2021-11-23 18:31:06,421] {logging_mixin.py:104} INFO - [2021-11-23 18:31:06,421] {dag.py:2305} INFO - Setting next_dagrun for example_branch_datetime_operator_2 to 2021-11-21 00:00:00+00:00
[2021-11-23 18:31:06,546] {scheduler_job.py:190} INFO - Processing /home/uiliam/virtualenvs/sandbox/lib/python3.8/site-packages/airflow/example_dags/example_branch_datetime_operator.py took 0.238 seconds
[2021-11-23 18:31:48,297] {scheduler_job.py:182} INFO - Started process (PID=14818) to work on /home/uiliam/virtualenvs/sandbox/lib/python3.8/site-packages/airflow/example_dags/example_branch_datetime_operator.py
[2021-11-23 18:31:48,299] {scheduler_job.py:633} INFO - Processing file /home/uiliam/virtualenvs/sandbox/lib/python3.8/site-packages/airflow/example_dags/example_branch_datetime_operator.py for tasks to queue
[2021-11-23 18:31:48,301] {logging_mixin.py:104} INFO - [2021-11-23 18:31:48,300] {dagbag.py:487} INFO - Filling up the DagBag from /home/uiliam/virtualenvs/sandbox/lib/python3.8/site-packages/airflow/example_dags/example_branch_datetime_operator.py
[2021-11-23 18:31:48,335] {scheduler_job.py:643} INFO - DAG(s) dict_keys(['example_branch_datetime_operator_2']) retrieved from /home/uiliam/virtualenvs/sandbox/lib/python3.8/site-packages/airflow/example_dags/example_branch_datetime_operator.py
[2021-11-23 18:31:48,361] {logging_mixin.py:104} INFO - [2021-11-23 18:31:48,361] {dag.py:1832} INFO - Sync 1 DAGs
[2021-11-23 18:31:48,397] {logging_mixin.py:104} INFO - [2021-11-23 18:31:48,397] {dag.py:2305} INFO - Setting next_dagrun for example_branch_datetime_operator_2 to 2021-11-21 00:00:00+00:00
[2021-11-23 18:31:48,490] {scheduler_job.py:190} INFO - Processing /home/uiliam/virtualenvs/sandbox/lib/python3.8/site-packages/airflow/example_dags/example_branch_datetime_operator.py took 0.200 seconds
[2021-11-23 18:32:32,706] {scheduler_job.py:182} INFO - Started process (PID=14906) to work on /home/uiliam/virtualenvs/sandbox/lib/python3.8/site-packages/airflow/example_dags/example_branch_datetime_operator.py
[2021-11-23 18:32:32,707] {scheduler_job.py:633} INFO - Processing file /home/uiliam/virtualenvs/sandbox/lib/python3.8/site-packages/airflow/example_dags/example_branch_datetime_operator.py for tasks to queue
[2021-11-23 18:32:32,707] {logging_mixin.py:104} INFO - [2021-11-23 18:32:32,707] {dagbag.py:487} INFO - Filling up the DagBag from /home/uiliam/virtualenvs/sandbox/lib/python3.8/site-packages/airflow/example_dags/example_branch_datetime_operator.py
[2021-11-23 18:32:32,722] {scheduler_job.py:643} INFO - DAG(s) dict_keys(['example_branch_datetime_operator_2']) retrieved from /home/uiliam/virtualenvs/sandbox/lib/python3.8/site-packages/airflow/example_dags/example_branch_datetime_operator.py
[2021-11-23 18:32:32,740] {logging_mixin.py:104} INFO - [2021-11-23 18:32:32,740] {dag.py:1832} INFO - Sync 1 DAGs
[2021-11-23 18:32:32,757] {logging_mixin.py:104} INFO - [2021-11-23 18:32:32,757] {dag.py:2305} INFO - Setting next_dagrun for example_branch_datetime_operator_2 to 2021-11-21 00:00:00+00:00
[2021-11-23 18:32:32,872] {scheduler_job.py:190} INFO - Processing /home/uiliam/virtualenvs/sandbox/lib/python3.8/site-packages/airflow/example_dags/example_branch_datetime_operator.py took 0.171 seconds
