[2021-11-23 18:25:49,614] {scheduler_job.py:182} INFO - Started process (PID=14262) to work on /home/uiliam/virtualenvs/sandbox/lib/python3.8/site-packages/airflow/example_dags/example_latest_only.py
[2021-11-23 18:25:49,616] {scheduler_job.py:633} INFO - Processing file /home/uiliam/virtualenvs/sandbox/lib/python3.8/site-packages/airflow/example_dags/example_latest_only.py for tasks to queue
[2021-11-23 18:25:49,618] {logging_mixin.py:104} INFO - [2021-11-23 18:25:49,617] {dagbag.py:487} INFO - Filling up the DagBag from /home/uiliam/virtualenvs/sandbox/lib/python3.8/site-packages/airflow/example_dags/example_latest_only.py
[2021-11-23 18:25:49,655] {scheduler_job.py:643} INFO - DAG(s) dict_keys(['latest_only']) retrieved from /home/uiliam/virtualenvs/sandbox/lib/python3.8/site-packages/airflow/example_dags/example_latest_only.py
[2021-11-23 18:25:49,697] {logging_mixin.py:104} INFO - [2021-11-23 18:25:49,697] {dag.py:1832} INFO - Sync 1 DAGs
[2021-11-23 18:25:49,724] {logging_mixin.py:104} INFO - [2021-11-23 18:25:49,723] {dag.py:2305} INFO - Setting next_dagrun for latest_only to 2021-11-21 00:00:00+00:00
[2021-11-23 18:25:49,871] {scheduler_job.py:190} INFO - Processing /home/uiliam/virtualenvs/sandbox/lib/python3.8/site-packages/airflow/example_dags/example_latest_only.py took 0.264 seconds
[2021-11-23 18:26:29,187] {scheduler_job.py:182} INFO - Started process (PID=14327) to work on /home/uiliam/virtualenvs/sandbox/lib/python3.8/site-packages/airflow/example_dags/example_latest_only.py
[2021-11-23 18:26:29,189] {scheduler_job.py:633} INFO - Processing file /home/uiliam/virtualenvs/sandbox/lib/python3.8/site-packages/airflow/example_dags/example_latest_only.py for tasks to queue
[2021-11-23 18:26:29,190] {logging_mixin.py:104} INFO - [2021-11-23 18:26:29,189] {dagbag.py:487} INFO - Filling up the DagBag from /home/uiliam/virtualenvs/sandbox/lib/python3.8/site-packages/airflow/example_dags/example_latest_only.py
[2021-11-23 18:26:29,203] {scheduler_job.py:643} INFO - DAG(s) dict_keys(['latest_only']) retrieved from /home/uiliam/virtualenvs/sandbox/lib/python3.8/site-packages/airflow/example_dags/example_latest_only.py
[2021-11-23 18:26:29,220] {logging_mixin.py:104} INFO - [2021-11-23 18:26:29,220] {dag.py:1832} INFO - Sync 1 DAGs
[2021-11-23 18:26:29,232] {logging_mixin.py:104} INFO - [2021-11-23 18:26:29,232] {dag.py:2305} INFO - Setting next_dagrun for latest_only to 2021-11-21 00:00:00+00:00
[2021-11-23 18:26:29,321] {scheduler_job.py:190} INFO - Processing /home/uiliam/virtualenvs/sandbox/lib/python3.8/site-packages/airflow/example_dags/example_latest_only.py took 0.138 seconds
[2021-11-23 18:27:10,871] {scheduler_job.py:182} INFO - Started process (PID=14441) to work on /home/uiliam/virtualenvs/sandbox/lib/python3.8/site-packages/airflow/example_dags/example_latest_only.py
[2021-11-23 18:27:10,873] {scheduler_job.py:633} INFO - Processing file /home/uiliam/virtualenvs/sandbox/lib/python3.8/site-packages/airflow/example_dags/example_latest_only.py for tasks to queue
[2021-11-23 18:27:10,876] {logging_mixin.py:104} INFO - [2021-11-23 18:27:10,875] {dagbag.py:487} INFO - Filling up the DagBag from /home/uiliam/virtualenvs/sandbox/lib/python3.8/site-packages/airflow/example_dags/example_latest_only.py
[2021-11-23 18:27:10,904] {scheduler_job.py:643} INFO - DAG(s) dict_keys(['latest_only']) retrieved from /home/uiliam/virtualenvs/sandbox/lib/python3.8/site-packages/airflow/example_dags/example_latest_only.py
[2021-11-23 18:27:10,943] {logging_mixin.py:104} INFO - [2021-11-23 18:27:10,942] {dag.py:1832} INFO - Sync 1 DAGs
[2021-11-23 18:27:10,972] {logging_mixin.py:104} INFO - [2021-11-23 18:27:10,972] {dag.py:2305} INFO - Setting next_dagrun for latest_only to 2021-11-21 00:00:00+00:00
[2021-11-23 18:27:11,084] {scheduler_job.py:190} INFO - Processing /home/uiliam/virtualenvs/sandbox/lib/python3.8/site-packages/airflow/example_dags/example_latest_only.py took 0.222 seconds
[2021-11-23 18:28:01,452] {scheduler_job.py:182} INFO - Started process (PID=14513) to work on /home/uiliam/virtualenvs/sandbox/lib/python3.8/site-packages/airflow/example_dags/example_latest_only.py
[2021-11-23 18:28:01,453] {scheduler_job.py:633} INFO - Processing file /home/uiliam/virtualenvs/sandbox/lib/python3.8/site-packages/airflow/example_dags/example_latest_only.py for tasks to queue
[2021-11-23 18:28:01,454] {logging_mixin.py:104} INFO - [2021-11-23 18:28:01,454] {dagbag.py:487} INFO - Filling up the DagBag from /home/uiliam/virtualenvs/sandbox/lib/python3.8/site-packages/airflow/example_dags/example_latest_only.py
[2021-11-23 18:28:01,468] {scheduler_job.py:643} INFO - DAG(s) dict_keys(['latest_only']) retrieved from /home/uiliam/virtualenvs/sandbox/lib/python3.8/site-packages/airflow/example_dags/example_latest_only.py
[2021-11-23 18:28:01,486] {logging_mixin.py:104} INFO - [2021-11-23 18:28:01,486] {dag.py:1832} INFO - Sync 1 DAGs
[2021-11-23 18:28:01,500] {logging_mixin.py:104} INFO - [2021-11-23 18:28:01,499] {dag.py:2305} INFO - Setting next_dagrun for latest_only to 2021-11-21 00:00:00+00:00
[2021-11-23 18:28:01,659] {scheduler_job.py:190} INFO - Processing /home/uiliam/virtualenvs/sandbox/lib/python3.8/site-packages/airflow/example_dags/example_latest_only.py took 0.211 seconds
[2021-11-23 18:28:50,616] {scheduler_job.py:182} INFO - Started process (PID=14607) to work on /home/uiliam/virtualenvs/sandbox/lib/python3.8/site-packages/airflow/example_dags/example_latest_only.py
[2021-11-23 18:28:50,618] {scheduler_job.py:633} INFO - Processing file /home/uiliam/virtualenvs/sandbox/lib/python3.8/site-packages/airflow/example_dags/example_latest_only.py for tasks to queue
[2021-11-23 18:28:50,619] {logging_mixin.py:104} INFO - [2021-11-23 18:28:50,619] {dagbag.py:487} INFO - Filling up the DagBag from /home/uiliam/virtualenvs/sandbox/lib/python3.8/site-packages/airflow/example_dags/example_latest_only.py
[2021-11-23 18:28:50,641] {scheduler_job.py:643} INFO - DAG(s) dict_keys(['latest_only']) retrieved from /home/uiliam/virtualenvs/sandbox/lib/python3.8/site-packages/airflow/example_dags/example_latest_only.py
[2021-11-23 18:28:50,668] {logging_mixin.py:104} INFO - [2021-11-23 18:28:50,667] {dag.py:1832} INFO - Sync 1 DAGs
[2021-11-23 18:28:50,689] {logging_mixin.py:104} INFO - [2021-11-23 18:28:50,688] {dag.py:2305} INFO - Setting next_dagrun for latest_only to 2021-11-21 00:00:00+00:00
[2021-11-23 18:28:50,828] {scheduler_job.py:190} INFO - Processing /home/uiliam/virtualenvs/sandbox/lib/python3.8/site-packages/airflow/example_dags/example_latest_only.py took 0.218 seconds
[2021-11-23 18:29:34,518] {scheduler_job.py:182} INFO - Started process (PID=14644) to work on /home/uiliam/virtualenvs/sandbox/lib/python3.8/site-packages/airflow/example_dags/example_latest_only.py
[2021-11-23 18:29:34,520] {scheduler_job.py:633} INFO - Processing file /home/uiliam/virtualenvs/sandbox/lib/python3.8/site-packages/airflow/example_dags/example_latest_only.py for tasks to queue
[2021-11-23 18:29:34,521] {logging_mixin.py:104} INFO - [2021-11-23 18:29:34,521] {dagbag.py:487} INFO - Filling up the DagBag from /home/uiliam/virtualenvs/sandbox/lib/python3.8/site-packages/airflow/example_dags/example_latest_only.py
[2021-11-23 18:29:34,545] {scheduler_job.py:643} INFO - DAG(s) dict_keys(['latest_only']) retrieved from /home/uiliam/virtualenvs/sandbox/lib/python3.8/site-packages/airflow/example_dags/example_latest_only.py
[2021-11-23 18:29:34,571] {logging_mixin.py:104} INFO - [2021-11-23 18:29:34,571] {dag.py:1832} INFO - Sync 1 DAGs
[2021-11-23 18:29:34,591] {logging_mixin.py:104} INFO - [2021-11-23 18:29:34,591] {dag.py:2305} INFO - Setting next_dagrun for latest_only to 2021-11-21 00:00:00+00:00
[2021-11-23 18:29:34,740] {scheduler_job.py:190} INFO - Processing /home/uiliam/virtualenvs/sandbox/lib/python3.8/site-packages/airflow/example_dags/example_latest_only.py took 0.229 seconds
[2021-11-23 18:30:26,004] {scheduler_job.py:182} INFO - Started process (PID=14720) to work on /home/uiliam/virtualenvs/sandbox/lib/python3.8/site-packages/airflow/example_dags/example_latest_only.py
[2021-11-23 18:30:26,007] {scheduler_job.py:633} INFO - Processing file /home/uiliam/virtualenvs/sandbox/lib/python3.8/site-packages/airflow/example_dags/example_latest_only.py for tasks to queue
[2021-11-23 18:30:26,008] {logging_mixin.py:104} INFO - [2021-11-23 18:30:26,008] {dagbag.py:487} INFO - Filling up the DagBag from /home/uiliam/virtualenvs/sandbox/lib/python3.8/site-packages/airflow/example_dags/example_latest_only.py
[2021-11-23 18:30:26,038] {scheduler_job.py:643} INFO - DAG(s) dict_keys(['latest_only']) retrieved from /home/uiliam/virtualenvs/sandbox/lib/python3.8/site-packages/airflow/example_dags/example_latest_only.py
[2021-11-23 18:30:26,081] {logging_mixin.py:104} INFO - [2021-11-23 18:30:26,080] {dag.py:1832} INFO - Sync 1 DAGs
[2021-11-23 18:30:26,118] {logging_mixin.py:104} INFO - [2021-11-23 18:30:26,118] {dag.py:2305} INFO - Setting next_dagrun for latest_only to 2021-11-21 00:00:00+00:00
[2021-11-23 18:30:26,221] {scheduler_job.py:190} INFO - Processing /home/uiliam/virtualenvs/sandbox/lib/python3.8/site-packages/airflow/example_dags/example_latest_only.py took 0.223 seconds
[2021-11-23 18:31:18,141] {scheduler_job.py:182} INFO - Started process (PID=14789) to work on /home/uiliam/virtualenvs/sandbox/lib/python3.8/site-packages/airflow/example_dags/example_latest_only.py
[2021-11-23 18:31:18,144] {scheduler_job.py:633} INFO - Processing file /home/uiliam/virtualenvs/sandbox/lib/python3.8/site-packages/airflow/example_dags/example_latest_only.py for tasks to queue
[2021-11-23 18:31:18,146] {logging_mixin.py:104} INFO - [2021-11-23 18:31:18,145] {dagbag.py:487} INFO - Filling up the DagBag from /home/uiliam/virtualenvs/sandbox/lib/python3.8/site-packages/airflow/example_dags/example_latest_only.py
[2021-11-23 18:31:18,173] {scheduler_job.py:643} INFO - DAG(s) dict_keys(['latest_only']) retrieved from /home/uiliam/virtualenvs/sandbox/lib/python3.8/site-packages/airflow/example_dags/example_latest_only.py
[2021-11-23 18:31:18,198] {logging_mixin.py:104} INFO - [2021-11-23 18:31:18,198] {dag.py:1832} INFO - Sync 1 DAGs
[2021-11-23 18:31:18,228] {logging_mixin.py:104} INFO - [2021-11-23 18:31:18,228] {dag.py:2305} INFO - Setting next_dagrun for latest_only to 2021-11-21 00:00:00+00:00
[2021-11-23 18:31:18,343] {scheduler_job.py:190} INFO - Processing /home/uiliam/virtualenvs/sandbox/lib/python3.8/site-packages/airflow/example_dags/example_latest_only.py took 0.209 seconds
[2021-11-23 18:32:03,242] {scheduler_job.py:182} INFO - Started process (PID=14832) to work on /home/uiliam/virtualenvs/sandbox/lib/python3.8/site-packages/airflow/example_dags/example_latest_only.py
[2021-11-23 18:32:03,245] {scheduler_job.py:633} INFO - Processing file /home/uiliam/virtualenvs/sandbox/lib/python3.8/site-packages/airflow/example_dags/example_latest_only.py for tasks to queue
[2021-11-23 18:32:03,246] {logging_mixin.py:104} INFO - [2021-11-23 18:32:03,246] {dagbag.py:487} INFO - Filling up the DagBag from /home/uiliam/virtualenvs/sandbox/lib/python3.8/site-packages/airflow/example_dags/example_latest_only.py
[2021-11-23 18:32:03,293] {scheduler_job.py:643} INFO - DAG(s) dict_keys(['latest_only']) retrieved from /home/uiliam/virtualenvs/sandbox/lib/python3.8/site-packages/airflow/example_dags/example_latest_only.py
[2021-11-23 18:32:03,336] {logging_mixin.py:104} INFO - [2021-11-23 18:32:03,336] {dag.py:1832} INFO - Sync 1 DAGs
[2021-11-23 18:32:03,376] {logging_mixin.py:104} INFO - [2021-11-23 18:32:03,375] {dag.py:2305} INFO - Setting next_dagrun for latest_only to 2021-11-21 00:00:00+00:00
[2021-11-23 18:32:03,477] {scheduler_job.py:190} INFO - Processing /home/uiliam/virtualenvs/sandbox/lib/python3.8/site-packages/airflow/example_dags/example_latest_only.py took 0.245 seconds
