[2021-11-23 18:25:50,986] {scheduler_job.py:182} INFO - Started process (PID=14263) to work on /home/uiliam/virtualenvs/sandbox/lib/python3.8/site-packages/airflow/example_dags/example_branch_operator.py
[2021-11-23 18:25:50,987] {scheduler_job.py:633} INFO - Processing file /home/uiliam/virtualenvs/sandbox/lib/python3.8/site-packages/airflow/example_dags/example_branch_operator.py for tasks to queue
[2021-11-23 18:25:50,988] {logging_mixin.py:104} INFO - [2021-11-23 18:25:50,988] {dagbag.py:487} INFO - Filling up the DagBag from /home/uiliam/virtualenvs/sandbox/lib/python3.8/site-packages/airflow/example_dags/example_branch_operator.py
[2021-11-23 18:25:51,019] {scheduler_job.py:643} INFO - DAG(s) dict_keys(['example_branch_operator']) retrieved from /home/uiliam/virtualenvs/sandbox/lib/python3.8/site-packages/airflow/example_dags/example_branch_operator.py
[2021-11-23 18:25:51,062] {logging_mixin.py:104} INFO - [2021-11-23 18:25:51,062] {dag.py:1832} INFO - Sync 1 DAGs
[2021-11-23 18:25:51,107] {logging_mixin.py:104} INFO - [2021-11-23 18:25:51,107] {dag.py:2305} INFO - Setting next_dagrun for example_branch_operator to 2021-11-21 00:00:00+00:00
[2021-11-23 18:25:51,255] {scheduler_job.py:190} INFO - Processing /home/uiliam/virtualenvs/sandbox/lib/python3.8/site-packages/airflow/example_dags/example_branch_operator.py took 0.274 seconds
[2021-11-23 18:26:30,829] {scheduler_job.py:182} INFO - Started process (PID=14329) to work on /home/uiliam/virtualenvs/sandbox/lib/python3.8/site-packages/airflow/example_dags/example_branch_operator.py
[2021-11-23 18:26:30,831] {scheduler_job.py:633} INFO - Processing file /home/uiliam/virtualenvs/sandbox/lib/python3.8/site-packages/airflow/example_dags/example_branch_operator.py for tasks to queue
[2021-11-23 18:26:30,833] {logging_mixin.py:104} INFO - [2021-11-23 18:26:30,832] {dagbag.py:487} INFO - Filling up the DagBag from /home/uiliam/virtualenvs/sandbox/lib/python3.8/site-packages/airflow/example_dags/example_branch_operator.py
[2021-11-23 18:26:30,863] {scheduler_job.py:643} INFO - DAG(s) dict_keys(['example_branch_operator']) retrieved from /home/uiliam/virtualenvs/sandbox/lib/python3.8/site-packages/airflow/example_dags/example_branch_operator.py
[2021-11-23 18:26:30,893] {logging_mixin.py:104} INFO - [2021-11-23 18:26:30,893] {dag.py:1832} INFO - Sync 1 DAGs
[2021-11-23 18:26:30,927] {logging_mixin.py:104} INFO - [2021-11-23 18:26:30,926] {dag.py:2305} INFO - Setting next_dagrun for example_branch_operator to 2021-11-21 00:00:00+00:00
[2021-11-23 18:26:31,032] {scheduler_job.py:190} INFO - Processing /home/uiliam/virtualenvs/sandbox/lib/python3.8/site-packages/airflow/example_dags/example_branch_operator.py took 0.209 seconds
[2021-11-23 18:27:12,266] {scheduler_job.py:182} INFO - Started process (PID=14447) to work on /home/uiliam/virtualenvs/sandbox/lib/python3.8/site-packages/airflow/example_dags/example_branch_operator.py
[2021-11-23 18:27:12,268] {scheduler_job.py:633} INFO - Processing file /home/uiliam/virtualenvs/sandbox/lib/python3.8/site-packages/airflow/example_dags/example_branch_operator.py for tasks to queue
[2021-11-23 18:27:12,272] {logging_mixin.py:104} INFO - [2021-11-23 18:27:12,272] {dagbag.py:487} INFO - Filling up the DagBag from /home/uiliam/virtualenvs/sandbox/lib/python3.8/site-packages/airflow/example_dags/example_branch_operator.py
[2021-11-23 18:27:12,313] {scheduler_job.py:643} INFO - DAG(s) dict_keys(['example_branch_operator']) retrieved from /home/uiliam/virtualenvs/sandbox/lib/python3.8/site-packages/airflow/example_dags/example_branch_operator.py
[2021-11-23 18:27:12,344] {logging_mixin.py:104} INFO - [2021-11-23 18:27:12,344] {dag.py:1832} INFO - Sync 1 DAGs
[2021-11-23 18:27:12,385] {logging_mixin.py:104} INFO - [2021-11-23 18:27:12,385] {dag.py:2305} INFO - Setting next_dagrun for example_branch_operator to 2021-11-21 00:00:00+00:00
[2021-11-23 18:27:12,530] {scheduler_job.py:190} INFO - Processing /home/uiliam/virtualenvs/sandbox/lib/python3.8/site-packages/airflow/example_dags/example_branch_operator.py took 0.269 seconds
[2021-11-23 18:28:02,798] {scheduler_job.py:182} INFO - Started process (PID=14514) to work on /home/uiliam/virtualenvs/sandbox/lib/python3.8/site-packages/airflow/example_dags/example_branch_operator.py
[2021-11-23 18:28:02,799] {scheduler_job.py:633} INFO - Processing file /home/uiliam/virtualenvs/sandbox/lib/python3.8/site-packages/airflow/example_dags/example_branch_operator.py for tasks to queue
[2021-11-23 18:28:02,800] {logging_mixin.py:104} INFO - [2021-11-23 18:28:02,800] {dagbag.py:487} INFO - Filling up the DagBag from /home/uiliam/virtualenvs/sandbox/lib/python3.8/site-packages/airflow/example_dags/example_branch_operator.py
[2021-11-23 18:28:02,816] {scheduler_job.py:643} INFO - DAG(s) dict_keys(['example_branch_operator']) retrieved from /home/uiliam/virtualenvs/sandbox/lib/python3.8/site-packages/airflow/example_dags/example_branch_operator.py
[2021-11-23 18:28:02,834] {logging_mixin.py:104} INFO - [2021-11-23 18:28:02,833] {dag.py:1832} INFO - Sync 1 DAGs
[2021-11-23 18:28:02,853] {logging_mixin.py:104} INFO - [2021-11-23 18:28:02,853] {dag.py:2305} INFO - Setting next_dagrun for example_branch_operator to 2021-11-21 00:00:00+00:00
[2021-11-23 18:28:03,055] {scheduler_job.py:190} INFO - Processing /home/uiliam/virtualenvs/sandbox/lib/python3.8/site-packages/airflow/example_dags/example_branch_operator.py took 0.261 seconds
[2021-11-23 18:28:51,989] {scheduler_job.py:182} INFO - Started process (PID=14608) to work on /home/uiliam/virtualenvs/sandbox/lib/python3.8/site-packages/airflow/example_dags/example_branch_operator.py
[2021-11-23 18:28:51,991] {scheduler_job.py:633} INFO - Processing file /home/uiliam/virtualenvs/sandbox/lib/python3.8/site-packages/airflow/example_dags/example_branch_operator.py for tasks to queue
[2021-11-23 18:28:51,992] {logging_mixin.py:104} INFO - [2021-11-23 18:28:51,992] {dagbag.py:487} INFO - Filling up the DagBag from /home/uiliam/virtualenvs/sandbox/lib/python3.8/site-packages/airflow/example_dags/example_branch_operator.py
[2021-11-23 18:28:52,022] {scheduler_job.py:643} INFO - DAG(s) dict_keys(['example_branch_operator']) retrieved from /home/uiliam/virtualenvs/sandbox/lib/python3.8/site-packages/airflow/example_dags/example_branch_operator.py
[2021-11-23 18:28:52,047] {logging_mixin.py:104} INFO - [2021-11-23 18:28:52,047] {dag.py:1832} INFO - Sync 1 DAGs
[2021-11-23 18:28:52,084] {logging_mixin.py:104} INFO - [2021-11-23 18:28:52,083] {dag.py:2305} INFO - Setting next_dagrun for example_branch_operator to 2021-11-21 00:00:00+00:00
[2021-11-23 18:28:52,607] {scheduler_job.py:190} INFO - Processing /home/uiliam/virtualenvs/sandbox/lib/python3.8/site-packages/airflow/example_dags/example_branch_operator.py took 0.623 seconds
[2021-11-23 18:29:36,021] {scheduler_job.py:182} INFO - Started process (PID=14645) to work on /home/uiliam/virtualenvs/sandbox/lib/python3.8/site-packages/airflow/example_dags/example_branch_operator.py
[2021-11-23 18:29:36,023] {scheduler_job.py:633} INFO - Processing file /home/uiliam/virtualenvs/sandbox/lib/python3.8/site-packages/airflow/example_dags/example_branch_operator.py for tasks to queue
[2021-11-23 18:29:36,024] {logging_mixin.py:104} INFO - [2021-11-23 18:29:36,024] {dagbag.py:487} INFO - Filling up the DagBag from /home/uiliam/virtualenvs/sandbox/lib/python3.8/site-packages/airflow/example_dags/example_branch_operator.py
[2021-11-23 18:29:36,053] {scheduler_job.py:643} INFO - DAG(s) dict_keys(['example_branch_operator']) retrieved from /home/uiliam/virtualenvs/sandbox/lib/python3.8/site-packages/airflow/example_dags/example_branch_operator.py
[2021-11-23 18:29:36,087] {logging_mixin.py:104} INFO - [2021-11-23 18:29:36,086] {dag.py:1832} INFO - Sync 1 DAGs
[2021-11-23 18:29:36,119] {logging_mixin.py:104} INFO - [2021-11-23 18:29:36,119] {dag.py:2305} INFO - Setting next_dagrun for example_branch_operator to 2021-11-21 00:00:00+00:00
[2021-11-23 18:29:36,240] {scheduler_job.py:190} INFO - Processing /home/uiliam/virtualenvs/sandbox/lib/python3.8/site-packages/airflow/example_dags/example_branch_operator.py took 0.225 seconds
[2021-11-23 18:30:27,399] {scheduler_job.py:182} INFO - Started process (PID=14721) to work on /home/uiliam/virtualenvs/sandbox/lib/python3.8/site-packages/airflow/example_dags/example_branch_operator.py
[2021-11-23 18:30:27,401] {scheduler_job.py:633} INFO - Processing file /home/uiliam/virtualenvs/sandbox/lib/python3.8/site-packages/airflow/example_dags/example_branch_operator.py for tasks to queue
[2021-11-23 18:30:27,402] {logging_mixin.py:104} INFO - [2021-11-23 18:30:27,402] {dagbag.py:487} INFO - Filling up the DagBag from /home/uiliam/virtualenvs/sandbox/lib/python3.8/site-packages/airflow/example_dags/example_branch_operator.py
[2021-11-23 18:30:27,449] {scheduler_job.py:643} INFO - DAG(s) dict_keys(['example_branch_operator']) retrieved from /home/uiliam/virtualenvs/sandbox/lib/python3.8/site-packages/airflow/example_dags/example_branch_operator.py
[2021-11-23 18:30:27,495] {logging_mixin.py:104} INFO - [2021-11-23 18:30:27,494] {dag.py:1832} INFO - Sync 1 DAGs
[2021-11-23 18:30:27,543] {logging_mixin.py:104} INFO - [2021-11-23 18:30:27,542] {dag.py:2305} INFO - Setting next_dagrun for example_branch_operator to 2021-11-21 00:00:00+00:00
[2021-11-23 18:30:27,692] {scheduler_job.py:190} INFO - Processing /home/uiliam/virtualenvs/sandbox/lib/python3.8/site-packages/airflow/example_dags/example_branch_operator.py took 0.299 seconds
[2021-11-23 18:31:19,489] {scheduler_job.py:182} INFO - Started process (PID=14793) to work on /home/uiliam/virtualenvs/sandbox/lib/python3.8/site-packages/airflow/example_dags/example_branch_operator.py
[2021-11-23 18:31:19,492] {scheduler_job.py:633} INFO - Processing file /home/uiliam/virtualenvs/sandbox/lib/python3.8/site-packages/airflow/example_dags/example_branch_operator.py for tasks to queue
[2021-11-23 18:31:19,494] {logging_mixin.py:104} INFO - [2021-11-23 18:31:19,493] {dagbag.py:487} INFO - Filling up the DagBag from /home/uiliam/virtualenvs/sandbox/lib/python3.8/site-packages/airflow/example_dags/example_branch_operator.py
[2021-11-23 18:31:19,523] {scheduler_job.py:643} INFO - DAG(s) dict_keys(['example_branch_operator']) retrieved from /home/uiliam/virtualenvs/sandbox/lib/python3.8/site-packages/airflow/example_dags/example_branch_operator.py
[2021-11-23 18:31:19,559] {logging_mixin.py:104} INFO - [2021-11-23 18:31:19,558] {dag.py:1832} INFO - Sync 1 DAGs
[2021-11-23 18:31:19,600] {logging_mixin.py:104} INFO - [2021-11-23 18:31:19,599] {dag.py:2305} INFO - Setting next_dagrun for example_branch_operator to 2021-11-21 00:00:00+00:00
[2021-11-23 18:31:19,730] {scheduler_job.py:190} INFO - Processing /home/uiliam/virtualenvs/sandbox/lib/python3.8/site-packages/airflow/example_dags/example_branch_operator.py took 0.249 seconds
[2021-11-23 18:32:04,599] {scheduler_job.py:182} INFO - Started process (PID=14833) to work on /home/uiliam/virtualenvs/sandbox/lib/python3.8/site-packages/airflow/example_dags/example_branch_operator.py
[2021-11-23 18:32:04,601] {scheduler_job.py:633} INFO - Processing file /home/uiliam/virtualenvs/sandbox/lib/python3.8/site-packages/airflow/example_dags/example_branch_operator.py for tasks to queue
[2021-11-23 18:32:04,604] {logging_mixin.py:104} INFO - [2021-11-23 18:32:04,603] {dagbag.py:487} INFO - Filling up the DagBag from /home/uiliam/virtualenvs/sandbox/lib/python3.8/site-packages/airflow/example_dags/example_branch_operator.py
[2021-11-23 18:32:04,642] {scheduler_job.py:643} INFO - DAG(s) dict_keys(['example_branch_operator']) retrieved from /home/uiliam/virtualenvs/sandbox/lib/python3.8/site-packages/airflow/example_dags/example_branch_operator.py
[2021-11-23 18:32:04,685] {logging_mixin.py:104} INFO - [2021-11-23 18:32:04,684] {dag.py:1832} INFO - Sync 1 DAGs
[2021-11-23 18:32:04,716] {logging_mixin.py:104} INFO - [2021-11-23 18:32:04,716] {dag.py:2305} INFO - Setting next_dagrun for example_branch_operator to 2021-11-21 00:00:00+00:00
[2021-11-23 18:32:04,810] {scheduler_job.py:190} INFO - Processing /home/uiliam/virtualenvs/sandbox/lib/python3.8/site-packages/airflow/example_dags/example_branch_operator.py took 0.223 seconds
