[2021-11-23 18:25:57,184] {scheduler_job.py:182} INFO - Started process (PID=14278) to work on /home/uiliam/virtualenvs/sandbox/lib/python3.8/site-packages/airflow/example_dags/example_bash_operator.py
[2021-11-23 18:25:57,185] {scheduler_job.py:633} INFO - Processing file /home/uiliam/virtualenvs/sandbox/lib/python3.8/site-packages/airflow/example_dags/example_bash_operator.py for tasks to queue
[2021-11-23 18:25:57,187] {logging_mixin.py:104} INFO - [2021-11-23 18:25:57,186] {dagbag.py:487} INFO - Filling up the DagBag from /home/uiliam/virtualenvs/sandbox/lib/python3.8/site-packages/airflow/example_dags/example_bash_operator.py
[2021-11-23 18:25:57,218] {scheduler_job.py:643} INFO - DAG(s) dict_keys(['example_bash_operator']) retrieved from /home/uiliam/virtualenvs/sandbox/lib/python3.8/site-packages/airflow/example_dags/example_bash_operator.py
[2021-11-23 18:25:57,248] {logging_mixin.py:104} INFO - [2021-11-23 18:25:57,248] {dag.py:1832} INFO - Sync 1 DAGs
[2021-11-23 18:25:57,276] {logging_mixin.py:104} INFO - [2021-11-23 18:25:57,276] {dag.py:2305} INFO - Setting next_dagrun for example_bash_operator to 2021-11-21 00:00:00+00:00
[2021-11-23 18:25:57,834] {scheduler_job.py:190} INFO - Processing /home/uiliam/virtualenvs/sandbox/lib/python3.8/site-packages/airflow/example_dags/example_bash_operator.py took 0.657 seconds
[2021-11-23 18:26:35,798] {scheduler_job.py:182} INFO - Started process (PID=14333) to work on /home/uiliam/virtualenvs/sandbox/lib/python3.8/site-packages/airflow/example_dags/example_bash_operator.py
[2021-11-23 18:26:35,799] {scheduler_job.py:633} INFO - Processing file /home/uiliam/virtualenvs/sandbox/lib/python3.8/site-packages/airflow/example_dags/example_bash_operator.py for tasks to queue
[2021-11-23 18:26:35,800] {logging_mixin.py:104} INFO - [2021-11-23 18:26:35,800] {dagbag.py:487} INFO - Filling up the DagBag from /home/uiliam/virtualenvs/sandbox/lib/python3.8/site-packages/airflow/example_dags/example_bash_operator.py
[2021-11-23 18:26:35,817] {scheduler_job.py:643} INFO - DAG(s) dict_keys(['example_bash_operator']) retrieved from /home/uiliam/virtualenvs/sandbox/lib/python3.8/site-packages/airflow/example_dags/example_bash_operator.py
[2021-11-23 18:26:35,834] {logging_mixin.py:104} INFO - [2021-11-23 18:26:35,833] {dag.py:1832} INFO - Sync 1 DAGs
[2021-11-23 18:26:35,850] {logging_mixin.py:104} INFO - [2021-11-23 18:26:35,850] {dag.py:2305} INFO - Setting next_dagrun for example_bash_operator to 2021-11-21 00:00:00+00:00
[2021-11-23 18:26:35,941] {scheduler_job.py:190} INFO - Processing /home/uiliam/virtualenvs/sandbox/lib/python3.8/site-packages/airflow/example_dags/example_bash_operator.py took 0.148 seconds
[2021-11-23 18:27:26,046] {scheduler_job.py:182} INFO - Started process (PID=14466) to work on /home/uiliam/virtualenvs/sandbox/lib/python3.8/site-packages/airflow/example_dags/example_bash_operator.py
[2021-11-23 18:27:26,048] {scheduler_job.py:633} INFO - Processing file /home/uiliam/virtualenvs/sandbox/lib/python3.8/site-packages/airflow/example_dags/example_bash_operator.py for tasks to queue
[2021-11-23 18:27:26,049] {logging_mixin.py:104} INFO - [2021-11-23 18:27:26,049] {dagbag.py:487} INFO - Filling up the DagBag from /home/uiliam/virtualenvs/sandbox/lib/python3.8/site-packages/airflow/example_dags/example_bash_operator.py
[2021-11-23 18:27:26,080] {scheduler_job.py:643} INFO - DAG(s) dict_keys(['example_bash_operator']) retrieved from /home/uiliam/virtualenvs/sandbox/lib/python3.8/site-packages/airflow/example_dags/example_bash_operator.py
[2021-11-23 18:27:26,106] {logging_mixin.py:104} INFO - [2021-11-23 18:27:26,106] {dag.py:1832} INFO - Sync 1 DAGs
[2021-11-23 18:27:26,136] {logging_mixin.py:104} INFO - [2021-11-23 18:27:26,136] {dag.py:2305} INFO - Setting next_dagrun for example_bash_operator to 2021-11-21 00:00:00+00:00
[2021-11-23 18:27:26,338] {scheduler_job.py:190} INFO - Processing /home/uiliam/virtualenvs/sandbox/lib/python3.8/site-packages/airflow/example_dags/example_bash_operator.py took 0.296 seconds
[2021-11-23 18:28:17,764] {scheduler_job.py:182} INFO - Started process (PID=14528) to work on /home/uiliam/virtualenvs/sandbox/lib/python3.8/site-packages/airflow/example_dags/example_bash_operator.py
[2021-11-23 18:28:17,765] {scheduler_job.py:633} INFO - Processing file /home/uiliam/virtualenvs/sandbox/lib/python3.8/site-packages/airflow/example_dags/example_bash_operator.py for tasks to queue
[2021-11-23 18:28:17,766] {logging_mixin.py:104} INFO - [2021-11-23 18:28:17,766] {dagbag.py:487} INFO - Filling up the DagBag from /home/uiliam/virtualenvs/sandbox/lib/python3.8/site-packages/airflow/example_dags/example_bash_operator.py
[2021-11-23 18:28:17,781] {scheduler_job.py:643} INFO - DAG(s) dict_keys(['example_bash_operator']) retrieved from /home/uiliam/virtualenvs/sandbox/lib/python3.8/site-packages/airflow/example_dags/example_bash_operator.py
[2021-11-23 18:28:17,799] {logging_mixin.py:104} INFO - [2021-11-23 18:28:17,798] {dag.py:1832} INFO - Sync 1 DAGs
[2021-11-23 18:28:17,816] {logging_mixin.py:104} INFO - [2021-11-23 18:28:17,815] {dag.py:2305} INFO - Setting next_dagrun for example_bash_operator to 2021-11-21 00:00:00+00:00
[2021-11-23 18:28:17,898] {scheduler_job.py:190} INFO - Processing /home/uiliam/virtualenvs/sandbox/lib/python3.8/site-packages/airflow/example_dags/example_bash_operator.py took 0.137 seconds
[2021-11-23 18:29:07,367] {scheduler_job.py:182} INFO - Started process (PID=14621) to work on /home/uiliam/virtualenvs/sandbox/lib/python3.8/site-packages/airflow/example_dags/example_bash_operator.py
[2021-11-23 18:29:07,369] {scheduler_job.py:633} INFO - Processing file /home/uiliam/virtualenvs/sandbox/lib/python3.8/site-packages/airflow/example_dags/example_bash_operator.py for tasks to queue
[2021-11-23 18:29:07,370] {logging_mixin.py:104} INFO - [2021-11-23 18:29:07,369] {dagbag.py:487} INFO - Filling up the DagBag from /home/uiliam/virtualenvs/sandbox/lib/python3.8/site-packages/airflow/example_dags/example_bash_operator.py
[2021-11-23 18:29:07,396] {scheduler_job.py:643} INFO - DAG(s) dict_keys(['example_bash_operator']) retrieved from /home/uiliam/virtualenvs/sandbox/lib/python3.8/site-packages/airflow/example_dags/example_bash_operator.py
[2021-11-23 18:29:07,425] {logging_mixin.py:104} INFO - [2021-11-23 18:29:07,424] {dag.py:1832} INFO - Sync 1 DAGs
[2021-11-23 18:29:07,453] {logging_mixin.py:104} INFO - [2021-11-23 18:29:07,453] {dag.py:2305} INFO - Setting next_dagrun for example_bash_operator to 2021-11-21 00:00:00+00:00
[2021-11-23 18:29:07,559] {scheduler_job.py:190} INFO - Processing /home/uiliam/virtualenvs/sandbox/lib/python3.8/site-packages/airflow/example_dags/example_bash_operator.py took 0.198 seconds
[2021-11-23 18:30:01,436] {scheduler_job.py:182} INFO - Started process (PID=14668) to work on /home/uiliam/virtualenvs/sandbox/lib/python3.8/site-packages/airflow/example_dags/example_bash_operator.py
[2021-11-23 18:30:01,438] {scheduler_job.py:633} INFO - Processing file /home/uiliam/virtualenvs/sandbox/lib/python3.8/site-packages/airflow/example_dags/example_bash_operator.py for tasks to queue
[2021-11-23 18:30:01,439] {logging_mixin.py:104} INFO - [2021-11-23 18:30:01,439] {dagbag.py:487} INFO - Filling up the DagBag from /home/uiliam/virtualenvs/sandbox/lib/python3.8/site-packages/airflow/example_dags/example_bash_operator.py
[2021-11-23 18:30:01,471] {scheduler_job.py:643} INFO - DAG(s) dict_keys(['example_bash_operator']) retrieved from /home/uiliam/virtualenvs/sandbox/lib/python3.8/site-packages/airflow/example_dags/example_bash_operator.py
[2021-11-23 18:30:01,500] {logging_mixin.py:104} INFO - [2021-11-23 18:30:01,500] {dag.py:1832} INFO - Sync 1 DAGs
[2021-11-23 18:30:01,534] {logging_mixin.py:104} INFO - [2021-11-23 18:30:01,533] {dag.py:2305} INFO - Setting next_dagrun for example_bash_operator to 2021-11-21 00:00:00+00:00
[2021-11-23 18:30:01,637] {scheduler_job.py:190} INFO - Processing /home/uiliam/virtualenvs/sandbox/lib/python3.8/site-packages/airflow/example_dags/example_bash_operator.py took 0.210 seconds
[2021-11-23 18:30:54,357] {scheduler_job.py:182} INFO - Started process (PID=14756) to work on /home/uiliam/virtualenvs/sandbox/lib/python3.8/site-packages/airflow/example_dags/example_bash_operator.py
[2021-11-23 18:30:54,360] {scheduler_job.py:633} INFO - Processing file /home/uiliam/virtualenvs/sandbox/lib/python3.8/site-packages/airflow/example_dags/example_bash_operator.py for tasks to queue
[2021-11-23 18:30:54,361] {logging_mixin.py:104} INFO - [2021-11-23 18:30:54,361] {dagbag.py:487} INFO - Filling up the DagBag from /home/uiliam/virtualenvs/sandbox/lib/python3.8/site-packages/airflow/example_dags/example_bash_operator.py
[2021-11-23 18:30:54,393] {scheduler_job.py:643} INFO - DAG(s) dict_keys(['example_bash_operator']) retrieved from /home/uiliam/virtualenvs/sandbox/lib/python3.8/site-packages/airflow/example_dags/example_bash_operator.py
[2021-11-23 18:30:54,423] {logging_mixin.py:104} INFO - [2021-11-23 18:30:54,422] {dag.py:1832} INFO - Sync 1 DAGs
[2021-11-23 18:30:54,462] {logging_mixin.py:104} INFO - [2021-11-23 18:30:54,461] {dag.py:2305} INFO - Setting next_dagrun for example_bash_operator to 2021-11-21 00:00:00+00:00
[2021-11-23 18:30:54,673] {scheduler_job.py:190} INFO - Processing /home/uiliam/virtualenvs/sandbox/lib/python3.8/site-packages/airflow/example_dags/example_bash_operator.py took 0.321 seconds
[2021-11-23 18:31:49,658] {scheduler_job.py:182} INFO - Started process (PID=14820) to work on /home/uiliam/virtualenvs/sandbox/lib/python3.8/site-packages/airflow/example_dags/example_bash_operator.py
[2021-11-23 18:31:49,660] {scheduler_job.py:633} INFO - Processing file /home/uiliam/virtualenvs/sandbox/lib/python3.8/site-packages/airflow/example_dags/example_bash_operator.py for tasks to queue
[2021-11-23 18:31:49,661] {logging_mixin.py:104} INFO - [2021-11-23 18:31:49,661] {dagbag.py:487} INFO - Filling up the DagBag from /home/uiliam/virtualenvs/sandbox/lib/python3.8/site-packages/airflow/example_dags/example_bash_operator.py
[2021-11-23 18:31:49,686] {scheduler_job.py:643} INFO - DAG(s) dict_keys(['example_bash_operator']) retrieved from /home/uiliam/virtualenvs/sandbox/lib/python3.8/site-packages/airflow/example_dags/example_bash_operator.py
[2021-11-23 18:31:49,710] {logging_mixin.py:104} INFO - [2021-11-23 18:31:49,710] {dag.py:1832} INFO - Sync 1 DAGs
[2021-11-23 18:31:49,752] {logging_mixin.py:104} INFO - [2021-11-23 18:31:49,752] {dag.py:2305} INFO - Setting next_dagrun for example_bash_operator to 2021-11-21 00:00:00+00:00
[2021-11-23 18:31:49,857] {scheduler_job.py:190} INFO - Processing /home/uiliam/virtualenvs/sandbox/lib/python3.8/site-packages/airflow/example_dags/example_bash_operator.py took 0.206 seconds
[2021-11-23 18:32:35,199] {scheduler_job.py:182} INFO - Started process (PID=14908) to work on /home/uiliam/virtualenvs/sandbox/lib/python3.8/site-packages/airflow/example_dags/example_bash_operator.py
[2021-11-23 18:32:35,201] {scheduler_job.py:633} INFO - Processing file /home/uiliam/virtualenvs/sandbox/lib/python3.8/site-packages/airflow/example_dags/example_bash_operator.py for tasks to queue
[2021-11-23 18:32:35,202] {logging_mixin.py:104} INFO - [2021-11-23 18:32:35,201] {dagbag.py:487} INFO - Filling up the DagBag from /home/uiliam/virtualenvs/sandbox/lib/python3.8/site-packages/airflow/example_dags/example_bash_operator.py
[2021-11-23 18:32:35,218] {scheduler_job.py:643} INFO - DAG(s) dict_keys(['example_bash_operator']) retrieved from /home/uiliam/virtualenvs/sandbox/lib/python3.8/site-packages/airflow/example_dags/example_bash_operator.py
[2021-11-23 18:32:35,237] {logging_mixin.py:104} INFO - [2021-11-23 18:32:35,237] {dag.py:1832} INFO - Sync 1 DAGs
[2021-11-23 18:32:35,253] {logging_mixin.py:104} INFO - [2021-11-23 18:32:35,253] {dag.py:2305} INFO - Setting next_dagrun for example_bash_operator to 2021-11-21 00:00:00+00:00
[2021-11-23 18:32:35,362] {scheduler_job.py:190} INFO - Processing /home/uiliam/virtualenvs/sandbox/lib/python3.8/site-packages/airflow/example_dags/example_bash_operator.py took 0.167 seconds
