[2021-11-23 18:25:29,270] {scheduler_job.py:182} INFO - Started process (PID=14244) to work on /home/uiliam/virtualenvs/sandbox/lib/python3.8/site-packages/airflow/example_dags/example_xcom.py
[2021-11-23 18:25:29,272] {scheduler_job.py:633} INFO - Processing file /home/uiliam/virtualenvs/sandbox/lib/python3.8/site-packages/airflow/example_dags/example_xcom.py for tasks to queue
[2021-11-23 18:25:29,274] {logging_mixin.py:104} INFO - [2021-11-23 18:25:29,274] {dagbag.py:487} INFO - Filling up the DagBag from /home/uiliam/virtualenvs/sandbox/lib/python3.8/site-packages/airflow/example_dags/example_xcom.py
[2021-11-23 18:25:29,300] {scheduler_job.py:643} INFO - DAG(s) dict_keys(['example_xcom']) retrieved from /home/uiliam/virtualenvs/sandbox/lib/python3.8/site-packages/airflow/example_dags/example_xcom.py
[2021-11-23 18:25:29,340] {logging_mixin.py:104} INFO - [2021-11-23 18:25:29,339] {dag.py:1832} INFO - Sync 1 DAGs
[2021-11-23 18:25:29,366] {logging_mixin.py:104} INFO - [2021-11-23 18:25:29,365] {dag.py:2305} INFO - Setting next_dagrun for example_xcom to 2021-11-21 00:00:00+00:00
[2021-11-23 18:25:29,539] {scheduler_job.py:190} INFO - Processing /home/uiliam/virtualenvs/sandbox/lib/python3.8/site-packages/airflow/example_dags/example_xcom.py took 0.273 seconds
[2021-11-23 18:26:12,746] {scheduler_job.py:182} INFO - Started process (PID=14309) to work on /home/uiliam/virtualenvs/sandbox/lib/python3.8/site-packages/airflow/example_dags/example_xcom.py
[2021-11-23 18:26:12,747] {scheduler_job.py:633} INFO - Processing file /home/uiliam/virtualenvs/sandbox/lib/python3.8/site-packages/airflow/example_dags/example_xcom.py for tasks to queue
[2021-11-23 18:26:12,748] {logging_mixin.py:104} INFO - [2021-11-23 18:26:12,748] {dagbag.py:487} INFO - Filling up the DagBag from /home/uiliam/virtualenvs/sandbox/lib/python3.8/site-packages/airflow/example_dags/example_xcom.py
[2021-11-23 18:26:12,762] {scheduler_job.py:643} INFO - DAG(s) dict_keys(['example_xcom']) retrieved from /home/uiliam/virtualenvs/sandbox/lib/python3.8/site-packages/airflow/example_dags/example_xcom.py
[2021-11-23 18:26:12,778] {logging_mixin.py:104} INFO - [2021-11-23 18:26:12,778] {dag.py:1832} INFO - Sync 1 DAGs
[2021-11-23 18:26:12,791] {logging_mixin.py:104} INFO - [2021-11-23 18:26:12,791] {dag.py:2305} INFO - Setting next_dagrun for example_xcom to 2021-11-21 00:00:00+00:00
[2021-11-23 18:26:12,871] {scheduler_job.py:190} INFO - Processing /home/uiliam/virtualenvs/sandbox/lib/python3.8/site-packages/airflow/example_dags/example_xcom.py took 0.128 seconds
[2021-11-23 18:26:50,734] {scheduler_job.py:182} INFO - Started process (PID=14398) to work on /home/uiliam/virtualenvs/sandbox/lib/python3.8/site-packages/airflow/example_dags/example_xcom.py
[2021-11-23 18:26:50,735] {scheduler_job.py:633} INFO - Processing file /home/uiliam/virtualenvs/sandbox/lib/python3.8/site-packages/airflow/example_dags/example_xcom.py for tasks to queue
[2021-11-23 18:26:50,738] {logging_mixin.py:104} INFO - [2021-11-23 18:26:50,737] {dagbag.py:487} INFO - Filling up the DagBag from /home/uiliam/virtualenvs/sandbox/lib/python3.8/site-packages/airflow/example_dags/example_xcom.py
[2021-11-23 18:26:50,774] {scheduler_job.py:643} INFO - DAG(s) dict_keys(['example_xcom']) retrieved from /home/uiliam/virtualenvs/sandbox/lib/python3.8/site-packages/airflow/example_dags/example_xcom.py
[2021-11-23 18:26:50,805] {logging_mixin.py:104} INFO - [2021-11-23 18:26:50,804] {dag.py:1832} INFO - Sync 1 DAGs
[2021-11-23 18:26:50,828] {logging_mixin.py:104} INFO - [2021-11-23 18:26:50,827] {dag.py:2305} INFO - Setting next_dagrun for example_xcom to 2021-11-21 00:00:00+00:00
[2021-11-23 18:26:50,923] {scheduler_job.py:190} INFO - Processing /home/uiliam/virtualenvs/sandbox/lib/python3.8/site-packages/airflow/example_dags/example_xcom.py took 0.194 seconds
[2021-11-23 18:27:33,176] {scheduler_job.py:182} INFO - Started process (PID=14472) to work on /home/uiliam/virtualenvs/sandbox/lib/python3.8/site-packages/airflow/example_dags/example_xcom.py
[2021-11-23 18:27:33,180] {scheduler_job.py:633} INFO - Processing file /home/uiliam/virtualenvs/sandbox/lib/python3.8/site-packages/airflow/example_dags/example_xcom.py for tasks to queue
[2021-11-23 18:27:33,184] {logging_mixin.py:104} INFO - [2021-11-23 18:27:33,182] {dagbag.py:487} INFO - Filling up the DagBag from /home/uiliam/virtualenvs/sandbox/lib/python3.8/site-packages/airflow/example_dags/example_xcom.py
[2021-11-23 18:27:33,213] {scheduler_job.py:643} INFO - DAG(s) dict_keys(['example_xcom']) retrieved from /home/uiliam/virtualenvs/sandbox/lib/python3.8/site-packages/airflow/example_dags/example_xcom.py
[2021-11-23 18:27:33,252] {logging_mixin.py:104} INFO - [2021-11-23 18:27:33,251] {dag.py:1832} INFO - Sync 1 DAGs
[2021-11-23 18:27:33,289] {logging_mixin.py:104} INFO - [2021-11-23 18:27:33,288] {dag.py:2305} INFO - Setting next_dagrun for example_xcom to 2021-11-21 00:00:00+00:00
[2021-11-23 18:27:33,407] {scheduler_job.py:190} INFO - Processing /home/uiliam/virtualenvs/sandbox/lib/python3.8/site-packages/airflow/example_dags/example_xcom.py took 0.238 seconds
[2021-11-23 18:28:12,388] {scheduler_job.py:182} INFO - Started process (PID=14524) to work on /home/uiliam/virtualenvs/sandbox/lib/python3.8/site-packages/airflow/example_dags/example_xcom.py
[2021-11-23 18:28:12,389] {scheduler_job.py:633} INFO - Processing file /home/uiliam/virtualenvs/sandbox/lib/python3.8/site-packages/airflow/example_dags/example_xcom.py for tasks to queue
[2021-11-23 18:28:12,390] {logging_mixin.py:104} INFO - [2021-11-23 18:28:12,390] {dagbag.py:487} INFO - Filling up the DagBag from /home/uiliam/virtualenvs/sandbox/lib/python3.8/site-packages/airflow/example_dags/example_xcom.py
[2021-11-23 18:28:12,404] {scheduler_job.py:643} INFO - DAG(s) dict_keys(['example_xcom']) retrieved from /home/uiliam/virtualenvs/sandbox/lib/python3.8/site-packages/airflow/example_dags/example_xcom.py
[2021-11-23 18:28:12,420] {logging_mixin.py:104} INFO - [2021-11-23 18:28:12,420] {dag.py:1832} INFO - Sync 1 DAGs
[2021-11-23 18:28:12,433] {logging_mixin.py:104} INFO - [2021-11-23 18:28:12,433] {dag.py:2305} INFO - Setting next_dagrun for example_xcom to 2021-11-21 00:00:00+00:00
[2021-11-23 18:28:12,518] {scheduler_job.py:190} INFO - Processing /home/uiliam/virtualenvs/sandbox/lib/python3.8/site-packages/airflow/example_dags/example_xcom.py took 0.134 seconds
[2021-11-23 18:28:49,419] {scheduler_job.py:182} INFO - Started process (PID=14603) to work on /home/uiliam/virtualenvs/sandbox/lib/python3.8/site-packages/airflow/example_dags/example_xcom.py
[2021-11-23 18:28:49,422] {scheduler_job.py:633} INFO - Processing file /home/uiliam/virtualenvs/sandbox/lib/python3.8/site-packages/airflow/example_dags/example_xcom.py for tasks to queue
[2021-11-23 18:28:49,423] {logging_mixin.py:104} INFO - [2021-11-23 18:28:49,423] {dagbag.py:487} INFO - Filling up the DagBag from /home/uiliam/virtualenvs/sandbox/lib/python3.8/site-packages/airflow/example_dags/example_xcom.py
[2021-11-23 18:28:49,443] {scheduler_job.py:643} INFO - DAG(s) dict_keys(['example_xcom']) retrieved from /home/uiliam/virtualenvs/sandbox/lib/python3.8/site-packages/airflow/example_dags/example_xcom.py
[2021-11-23 18:28:49,470] {logging_mixin.py:104} INFO - [2021-11-23 18:28:49,470] {dag.py:1832} INFO - Sync 1 DAGs
[2021-11-23 18:28:49,488] {logging_mixin.py:104} INFO - [2021-11-23 18:28:49,488] {dag.py:2305} INFO - Setting next_dagrun for example_xcom to 2021-11-21 00:00:00+00:00
[2021-11-23 18:28:49,615] {scheduler_job.py:190} INFO - Processing /home/uiliam/virtualenvs/sandbox/lib/python3.8/site-packages/airflow/example_dags/example_xcom.py took 0.202 seconds
[2021-11-23 18:29:29,046] {scheduler_job.py:182} INFO - Started process (PID=14640) to work on /home/uiliam/virtualenvs/sandbox/lib/python3.8/site-packages/airflow/example_dags/example_xcom.py
[2021-11-23 18:29:29,048] {scheduler_job.py:633} INFO - Processing file /home/uiliam/virtualenvs/sandbox/lib/python3.8/site-packages/airflow/example_dags/example_xcom.py for tasks to queue
[2021-11-23 18:29:29,050] {logging_mixin.py:104} INFO - [2021-11-23 18:29:29,050] {dagbag.py:487} INFO - Filling up the DagBag from /home/uiliam/virtualenvs/sandbox/lib/python3.8/site-packages/airflow/example_dags/example_xcom.py
[2021-11-23 18:29:29,077] {scheduler_job.py:643} INFO - DAG(s) dict_keys(['example_xcom']) retrieved from /home/uiliam/virtualenvs/sandbox/lib/python3.8/site-packages/airflow/example_dags/example_xcom.py
[2021-11-23 18:29:29,104] {logging_mixin.py:104} INFO - [2021-11-23 18:29:29,104] {dag.py:1832} INFO - Sync 1 DAGs
[2021-11-23 18:29:29,130] {logging_mixin.py:104} INFO - [2021-11-23 18:29:29,129] {dag.py:2305} INFO - Setting next_dagrun for example_xcom to 2021-11-21 00:00:00+00:00
[2021-11-23 18:29:29,241] {scheduler_job.py:190} INFO - Processing /home/uiliam/virtualenvs/sandbox/lib/python3.8/site-packages/airflow/example_dags/example_xcom.py took 0.199 seconds
[2021-11-23 18:30:09,600] {scheduler_job.py:182} INFO - Started process (PID=14676) to work on /home/uiliam/virtualenvs/sandbox/lib/python3.8/site-packages/airflow/example_dags/example_xcom.py
[2021-11-23 18:30:09,603] {scheduler_job.py:633} INFO - Processing file /home/uiliam/virtualenvs/sandbox/lib/python3.8/site-packages/airflow/example_dags/example_xcom.py for tasks to queue
[2021-11-23 18:30:09,604] {logging_mixin.py:104} INFO - [2021-11-23 18:30:09,604] {dagbag.py:487} INFO - Filling up the DagBag from /home/uiliam/virtualenvs/sandbox/lib/python3.8/site-packages/airflow/example_dags/example_xcom.py
[2021-11-23 18:30:09,630] {scheduler_job.py:643} INFO - DAG(s) dict_keys(['example_xcom']) retrieved from /home/uiliam/virtualenvs/sandbox/lib/python3.8/site-packages/airflow/example_dags/example_xcom.py
[2021-11-23 18:30:09,655] {logging_mixin.py:104} INFO - [2021-11-23 18:30:09,654] {dag.py:1832} INFO - Sync 1 DAGs
[2021-11-23 18:30:09,682] {logging_mixin.py:104} INFO - [2021-11-23 18:30:09,682] {dag.py:2305} INFO - Setting next_dagrun for example_xcom to 2021-11-21 00:00:00+00:00
[2021-11-23 18:30:09,883] {scheduler_job.py:190} INFO - Processing /home/uiliam/virtualenvs/sandbox/lib/python3.8/site-packages/airflow/example_dags/example_xcom.py took 0.292 seconds
[2021-11-23 18:30:49,063] {scheduler_job.py:182} INFO - Started process (PID=14752) to work on /home/uiliam/virtualenvs/sandbox/lib/python3.8/site-packages/airflow/example_dags/example_xcom.py
[2021-11-23 18:30:49,065] {scheduler_job.py:633} INFO - Processing file /home/uiliam/virtualenvs/sandbox/lib/python3.8/site-packages/airflow/example_dags/example_xcom.py for tasks to queue
[2021-11-23 18:30:49,066] {logging_mixin.py:104} INFO - [2021-11-23 18:30:49,066] {dagbag.py:487} INFO - Filling up the DagBag from /home/uiliam/virtualenvs/sandbox/lib/python3.8/site-packages/airflow/example_dags/example_xcom.py
[2021-11-23 18:30:49,090] {scheduler_job.py:643} INFO - DAG(s) dict_keys(['example_xcom']) retrieved from /home/uiliam/virtualenvs/sandbox/lib/python3.8/site-packages/airflow/example_dags/example_xcom.py
[2021-11-23 18:30:49,125] {logging_mixin.py:104} INFO - [2021-11-23 18:30:49,125] {dag.py:1832} INFO - Sync 1 DAGs
[2021-11-23 18:30:49,152] {logging_mixin.py:104} INFO - [2021-11-23 18:30:49,152] {dag.py:2305} INFO - Setting next_dagrun for example_xcom to 2021-11-21 00:00:00+00:00
[2021-11-23 18:30:49,266] {scheduler_job.py:190} INFO - Processing /home/uiliam/virtualenvs/sandbox/lib/python3.8/site-packages/airflow/example_dags/example_xcom.py took 0.207 seconds
[2021-11-23 18:31:31,149] {scheduler_job.py:182} INFO - Started process (PID=14804) to work on /home/uiliam/virtualenvs/sandbox/lib/python3.8/site-packages/airflow/example_dags/example_xcom.py
[2021-11-23 18:31:31,152] {scheduler_job.py:633} INFO - Processing file /home/uiliam/virtualenvs/sandbox/lib/python3.8/site-packages/airflow/example_dags/example_xcom.py for tasks to queue
[2021-11-23 18:31:31,153] {logging_mixin.py:104} INFO - [2021-11-23 18:31:31,153] {dagbag.py:487} INFO - Filling up the DagBag from /home/uiliam/virtualenvs/sandbox/lib/python3.8/site-packages/airflow/example_dags/example_xcom.py
[2021-11-23 18:31:31,179] {scheduler_job.py:643} INFO - DAG(s) dict_keys(['example_xcom']) retrieved from /home/uiliam/virtualenvs/sandbox/lib/python3.8/site-packages/airflow/example_dags/example_xcom.py
[2021-11-23 18:31:31,213] {logging_mixin.py:104} INFO - [2021-11-23 18:31:31,213] {dag.py:1832} INFO - Sync 1 DAGs
[2021-11-23 18:31:31,246] {logging_mixin.py:104} INFO - [2021-11-23 18:31:31,246] {dag.py:2305} INFO - Setting next_dagrun for example_xcom to 2021-11-21 00:00:00+00:00
[2021-11-23 18:31:31,353] {scheduler_job.py:190} INFO - Processing /home/uiliam/virtualenvs/sandbox/lib/python3.8/site-packages/airflow/example_dags/example_xcom.py took 0.212 seconds
[2021-11-23 18:32:12,790] {scheduler_job.py:182} INFO - Started process (PID=14840) to work on /home/uiliam/virtualenvs/sandbox/lib/python3.8/site-packages/airflow/example_dags/example_xcom.py
[2021-11-23 18:32:12,794] {scheduler_job.py:633} INFO - Processing file /home/uiliam/virtualenvs/sandbox/lib/python3.8/site-packages/airflow/example_dags/example_xcom.py for tasks to queue
[2021-11-23 18:32:12,796] {logging_mixin.py:104} INFO - [2021-11-23 18:32:12,796] {dagbag.py:487} INFO - Filling up the DagBag from /home/uiliam/virtualenvs/sandbox/lib/python3.8/site-packages/airflow/example_dags/example_xcom.py
[2021-11-23 18:32:12,822] {scheduler_job.py:643} INFO - DAG(s) dict_keys(['example_xcom']) retrieved from /home/uiliam/virtualenvs/sandbox/lib/python3.8/site-packages/airflow/example_dags/example_xcom.py
[2021-11-23 18:32:12,859] {logging_mixin.py:104} INFO - [2021-11-23 18:32:12,859] {dag.py:1832} INFO - Sync 1 DAGs
[2021-11-23 18:32:12,896] {logging_mixin.py:104} INFO - [2021-11-23 18:32:12,896] {dag.py:2305} INFO - Setting next_dagrun for example_xcom to 2021-11-21 00:00:00+00:00
[2021-11-23 18:32:13,001] {scheduler_job.py:190} INFO - Processing /home/uiliam/virtualenvs/sandbox/lib/python3.8/site-packages/airflow/example_dags/example_xcom.py took 0.219 seconds
