[2021-11-23 18:25:36,582] {scheduler_job.py:182} INFO - Started process (PID=14250) to work on /home/uiliam/virtualenvs/sandbox/lib/python3.8/site-packages/airflow/example_dags/example_task_group_decorator.py
[2021-11-23 18:25:36,585] {scheduler_job.py:633} INFO - Processing file /home/uiliam/virtualenvs/sandbox/lib/python3.8/site-packages/airflow/example_dags/example_task_group_decorator.py for tasks to queue
[2021-11-23 18:25:36,586] {logging_mixin.py:104} INFO - [2021-11-23 18:25:36,586] {dagbag.py:487} INFO - Filling up the DagBag from /home/uiliam/virtualenvs/sandbox/lib/python3.8/site-packages/airflow/example_dags/example_task_group_decorator.py
[2021-11-23 18:25:36,647] {scheduler_job.py:643} INFO - DAG(s) dict_keys(['example_task_group_decorator']) retrieved from /home/uiliam/virtualenvs/sandbox/lib/python3.8/site-packages/airflow/example_dags/example_task_group_decorator.py
[2021-11-23 18:25:37,528] {logging_mixin.py:104} INFO - [2021-11-23 18:25:37,527] {dag.py:1832} INFO - Sync 1 DAGs
[2021-11-23 18:25:37,553] {logging_mixin.py:104} INFO - [2021-11-23 18:25:37,552] {dag.py:2305} INFO - Setting next_dagrun for example_task_group_decorator to 2021-11-21 00:00:00+00:00
[2021-11-23 18:25:37,706] {scheduler_job.py:190} INFO - Processing /home/uiliam/virtualenvs/sandbox/lib/python3.8/site-packages/airflow/example_dags/example_task_group_decorator.py took 1.133 seconds
[2021-11-23 18:26:18,212] {scheduler_job.py:182} INFO - Started process (PID=14317) to work on /home/uiliam/virtualenvs/sandbox/lib/python3.8/site-packages/airflow/example_dags/example_task_group_decorator.py
[2021-11-23 18:26:18,214] {scheduler_job.py:633} INFO - Processing file /home/uiliam/virtualenvs/sandbox/lib/python3.8/site-packages/airflow/example_dags/example_task_group_decorator.py for tasks to queue
[2021-11-23 18:26:18,215] {logging_mixin.py:104} INFO - [2021-11-23 18:26:18,214] {dagbag.py:487} INFO - Filling up the DagBag from /home/uiliam/virtualenvs/sandbox/lib/python3.8/site-packages/airflow/example_dags/example_task_group_decorator.py
[2021-11-23 18:26:18,242] {scheduler_job.py:643} INFO - DAG(s) dict_keys(['example_task_group_decorator']) retrieved from /home/uiliam/virtualenvs/sandbox/lib/python3.8/site-packages/airflow/example_dags/example_task_group_decorator.py
[2021-11-23 18:26:18,635] {logging_mixin.py:104} INFO - [2021-11-23 18:26:18,635] {dag.py:1832} INFO - Sync 1 DAGs
[2021-11-23 18:26:18,646] {logging_mixin.py:104} INFO - [2021-11-23 18:26:18,646] {dag.py:2305} INFO - Setting next_dagrun for example_task_group_decorator to 2021-11-21 00:00:00+00:00
[2021-11-23 18:26:18,738] {scheduler_job.py:190} INFO - Processing /home/uiliam/virtualenvs/sandbox/lib/python3.8/site-packages/airflow/example_dags/example_task_group_decorator.py took 0.531 seconds
[2021-11-23 18:26:57,543] {scheduler_job.py:182} INFO - Started process (PID=14406) to work on /home/uiliam/virtualenvs/sandbox/lib/python3.8/site-packages/airflow/example_dags/example_task_group_decorator.py
[2021-11-23 18:26:57,545] {scheduler_job.py:633} INFO - Processing file /home/uiliam/virtualenvs/sandbox/lib/python3.8/site-packages/airflow/example_dags/example_task_group_decorator.py for tasks to queue
[2021-11-23 18:26:57,545] {logging_mixin.py:104} INFO - [2021-11-23 18:26:57,545] {dagbag.py:487} INFO - Filling up the DagBag from /home/uiliam/virtualenvs/sandbox/lib/python3.8/site-packages/airflow/example_dags/example_task_group_decorator.py
[2021-11-23 18:26:57,596] {scheduler_job.py:643} INFO - DAG(s) dict_keys(['example_task_group_decorator']) retrieved from /home/uiliam/virtualenvs/sandbox/lib/python3.8/site-packages/airflow/example_dags/example_task_group_decorator.py
[2021-11-23 18:26:58,315] {logging_mixin.py:104} INFO - [2021-11-23 18:26:58,315] {dag.py:1832} INFO - Sync 1 DAGs
[2021-11-23 18:26:58,337] {logging_mixin.py:104} INFO - [2021-11-23 18:26:58,337] {dag.py:2305} INFO - Setting next_dagrun for example_task_group_decorator to 2021-11-21 00:00:00+00:00
[2021-11-23 18:26:58,579] {scheduler_job.py:190} INFO - Processing /home/uiliam/virtualenvs/sandbox/lib/python3.8/site-packages/airflow/example_dags/example_task_group_decorator.py took 1.043 seconds
[2021-11-23 18:27:42,053] {scheduler_job.py:182} INFO - Started process (PID=14478) to work on /home/uiliam/virtualenvs/sandbox/lib/python3.8/site-packages/airflow/example_dags/example_task_group_decorator.py
[2021-11-23 18:27:42,056] {scheduler_job.py:633} INFO - Processing file /home/uiliam/virtualenvs/sandbox/lib/python3.8/site-packages/airflow/example_dags/example_task_group_decorator.py for tasks to queue
[2021-11-23 18:27:42,057] {logging_mixin.py:104} INFO - [2021-11-23 18:27:42,057] {dagbag.py:487} INFO - Filling up the DagBag from /home/uiliam/virtualenvs/sandbox/lib/python3.8/site-packages/airflow/example_dags/example_task_group_decorator.py
[2021-11-23 18:27:42,091] {scheduler_job.py:643} INFO - DAG(s) dict_keys(['example_task_group_decorator']) retrieved from /home/uiliam/virtualenvs/sandbox/lib/python3.8/site-packages/airflow/example_dags/example_task_group_decorator.py
[2021-11-23 18:27:42,766] {logging_mixin.py:104} INFO - [2021-11-23 18:27:42,766] {dag.py:1832} INFO - Sync 1 DAGs
[2021-11-23 18:27:42,797] {logging_mixin.py:104} INFO - [2021-11-23 18:27:42,796] {dag.py:2305} INFO - Setting next_dagrun for example_task_group_decorator to 2021-11-21 00:00:00+00:00
[2021-11-23 18:27:42,907] {scheduler_job.py:190} INFO - Processing /home/uiliam/virtualenvs/sandbox/lib/python3.8/site-packages/airflow/example_dags/example_task_group_decorator.py took 0.862 seconds
[2021-11-23 18:28:23,133] {scheduler_job.py:182} INFO - Started process (PID=14565) to work on /home/uiliam/virtualenvs/sandbox/lib/python3.8/site-packages/airflow/example_dags/example_task_group_decorator.py
[2021-11-23 18:28:23,135] {scheduler_job.py:633} INFO - Processing file /home/uiliam/virtualenvs/sandbox/lib/python3.8/site-packages/airflow/example_dags/example_task_group_decorator.py for tasks to queue
[2021-11-23 18:28:23,136] {logging_mixin.py:104} INFO - [2021-11-23 18:28:23,135] {dagbag.py:487} INFO - Filling up the DagBag from /home/uiliam/virtualenvs/sandbox/lib/python3.8/site-packages/airflow/example_dags/example_task_group_decorator.py
[2021-11-23 18:28:23,169] {scheduler_job.py:643} INFO - DAG(s) dict_keys(['example_task_group_decorator']) retrieved from /home/uiliam/virtualenvs/sandbox/lib/python3.8/site-packages/airflow/example_dags/example_task_group_decorator.py
[2021-11-23 18:28:23,538] {logging_mixin.py:104} INFO - [2021-11-23 18:28:23,538] {dag.py:1832} INFO - Sync 1 DAGs
[2021-11-23 18:28:23,550] {logging_mixin.py:104} INFO - [2021-11-23 18:28:23,550] {dag.py:2305} INFO - Setting next_dagrun for example_task_group_decorator to 2021-11-21 00:00:00+00:00
[2021-11-23 18:28:23,640] {scheduler_job.py:190} INFO - Processing /home/uiliam/virtualenvs/sandbox/lib/python3.8/site-packages/airflow/example_dags/example_task_group_decorator.py took 0.510 seconds
[2021-11-23 18:29:02,021] {scheduler_job.py:182} INFO - Started process (PID=14618) to work on /home/uiliam/virtualenvs/sandbox/lib/python3.8/site-packages/airflow/example_dags/example_task_group_decorator.py
[2021-11-23 18:29:02,023] {scheduler_job.py:633} INFO - Processing file /home/uiliam/virtualenvs/sandbox/lib/python3.8/site-packages/airflow/example_dags/example_task_group_decorator.py for tasks to queue
[2021-11-23 18:29:02,024] {logging_mixin.py:104} INFO - [2021-11-23 18:29:02,023] {dagbag.py:487} INFO - Filling up the DagBag from /home/uiliam/virtualenvs/sandbox/lib/python3.8/site-packages/airflow/example_dags/example_task_group_decorator.py
[2021-11-23 18:29:02,069] {scheduler_job.py:643} INFO - DAG(s) dict_keys(['example_task_group_decorator']) retrieved from /home/uiliam/virtualenvs/sandbox/lib/python3.8/site-packages/airflow/example_dags/example_task_group_decorator.py
[2021-11-23 18:29:02,712] {logging_mixin.py:104} INFO - [2021-11-23 18:29:02,712] {dag.py:1832} INFO - Sync 1 DAGs
[2021-11-23 18:29:02,730] {logging_mixin.py:104} INFO - [2021-11-23 18:29:02,730] {dag.py:2305} INFO - Setting next_dagrun for example_task_group_decorator to 2021-11-21 00:00:00+00:00
[2021-11-23 18:29:02,851] {scheduler_job.py:190} INFO - Processing /home/uiliam/virtualenvs/sandbox/lib/python3.8/site-packages/airflow/example_dags/example_task_group_decorator.py took 0.835 seconds
[2021-11-23 18:29:44,276] {scheduler_job.py:182} INFO - Started process (PID=14651) to work on /home/uiliam/virtualenvs/sandbox/lib/python3.8/site-packages/airflow/example_dags/example_task_group_decorator.py
[2021-11-23 18:29:44,278] {scheduler_job.py:633} INFO - Processing file /home/uiliam/virtualenvs/sandbox/lib/python3.8/site-packages/airflow/example_dags/example_task_group_decorator.py for tasks to queue
[2021-11-23 18:29:44,279] {logging_mixin.py:104} INFO - [2021-11-23 18:29:44,279] {dagbag.py:487} INFO - Filling up the DagBag from /home/uiliam/virtualenvs/sandbox/lib/python3.8/site-packages/airflow/example_dags/example_task_group_decorator.py
[2021-11-23 18:29:44,339] {scheduler_job.py:643} INFO - DAG(s) dict_keys(['example_task_group_decorator']) retrieved from /home/uiliam/virtualenvs/sandbox/lib/python3.8/site-packages/airflow/example_dags/example_task_group_decorator.py
[2021-11-23 18:29:45,007] {logging_mixin.py:104} INFO - [2021-11-23 18:29:45,006] {dag.py:1832} INFO - Sync 1 DAGs
[2021-11-23 18:29:45,028] {logging_mixin.py:104} INFO - [2021-11-23 18:29:45,028] {dag.py:2305} INFO - Setting next_dagrun for example_task_group_decorator to 2021-11-21 00:00:00+00:00
[2021-11-23 18:29:45,131] {scheduler_job.py:190} INFO - Processing /home/uiliam/virtualenvs/sandbox/lib/python3.8/site-packages/airflow/example_dags/example_task_group_decorator.py took 0.860 seconds
[2021-11-23 18:30:22,386] {scheduler_job.py:182} INFO - Started process (PID=14717) to work on /home/uiliam/virtualenvs/sandbox/lib/python3.8/site-packages/airflow/example_dags/example_task_group_decorator.py
[2021-11-23 18:30:22,389] {scheduler_job.py:633} INFO - Processing file /home/uiliam/virtualenvs/sandbox/lib/python3.8/site-packages/airflow/example_dags/example_task_group_decorator.py for tasks to queue
[2021-11-23 18:30:22,390] {logging_mixin.py:104} INFO - [2021-11-23 18:30:22,390] {dagbag.py:487} INFO - Filling up the DagBag from /home/uiliam/virtualenvs/sandbox/lib/python3.8/site-packages/airflow/example_dags/example_task_group_decorator.py
[2021-11-23 18:30:22,431] {scheduler_job.py:643} INFO - DAG(s) dict_keys(['example_task_group_decorator']) retrieved from /home/uiliam/virtualenvs/sandbox/lib/python3.8/site-packages/airflow/example_dags/example_task_group_decorator.py
[2021-11-23 18:30:23,141] {logging_mixin.py:104} INFO - [2021-11-23 18:30:23,140] {dag.py:1832} INFO - Sync 1 DAGs
[2021-11-23 18:30:23,161] {logging_mixin.py:104} INFO - [2021-11-23 18:30:23,160] {dag.py:2305} INFO - Setting next_dagrun for example_task_group_decorator to 2021-11-21 00:00:00+00:00
[2021-11-23 18:30:23,307] {scheduler_job.py:190} INFO - Processing /home/uiliam/virtualenvs/sandbox/lib/python3.8/site-packages/airflow/example_dags/example_task_group_decorator.py took 0.928 seconds
[2021-11-23 18:31:03,494] {scheduler_job.py:182} INFO - Started process (PID=14765) to work on /home/uiliam/virtualenvs/sandbox/lib/python3.8/site-packages/airflow/example_dags/example_task_group_decorator.py
[2021-11-23 18:31:03,496] {scheduler_job.py:633} INFO - Processing file /home/uiliam/virtualenvs/sandbox/lib/python3.8/site-packages/airflow/example_dags/example_task_group_decorator.py for tasks to queue
[2021-11-23 18:31:03,500] {logging_mixin.py:104} INFO - [2021-11-23 18:31:03,499] {dagbag.py:487} INFO - Filling up the DagBag from /home/uiliam/virtualenvs/sandbox/lib/python3.8/site-packages/airflow/example_dags/example_task_group_decorator.py
[2021-11-23 18:31:03,571] {scheduler_job.py:643} INFO - DAG(s) dict_keys(['example_task_group_decorator']) retrieved from /home/uiliam/virtualenvs/sandbox/lib/python3.8/site-packages/airflow/example_dags/example_task_group_decorator.py
[2021-11-23 18:31:04,292] {logging_mixin.py:104} INFO - [2021-11-23 18:31:04,291] {dag.py:1832} INFO - Sync 1 DAGs
[2021-11-23 18:31:04,316] {logging_mixin.py:104} INFO - [2021-11-23 18:31:04,315] {dag.py:2305} INFO - Setting next_dagrun for example_task_group_decorator to 2021-11-21 00:00:00+00:00
[2021-11-23 18:31:04,424] {scheduler_job.py:190} INFO - Processing /home/uiliam/virtualenvs/sandbox/lib/python3.8/site-packages/airflow/example_dags/example_task_group_decorator.py took 0.936 seconds
[2021-11-23 18:31:44,697] {scheduler_job.py:182} INFO - Started process (PID=14816) to work on /home/uiliam/virtualenvs/sandbox/lib/python3.8/site-packages/airflow/example_dags/example_task_group_decorator.py
[2021-11-23 18:31:44,700] {scheduler_job.py:633} INFO - Processing file /home/uiliam/virtualenvs/sandbox/lib/python3.8/site-packages/airflow/example_dags/example_task_group_decorator.py for tasks to queue
[2021-11-23 18:31:44,701] {logging_mixin.py:104} INFO - [2021-11-23 18:31:44,701] {dagbag.py:487} INFO - Filling up the DagBag from /home/uiliam/virtualenvs/sandbox/lib/python3.8/site-packages/airflow/example_dags/example_task_group_decorator.py
[2021-11-23 18:31:44,792] {scheduler_job.py:643} INFO - DAG(s) dict_keys(['example_task_group_decorator']) retrieved from /home/uiliam/virtualenvs/sandbox/lib/python3.8/site-packages/airflow/example_dags/example_task_group_decorator.py
[2021-11-23 18:31:45,549] {logging_mixin.py:104} INFO - [2021-11-23 18:31:45,549] {dag.py:1832} INFO - Sync 1 DAGs
[2021-11-23 18:31:45,566] {logging_mixin.py:104} INFO - [2021-11-23 18:31:45,566] {dag.py:2305} INFO - Setting next_dagrun for example_task_group_decorator to 2021-11-21 00:00:00+00:00
[2021-11-23 18:31:45,659] {scheduler_job.py:190} INFO - Processing /home/uiliam/virtualenvs/sandbox/lib/python3.8/site-packages/airflow/example_dags/example_task_group_decorator.py took 0.968 seconds
[2021-11-23 18:32:29,463] {scheduler_job.py:182} INFO - Started process (PID=14890) to work on /home/uiliam/virtualenvs/sandbox/lib/python3.8/site-packages/airflow/example_dags/example_task_group_decorator.py
[2021-11-23 18:32:29,465] {scheduler_job.py:633} INFO - Processing file /home/uiliam/virtualenvs/sandbox/lib/python3.8/site-packages/airflow/example_dags/example_task_group_decorator.py for tasks to queue
[2021-11-23 18:32:29,465] {logging_mixin.py:104} INFO - [2021-11-23 18:32:29,465] {dagbag.py:487} INFO - Filling up the DagBag from /home/uiliam/virtualenvs/sandbox/lib/python3.8/site-packages/airflow/example_dags/example_task_group_decorator.py
[2021-11-23 18:32:29,496] {scheduler_job.py:643} INFO - DAG(s) dict_keys(['example_task_group_decorator']) retrieved from /home/uiliam/virtualenvs/sandbox/lib/python3.8/site-packages/airflow/example_dags/example_task_group_decorator.py
[2021-11-23 18:32:29,902] {logging_mixin.py:104} INFO - [2021-11-23 18:32:29,902] {dag.py:1832} INFO - Sync 1 DAGs
[2021-11-23 18:32:29,912] {logging_mixin.py:104} INFO - [2021-11-23 18:32:29,912] {dag.py:2305} INFO - Setting next_dagrun for example_task_group_decorator to 2021-11-21 00:00:00+00:00
[2021-11-23 18:32:30,058] {scheduler_job.py:190} INFO - Processing /home/uiliam/virtualenvs/sandbox/lib/python3.8/site-packages/airflow/example_dags/example_task_group_decorator.py took 0.599 seconds
