[2021-11-23 18:25:29,799] {scheduler_job.py:182} INFO - Started process (PID=14245) to work on /home/uiliam/virtualenvs/sandbox/lib/python3.8/site-packages/airflow/example_dags/example_python_operator.py
[2021-11-23 18:25:29,802] {scheduler_job.py:633} INFO - Processing file /home/uiliam/virtualenvs/sandbox/lib/python3.8/site-packages/airflow/example_dags/example_python_operator.py for tasks to queue
[2021-11-23 18:25:29,803] {logging_mixin.py:104} INFO - [2021-11-23 18:25:29,803] {dagbag.py:487} INFO - Filling up the DagBag from /home/uiliam/virtualenvs/sandbox/lib/python3.8/site-packages/airflow/example_dags/example_python_operator.py
[2021-11-23 18:25:29,827] {scheduler_job.py:643} INFO - DAG(s) dict_keys(['example_python_operator']) retrieved from /home/uiliam/virtualenvs/sandbox/lib/python3.8/site-packages/airflow/example_dags/example_python_operator.py
[2021-11-23 18:25:29,868] {logging_mixin.py:104} INFO - [2021-11-23 18:25:29,868] {dag.py:1832} INFO - Sync 1 DAGs
[2021-11-23 18:25:29,894] {logging_mixin.py:104} INFO - [2021-11-23 18:25:29,894] {dag.py:2305} INFO - Setting next_dagrun for example_python_operator to None
[2021-11-23 18:25:29,992] {scheduler_job.py:190} INFO - Processing /home/uiliam/virtualenvs/sandbox/lib/python3.8/site-packages/airflow/example_dags/example_python_operator.py took 0.199 seconds
[2021-11-23 18:26:13,994] {scheduler_job.py:182} INFO - Started process (PID=14310) to work on /home/uiliam/virtualenvs/sandbox/lib/python3.8/site-packages/airflow/example_dags/example_python_operator.py
[2021-11-23 18:26:13,995] {scheduler_job.py:633} INFO - Processing file /home/uiliam/virtualenvs/sandbox/lib/python3.8/site-packages/airflow/example_dags/example_python_operator.py for tasks to queue
[2021-11-23 18:26:13,995] {logging_mixin.py:104} INFO - [2021-11-23 18:26:13,995] {dagbag.py:487} INFO - Filling up the DagBag from /home/uiliam/virtualenvs/sandbox/lib/python3.8/site-packages/airflow/example_dags/example_python_operator.py
[2021-11-23 18:26:14,009] {scheduler_job.py:643} INFO - DAG(s) dict_keys(['example_python_operator']) retrieved from /home/uiliam/virtualenvs/sandbox/lib/python3.8/site-packages/airflow/example_dags/example_python_operator.py
[2021-11-23 18:26:14,027] {logging_mixin.py:104} INFO - [2021-11-23 18:26:14,027] {dag.py:1832} INFO - Sync 1 DAGs
[2021-11-23 18:26:14,040] {logging_mixin.py:104} INFO - [2021-11-23 18:26:14,039] {dag.py:2305} INFO - Setting next_dagrun for example_python_operator to None
[2021-11-23 18:26:14,122] {scheduler_job.py:190} INFO - Processing /home/uiliam/virtualenvs/sandbox/lib/python3.8/site-packages/airflow/example_dags/example_python_operator.py took 0.132 seconds
[2021-11-23 18:26:52,052] {scheduler_job.py:182} INFO - Started process (PID=14400) to work on /home/uiliam/virtualenvs/sandbox/lib/python3.8/site-packages/airflow/example_dags/example_python_operator.py
[2021-11-23 18:26:52,054] {scheduler_job.py:633} INFO - Processing file /home/uiliam/virtualenvs/sandbox/lib/python3.8/site-packages/airflow/example_dags/example_python_operator.py for tasks to queue
[2021-11-23 18:26:52,057] {logging_mixin.py:104} INFO - [2021-11-23 18:26:52,056] {dagbag.py:487} INFO - Filling up the DagBag from /home/uiliam/virtualenvs/sandbox/lib/python3.8/site-packages/airflow/example_dags/example_python_operator.py
[2021-11-23 18:26:52,085] {scheduler_job.py:643} INFO - DAG(s) dict_keys(['example_python_operator']) retrieved from /home/uiliam/virtualenvs/sandbox/lib/python3.8/site-packages/airflow/example_dags/example_python_operator.py
[2021-11-23 18:26:52,139] {logging_mixin.py:104} INFO - [2021-11-23 18:26:52,139] {dag.py:1832} INFO - Sync 1 DAGs
[2021-11-23 18:26:52,179] {logging_mixin.py:104} INFO - [2021-11-23 18:26:52,179] {dag.py:2305} INFO - Setting next_dagrun for example_python_operator to None
[2021-11-23 18:26:52,287] {scheduler_job.py:190} INFO - Processing /home/uiliam/virtualenvs/sandbox/lib/python3.8/site-packages/airflow/example_dags/example_python_operator.py took 0.240 seconds
[2021-11-23 18:27:34,542] {scheduler_job.py:182} INFO - Started process (PID=14473) to work on /home/uiliam/virtualenvs/sandbox/lib/python3.8/site-packages/airflow/example_dags/example_python_operator.py
[2021-11-23 18:27:34,544] {scheduler_job.py:633} INFO - Processing file /home/uiliam/virtualenvs/sandbox/lib/python3.8/site-packages/airflow/example_dags/example_python_operator.py for tasks to queue
[2021-11-23 18:27:34,545] {logging_mixin.py:104} INFO - [2021-11-23 18:27:34,545] {dagbag.py:487} INFO - Filling up the DagBag from /home/uiliam/virtualenvs/sandbox/lib/python3.8/site-packages/airflow/example_dags/example_python_operator.py
[2021-11-23 18:27:34,567] {scheduler_job.py:643} INFO - DAG(s) dict_keys(['example_python_operator']) retrieved from /home/uiliam/virtualenvs/sandbox/lib/python3.8/site-packages/airflow/example_dags/example_python_operator.py
[2021-11-23 18:27:34,595] {logging_mixin.py:104} INFO - [2021-11-23 18:27:34,595] {dag.py:1832} INFO - Sync 1 DAGs
[2021-11-23 18:27:34,613] {logging_mixin.py:104} INFO - [2021-11-23 18:27:34,613] {dag.py:2305} INFO - Setting next_dagrun for example_python_operator to None
[2021-11-23 18:27:34,725] {scheduler_job.py:190} INFO - Processing /home/uiliam/virtualenvs/sandbox/lib/python3.8/site-packages/airflow/example_dags/example_python_operator.py took 0.186 seconds
[2021-11-23 18:28:13,637] {scheduler_job.py:182} INFO - Started process (PID=14525) to work on /home/uiliam/virtualenvs/sandbox/lib/python3.8/site-packages/airflow/example_dags/example_python_operator.py
[2021-11-23 18:28:13,639] {scheduler_job.py:633} INFO - Processing file /home/uiliam/virtualenvs/sandbox/lib/python3.8/site-packages/airflow/example_dags/example_python_operator.py for tasks to queue
[2021-11-23 18:28:13,639] {logging_mixin.py:104} INFO - [2021-11-23 18:28:13,639] {dagbag.py:487} INFO - Filling up the DagBag from /home/uiliam/virtualenvs/sandbox/lib/python3.8/site-packages/airflow/example_dags/example_python_operator.py
[2021-11-23 18:28:13,653] {scheduler_job.py:643} INFO - DAG(s) dict_keys(['example_python_operator']) retrieved from /home/uiliam/virtualenvs/sandbox/lib/python3.8/site-packages/airflow/example_dags/example_python_operator.py
[2021-11-23 18:28:13,670] {logging_mixin.py:104} INFO - [2021-11-23 18:28:13,670] {dag.py:1832} INFO - Sync 1 DAGs
[2021-11-23 18:28:13,683] {logging_mixin.py:104} INFO - [2021-11-23 18:28:13,682] {dag.py:2305} INFO - Setting next_dagrun for example_python_operator to None
[2021-11-23 18:28:13,766] {scheduler_job.py:190} INFO - Processing /home/uiliam/virtualenvs/sandbox/lib/python3.8/site-packages/airflow/example_dags/example_python_operator.py took 0.134 seconds
[2021-11-23 18:28:56,441] {scheduler_job.py:182} INFO - Started process (PID=14614) to work on /home/uiliam/virtualenvs/sandbox/lib/python3.8/site-packages/airflow/example_dags/example_python_operator.py
[2021-11-23 18:28:56,442] {scheduler_job.py:633} INFO - Processing file /home/uiliam/virtualenvs/sandbox/lib/python3.8/site-packages/airflow/example_dags/example_python_operator.py for tasks to queue
[2021-11-23 18:28:56,443] {logging_mixin.py:104} INFO - [2021-11-23 18:28:56,443] {dagbag.py:487} INFO - Filling up the DagBag from /home/uiliam/virtualenvs/sandbox/lib/python3.8/site-packages/airflow/example_dags/example_python_operator.py
[2021-11-23 18:28:56,463] {scheduler_job.py:643} INFO - DAG(s) dict_keys(['example_python_operator']) retrieved from /home/uiliam/virtualenvs/sandbox/lib/python3.8/site-packages/airflow/example_dags/example_python_operator.py
[2021-11-23 18:28:56,488] {logging_mixin.py:104} INFO - [2021-11-23 18:28:56,488] {dag.py:1832} INFO - Sync 1 DAGs
[2021-11-23 18:28:56,519] {logging_mixin.py:104} INFO - [2021-11-23 18:28:56,519] {dag.py:2305} INFO - Setting next_dagrun for example_python_operator to None
[2021-11-23 18:28:56,637] {scheduler_job.py:190} INFO - Processing /home/uiliam/virtualenvs/sandbox/lib/python3.8/site-packages/airflow/example_dags/example_python_operator.py took 0.202 seconds
[2021-11-23 18:29:38,117] {scheduler_job.py:182} INFO - Started process (PID=14647) to work on /home/uiliam/virtualenvs/sandbox/lib/python3.8/site-packages/airflow/example_dags/example_python_operator.py
[2021-11-23 18:29:38,119] {scheduler_job.py:633} INFO - Processing file /home/uiliam/virtualenvs/sandbox/lib/python3.8/site-packages/airflow/example_dags/example_python_operator.py for tasks to queue
[2021-11-23 18:29:38,120] {logging_mixin.py:104} INFO - [2021-11-23 18:29:38,120] {dagbag.py:487} INFO - Filling up the DagBag from /home/uiliam/virtualenvs/sandbox/lib/python3.8/site-packages/airflow/example_dags/example_python_operator.py
[2021-11-23 18:29:38,152] {scheduler_job.py:643} INFO - DAG(s) dict_keys(['example_python_operator']) retrieved from /home/uiliam/virtualenvs/sandbox/lib/python3.8/site-packages/airflow/example_dags/example_python_operator.py
[2021-11-23 18:29:38,179] {logging_mixin.py:104} INFO - [2021-11-23 18:29:38,179] {dag.py:1832} INFO - Sync 1 DAGs
[2021-11-23 18:29:38,211] {logging_mixin.py:104} INFO - [2021-11-23 18:29:38,211] {dag.py:2305} INFO - Setting next_dagrun for example_python_operator to None
[2021-11-23 18:29:38,307] {scheduler_job.py:190} INFO - Processing /home/uiliam/virtualenvs/sandbox/lib/python3.8/site-packages/airflow/example_dags/example_python_operator.py took 0.196 seconds
[2021-11-23 18:30:16,960] {scheduler_job.py:182} INFO - Started process (PID=14710) to work on /home/uiliam/virtualenvs/sandbox/lib/python3.8/site-packages/airflow/example_dags/example_python_operator.py
[2021-11-23 18:30:16,962] {scheduler_job.py:633} INFO - Processing file /home/uiliam/virtualenvs/sandbox/lib/python3.8/site-packages/airflow/example_dags/example_python_operator.py for tasks to queue
[2021-11-23 18:30:16,965] {logging_mixin.py:104} INFO - [2021-11-23 18:30:16,964] {dagbag.py:487} INFO - Filling up the DagBag from /home/uiliam/virtualenvs/sandbox/lib/python3.8/site-packages/airflow/example_dags/example_python_operator.py
[2021-11-23 18:30:16,988] {scheduler_job.py:643} INFO - DAG(s) dict_keys(['example_python_operator']) retrieved from /home/uiliam/virtualenvs/sandbox/lib/python3.8/site-packages/airflow/example_dags/example_python_operator.py
[2021-11-23 18:30:17,019] {logging_mixin.py:104} INFO - [2021-11-23 18:30:17,019] {dag.py:1832} INFO - Sync 1 DAGs
[2021-11-23 18:30:17,044] {logging_mixin.py:104} INFO - [2021-11-23 18:30:17,044] {dag.py:2305} INFO - Setting next_dagrun for example_python_operator to None
[2021-11-23 18:30:17,146] {scheduler_job.py:190} INFO - Processing /home/uiliam/virtualenvs/sandbox/lib/python3.8/site-packages/airflow/example_dags/example_python_operator.py took 0.192 seconds
[2021-11-23 18:30:57,242] {scheduler_job.py:182} INFO - Started process (PID=14758) to work on /home/uiliam/virtualenvs/sandbox/lib/python3.8/site-packages/airflow/example_dags/example_python_operator.py
[2021-11-23 18:30:57,244] {scheduler_job.py:633} INFO - Processing file /home/uiliam/virtualenvs/sandbox/lib/python3.8/site-packages/airflow/example_dags/example_python_operator.py for tasks to queue
[2021-11-23 18:30:57,245] {logging_mixin.py:104} INFO - [2021-11-23 18:30:57,245] {dagbag.py:487} INFO - Filling up the DagBag from /home/uiliam/virtualenvs/sandbox/lib/python3.8/site-packages/airflow/example_dags/example_python_operator.py
[2021-11-23 18:30:57,275] {scheduler_job.py:643} INFO - DAG(s) dict_keys(['example_python_operator']) retrieved from /home/uiliam/virtualenvs/sandbox/lib/python3.8/site-packages/airflow/example_dags/example_python_operator.py
[2021-11-23 18:30:57,323] {logging_mixin.py:104} INFO - [2021-11-23 18:30:57,323] {dag.py:1832} INFO - Sync 1 DAGs
[2021-11-23 18:30:57,350] {logging_mixin.py:104} INFO - [2021-11-23 18:30:57,350] {dag.py:2305} INFO - Setting next_dagrun for example_python_operator to None
[2021-11-23 18:30:57,564] {scheduler_job.py:190} INFO - Processing /home/uiliam/virtualenvs/sandbox/lib/python3.8/site-packages/airflow/example_dags/example_python_operator.py took 0.326 seconds
[2021-11-23 18:31:39,201] {scheduler_job.py:182} INFO - Started process (PID=14811) to work on /home/uiliam/virtualenvs/sandbox/lib/python3.8/site-packages/airflow/example_dags/example_python_operator.py
[2021-11-23 18:31:39,203] {scheduler_job.py:633} INFO - Processing file /home/uiliam/virtualenvs/sandbox/lib/python3.8/site-packages/airflow/example_dags/example_python_operator.py for tasks to queue
[2021-11-23 18:31:39,204] {logging_mixin.py:104} INFO - [2021-11-23 18:31:39,204] {dagbag.py:487} INFO - Filling up the DagBag from /home/uiliam/virtualenvs/sandbox/lib/python3.8/site-packages/airflow/example_dags/example_python_operator.py
[2021-11-23 18:31:39,233] {scheduler_job.py:643} INFO - DAG(s) dict_keys(['example_python_operator']) retrieved from /home/uiliam/virtualenvs/sandbox/lib/python3.8/site-packages/airflow/example_dags/example_python_operator.py
[2021-11-23 18:31:39,268] {logging_mixin.py:104} INFO - [2021-11-23 18:31:39,268] {dag.py:1832} INFO - Sync 1 DAGs
[2021-11-23 18:31:39,291] {logging_mixin.py:104} INFO - [2021-11-23 18:31:39,291] {dag.py:2305} INFO - Setting next_dagrun for example_python_operator to None
[2021-11-23 18:31:39,389] {scheduler_job.py:190} INFO - Processing /home/uiliam/virtualenvs/sandbox/lib/python3.8/site-packages/airflow/example_dags/example_python_operator.py took 0.196 seconds
[2021-11-23 18:32:23,959] {scheduler_job.py:182} INFO - Started process (PID=14868) to work on /home/uiliam/virtualenvs/sandbox/lib/python3.8/site-packages/airflow/example_dags/example_python_operator.py
[2021-11-23 18:32:23,962] {scheduler_job.py:633} INFO - Processing file /home/uiliam/virtualenvs/sandbox/lib/python3.8/site-packages/airflow/example_dags/example_python_operator.py for tasks to queue
[2021-11-23 18:32:23,964] {logging_mixin.py:104} INFO - [2021-11-23 18:32:23,964] {dagbag.py:487} INFO - Filling up the DagBag from /home/uiliam/virtualenvs/sandbox/lib/python3.8/site-packages/airflow/example_dags/example_python_operator.py
[2021-11-23 18:32:23,987] {scheduler_job.py:643} INFO - DAG(s) dict_keys(['example_python_operator']) retrieved from /home/uiliam/virtualenvs/sandbox/lib/python3.8/site-packages/airflow/example_dags/example_python_operator.py
[2021-11-23 18:32:24,026] {logging_mixin.py:104} INFO - [2021-11-23 18:32:24,026] {dag.py:1832} INFO - Sync 1 DAGs
[2021-11-23 18:32:24,050] {logging_mixin.py:104} INFO - [2021-11-23 18:32:24,050] {dag.py:2305} INFO - Setting next_dagrun for example_python_operator to None
[2021-11-23 18:32:24,172] {scheduler_job.py:190} INFO - Processing /home/uiliam/virtualenvs/sandbox/lib/python3.8/site-packages/airflow/example_dags/example_python_operator.py took 0.219 seconds
