[2021-11-23 18:25:40,439] {scheduler_job.py:182} INFO - Started process (PID=14255) to work on /home/uiliam/virtualenvs/sandbox/lib/python3.8/site-packages/airflow/example_dags/example_external_task_marker_dag.py
[2021-11-23 18:25:40,442] {scheduler_job.py:633} INFO - Processing file /home/uiliam/virtualenvs/sandbox/lib/python3.8/site-packages/airflow/example_dags/example_external_task_marker_dag.py for tasks to queue
[2021-11-23 18:25:40,444] {logging_mixin.py:104} INFO - [2021-11-23 18:25:40,443] {dagbag.py:487} INFO - Filling up the DagBag from /home/uiliam/virtualenvs/sandbox/lib/python3.8/site-packages/airflow/example_dags/example_external_task_marker_dag.py
[2021-11-23 18:25:40,477] {scheduler_job.py:643} INFO - DAG(s) dict_keys(['example_external_task_marker_parent', 'example_external_task_marker_child']) retrieved from /home/uiliam/virtualenvs/sandbox/lib/python3.8/site-packages/airflow/example_dags/example_external_task_marker_dag.py
[2021-11-23 18:25:41,293] {logging_mixin.py:104} INFO - [2021-11-23 18:25:41,292] {dag.py:1832} INFO - Sync 2 DAGs
[2021-11-23 18:25:41,317] {logging_mixin.py:104} INFO - [2021-11-23 18:25:41,317] {dag.py:2305} INFO - Setting next_dagrun for example_external_task_marker_child to None
[2021-11-23 18:25:41,319] {logging_mixin.py:104} INFO - [2021-11-23 18:25:41,319] {dag.py:2305} INFO - Setting next_dagrun for example_external_task_marker_parent to None
[2021-11-23 18:25:41,435] {scheduler_job.py:190} INFO - Processing /home/uiliam/virtualenvs/sandbox/lib/python3.8/site-packages/airflow/example_dags/example_external_task_marker_dag.py took 1.000 seconds
[2021-11-23 18:26:21,232] {scheduler_job.py:182} INFO - Started process (PID=14320) to work on /home/uiliam/virtualenvs/sandbox/lib/python3.8/site-packages/airflow/example_dags/example_external_task_marker_dag.py
[2021-11-23 18:26:21,233] {scheduler_job.py:633} INFO - Processing file /home/uiliam/virtualenvs/sandbox/lib/python3.8/site-packages/airflow/example_dags/example_external_task_marker_dag.py for tasks to queue
[2021-11-23 18:26:21,234] {logging_mixin.py:104} INFO - [2021-11-23 18:26:21,234] {dagbag.py:487} INFO - Filling up the DagBag from /home/uiliam/virtualenvs/sandbox/lib/python3.8/site-packages/airflow/example_dags/example_external_task_marker_dag.py
[2021-11-23 18:26:21,254] {scheduler_job.py:643} INFO - DAG(s) dict_keys(['example_external_task_marker_parent', 'example_external_task_marker_child']) retrieved from /home/uiliam/virtualenvs/sandbox/lib/python3.8/site-packages/airflow/example_dags/example_external_task_marker_dag.py
[2021-11-23 18:26:21,296] {logging_mixin.py:104} INFO - [2021-11-23 18:26:21,296] {dag.py:1832} INFO - Sync 2 DAGs
[2021-11-23 18:26:21,330] {logging_mixin.py:104} INFO - [2021-11-23 18:26:21,330] {dag.py:2305} INFO - Setting next_dagrun for example_external_task_marker_child to None
[2021-11-23 18:26:21,333] {logging_mixin.py:104} INFO - [2021-11-23 18:26:21,333] {dag.py:2305} INFO - Setting next_dagrun for example_external_task_marker_parent to None
[2021-11-23 18:26:21,437] {scheduler_job.py:190} INFO - Processing /home/uiliam/virtualenvs/sandbox/lib/python3.8/site-packages/airflow/example_dags/example_external_task_marker_dag.py took 0.208 seconds
[2021-11-23 18:27:01,508] {scheduler_job.py:182} INFO - Started process (PID=14411) to work on /home/uiliam/virtualenvs/sandbox/lib/python3.8/site-packages/airflow/example_dags/example_external_task_marker_dag.py
[2021-11-23 18:27:01,510] {scheduler_job.py:633} INFO - Processing file /home/uiliam/virtualenvs/sandbox/lib/python3.8/site-packages/airflow/example_dags/example_external_task_marker_dag.py for tasks to queue
[2021-11-23 18:27:01,512] {logging_mixin.py:104} INFO - [2021-11-23 18:27:01,511] {dagbag.py:487} INFO - Filling up the DagBag from /home/uiliam/virtualenvs/sandbox/lib/python3.8/site-packages/airflow/example_dags/example_external_task_marker_dag.py
[2021-11-23 18:27:01,545] {scheduler_job.py:643} INFO - DAG(s) dict_keys(['example_external_task_marker_parent', 'example_external_task_marker_child']) retrieved from /home/uiliam/virtualenvs/sandbox/lib/python3.8/site-packages/airflow/example_dags/example_external_task_marker_dag.py
[2021-11-23 18:27:01,579] {logging_mixin.py:104} INFO - [2021-11-23 18:27:01,579] {dag.py:1832} INFO - Sync 2 DAGs
[2021-11-23 18:27:01,613] {logging_mixin.py:104} INFO - [2021-11-23 18:27:01,613] {dag.py:2305} INFO - Setting next_dagrun for example_external_task_marker_child to None
[2021-11-23 18:27:01,615] {logging_mixin.py:104} INFO - [2021-11-23 18:27:01,615] {dag.py:2305} INFO - Setting next_dagrun for example_external_task_marker_parent to None
[2021-11-23 18:27:01,718] {scheduler_job.py:190} INFO - Processing /home/uiliam/virtualenvs/sandbox/lib/python3.8/site-packages/airflow/example_dags/example_external_task_marker_dag.py took 0.218 seconds
[2021-11-23 18:27:44,853] {scheduler_job.py:182} INFO - Started process (PID=14480) to work on /home/uiliam/virtualenvs/sandbox/lib/python3.8/site-packages/airflow/example_dags/example_external_task_marker_dag.py
[2021-11-23 18:27:44,855] {scheduler_job.py:633} INFO - Processing file /home/uiliam/virtualenvs/sandbox/lib/python3.8/site-packages/airflow/example_dags/example_external_task_marker_dag.py for tasks to queue
[2021-11-23 18:27:44,856] {logging_mixin.py:104} INFO - [2021-11-23 18:27:44,856] {dagbag.py:487} INFO - Filling up the DagBag from /home/uiliam/virtualenvs/sandbox/lib/python3.8/site-packages/airflow/example_dags/example_external_task_marker_dag.py
[2021-11-23 18:27:44,881] {scheduler_job.py:643} INFO - DAG(s) dict_keys(['example_external_task_marker_parent', 'example_external_task_marker_child']) retrieved from /home/uiliam/virtualenvs/sandbox/lib/python3.8/site-packages/airflow/example_dags/example_external_task_marker_dag.py
[2021-11-23 18:27:44,915] {logging_mixin.py:104} INFO - [2021-11-23 18:27:44,915] {dag.py:1832} INFO - Sync 2 DAGs
[2021-11-23 18:27:44,938] {logging_mixin.py:104} INFO - [2021-11-23 18:27:44,937] {dag.py:2305} INFO - Setting next_dagrun for example_external_task_marker_child to None
[2021-11-23 18:27:44,939] {logging_mixin.py:104} INFO - [2021-11-23 18:27:44,939] {dag.py:2305} INFO - Setting next_dagrun for example_external_task_marker_parent to None
[2021-11-23 18:27:45,121] {scheduler_job.py:190} INFO - Processing /home/uiliam/virtualenvs/sandbox/lib/python3.8/site-packages/airflow/example_dags/example_external_task_marker_dag.py took 0.276 seconds
[2021-11-23 18:28:26,021] {scheduler_job.py:182} INFO - Started process (PID=14567) to work on /home/uiliam/virtualenvs/sandbox/lib/python3.8/site-packages/airflow/example_dags/example_external_task_marker_dag.py
[2021-11-23 18:28:26,023] {scheduler_job.py:633} INFO - Processing file /home/uiliam/virtualenvs/sandbox/lib/python3.8/site-packages/airflow/example_dags/example_external_task_marker_dag.py for tasks to queue
[2021-11-23 18:28:26,023] {logging_mixin.py:104} INFO - [2021-11-23 18:28:26,023] {dagbag.py:487} INFO - Filling up the DagBag from /home/uiliam/virtualenvs/sandbox/lib/python3.8/site-packages/airflow/example_dags/example_external_task_marker_dag.py
[2021-11-23 18:28:26,047] {scheduler_job.py:643} INFO - DAG(s) dict_keys(['example_external_task_marker_parent', 'example_external_task_marker_child']) retrieved from /home/uiliam/virtualenvs/sandbox/lib/python3.8/site-packages/airflow/example_dags/example_external_task_marker_dag.py
[2021-11-23 18:28:26,581] {logging_mixin.py:104} INFO - [2021-11-23 18:28:26,581] {dag.py:1832} INFO - Sync 2 DAGs
[2021-11-23 18:28:26,594] {logging_mixin.py:104} INFO - [2021-11-23 18:28:26,593] {dag.py:2305} INFO - Setting next_dagrun for example_external_task_marker_child to None
[2021-11-23 18:28:26,595] {logging_mixin.py:104} INFO - [2021-11-23 18:28:26,595] {dag.py:2305} INFO - Setting next_dagrun for example_external_task_marker_parent to None
[2021-11-23 18:28:26,731] {scheduler_job.py:190} INFO - Processing /home/uiliam/virtualenvs/sandbox/lib/python3.8/site-packages/airflow/example_dags/example_external_task_marker_dag.py took 0.714 seconds
[2021-11-23 18:29:17,340] {scheduler_job.py:182} INFO - Started process (PID=14631) to work on /home/uiliam/virtualenvs/sandbox/lib/python3.8/site-packages/airflow/example_dags/example_external_task_marker_dag.py
[2021-11-23 18:29:17,342] {scheduler_job.py:633} INFO - Processing file /home/uiliam/virtualenvs/sandbox/lib/python3.8/site-packages/airflow/example_dags/example_external_task_marker_dag.py for tasks to queue
[2021-11-23 18:29:17,343] {logging_mixin.py:104} INFO - [2021-11-23 18:29:17,342] {dagbag.py:487} INFO - Filling up the DagBag from /home/uiliam/virtualenvs/sandbox/lib/python3.8/site-packages/airflow/example_dags/example_external_task_marker_dag.py
[2021-11-23 18:29:17,364] {scheduler_job.py:643} INFO - DAG(s) dict_keys(['example_external_task_marker_parent', 'example_external_task_marker_child']) retrieved from /home/uiliam/virtualenvs/sandbox/lib/python3.8/site-packages/airflow/example_dags/example_external_task_marker_dag.py
[2021-11-23 18:29:18,039] {logging_mixin.py:104} INFO - [2021-11-23 18:29:18,038] {dag.py:1832} INFO - Sync 2 DAGs
[2021-11-23 18:29:18,055] {logging_mixin.py:104} INFO - [2021-11-23 18:29:18,054] {dag.py:2305} INFO - Setting next_dagrun for example_external_task_marker_child to None
[2021-11-23 18:29:18,056] {logging_mixin.py:104} INFO - [2021-11-23 18:29:18,055] {dag.py:2305} INFO - Setting next_dagrun for example_external_task_marker_parent to None
[2021-11-23 18:29:18,195] {scheduler_job.py:190} INFO - Processing /home/uiliam/virtualenvs/sandbox/lib/python3.8/site-packages/airflow/example_dags/example_external_task_marker_dag.py took 0.860 seconds
[2021-11-23 18:29:58,700] {scheduler_job.py:182} INFO - Started process (PID=14666) to work on /home/uiliam/virtualenvs/sandbox/lib/python3.8/site-packages/airflow/example_dags/example_external_task_marker_dag.py
[2021-11-23 18:29:58,702] {scheduler_job.py:633} INFO - Processing file /home/uiliam/virtualenvs/sandbox/lib/python3.8/site-packages/airflow/example_dags/example_external_task_marker_dag.py for tasks to queue
[2021-11-23 18:29:58,703] {logging_mixin.py:104} INFO - [2021-11-23 18:29:58,703] {dagbag.py:487} INFO - Filling up the DagBag from /home/uiliam/virtualenvs/sandbox/lib/python3.8/site-packages/airflow/example_dags/example_external_task_marker_dag.py
[2021-11-23 18:29:58,723] {scheduler_job.py:643} INFO - DAG(s) dict_keys(['example_external_task_marker_parent', 'example_external_task_marker_child']) retrieved from /home/uiliam/virtualenvs/sandbox/lib/python3.8/site-packages/airflow/example_dags/example_external_task_marker_dag.py
[2021-11-23 18:29:58,761] {logging_mixin.py:104} INFO - [2021-11-23 18:29:58,761] {dag.py:1832} INFO - Sync 2 DAGs
[2021-11-23 18:29:58,784] {logging_mixin.py:104} INFO - [2021-11-23 18:29:58,784] {dag.py:2305} INFO - Setting next_dagrun for example_external_task_marker_child to None
[2021-11-23 18:29:58,785] {logging_mixin.py:104} INFO - [2021-11-23 18:29:58,785] {dag.py:2305} INFO - Setting next_dagrun for example_external_task_marker_parent to None
[2021-11-23 18:29:58,908] {scheduler_job.py:190} INFO - Processing /home/uiliam/virtualenvs/sandbox/lib/python3.8/site-packages/airflow/example_dags/example_external_task_marker_dag.py took 0.216 seconds
[2021-11-23 18:30:50,436] {scheduler_job.py:182} INFO - Started process (PID=14753) to work on /home/uiliam/virtualenvs/sandbox/lib/python3.8/site-packages/airflow/example_dags/example_external_task_marker_dag.py
[2021-11-23 18:30:50,438] {scheduler_job.py:633} INFO - Processing file /home/uiliam/virtualenvs/sandbox/lib/python3.8/site-packages/airflow/example_dags/example_external_task_marker_dag.py for tasks to queue
[2021-11-23 18:30:50,441] {logging_mixin.py:104} INFO - [2021-11-23 18:30:50,440] {dagbag.py:487} INFO - Filling up the DagBag from /home/uiliam/virtualenvs/sandbox/lib/python3.8/site-packages/airflow/example_dags/example_external_task_marker_dag.py
[2021-11-23 18:30:50,473] {scheduler_job.py:643} INFO - DAG(s) dict_keys(['example_external_task_marker_parent', 'example_external_task_marker_child']) retrieved from /home/uiliam/virtualenvs/sandbox/lib/python3.8/site-packages/airflow/example_dags/example_external_task_marker_dag.py
[2021-11-23 18:30:50,505] {logging_mixin.py:104} INFO - [2021-11-23 18:30:50,505] {dag.py:1832} INFO - Sync 2 DAGs
[2021-11-23 18:30:50,557] {logging_mixin.py:104} INFO - [2021-11-23 18:30:50,557] {dag.py:2305} INFO - Setting next_dagrun for example_external_task_marker_child to None
[2021-11-23 18:30:50,561] {logging_mixin.py:104} INFO - [2021-11-23 18:30:50,560] {dag.py:2305} INFO - Setting next_dagrun for example_external_task_marker_parent to None
[2021-11-23 18:30:50,678] {scheduler_job.py:190} INFO - Processing /home/uiliam/virtualenvs/sandbox/lib/python3.8/site-packages/airflow/example_dags/example_external_task_marker_dag.py took 0.248 seconds
[2021-11-23 18:31:32,527] {scheduler_job.py:182} INFO - Started process (PID=14805) to work on /home/uiliam/virtualenvs/sandbox/lib/python3.8/site-packages/airflow/example_dags/example_external_task_marker_dag.py
[2021-11-23 18:31:32,531] {scheduler_job.py:633} INFO - Processing file /home/uiliam/virtualenvs/sandbox/lib/python3.8/site-packages/airflow/example_dags/example_external_task_marker_dag.py for tasks to queue
[2021-11-23 18:31:32,532] {logging_mixin.py:104} INFO - [2021-11-23 18:31:32,532] {dagbag.py:487} INFO - Filling up the DagBag from /home/uiliam/virtualenvs/sandbox/lib/python3.8/site-packages/airflow/example_dags/example_external_task_marker_dag.py
[2021-11-23 18:31:32,557] {scheduler_job.py:643} INFO - DAG(s) dict_keys(['example_external_task_marker_parent', 'example_external_task_marker_child']) retrieved from /home/uiliam/virtualenvs/sandbox/lib/python3.8/site-packages/airflow/example_dags/example_external_task_marker_dag.py
[2021-11-23 18:31:32,598] {logging_mixin.py:104} INFO - [2021-11-23 18:31:32,598] {dag.py:1832} INFO - Sync 2 DAGs
[2021-11-23 18:31:32,624] {logging_mixin.py:104} INFO - [2021-11-23 18:31:32,623] {dag.py:2305} INFO - Setting next_dagrun for example_external_task_marker_child to None
[2021-11-23 18:31:32,625] {logging_mixin.py:104} INFO - [2021-11-23 18:31:32,625] {dag.py:2305} INFO - Setting next_dagrun for example_external_task_marker_parent to None
[2021-11-23 18:31:32,795] {scheduler_job.py:190} INFO - Processing /home/uiliam/virtualenvs/sandbox/lib/python3.8/site-packages/airflow/example_dags/example_external_task_marker_dag.py took 0.274 seconds
[2021-11-23 18:32:14,425] {scheduler_job.py:182} INFO - Started process (PID=14843) to work on /home/uiliam/virtualenvs/sandbox/lib/python3.8/site-packages/airflow/example_dags/example_external_task_marker_dag.py
[2021-11-23 18:32:14,430] {scheduler_job.py:633} INFO - Processing file /home/uiliam/virtualenvs/sandbox/lib/python3.8/site-packages/airflow/example_dags/example_external_task_marker_dag.py for tasks to queue
[2021-11-23 18:32:14,431] {logging_mixin.py:104} INFO - [2021-11-23 18:32:14,431] {dagbag.py:487} INFO - Filling up the DagBag from /home/uiliam/virtualenvs/sandbox/lib/python3.8/site-packages/airflow/example_dags/example_external_task_marker_dag.py
[2021-11-23 18:32:14,461] {scheduler_job.py:643} INFO - DAG(s) dict_keys(['example_external_task_marker_parent', 'example_external_task_marker_child']) retrieved from /home/uiliam/virtualenvs/sandbox/lib/python3.8/site-packages/airflow/example_dags/example_external_task_marker_dag.py
[2021-11-23 18:32:15,138] {logging_mixin.py:104} INFO - [2021-11-23 18:32:15,138] {dag.py:1832} INFO - Sync 2 DAGs
[2021-11-23 18:32:15,165] {logging_mixin.py:104} INFO - [2021-11-23 18:32:15,165] {dag.py:2305} INFO - Setting next_dagrun for example_external_task_marker_child to None
[2021-11-23 18:32:15,166] {logging_mixin.py:104} INFO - [2021-11-23 18:32:15,166] {dag.py:2305} INFO - Setting next_dagrun for example_external_task_marker_parent to None
[2021-11-23 18:32:15,322] {scheduler_job.py:190} INFO - Processing /home/uiliam/virtualenvs/sandbox/lib/python3.8/site-packages/airflow/example_dags/example_external_task_marker_dag.py took 0.902 seconds
