[2021-11-23 18:25:31,284] {scheduler_job.py:182} INFO - Started process (PID=14246) to work on /home/uiliam/virtualenvs/sandbox/lib/python3.8/site-packages/airflow/example_dags/example_xcomargs.py
[2021-11-23 18:25:31,286] {scheduler_job.py:633} INFO - Processing file /home/uiliam/virtualenvs/sandbox/lib/python3.8/site-packages/airflow/example_dags/example_xcomargs.py for tasks to queue
[2021-11-23 18:25:31,288] {logging_mixin.py:104} INFO - [2021-11-23 18:25:31,287] {dagbag.py:487} INFO - Filling up the DagBag from /home/uiliam/virtualenvs/sandbox/lib/python3.8/site-packages/airflow/example_dags/example_xcomargs.py
[2021-11-23 18:25:31,348] {scheduler_job.py:643} INFO - DAG(s) dict_keys(['example_xcom_args', 'example_xcom_args_with_operators']) retrieved from /home/uiliam/virtualenvs/sandbox/lib/python3.8/site-packages/airflow/example_dags/example_xcomargs.py
[2021-11-23 18:25:32,417] {logging_mixin.py:104} INFO - [2021-11-23 18:25:32,417] {dag.py:1832} INFO - Sync 2 DAGs
[2021-11-23 18:25:32,439] {logging_mixin.py:104} INFO - [2021-11-23 18:25:32,439] {dag.py:2305} INFO - Setting next_dagrun for example_xcom_args to None
[2021-11-23 18:25:32,441] {logging_mixin.py:104} INFO - [2021-11-23 18:25:32,440] {dag.py:2305} INFO - Setting next_dagrun for example_xcom_args_with_operators to None
[2021-11-23 18:25:32,588] {scheduler_job.py:190} INFO - Processing /home/uiliam/virtualenvs/sandbox/lib/python3.8/site-packages/airflow/example_dags/example_xcomargs.py took 1.310 seconds
[2021-11-23 18:26:14,261] {scheduler_job.py:182} INFO - Started process (PID=14311) to work on /home/uiliam/virtualenvs/sandbox/lib/python3.8/site-packages/airflow/example_dags/example_xcomargs.py
[2021-11-23 18:26:14,263] {scheduler_job.py:633} INFO - Processing file /home/uiliam/virtualenvs/sandbox/lib/python3.8/site-packages/airflow/example_dags/example_xcomargs.py for tasks to queue
[2021-11-23 18:26:14,264] {logging_mixin.py:104} INFO - [2021-11-23 18:26:14,263] {dagbag.py:487} INFO - Filling up the DagBag from /home/uiliam/virtualenvs/sandbox/lib/python3.8/site-packages/airflow/example_dags/example_xcomargs.py
[2021-11-23 18:26:14,286] {scheduler_job.py:643} INFO - DAG(s) dict_keys(['example_xcom_args', 'example_xcom_args_with_operators']) retrieved from /home/uiliam/virtualenvs/sandbox/lib/python3.8/site-packages/airflow/example_dags/example_xcomargs.py
[2021-11-23 18:26:14,746] {logging_mixin.py:104} INFO - [2021-11-23 18:26:14,746] {dag.py:1832} INFO - Sync 2 DAGs
[2021-11-23 18:26:14,764] {logging_mixin.py:104} INFO - [2021-11-23 18:26:14,764] {dag.py:2305} INFO - Setting next_dagrun for example_xcom_args to None
[2021-11-23 18:26:14,765] {logging_mixin.py:104} INFO - [2021-11-23 18:26:14,765] {dag.py:2305} INFO - Setting next_dagrun for example_xcom_args_with_operators to None
[2021-11-23 18:26:14,852] {scheduler_job.py:190} INFO - Processing /home/uiliam/virtualenvs/sandbox/lib/python3.8/site-packages/airflow/example_dags/example_xcomargs.py took 0.595 seconds
[2021-11-23 18:26:53,546] {scheduler_job.py:182} INFO - Started process (PID=14402) to work on /home/uiliam/virtualenvs/sandbox/lib/python3.8/site-packages/airflow/example_dags/example_xcomargs.py
[2021-11-23 18:26:53,548] {scheduler_job.py:633} INFO - Processing file /home/uiliam/virtualenvs/sandbox/lib/python3.8/site-packages/airflow/example_dags/example_xcomargs.py for tasks to queue
[2021-11-23 18:26:53,549] {logging_mixin.py:104} INFO - [2021-11-23 18:26:53,549] {dagbag.py:487} INFO - Filling up the DagBag from /home/uiliam/virtualenvs/sandbox/lib/python3.8/site-packages/airflow/example_dags/example_xcomargs.py
[2021-11-23 18:26:53,592] {scheduler_job.py:643} INFO - DAG(s) dict_keys(['example_xcom_args', 'example_xcom_args_with_operators']) retrieved from /home/uiliam/virtualenvs/sandbox/lib/python3.8/site-packages/airflow/example_dags/example_xcomargs.py
[2021-11-23 18:26:54,351] {logging_mixin.py:104} INFO - [2021-11-23 18:26:54,351] {dag.py:1832} INFO - Sync 2 DAGs
[2021-11-23 18:26:54,369] {logging_mixin.py:104} INFO - [2021-11-23 18:26:54,369] {dag.py:2305} INFO - Setting next_dagrun for example_xcom_args to None
[2021-11-23 18:26:54,371] {logging_mixin.py:104} INFO - [2021-11-23 18:26:54,371] {dag.py:2305} INFO - Setting next_dagrun for example_xcom_args_with_operators to None
[2021-11-23 18:26:54,463] {scheduler_job.py:190} INFO - Processing /home/uiliam/virtualenvs/sandbox/lib/python3.8/site-packages/airflow/example_dags/example_xcomargs.py took 0.926 seconds
[2021-11-23 18:27:35,796] {scheduler_job.py:182} INFO - Started process (PID=14474) to work on /home/uiliam/virtualenvs/sandbox/lib/python3.8/site-packages/airflow/example_dags/example_xcomargs.py
[2021-11-23 18:27:35,801] {scheduler_job.py:633} INFO - Processing file /home/uiliam/virtualenvs/sandbox/lib/python3.8/site-packages/airflow/example_dags/example_xcomargs.py for tasks to queue
[2021-11-23 18:27:35,803] {logging_mixin.py:104} INFO - [2021-11-23 18:27:35,803] {dagbag.py:487} INFO - Filling up the DagBag from /home/uiliam/virtualenvs/sandbox/lib/python3.8/site-packages/airflow/example_dags/example_xcomargs.py
[2021-11-23 18:27:35,842] {scheduler_job.py:643} INFO - DAG(s) dict_keys(['example_xcom_args', 'example_xcom_args_with_operators']) retrieved from /home/uiliam/virtualenvs/sandbox/lib/python3.8/site-packages/airflow/example_dags/example_xcomargs.py
[2021-11-23 18:27:36,456] {logging_mixin.py:104} INFO - [2021-11-23 18:27:36,456] {dag.py:1832} INFO - Sync 2 DAGs
[2021-11-23 18:27:36,475] {logging_mixin.py:104} INFO - [2021-11-23 18:27:36,475] {dag.py:2305} INFO - Setting next_dagrun for example_xcom_args to None
[2021-11-23 18:27:36,476] {logging_mixin.py:104} INFO - [2021-11-23 18:27:36,476] {dag.py:2305} INFO - Setting next_dagrun for example_xcom_args_with_operators to None
[2021-11-23 18:27:36,707] {scheduler_job.py:190} INFO - Processing /home/uiliam/virtualenvs/sandbox/lib/python3.8/site-packages/airflow/example_dags/example_xcomargs.py took 0.917 seconds
[2021-11-23 18:28:19,445] {scheduler_job.py:182} INFO - Started process (PID=14530) to work on /home/uiliam/virtualenvs/sandbox/lib/python3.8/site-packages/airflow/example_dags/example_xcomargs.py
[2021-11-23 18:28:19,446] {scheduler_job.py:633} INFO - Processing file /home/uiliam/virtualenvs/sandbox/lib/python3.8/site-packages/airflow/example_dags/example_xcomargs.py for tasks to queue
[2021-11-23 18:28:19,447] {logging_mixin.py:104} INFO - [2021-11-23 18:28:19,447] {dagbag.py:487} INFO - Filling up the DagBag from /home/uiliam/virtualenvs/sandbox/lib/python3.8/site-packages/airflow/example_dags/example_xcomargs.py
[2021-11-23 18:28:19,470] {scheduler_job.py:643} INFO - DAG(s) dict_keys(['example_xcom_args', 'example_xcom_args_with_operators']) retrieved from /home/uiliam/virtualenvs/sandbox/lib/python3.8/site-packages/airflow/example_dags/example_xcomargs.py
[2021-11-23 18:28:19,989] {logging_mixin.py:104} INFO - [2021-11-23 18:28:19,988] {dag.py:1832} INFO - Sync 2 DAGs
[2021-11-23 18:28:20,005] {logging_mixin.py:104} INFO - [2021-11-23 18:28:20,005] {dag.py:2305} INFO - Setting next_dagrun for example_xcom_args to None
[2021-11-23 18:28:20,007] {logging_mixin.py:104} INFO - [2021-11-23 18:28:20,006] {dag.py:2305} INFO - Setting next_dagrun for example_xcom_args_with_operators to None
[2021-11-23 18:28:20,099] {scheduler_job.py:190} INFO - Processing /home/uiliam/virtualenvs/sandbox/lib/python3.8/site-packages/airflow/example_dags/example_xcomargs.py took 0.658 seconds
[2021-11-23 18:28:57,807] {scheduler_job.py:182} INFO - Started process (PID=14615) to work on /home/uiliam/virtualenvs/sandbox/lib/python3.8/site-packages/airflow/example_dags/example_xcomargs.py
[2021-11-23 18:28:57,809] {scheduler_job.py:633} INFO - Processing file /home/uiliam/virtualenvs/sandbox/lib/python3.8/site-packages/airflow/example_dags/example_xcomargs.py for tasks to queue
[2021-11-23 18:28:57,810] {logging_mixin.py:104} INFO - [2021-11-23 18:28:57,810] {dagbag.py:487} INFO - Filling up the DagBag from /home/uiliam/virtualenvs/sandbox/lib/python3.8/site-packages/airflow/example_dags/example_xcomargs.py
[2021-11-23 18:28:57,840] {scheduler_job.py:643} INFO - DAG(s) dict_keys(['example_xcom_args', 'example_xcom_args_with_operators']) retrieved from /home/uiliam/virtualenvs/sandbox/lib/python3.8/site-packages/airflow/example_dags/example_xcomargs.py
[2021-11-23 18:28:58,461] {logging_mixin.py:104} INFO - [2021-11-23 18:28:58,461] {dag.py:1832} INFO - Sync 2 DAGs
[2021-11-23 18:28:58,479] {logging_mixin.py:104} INFO - [2021-11-23 18:28:58,479] {dag.py:2305} INFO - Setting next_dagrun for example_xcom_args to None
[2021-11-23 18:28:58,480] {logging_mixin.py:104} INFO - [2021-11-23 18:28:58,480] {dag.py:2305} INFO - Setting next_dagrun for example_xcom_args_with_operators to None
[2021-11-23 18:28:58,577] {scheduler_job.py:190} INFO - Processing /home/uiliam/virtualenvs/sandbox/lib/python3.8/site-packages/airflow/example_dags/example_xcomargs.py took 0.780 seconds
[2021-11-23 18:29:39,473] {scheduler_job.py:182} INFO - Started process (PID=14648) to work on /home/uiliam/virtualenvs/sandbox/lib/python3.8/site-packages/airflow/example_dags/example_xcomargs.py
[2021-11-23 18:29:39,474] {scheduler_job.py:633} INFO - Processing file /home/uiliam/virtualenvs/sandbox/lib/python3.8/site-packages/airflow/example_dags/example_xcomargs.py for tasks to queue
[2021-11-23 18:29:39,475] {logging_mixin.py:104} INFO - [2021-11-23 18:29:39,475] {dagbag.py:487} INFO - Filling up the DagBag from /home/uiliam/virtualenvs/sandbox/lib/python3.8/site-packages/airflow/example_dags/example_xcomargs.py
[2021-11-23 18:29:39,510] {scheduler_job.py:643} INFO - DAG(s) dict_keys(['example_xcom_args', 'example_xcom_args_with_operators']) retrieved from /home/uiliam/virtualenvs/sandbox/lib/python3.8/site-packages/airflow/example_dags/example_xcomargs.py
[2021-11-23 18:29:40,174] {logging_mixin.py:104} INFO - [2021-11-23 18:29:40,174] {dag.py:1832} INFO - Sync 2 DAGs
[2021-11-23 18:29:40,202] {logging_mixin.py:104} INFO - [2021-11-23 18:29:40,201] {dag.py:2305} INFO - Setting next_dagrun for example_xcom_args to None
[2021-11-23 18:29:40,203] {logging_mixin.py:104} INFO - [2021-11-23 18:29:40,203] {dag.py:2305} INFO - Setting next_dagrun for example_xcom_args_with_operators to None
[2021-11-23 18:29:40,437] {scheduler_job.py:190} INFO - Processing /home/uiliam/virtualenvs/sandbox/lib/python3.8/site-packages/airflow/example_dags/example_xcomargs.py took 0.971 seconds
[2021-11-23 18:30:18,230] {scheduler_job.py:182} INFO - Started process (PID=14711) to work on /home/uiliam/virtualenvs/sandbox/lib/python3.8/site-packages/airflow/example_dags/example_xcomargs.py
[2021-11-23 18:30:18,233] {scheduler_job.py:633} INFO - Processing file /home/uiliam/virtualenvs/sandbox/lib/python3.8/site-packages/airflow/example_dags/example_xcomargs.py for tasks to queue
[2021-11-23 18:30:18,234] {logging_mixin.py:104} INFO - [2021-11-23 18:30:18,234] {dagbag.py:487} INFO - Filling up the DagBag from /home/uiliam/virtualenvs/sandbox/lib/python3.8/site-packages/airflow/example_dags/example_xcomargs.py
[2021-11-23 18:30:18,268] {scheduler_job.py:643} INFO - DAG(s) dict_keys(['example_xcom_args', 'example_xcom_args_with_operators']) retrieved from /home/uiliam/virtualenvs/sandbox/lib/python3.8/site-packages/airflow/example_dags/example_xcomargs.py
[2021-11-23 18:30:18,971] {logging_mixin.py:104} INFO - [2021-11-23 18:30:18,971] {dag.py:1832} INFO - Sync 2 DAGs
[2021-11-23 18:30:19,003] {logging_mixin.py:104} INFO - [2021-11-23 18:30:19,003] {dag.py:2305} INFO - Setting next_dagrun for example_xcom_args to None
[2021-11-23 18:30:19,007] {logging_mixin.py:104} INFO - [2021-11-23 18:30:19,007] {dag.py:2305} INFO - Setting next_dagrun for example_xcom_args_with_operators to None
[2021-11-23 18:30:19,145] {scheduler_job.py:190} INFO - Processing /home/uiliam/virtualenvs/sandbox/lib/python3.8/site-packages/airflow/example_dags/example_xcomargs.py took 0.921 seconds
[2021-11-23 18:30:58,348] {scheduler_job.py:182} INFO - Started process (PID=14759) to work on /home/uiliam/virtualenvs/sandbox/lib/python3.8/site-packages/airflow/example_dags/example_xcomargs.py
[2021-11-23 18:30:58,350] {scheduler_job.py:633} INFO - Processing file /home/uiliam/virtualenvs/sandbox/lib/python3.8/site-packages/airflow/example_dags/example_xcomargs.py for tasks to queue
[2021-11-23 18:30:58,352] {logging_mixin.py:104} INFO - [2021-11-23 18:30:58,351] {dagbag.py:487} INFO - Filling up the DagBag from /home/uiliam/virtualenvs/sandbox/lib/python3.8/site-packages/airflow/example_dags/example_xcomargs.py
[2021-11-23 18:30:58,403] {scheduler_job.py:643} INFO - DAG(s) dict_keys(['example_xcom_args', 'example_xcom_args_with_operators']) retrieved from /home/uiliam/virtualenvs/sandbox/lib/python3.8/site-packages/airflow/example_dags/example_xcomargs.py
[2021-11-23 18:30:59,302] {logging_mixin.py:104} INFO - [2021-11-23 18:30:59,302] {dag.py:1832} INFO - Sync 2 DAGs
[2021-11-23 18:30:59,335] {logging_mixin.py:104} INFO - [2021-11-23 18:30:59,335] {dag.py:2305} INFO - Setting next_dagrun for example_xcom_args to None
[2021-11-23 18:30:59,337] {logging_mixin.py:104} INFO - [2021-11-23 18:30:59,337] {dag.py:2305} INFO - Setting next_dagrun for example_xcom_args_with_operators to None
[2021-11-23 18:30:59,519] {scheduler_job.py:190} INFO - Processing /home/uiliam/virtualenvs/sandbox/lib/python3.8/site-packages/airflow/example_dags/example_xcomargs.py took 1.177 seconds
[2021-11-23 18:31:40,632] {scheduler_job.py:182} INFO - Started process (PID=14812) to work on /home/uiliam/virtualenvs/sandbox/lib/python3.8/site-packages/airflow/example_dags/example_xcomargs.py
[2021-11-23 18:31:40,634] {scheduler_job.py:633} INFO - Processing file /home/uiliam/virtualenvs/sandbox/lib/python3.8/site-packages/airflow/example_dags/example_xcomargs.py for tasks to queue
[2021-11-23 18:31:40,636] {logging_mixin.py:104} INFO - [2021-11-23 18:31:40,635] {dagbag.py:487} INFO - Filling up the DagBag from /home/uiliam/virtualenvs/sandbox/lib/python3.8/site-packages/airflow/example_dags/example_xcomargs.py
[2021-11-23 18:31:40,674] {scheduler_job.py:643} INFO - DAG(s) dict_keys(['example_xcom_args', 'example_xcom_args_with_operators']) retrieved from /home/uiliam/virtualenvs/sandbox/lib/python3.8/site-packages/airflow/example_dags/example_xcomargs.py
[2021-11-23 18:31:41,418] {logging_mixin.py:104} INFO - [2021-11-23 18:31:41,417] {dag.py:1832} INFO - Sync 2 DAGs
[2021-11-23 18:31:41,436] {logging_mixin.py:104} INFO - [2021-11-23 18:31:41,436] {dag.py:2305} INFO - Setting next_dagrun for example_xcom_args to None
[2021-11-23 18:31:41,437] {logging_mixin.py:104} INFO - [2021-11-23 18:31:41,437] {dag.py:2305} INFO - Setting next_dagrun for example_xcom_args_with_operators to None
[2021-11-23 18:31:41,567] {scheduler_job.py:190} INFO - Processing /home/uiliam/virtualenvs/sandbox/lib/python3.8/site-packages/airflow/example_dags/example_xcomargs.py took 0.941 seconds
[2021-11-23 18:32:25,468] {scheduler_job.py:182} INFO - Started process (PID=14873) to work on /home/uiliam/virtualenvs/sandbox/lib/python3.8/site-packages/airflow/example_dags/example_xcomargs.py
[2021-11-23 18:32:25,471] {scheduler_job.py:633} INFO - Processing file /home/uiliam/virtualenvs/sandbox/lib/python3.8/site-packages/airflow/example_dags/example_xcomargs.py for tasks to queue
[2021-11-23 18:32:25,471] {logging_mixin.py:104} INFO - [2021-11-23 18:32:25,471] {dagbag.py:487} INFO - Filling up the DagBag from /home/uiliam/virtualenvs/sandbox/lib/python3.8/site-packages/airflow/example_dags/example_xcomargs.py
[2021-11-23 18:32:25,495] {scheduler_job.py:643} INFO - DAG(s) dict_keys(['example_xcom_args', 'example_xcom_args_with_operators']) retrieved from /home/uiliam/virtualenvs/sandbox/lib/python3.8/site-packages/airflow/example_dags/example_xcomargs.py
[2021-11-23 18:32:26,048] {logging_mixin.py:104} INFO - [2021-11-23 18:32:26,048] {dag.py:1832} INFO - Sync 2 DAGs
[2021-11-23 18:32:26,072] {logging_mixin.py:104} INFO - [2021-11-23 18:32:26,072] {dag.py:2305} INFO - Setting next_dagrun for example_xcom_args to None
[2021-11-23 18:32:26,074] {logging_mixin.py:104} INFO - [2021-11-23 18:32:26,074] {dag.py:2305} INFO - Setting next_dagrun for example_xcom_args_with_operators to None
[2021-11-23 18:32:26,524] {scheduler_job.py:190} INFO - Processing /home/uiliam/virtualenvs/sandbox/lib/python3.8/site-packages/airflow/example_dags/example_xcomargs.py took 1.060 seconds
