[2021-11-23 18:25:46,771] {scheduler_job.py:182} INFO - Started process (PID=14260) to work on /home/uiliam/virtualenvs/sandbox/lib/python3.8/site-packages/airflow/example_dags/example_branch_labels.py
[2021-11-23 18:25:46,775] {scheduler_job.py:633} INFO - Processing file /home/uiliam/virtualenvs/sandbox/lib/python3.8/site-packages/airflow/example_dags/example_branch_labels.py for tasks to queue
[2021-11-23 18:25:46,778] {logging_mixin.py:104} INFO - [2021-11-23 18:25:46,777] {dagbag.py:487} INFO - Filling up the DagBag from /home/uiliam/virtualenvs/sandbox/lib/python3.8/site-packages/airflow/example_dags/example_branch_labels.py
[2021-11-23 18:25:46,802] {scheduler_job.py:643} INFO - DAG(s) dict_keys(['example_branch_labels']) retrieved from /home/uiliam/virtualenvs/sandbox/lib/python3.8/site-packages/airflow/example_dags/example_branch_labels.py
[2021-11-23 18:25:46,825] {logging_mixin.py:104} INFO - [2021-11-23 18:25:46,824] {dag.py:1832} INFO - Sync 1 DAGs
[2021-11-23 18:25:46,864] {logging_mixin.py:104} INFO - [2021-11-23 18:25:46,864] {dag.py:2305} INFO - Setting next_dagrun for example_branch_labels to 2021-11-21 00:00:00+00:00
[2021-11-23 18:25:46,941] {scheduler_job.py:190} INFO - Processing /home/uiliam/virtualenvs/sandbox/lib/python3.8/site-packages/airflow/example_dags/example_branch_labels.py took 0.179 seconds
[2021-11-23 18:26:26,589] {scheduler_job.py:182} INFO - Started process (PID=14325) to work on /home/uiliam/virtualenvs/sandbox/lib/python3.8/site-packages/airflow/example_dags/example_branch_labels.py
[2021-11-23 18:26:26,590] {scheduler_job.py:633} INFO - Processing file /home/uiliam/virtualenvs/sandbox/lib/python3.8/site-packages/airflow/example_dags/example_branch_labels.py for tasks to queue
[2021-11-23 18:26:26,591] {logging_mixin.py:104} INFO - [2021-11-23 18:26:26,591] {dagbag.py:487} INFO - Filling up the DagBag from /home/uiliam/virtualenvs/sandbox/lib/python3.8/site-packages/airflow/example_dags/example_branch_labels.py
[2021-11-23 18:26:26,604] {scheduler_job.py:643} INFO - DAG(s) dict_keys(['example_branch_labels']) retrieved from /home/uiliam/virtualenvs/sandbox/lib/python3.8/site-packages/airflow/example_dags/example_branch_labels.py
[2021-11-23 18:26:26,621] {logging_mixin.py:104} INFO - [2021-11-23 18:26:26,620] {dag.py:1832} INFO - Sync 1 DAGs
[2021-11-23 18:26:26,638] {logging_mixin.py:104} INFO - [2021-11-23 18:26:26,637] {dag.py:2305} INFO - Setting next_dagrun for example_branch_labels to 2021-11-21 00:00:00+00:00
[2021-11-23 18:26:26,712] {scheduler_job.py:190} INFO - Processing /home/uiliam/virtualenvs/sandbox/lib/python3.8/site-packages/airflow/example_dags/example_branch_labels.py took 0.127 seconds
[2021-11-23 18:27:08,156] {scheduler_job.py:182} INFO - Started process (PID=14437) to work on /home/uiliam/virtualenvs/sandbox/lib/python3.8/site-packages/airflow/example_dags/example_branch_labels.py
[2021-11-23 18:27:08,158] {scheduler_job.py:633} INFO - Processing file /home/uiliam/virtualenvs/sandbox/lib/python3.8/site-packages/airflow/example_dags/example_branch_labels.py for tasks to queue
[2021-11-23 18:27:08,159] {logging_mixin.py:104} INFO - [2021-11-23 18:27:08,159] {dagbag.py:487} INFO - Filling up the DagBag from /home/uiliam/virtualenvs/sandbox/lib/python3.8/site-packages/airflow/example_dags/example_branch_labels.py
[2021-11-23 18:27:08,187] {scheduler_job.py:643} INFO - DAG(s) dict_keys(['example_branch_labels']) retrieved from /home/uiliam/virtualenvs/sandbox/lib/python3.8/site-packages/airflow/example_dags/example_branch_labels.py
[2021-11-23 18:27:08,230] {logging_mixin.py:104} INFO - [2021-11-23 18:27:08,230] {dag.py:1832} INFO - Sync 1 DAGs
[2021-11-23 18:27:08,272] {logging_mixin.py:104} INFO - [2021-11-23 18:27:08,271] {dag.py:2305} INFO - Setting next_dagrun for example_branch_labels to 2021-11-21 00:00:00+00:00
[2021-11-23 18:27:08,359] {scheduler_job.py:190} INFO - Processing /home/uiliam/virtualenvs/sandbox/lib/python3.8/site-packages/airflow/example_dags/example_branch_labels.py took 0.209 seconds
[2021-11-23 18:27:51,350] {scheduler_job.py:182} INFO - Started process (PID=14489) to work on /home/uiliam/virtualenvs/sandbox/lib/python3.8/site-packages/airflow/example_dags/example_branch_labels.py
[2021-11-23 18:27:51,352] {scheduler_job.py:633} INFO - Processing file /home/uiliam/virtualenvs/sandbox/lib/python3.8/site-packages/airflow/example_dags/example_branch_labels.py for tasks to queue
[2021-11-23 18:27:51,353] {logging_mixin.py:104} INFO - [2021-11-23 18:27:51,352] {dagbag.py:487} INFO - Filling up the DagBag from /home/uiliam/virtualenvs/sandbox/lib/python3.8/site-packages/airflow/example_dags/example_branch_labels.py
[2021-11-23 18:27:51,377] {scheduler_job.py:643} INFO - DAG(s) dict_keys(['example_branch_labels']) retrieved from /home/uiliam/virtualenvs/sandbox/lib/python3.8/site-packages/airflow/example_dags/example_branch_labels.py
[2021-11-23 18:27:51,407] {logging_mixin.py:104} INFO - [2021-11-23 18:27:51,406] {dag.py:1832} INFO - Sync 1 DAGs
[2021-11-23 18:27:51,434] {logging_mixin.py:104} INFO - [2021-11-23 18:27:51,433] {dag.py:2305} INFO - Setting next_dagrun for example_branch_labels to 2021-11-21 00:00:00+00:00
[2021-11-23 18:27:51,544] {scheduler_job.py:190} INFO - Processing /home/uiliam/virtualenvs/sandbox/lib/python3.8/site-packages/airflow/example_dags/example_branch_labels.py took 0.198 seconds
[2021-11-23 18:28:40,026] {scheduler_job.py:182} INFO - Started process (PID=14595) to work on /home/uiliam/virtualenvs/sandbox/lib/python3.8/site-packages/airflow/example_dags/example_branch_labels.py
[2021-11-23 18:28:40,029] {scheduler_job.py:633} INFO - Processing file /home/uiliam/virtualenvs/sandbox/lib/python3.8/site-packages/airflow/example_dags/example_branch_labels.py for tasks to queue
[2021-11-23 18:28:40,030] {logging_mixin.py:104} INFO - [2021-11-23 18:28:40,030] {dagbag.py:487} INFO - Filling up the DagBag from /home/uiliam/virtualenvs/sandbox/lib/python3.8/site-packages/airflow/example_dags/example_branch_labels.py
[2021-11-23 18:28:40,059] {scheduler_job.py:643} INFO - DAG(s) dict_keys(['example_branch_labels']) retrieved from /home/uiliam/virtualenvs/sandbox/lib/python3.8/site-packages/airflow/example_dags/example_branch_labels.py
[2021-11-23 18:28:40,089] {logging_mixin.py:104} INFO - [2021-11-23 18:28:40,089] {dag.py:1832} INFO - Sync 1 DAGs
[2021-11-23 18:28:40,115] {logging_mixin.py:104} INFO - [2021-11-23 18:28:40,115] {dag.py:2305} INFO - Setting next_dagrun for example_branch_labels to 2021-11-21 00:00:00+00:00
[2021-11-23 18:28:40,233] {scheduler_job.py:190} INFO - Processing /home/uiliam/virtualenvs/sandbox/lib/python3.8/site-packages/airflow/example_dags/example_branch_labels.py took 0.213 seconds
[2021-11-23 18:29:31,904] {scheduler_job.py:182} INFO - Started process (PID=14642) to work on /home/uiliam/virtualenvs/sandbox/lib/python3.8/site-packages/airflow/example_dags/example_branch_labels.py
[2021-11-23 18:29:31,905] {scheduler_job.py:633} INFO - Processing file /home/uiliam/virtualenvs/sandbox/lib/python3.8/site-packages/airflow/example_dags/example_branch_labels.py for tasks to queue
[2021-11-23 18:29:31,906] {logging_mixin.py:104} INFO - [2021-11-23 18:29:31,906] {dagbag.py:487} INFO - Filling up the DagBag from /home/uiliam/virtualenvs/sandbox/lib/python3.8/site-packages/airflow/example_dags/example_branch_labels.py
[2021-11-23 18:29:31,926] {scheduler_job.py:643} INFO - DAG(s) dict_keys(['example_branch_labels']) retrieved from /home/uiliam/virtualenvs/sandbox/lib/python3.8/site-packages/airflow/example_dags/example_branch_labels.py
[2021-11-23 18:29:31,952] {logging_mixin.py:104} INFO - [2021-11-23 18:29:31,951] {dag.py:1832} INFO - Sync 1 DAGs
[2021-11-23 18:29:31,977] {logging_mixin.py:104} INFO - [2021-11-23 18:29:31,977] {dag.py:2305} INFO - Setting next_dagrun for example_branch_labels to 2021-11-21 00:00:00+00:00
[2021-11-23 18:29:32,211] {scheduler_job.py:190} INFO - Processing /home/uiliam/virtualenvs/sandbox/lib/python3.8/site-packages/airflow/example_dags/example_branch_labels.py took 0.315 seconds
[2021-11-23 18:30:14,319] {scheduler_job.py:182} INFO - Started process (PID=14681) to work on /home/uiliam/virtualenvs/sandbox/lib/python3.8/site-packages/airflow/example_dags/example_branch_labels.py
[2021-11-23 18:30:14,321] {scheduler_job.py:633} INFO - Processing file /home/uiliam/virtualenvs/sandbox/lib/python3.8/site-packages/airflow/example_dags/example_branch_labels.py for tasks to queue
[2021-11-23 18:30:14,323] {logging_mixin.py:104} INFO - [2021-11-23 18:30:14,322] {dagbag.py:487} INFO - Filling up the DagBag from /home/uiliam/virtualenvs/sandbox/lib/python3.8/site-packages/airflow/example_dags/example_branch_labels.py
[2021-11-23 18:30:14,347] {scheduler_job.py:643} INFO - DAG(s) dict_keys(['example_branch_labels']) retrieved from /home/uiliam/virtualenvs/sandbox/lib/python3.8/site-packages/airflow/example_dags/example_branch_labels.py
[2021-11-23 18:30:14,376] {logging_mixin.py:104} INFO - [2021-11-23 18:30:14,376] {dag.py:1832} INFO - Sync 1 DAGs
[2021-11-23 18:30:14,414] {logging_mixin.py:104} INFO - [2021-11-23 18:30:14,413] {dag.py:2305} INFO - Setting next_dagrun for example_branch_labels to 2021-11-21 00:00:00+00:00
[2021-11-23 18:30:14,502] {scheduler_job.py:190} INFO - Processing /home/uiliam/virtualenvs/sandbox/lib/python3.8/site-packages/airflow/example_dags/example_branch_labels.py took 0.189 seconds
[2021-11-23 18:31:07,701] {scheduler_job.py:182} INFO - Started process (PID=14775) to work on /home/uiliam/virtualenvs/sandbox/lib/python3.8/site-packages/airflow/example_dags/example_branch_labels.py
[2021-11-23 18:31:07,703] {scheduler_job.py:633} INFO - Processing file /home/uiliam/virtualenvs/sandbox/lib/python3.8/site-packages/airflow/example_dags/example_branch_labels.py for tasks to queue
[2021-11-23 18:31:07,705] {logging_mixin.py:104} INFO - [2021-11-23 18:31:07,704] {dagbag.py:487} INFO - Filling up the DagBag from /home/uiliam/virtualenvs/sandbox/lib/python3.8/site-packages/airflow/example_dags/example_branch_labels.py
[2021-11-23 18:31:07,734] {scheduler_job.py:643} INFO - DAG(s) dict_keys(['example_branch_labels']) retrieved from /home/uiliam/virtualenvs/sandbox/lib/python3.8/site-packages/airflow/example_dags/example_branch_labels.py
[2021-11-23 18:31:07,774] {logging_mixin.py:104} INFO - [2021-11-23 18:31:07,773] {dag.py:1832} INFO - Sync 1 DAGs
[2021-11-23 18:31:07,814] {logging_mixin.py:104} INFO - [2021-11-23 18:31:07,814] {dag.py:2305} INFO - Setting next_dagrun for example_branch_labels to 2021-11-21 00:00:00+00:00
[2021-11-23 18:31:08,046] {scheduler_job.py:190} INFO - Processing /home/uiliam/virtualenvs/sandbox/lib/python3.8/site-packages/airflow/example_dags/example_branch_labels.py took 0.353 seconds
[2021-11-23 18:32:00,454] {scheduler_job.py:182} INFO - Started process (PID=14830) to work on /home/uiliam/virtualenvs/sandbox/lib/python3.8/site-packages/airflow/example_dags/example_branch_labels.py
[2021-11-23 18:32:00,456] {scheduler_job.py:633} INFO - Processing file /home/uiliam/virtualenvs/sandbox/lib/python3.8/site-packages/airflow/example_dags/example_branch_labels.py for tasks to queue
[2021-11-23 18:32:00,458] {logging_mixin.py:104} INFO - [2021-11-23 18:32:00,458] {dagbag.py:487} INFO - Filling up the DagBag from /home/uiliam/virtualenvs/sandbox/lib/python3.8/site-packages/airflow/example_dags/example_branch_labels.py
[2021-11-23 18:32:00,490] {scheduler_job.py:643} INFO - DAG(s) dict_keys(['example_branch_labels']) retrieved from /home/uiliam/virtualenvs/sandbox/lib/python3.8/site-packages/airflow/example_dags/example_branch_labels.py
[2021-11-23 18:32:00,522] {logging_mixin.py:104} INFO - [2021-11-23 18:32:00,522] {dag.py:1832} INFO - Sync 1 DAGs
[2021-11-23 18:32:00,555] {logging_mixin.py:104} INFO - [2021-11-23 18:32:00,555] {dag.py:2305} INFO - Setting next_dagrun for example_branch_labels to 2021-11-21 00:00:00+00:00
[2021-11-23 18:32:00,636] {scheduler_job.py:190} INFO - Processing /home/uiliam/virtualenvs/sandbox/lib/python3.8/site-packages/airflow/example_dags/example_branch_labels.py took 0.193 seconds
[2021-11-23 18:32:44,156] {scheduler_job.py:182} INFO - Started process (PID=14931) to work on /home/uiliam/virtualenvs/sandbox/lib/python3.8/site-packages/airflow/example_dags/example_branch_labels.py
[2021-11-23 18:32:44,157] {scheduler_job.py:633} INFO - Processing file /home/uiliam/virtualenvs/sandbox/lib/python3.8/site-packages/airflow/example_dags/example_branch_labels.py for tasks to queue
[2021-11-23 18:32:44,158] {logging_mixin.py:104} INFO - [2021-11-23 18:32:44,158] {dagbag.py:487} INFO - Filling up the DagBag from /home/uiliam/virtualenvs/sandbox/lib/python3.8/site-packages/airflow/example_dags/example_branch_labels.py
[2021-11-23 18:32:44,172] {scheduler_job.py:643} INFO - DAG(s) dict_keys(['example_branch_labels']) retrieved from /home/uiliam/virtualenvs/sandbox/lib/python3.8/site-packages/airflow/example_dags/example_branch_labels.py
[2021-11-23 18:32:44,190] {logging_mixin.py:104} INFO - [2021-11-23 18:32:44,190] {dag.py:1832} INFO - Sync 1 DAGs
[2021-11-23 18:32:44,208] {logging_mixin.py:104} INFO - [2021-11-23 18:32:44,208] {dag.py:2305} INFO - Setting next_dagrun for example_branch_labels to 2021-11-21 00:00:00+00:00
[2021-11-23 18:32:44,330] {scheduler_job.py:190} INFO - Processing /home/uiliam/virtualenvs/sandbox/lib/python3.8/site-packages/airflow/example_dags/example_branch_labels.py took 0.178 seconds
