[2021-11-23 18:25:28,806] {scheduler_job.py:182} INFO - Started process (PID=14243) to work on /home/uiliam/virtualenvs/sandbox/lib/python3.8/site-packages/airflow/example_dags/example_trigger_controller_dag.py
[2021-11-23 18:25:28,810] {scheduler_job.py:633} INFO - Processing file /home/uiliam/virtualenvs/sandbox/lib/python3.8/site-packages/airflow/example_dags/example_trigger_controller_dag.py for tasks to queue
[2021-11-23 18:25:28,812] {logging_mixin.py:104} INFO - [2021-11-23 18:25:28,811] {dagbag.py:487} INFO - Filling up the DagBag from /home/uiliam/virtualenvs/sandbox/lib/python3.8/site-packages/airflow/example_dags/example_trigger_controller_dag.py
[2021-11-23 18:25:28,840] {scheduler_job.py:643} INFO - DAG(s) dict_keys(['example_trigger_controller_dag']) retrieved from /home/uiliam/virtualenvs/sandbox/lib/python3.8/site-packages/airflow/example_dags/example_trigger_controller_dag.py
[2021-11-23 18:25:28,869] {logging_mixin.py:104} INFO - [2021-11-23 18:25:28,868] {dag.py:1832} INFO - Sync 1 DAGs
[2021-11-23 18:25:28,893] {logging_mixin.py:104} INFO - [2021-11-23 18:25:28,892] {dag.py:2305} INFO - Setting next_dagrun for example_trigger_controller_dag to 2021-11-21 00:00:00+00:00
[2021-11-23 18:25:29,006] {scheduler_job.py:190} INFO - Processing /home/uiliam/virtualenvs/sandbox/lib/python3.8/site-packages/airflow/example_dags/example_trigger_controller_dag.py took 0.209 seconds
[2021-11-23 18:26:11,506] {scheduler_job.py:182} INFO - Started process (PID=14307) to work on /home/uiliam/virtualenvs/sandbox/lib/python3.8/site-packages/airflow/example_dags/example_trigger_controller_dag.py
[2021-11-23 18:26:11,508] {scheduler_job.py:633} INFO - Processing file /home/uiliam/virtualenvs/sandbox/lib/python3.8/site-packages/airflow/example_dags/example_trigger_controller_dag.py for tasks to queue
[2021-11-23 18:26:11,508] {logging_mixin.py:104} INFO - [2021-11-23 18:26:11,508] {dagbag.py:487} INFO - Filling up the DagBag from /home/uiliam/virtualenvs/sandbox/lib/python3.8/site-packages/airflow/example_dags/example_trigger_controller_dag.py
[2021-11-23 18:26:11,520] {scheduler_job.py:643} INFO - DAG(s) dict_keys(['example_trigger_controller_dag']) retrieved from /home/uiliam/virtualenvs/sandbox/lib/python3.8/site-packages/airflow/example_dags/example_trigger_controller_dag.py
[2021-11-23 18:26:11,537] {logging_mixin.py:104} INFO - [2021-11-23 18:26:11,537] {dag.py:1832} INFO - Sync 1 DAGs
[2021-11-23 18:26:11,550] {logging_mixin.py:104} INFO - [2021-11-23 18:26:11,550] {dag.py:2305} INFO - Setting next_dagrun for example_trigger_controller_dag to 2021-11-21 00:00:00+00:00
[2021-11-23 18:26:11,632] {scheduler_job.py:190} INFO - Processing /home/uiliam/virtualenvs/sandbox/lib/python3.8/site-packages/airflow/example_dags/example_trigger_controller_dag.py took 0.129 seconds
[2021-11-23 18:26:49,325] {scheduler_job.py:182} INFO - Started process (PID=14397) to work on /home/uiliam/virtualenvs/sandbox/lib/python3.8/site-packages/airflow/example_dags/example_trigger_controller_dag.py
[2021-11-23 18:26:49,327] {scheduler_job.py:633} INFO - Processing file /home/uiliam/virtualenvs/sandbox/lib/python3.8/site-packages/airflow/example_dags/example_trigger_controller_dag.py for tasks to queue
[2021-11-23 18:26:49,328] {logging_mixin.py:104} INFO - [2021-11-23 18:26:49,328] {dagbag.py:487} INFO - Filling up the DagBag from /home/uiliam/virtualenvs/sandbox/lib/python3.8/site-packages/airflow/example_dags/example_trigger_controller_dag.py
[2021-11-23 18:26:49,364] {scheduler_job.py:643} INFO - DAG(s) dict_keys(['example_trigger_controller_dag']) retrieved from /home/uiliam/virtualenvs/sandbox/lib/python3.8/site-packages/airflow/example_dags/example_trigger_controller_dag.py
[2021-11-23 18:26:49,402] {logging_mixin.py:104} INFO - [2021-11-23 18:26:49,402] {dag.py:1832} INFO - Sync 1 DAGs
[2021-11-23 18:26:49,437] {logging_mixin.py:104} INFO - [2021-11-23 18:26:49,436] {dag.py:2305} INFO - Setting next_dagrun for example_trigger_controller_dag to 2021-11-21 00:00:00+00:00
[2021-11-23 18:26:49,536] {scheduler_job.py:190} INFO - Processing /home/uiliam/virtualenvs/sandbox/lib/python3.8/site-packages/airflow/example_dags/example_trigger_controller_dag.py took 0.222 seconds
[2021-11-23 18:27:32,282] {scheduler_job.py:182} INFO - Started process (PID=14471) to work on /home/uiliam/virtualenvs/sandbox/lib/python3.8/site-packages/airflow/example_dags/example_trigger_controller_dag.py
[2021-11-23 18:27:32,287] {scheduler_job.py:633} INFO - Processing file /home/uiliam/virtualenvs/sandbox/lib/python3.8/site-packages/airflow/example_dags/example_trigger_controller_dag.py for tasks to queue
[2021-11-23 18:27:32,291] {logging_mixin.py:104} INFO - [2021-11-23 18:27:32,290] {dagbag.py:487} INFO - Filling up the DagBag from /home/uiliam/virtualenvs/sandbox/lib/python3.8/site-packages/airflow/example_dags/example_trigger_controller_dag.py
[2021-11-23 18:27:32,306] {scheduler_job.py:643} INFO - DAG(s) dict_keys(['example_trigger_controller_dag']) retrieved from /home/uiliam/virtualenvs/sandbox/lib/python3.8/site-packages/airflow/example_dags/example_trigger_controller_dag.py
[2021-11-23 18:27:32,330] {logging_mixin.py:104} INFO - [2021-11-23 18:27:32,330] {dag.py:1832} INFO - Sync 1 DAGs
[2021-11-23 18:27:32,353] {logging_mixin.py:104} INFO - [2021-11-23 18:27:32,353] {dag.py:2305} INFO - Setting next_dagrun for example_trigger_controller_dag to 2021-11-21 00:00:00+00:00
[2021-11-23 18:27:32,521] {scheduler_job.py:190} INFO - Processing /home/uiliam/virtualenvs/sandbox/lib/python3.8/site-packages/airflow/example_dags/example_trigger_controller_dag.py took 0.243 seconds
[2021-11-23 18:28:10,940] {scheduler_job.py:182} INFO - Started process (PID=14521) to work on /home/uiliam/virtualenvs/sandbox/lib/python3.8/site-packages/airflow/example_dags/example_trigger_controller_dag.py
[2021-11-23 18:28:10,942] {scheduler_job.py:633} INFO - Processing file /home/uiliam/virtualenvs/sandbox/lib/python3.8/site-packages/airflow/example_dags/example_trigger_controller_dag.py for tasks to queue
[2021-11-23 18:28:10,942] {logging_mixin.py:104} INFO - [2021-11-23 18:28:10,942] {dagbag.py:487} INFO - Filling up the DagBag from /home/uiliam/virtualenvs/sandbox/lib/python3.8/site-packages/airflow/example_dags/example_trigger_controller_dag.py
[2021-11-23 18:28:10,954] {scheduler_job.py:643} INFO - DAG(s) dict_keys(['example_trigger_controller_dag']) retrieved from /home/uiliam/virtualenvs/sandbox/lib/python3.8/site-packages/airflow/example_dags/example_trigger_controller_dag.py
[2021-11-23 18:28:10,970] {logging_mixin.py:104} INFO - [2021-11-23 18:28:10,970] {dag.py:1832} INFO - Sync 1 DAGs
[2021-11-23 18:28:10,984] {logging_mixin.py:104} INFO - [2021-11-23 18:28:10,984] {dag.py:2305} INFO - Setting next_dagrun for example_trigger_controller_dag to 2021-11-21 00:00:00+00:00
[2021-11-23 18:28:11,079] {scheduler_job.py:190} INFO - Processing /home/uiliam/virtualenvs/sandbox/lib/python3.8/site-packages/airflow/example_dags/example_trigger_controller_dag.py took 0.144 seconds
[2021-11-23 18:28:48,160] {scheduler_job.py:182} INFO - Started process (PID=14602) to work on /home/uiliam/virtualenvs/sandbox/lib/python3.8/site-packages/airflow/example_dags/example_trigger_controller_dag.py
[2021-11-23 18:28:48,161] {scheduler_job.py:633} INFO - Processing file /home/uiliam/virtualenvs/sandbox/lib/python3.8/site-packages/airflow/example_dags/example_trigger_controller_dag.py for tasks to queue
[2021-11-23 18:28:48,163] {logging_mixin.py:104} INFO - [2021-11-23 18:28:48,162] {dagbag.py:487} INFO - Filling up the DagBag from /home/uiliam/virtualenvs/sandbox/lib/python3.8/site-packages/airflow/example_dags/example_trigger_controller_dag.py
[2021-11-23 18:28:48,182] {scheduler_job.py:643} INFO - DAG(s) dict_keys(['example_trigger_controller_dag']) retrieved from /home/uiliam/virtualenvs/sandbox/lib/python3.8/site-packages/airflow/example_dags/example_trigger_controller_dag.py
[2021-11-23 18:28:48,212] {logging_mixin.py:104} INFO - [2021-11-23 18:28:48,212] {dag.py:1832} INFO - Sync 1 DAGs
[2021-11-23 18:28:48,231] {logging_mixin.py:104} INFO - [2021-11-23 18:28:48,231] {dag.py:2305} INFO - Setting next_dagrun for example_trigger_controller_dag to 2021-11-21 00:00:00+00:00
[2021-11-23 18:28:48,363] {scheduler_job.py:190} INFO - Processing /home/uiliam/virtualenvs/sandbox/lib/python3.8/site-packages/airflow/example_dags/example_trigger_controller_dag.py took 0.208 seconds
[2021-11-23 18:29:27,886] {scheduler_job.py:182} INFO - Started process (PID=14639) to work on /home/uiliam/virtualenvs/sandbox/lib/python3.8/site-packages/airflow/example_dags/example_trigger_controller_dag.py
[2021-11-23 18:29:27,887] {scheduler_job.py:633} INFO - Processing file /home/uiliam/virtualenvs/sandbox/lib/python3.8/site-packages/airflow/example_dags/example_trigger_controller_dag.py for tasks to queue
[2021-11-23 18:29:27,888] {logging_mixin.py:104} INFO - [2021-11-23 18:29:27,888] {dagbag.py:487} INFO - Filling up the DagBag from /home/uiliam/virtualenvs/sandbox/lib/python3.8/site-packages/airflow/example_dags/example_trigger_controller_dag.py
[2021-11-23 18:29:27,912] {scheduler_job.py:643} INFO - DAG(s) dict_keys(['example_trigger_controller_dag']) retrieved from /home/uiliam/virtualenvs/sandbox/lib/python3.8/site-packages/airflow/example_dags/example_trigger_controller_dag.py
[2021-11-23 18:29:27,938] {logging_mixin.py:104} INFO - [2021-11-23 18:29:27,938] {dag.py:1832} INFO - Sync 1 DAGs
[2021-11-23 18:29:27,960] {logging_mixin.py:104} INFO - [2021-11-23 18:29:27,959] {dag.py:2305} INFO - Setting next_dagrun for example_trigger_controller_dag to 2021-11-21 00:00:00+00:00
[2021-11-23 18:29:28,085] {scheduler_job.py:190} INFO - Processing /home/uiliam/virtualenvs/sandbox/lib/python3.8/site-packages/airflow/example_dags/example_trigger_controller_dag.py took 0.207 seconds
[2021-11-23 18:30:08,084] {scheduler_job.py:182} INFO - Started process (PID=14675) to work on /home/uiliam/virtualenvs/sandbox/lib/python3.8/site-packages/airflow/example_dags/example_trigger_controller_dag.py
[2021-11-23 18:30:08,086] {scheduler_job.py:633} INFO - Processing file /home/uiliam/virtualenvs/sandbox/lib/python3.8/site-packages/airflow/example_dags/example_trigger_controller_dag.py for tasks to queue
[2021-11-23 18:30:08,087] {logging_mixin.py:104} INFO - [2021-11-23 18:30:08,086] {dagbag.py:487} INFO - Filling up the DagBag from /home/uiliam/virtualenvs/sandbox/lib/python3.8/site-packages/airflow/example_dags/example_trigger_controller_dag.py
[2021-11-23 18:30:08,108] {scheduler_job.py:643} INFO - DAG(s) dict_keys(['example_trigger_controller_dag']) retrieved from /home/uiliam/virtualenvs/sandbox/lib/python3.8/site-packages/airflow/example_dags/example_trigger_controller_dag.py
[2021-11-23 18:30:08,139] {logging_mixin.py:104} INFO - [2021-11-23 18:30:08,139] {dag.py:1832} INFO - Sync 1 DAGs
[2021-11-23 18:30:08,158] {logging_mixin.py:104} INFO - [2021-11-23 18:30:08,158] {dag.py:2305} INFO - Setting next_dagrun for example_trigger_controller_dag to 2021-11-21 00:00:00+00:00
[2021-11-23 18:30:08,290] {scheduler_job.py:190} INFO - Processing /home/uiliam/virtualenvs/sandbox/lib/python3.8/site-packages/airflow/example_dags/example_trigger_controller_dag.py took 0.211 seconds
[2021-11-23 18:30:47,535] {scheduler_job.py:182} INFO - Started process (PID=14738) to work on /home/uiliam/virtualenvs/sandbox/lib/python3.8/site-packages/airflow/example_dags/example_trigger_controller_dag.py
[2021-11-23 18:30:47,538] {scheduler_job.py:633} INFO - Processing file /home/uiliam/virtualenvs/sandbox/lib/python3.8/site-packages/airflow/example_dags/example_trigger_controller_dag.py for tasks to queue
[2021-11-23 18:30:47,539] {logging_mixin.py:104} INFO - [2021-11-23 18:30:47,539] {dagbag.py:487} INFO - Filling up the DagBag from /home/uiliam/virtualenvs/sandbox/lib/python3.8/site-packages/airflow/example_dags/example_trigger_controller_dag.py
[2021-11-23 18:30:47,564] {scheduler_job.py:643} INFO - DAG(s) dict_keys(['example_trigger_controller_dag']) retrieved from /home/uiliam/virtualenvs/sandbox/lib/python3.8/site-packages/airflow/example_dags/example_trigger_controller_dag.py
[2021-11-23 18:30:47,601] {logging_mixin.py:104} INFO - [2021-11-23 18:30:47,601] {dag.py:1832} INFO - Sync 1 DAGs
[2021-11-23 18:30:47,638] {logging_mixin.py:104} INFO - [2021-11-23 18:30:47,637] {dag.py:2305} INFO - Setting next_dagrun for example_trigger_controller_dag to 2021-11-21 00:00:00+00:00
[2021-11-23 18:30:47,768] {scheduler_job.py:190} INFO - Processing /home/uiliam/virtualenvs/sandbox/lib/python3.8/site-packages/airflow/example_dags/example_trigger_controller_dag.py took 0.242 seconds
[2021-11-23 18:31:29,794] {scheduler_job.py:182} INFO - Started process (PID=14803) to work on /home/uiliam/virtualenvs/sandbox/lib/python3.8/site-packages/airflow/example_dags/example_trigger_controller_dag.py
[2021-11-23 18:31:29,797] {scheduler_job.py:633} INFO - Processing file /home/uiliam/virtualenvs/sandbox/lib/python3.8/site-packages/airflow/example_dags/example_trigger_controller_dag.py for tasks to queue
[2021-11-23 18:31:29,801] {logging_mixin.py:104} INFO - [2021-11-23 18:31:29,801] {dagbag.py:487} INFO - Filling up the DagBag from /home/uiliam/virtualenvs/sandbox/lib/python3.8/site-packages/airflow/example_dags/example_trigger_controller_dag.py
[2021-11-23 18:31:29,821] {scheduler_job.py:643} INFO - DAG(s) dict_keys(['example_trigger_controller_dag']) retrieved from /home/uiliam/virtualenvs/sandbox/lib/python3.8/site-packages/airflow/example_dags/example_trigger_controller_dag.py
[2021-11-23 18:31:29,856] {logging_mixin.py:104} INFO - [2021-11-23 18:31:29,856] {dag.py:1832} INFO - Sync 1 DAGs
[2021-11-23 18:31:29,881] {logging_mixin.py:104} INFO - [2021-11-23 18:31:29,881] {dag.py:2305} INFO - Setting next_dagrun for example_trigger_controller_dag to 2021-11-21 00:00:00+00:00
[2021-11-23 18:31:30,011] {scheduler_job.py:190} INFO - Processing /home/uiliam/virtualenvs/sandbox/lib/python3.8/site-packages/airflow/example_dags/example_trigger_controller_dag.py took 0.226 seconds
[2021-11-23 18:32:11,839] {scheduler_job.py:182} INFO - Started process (PID=14838) to work on /home/uiliam/virtualenvs/sandbox/lib/python3.8/site-packages/airflow/example_dags/example_trigger_controller_dag.py
[2021-11-23 18:32:11,842] {scheduler_job.py:633} INFO - Processing file /home/uiliam/virtualenvs/sandbox/lib/python3.8/site-packages/airflow/example_dags/example_trigger_controller_dag.py for tasks to queue
[2021-11-23 18:32:11,843] {logging_mixin.py:104} INFO - [2021-11-23 18:32:11,843] {dagbag.py:487} INFO - Filling up the DagBag from /home/uiliam/virtualenvs/sandbox/lib/python3.8/site-packages/airflow/example_dags/example_trigger_controller_dag.py
[2021-11-23 18:32:11,870] {scheduler_job.py:643} INFO - DAG(s) dict_keys(['example_trigger_controller_dag']) retrieved from /home/uiliam/virtualenvs/sandbox/lib/python3.8/site-packages/airflow/example_dags/example_trigger_controller_dag.py
[2021-11-23 18:32:11,901] {logging_mixin.py:104} INFO - [2021-11-23 18:32:11,901] {dag.py:1832} INFO - Sync 1 DAGs
[2021-11-23 18:32:11,942] {logging_mixin.py:104} INFO - [2021-11-23 18:32:11,941] {dag.py:2305} INFO - Setting next_dagrun for example_trigger_controller_dag to 2021-11-21 00:00:00+00:00
[2021-11-23 18:32:12,053] {scheduler_job.py:190} INFO - Processing /home/uiliam/virtualenvs/sandbox/lib/python3.8/site-packages/airflow/example_dags/example_trigger_controller_dag.py took 0.219 seconds
