[2021-11-23 18:25:52,151] {scheduler_job.py:182} INFO - Started process (PID=14272) to work on /home/uiliam/virtualenvs/sandbox/lib/python3.8/site-packages/airflow/example_dags/example_kubernetes_executor.py
[2021-11-23 18:25:52,152] {scheduler_job.py:633} INFO - Processing file /home/uiliam/virtualenvs/sandbox/lib/python3.8/site-packages/airflow/example_dags/example_kubernetes_executor.py for tasks to queue
[2021-11-23 18:25:52,153] {logging_mixin.py:104} INFO - [2021-11-23 18:25:52,153] {dagbag.py:487} INFO - Filling up the DagBag from /home/uiliam/virtualenvs/sandbox/lib/python3.8/site-packages/airflow/example_dags/example_kubernetes_executor.py
[2021-11-23 18:25:52,187] {scheduler_job.py:643} INFO - DAG(s) dict_keys(['example_kubernetes_executor']) retrieved from /home/uiliam/virtualenvs/sandbox/lib/python3.8/site-packages/airflow/example_dags/example_kubernetes_executor.py
[2021-11-23 18:25:52,219] {logging_mixin.py:104} INFO - [2021-11-23 18:25:52,219] {dag.py:1832} INFO - Sync 1 DAGs
[2021-11-23 18:25:52,251] {logging_mixin.py:104} INFO - [2021-11-23 18:25:52,250] {dag.py:2305} INFO - Setting next_dagrun for example_kubernetes_executor to None
[2021-11-23 18:25:52,568] {scheduler_job.py:190} INFO - Processing /home/uiliam/virtualenvs/sandbox/lib/python3.8/site-packages/airflow/example_dags/example_kubernetes_executor.py took 0.426 seconds
[2021-11-23 18:26:32,243] {scheduler_job.py:182} INFO - Started process (PID=14330) to work on /home/uiliam/virtualenvs/sandbox/lib/python3.8/site-packages/airflow/example_dags/example_kubernetes_executor.py
[2021-11-23 18:26:32,244] {scheduler_job.py:633} INFO - Processing file /home/uiliam/virtualenvs/sandbox/lib/python3.8/site-packages/airflow/example_dags/example_kubernetes_executor.py for tasks to queue
[2021-11-23 18:26:32,245] {logging_mixin.py:104} INFO - [2021-11-23 18:26:32,245] {dagbag.py:487} INFO - Filling up the DagBag from /home/uiliam/virtualenvs/sandbox/lib/python3.8/site-packages/airflow/example_dags/example_kubernetes_executor.py
[2021-11-23 18:26:32,259] {scheduler_job.py:643} INFO - DAG(s) dict_keys(['example_kubernetes_executor']) retrieved from /home/uiliam/virtualenvs/sandbox/lib/python3.8/site-packages/airflow/example_dags/example_kubernetes_executor.py
[2021-11-23 18:26:32,275] {logging_mixin.py:104} INFO - [2021-11-23 18:26:32,275] {dag.py:1832} INFO - Sync 1 DAGs
[2021-11-23 18:26:32,288] {logging_mixin.py:104} INFO - [2021-11-23 18:26:32,288] {dag.py:2305} INFO - Setting next_dagrun for example_kubernetes_executor to None
[2021-11-23 18:26:32,377] {scheduler_job.py:190} INFO - Processing /home/uiliam/virtualenvs/sandbox/lib/python3.8/site-packages/airflow/example_dags/example_kubernetes_executor.py took 0.138 seconds
[2021-11-23 18:27:21,162] {scheduler_job.py:182} INFO - Started process (PID=14461) to work on /home/uiliam/virtualenvs/sandbox/lib/python3.8/site-packages/airflow/example_dags/example_kubernetes_executor.py
[2021-11-23 18:27:21,165] {scheduler_job.py:633} INFO - Processing file /home/uiliam/virtualenvs/sandbox/lib/python3.8/site-packages/airflow/example_dags/example_kubernetes_executor.py for tasks to queue
[2021-11-23 18:27:21,169] {logging_mixin.py:104} INFO - [2021-11-23 18:27:21,168] {dagbag.py:487} INFO - Filling up the DagBag from /home/uiliam/virtualenvs/sandbox/lib/python3.8/site-packages/airflow/example_dags/example_kubernetes_executor.py
[2021-11-23 18:27:21,206] {scheduler_job.py:643} INFO - DAG(s) dict_keys(['example_kubernetes_executor']) retrieved from /home/uiliam/virtualenvs/sandbox/lib/python3.8/site-packages/airflow/example_dags/example_kubernetes_executor.py
[2021-11-23 18:27:21,242] {logging_mixin.py:104} INFO - [2021-11-23 18:27:21,242] {dag.py:1832} INFO - Sync 1 DAGs
[2021-11-23 18:27:21,271] {logging_mixin.py:104} INFO - [2021-11-23 18:27:21,270] {dag.py:2305} INFO - Setting next_dagrun for example_kubernetes_executor to None
[2021-11-23 18:27:21,398] {scheduler_job.py:190} INFO - Processing /home/uiliam/virtualenvs/sandbox/lib/python3.8/site-packages/airflow/example_dags/example_kubernetes_executor.py took 0.243 seconds
[2021-11-23 18:28:04,089] {scheduler_job.py:182} INFO - Started process (PID=14515) to work on /home/uiliam/virtualenvs/sandbox/lib/python3.8/site-packages/airflow/example_dags/example_kubernetes_executor.py
[2021-11-23 18:28:04,091] {scheduler_job.py:633} INFO - Processing file /home/uiliam/virtualenvs/sandbox/lib/python3.8/site-packages/airflow/example_dags/example_kubernetes_executor.py for tasks to queue
[2021-11-23 18:28:04,092] {logging_mixin.py:104} INFO - [2021-11-23 18:28:04,092] {dagbag.py:487} INFO - Filling up the DagBag from /home/uiliam/virtualenvs/sandbox/lib/python3.8/site-packages/airflow/example_dags/example_kubernetes_executor.py
[2021-11-23 18:28:04,107] {scheduler_job.py:643} INFO - DAG(s) dict_keys(['example_kubernetes_executor']) retrieved from /home/uiliam/virtualenvs/sandbox/lib/python3.8/site-packages/airflow/example_dags/example_kubernetes_executor.py
[2021-11-23 18:28:04,124] {logging_mixin.py:104} INFO - [2021-11-23 18:28:04,124] {dag.py:1832} INFO - Sync 1 DAGs
[2021-11-23 18:28:04,137] {logging_mixin.py:104} INFO - [2021-11-23 18:28:04,137] {dag.py:2305} INFO - Setting next_dagrun for example_kubernetes_executor to None
[2021-11-23 18:28:04,326] {scheduler_job.py:190} INFO - Processing /home/uiliam/virtualenvs/sandbox/lib/python3.8/site-packages/airflow/example_dags/example_kubernetes_executor.py took 0.242 seconds
[2021-11-23 18:28:53,747] {scheduler_job.py:182} INFO - Started process (PID=14609) to work on /home/uiliam/virtualenvs/sandbox/lib/python3.8/site-packages/airflow/example_dags/example_kubernetes_executor.py
[2021-11-23 18:28:53,749] {scheduler_job.py:633} INFO - Processing file /home/uiliam/virtualenvs/sandbox/lib/python3.8/site-packages/airflow/example_dags/example_kubernetes_executor.py for tasks to queue
[2021-11-23 18:28:53,750] {logging_mixin.py:104} INFO - [2021-11-23 18:28:53,750] {dagbag.py:487} INFO - Filling up the DagBag from /home/uiliam/virtualenvs/sandbox/lib/python3.8/site-packages/airflow/example_dags/example_kubernetes_executor.py
[2021-11-23 18:28:53,776] {scheduler_job.py:643} INFO - DAG(s) dict_keys(['example_kubernetes_executor']) retrieved from /home/uiliam/virtualenvs/sandbox/lib/python3.8/site-packages/airflow/example_dags/example_kubernetes_executor.py
[2021-11-23 18:28:53,805] {logging_mixin.py:104} INFO - [2021-11-23 18:28:53,805] {dag.py:1832} INFO - Sync 1 DAGs
[2021-11-23 18:28:53,825] {logging_mixin.py:104} INFO - [2021-11-23 18:28:53,825] {dag.py:2305} INFO - Setting next_dagrun for example_kubernetes_executor to None
[2021-11-23 18:28:53,940] {scheduler_job.py:190} INFO - Processing /home/uiliam/virtualenvs/sandbox/lib/python3.8/site-packages/airflow/example_dags/example_kubernetes_executor.py took 0.196 seconds
[2021-11-23 18:29:45,641] {scheduler_job.py:182} INFO - Started process (PID=14652) to work on /home/uiliam/virtualenvs/sandbox/lib/python3.8/site-packages/airflow/example_dags/example_kubernetes_executor.py
[2021-11-23 18:29:45,642] {scheduler_job.py:633} INFO - Processing file /home/uiliam/virtualenvs/sandbox/lib/python3.8/site-packages/airflow/example_dags/example_kubernetes_executor.py for tasks to queue
[2021-11-23 18:29:45,643] {logging_mixin.py:104} INFO - [2021-11-23 18:29:45,643] {dagbag.py:487} INFO - Filling up the DagBag from /home/uiliam/virtualenvs/sandbox/lib/python3.8/site-packages/airflow/example_dags/example_kubernetes_executor.py
[2021-11-23 18:29:45,673] {scheduler_job.py:643} INFO - DAG(s) dict_keys(['example_kubernetes_executor']) retrieved from /home/uiliam/virtualenvs/sandbox/lib/python3.8/site-packages/airflow/example_dags/example_kubernetes_executor.py
[2021-11-23 18:29:45,707] {logging_mixin.py:104} INFO - [2021-11-23 18:29:45,706] {dag.py:1832} INFO - Sync 1 DAGs
[2021-11-23 18:29:45,737] {logging_mixin.py:104} INFO - [2021-11-23 18:29:45,737] {dag.py:2305} INFO - Setting next_dagrun for example_kubernetes_executor to None
[2021-11-23 18:29:45,833] {scheduler_job.py:190} INFO - Processing /home/uiliam/virtualenvs/sandbox/lib/python3.8/site-packages/airflow/example_dags/example_kubernetes_executor.py took 0.196 seconds
[2021-11-23 18:30:38,011] {scheduler_job.py:182} INFO - Started process (PID=14728) to work on /home/uiliam/virtualenvs/sandbox/lib/python3.8/site-packages/airflow/example_dags/example_kubernetes_executor.py
[2021-11-23 18:30:38,015] {scheduler_job.py:633} INFO - Processing file /home/uiliam/virtualenvs/sandbox/lib/python3.8/site-packages/airflow/example_dags/example_kubernetes_executor.py for tasks to queue
[2021-11-23 18:30:38,018] {logging_mixin.py:104} INFO - [2021-11-23 18:30:38,017] {dagbag.py:487} INFO - Filling up the DagBag from /home/uiliam/virtualenvs/sandbox/lib/python3.8/site-packages/airflow/example_dags/example_kubernetes_executor.py
[2021-11-23 18:30:38,039] {scheduler_job.py:643} INFO - DAG(s) dict_keys(['example_kubernetes_executor']) retrieved from /home/uiliam/virtualenvs/sandbox/lib/python3.8/site-packages/airflow/example_dags/example_kubernetes_executor.py
[2021-11-23 18:30:38,070] {logging_mixin.py:104} INFO - [2021-11-23 18:30:38,070] {dag.py:1832} INFO - Sync 1 DAGs
[2021-11-23 18:30:38,095] {logging_mixin.py:104} INFO - [2021-11-23 18:30:38,095] {dag.py:2305} INFO - Setting next_dagrun for example_kubernetes_executor to None
[2021-11-23 18:30:38,260] {scheduler_job.py:190} INFO - Processing /home/uiliam/virtualenvs/sandbox/lib/python3.8/site-packages/airflow/example_dags/example_kubernetes_executor.py took 0.254 seconds
[2021-11-23 18:31:20,873] {scheduler_job.py:182} INFO - Started process (PID=14796) to work on /home/uiliam/virtualenvs/sandbox/lib/python3.8/site-packages/airflow/example_dags/example_kubernetes_executor.py
[2021-11-23 18:31:20,875] {scheduler_job.py:633} INFO - Processing file /home/uiliam/virtualenvs/sandbox/lib/python3.8/site-packages/airflow/example_dags/example_kubernetes_executor.py for tasks to queue
[2021-11-23 18:31:20,877] {logging_mixin.py:104} INFO - [2021-11-23 18:31:20,876] {dagbag.py:487} INFO - Filling up the DagBag from /home/uiliam/virtualenvs/sandbox/lib/python3.8/site-packages/airflow/example_dags/example_kubernetes_executor.py
[2021-11-23 18:31:20,905] {scheduler_job.py:643} INFO - DAG(s) dict_keys(['example_kubernetes_executor']) retrieved from /home/uiliam/virtualenvs/sandbox/lib/python3.8/site-packages/airflow/example_dags/example_kubernetes_executor.py
[2021-11-23 18:31:20,934] {logging_mixin.py:104} INFO - [2021-11-23 18:31:20,934] {dag.py:1832} INFO - Sync 1 DAGs
[2021-11-23 18:31:20,956] {logging_mixin.py:104} INFO - [2021-11-23 18:31:20,956] {dag.py:2305} INFO - Setting next_dagrun for example_kubernetes_executor to None
[2021-11-23 18:31:21,139] {scheduler_job.py:190} INFO - Processing /home/uiliam/virtualenvs/sandbox/lib/python3.8/site-packages/airflow/example_dags/example_kubernetes_executor.py took 0.274 seconds
[2021-11-23 18:32:18,423] {scheduler_job.py:182} INFO - Started process (PID=14846) to work on /home/uiliam/virtualenvs/sandbox/lib/python3.8/site-packages/airflow/example_dags/example_kubernetes_executor.py
[2021-11-23 18:32:18,425] {scheduler_job.py:633} INFO - Processing file /home/uiliam/virtualenvs/sandbox/lib/python3.8/site-packages/airflow/example_dags/example_kubernetes_executor.py for tasks to queue
[2021-11-23 18:32:18,427] {logging_mixin.py:104} INFO - [2021-11-23 18:32:18,427] {dagbag.py:487} INFO - Filling up the DagBag from /home/uiliam/virtualenvs/sandbox/lib/python3.8/site-packages/airflow/example_dags/example_kubernetes_executor.py
[2021-11-23 18:32:18,461] {scheduler_job.py:643} INFO - DAG(s) dict_keys(['example_kubernetes_executor']) retrieved from /home/uiliam/virtualenvs/sandbox/lib/python3.8/site-packages/airflow/example_dags/example_kubernetes_executor.py
[2021-11-23 18:32:18,490] {logging_mixin.py:104} INFO - [2021-11-23 18:32:18,489] {dag.py:1832} INFO - Sync 1 DAGs
[2021-11-23 18:32:18,510] {logging_mixin.py:104} INFO - [2021-11-23 18:32:18,510] {dag.py:2305} INFO - Setting next_dagrun for example_kubernetes_executor to None
[2021-11-23 18:32:18,618] {scheduler_job.py:190} INFO - Processing /home/uiliam/virtualenvs/sandbox/lib/python3.8/site-packages/airflow/example_dags/example_kubernetes_executor.py took 0.199 seconds
