[2021-11-23 18:25:24,158] {scheduler_job.py:182} INFO - Started process (PID=14240) to work on /home/uiliam/virtualenvs/sandbox/lib/python3.8/site-packages/airflow/example_dags/example_short_circuit_operator.py
[2021-11-23 18:25:24,161] {scheduler_job.py:633} INFO - Processing file /home/uiliam/virtualenvs/sandbox/lib/python3.8/site-packages/airflow/example_dags/example_short_circuit_operator.py for tasks to queue
[2021-11-23 18:25:24,163] {logging_mixin.py:104} INFO - [2021-11-23 18:25:24,162] {dagbag.py:487} INFO - Filling up the DagBag from /home/uiliam/virtualenvs/sandbox/lib/python3.8/site-packages/airflow/example_dags/example_short_circuit_operator.py
[2021-11-23 18:25:24,211] {scheduler_job.py:643} INFO - DAG(s) dict_keys(['example_short_circuit_operator']) retrieved from /home/uiliam/virtualenvs/sandbox/lib/python3.8/site-packages/airflow/example_dags/example_short_circuit_operator.py
[2021-11-23 18:25:24,269] {logging_mixin.py:104} INFO - [2021-11-23 18:25:24,269] {dag.py:1832} INFO - Sync 1 DAGs
[2021-11-23 18:25:24,304] {logging_mixin.py:104} INFO - [2021-11-23 18:25:24,304] {dag.py:2305} INFO - Setting next_dagrun for example_short_circuit_operator to 2021-11-21 00:00:00+00:00
[2021-11-23 18:25:24,469] {scheduler_job.py:190} INFO - Processing /home/uiliam/virtualenvs/sandbox/lib/python3.8/site-packages/airflow/example_dags/example_short_circuit_operator.py took 0.321 seconds
[2021-11-23 18:26:08,488] {scheduler_job.py:182} INFO - Started process (PID=14304) to work on /home/uiliam/virtualenvs/sandbox/lib/python3.8/site-packages/airflow/example_dags/example_short_circuit_operator.py
[2021-11-23 18:26:08,490] {scheduler_job.py:633} INFO - Processing file /home/uiliam/virtualenvs/sandbox/lib/python3.8/site-packages/airflow/example_dags/example_short_circuit_operator.py for tasks to queue
[2021-11-23 18:26:08,491] {logging_mixin.py:104} INFO - [2021-11-23 18:26:08,491] {dagbag.py:487} INFO - Filling up the DagBag from /home/uiliam/virtualenvs/sandbox/lib/python3.8/site-packages/airflow/example_dags/example_short_circuit_operator.py
[2021-11-23 18:26:08,505] {scheduler_job.py:643} INFO - DAG(s) dict_keys(['example_short_circuit_operator']) retrieved from /home/uiliam/virtualenvs/sandbox/lib/python3.8/site-packages/airflow/example_dags/example_short_circuit_operator.py
[2021-11-23 18:26:08,521] {logging_mixin.py:104} INFO - [2021-11-23 18:26:08,521] {dag.py:1832} INFO - Sync 1 DAGs
[2021-11-23 18:26:08,535] {logging_mixin.py:104} INFO - [2021-11-23 18:26:08,534] {dag.py:2305} INFO - Setting next_dagrun for example_short_circuit_operator to 2021-11-21 00:00:00+00:00
[2021-11-23 18:26:08,632] {scheduler_job.py:190} INFO - Processing /home/uiliam/virtualenvs/sandbox/lib/python3.8/site-packages/airflow/example_dags/example_short_circuit_operator.py took 0.149 seconds
[2021-11-23 18:26:45,152] {scheduler_job.py:182} INFO - Started process (PID=14392) to work on /home/uiliam/virtualenvs/sandbox/lib/python3.8/site-packages/airflow/example_dags/example_short_circuit_operator.py
[2021-11-23 18:26:45,154] {scheduler_job.py:633} INFO - Processing file /home/uiliam/virtualenvs/sandbox/lib/python3.8/site-packages/airflow/example_dags/example_short_circuit_operator.py for tasks to queue
[2021-11-23 18:26:45,156] {logging_mixin.py:104} INFO - [2021-11-23 18:26:45,156] {dagbag.py:487} INFO - Filling up the DagBag from /home/uiliam/virtualenvs/sandbox/lib/python3.8/site-packages/airflow/example_dags/example_short_circuit_operator.py
[2021-11-23 18:26:45,185] {scheduler_job.py:643} INFO - DAG(s) dict_keys(['example_short_circuit_operator']) retrieved from /home/uiliam/virtualenvs/sandbox/lib/python3.8/site-packages/airflow/example_dags/example_short_circuit_operator.py
[2021-11-23 18:26:45,220] {logging_mixin.py:104} INFO - [2021-11-23 18:26:45,220] {dag.py:1832} INFO - Sync 1 DAGs
[2021-11-23 18:26:45,250] {logging_mixin.py:104} INFO - [2021-11-23 18:26:45,250] {dag.py:2305} INFO - Setting next_dagrun for example_short_circuit_operator to 2021-11-21 00:00:00+00:00
[2021-11-23 18:26:45,390] {scheduler_job.py:190} INFO - Processing /home/uiliam/virtualenvs/sandbox/lib/python3.8/site-packages/airflow/example_dags/example_short_circuit_operator.py took 0.245 seconds
[2021-11-23 18:27:28,297] {scheduler_job.py:182} INFO - Started process (PID=14468) to work on /home/uiliam/virtualenvs/sandbox/lib/python3.8/site-packages/airflow/example_dags/example_short_circuit_operator.py
[2021-11-23 18:27:28,300] {scheduler_job.py:633} INFO - Processing file /home/uiliam/virtualenvs/sandbox/lib/python3.8/site-packages/airflow/example_dags/example_short_circuit_operator.py for tasks to queue
[2021-11-23 18:27:28,301] {logging_mixin.py:104} INFO - [2021-11-23 18:27:28,300] {dagbag.py:487} INFO - Filling up the DagBag from /home/uiliam/virtualenvs/sandbox/lib/python3.8/site-packages/airflow/example_dags/example_short_circuit_operator.py
[2021-11-23 18:27:28,327] {scheduler_job.py:643} INFO - DAG(s) dict_keys(['example_short_circuit_operator']) retrieved from /home/uiliam/virtualenvs/sandbox/lib/python3.8/site-packages/airflow/example_dags/example_short_circuit_operator.py
[2021-11-23 18:27:28,358] {logging_mixin.py:104} INFO - [2021-11-23 18:27:28,358] {dag.py:1832} INFO - Sync 1 DAGs
[2021-11-23 18:27:28,379] {logging_mixin.py:104} INFO - [2021-11-23 18:27:28,379] {dag.py:2305} INFO - Setting next_dagrun for example_short_circuit_operator to 2021-11-21 00:00:00+00:00
[2021-11-23 18:27:28,482] {scheduler_job.py:190} INFO - Processing /home/uiliam/virtualenvs/sandbox/lib/python3.8/site-packages/airflow/example_dags/example_short_circuit_operator.py took 0.190 seconds
[2021-11-23 18:28:07,009] {scheduler_job.py:182} INFO - Started process (PID=14518) to work on /home/uiliam/virtualenvs/sandbox/lib/python3.8/site-packages/airflow/example_dags/example_short_circuit_operator.py
[2021-11-23 18:28:07,010] {scheduler_job.py:633} INFO - Processing file /home/uiliam/virtualenvs/sandbox/lib/python3.8/site-packages/airflow/example_dags/example_short_circuit_operator.py for tasks to queue
[2021-11-23 18:28:07,011] {logging_mixin.py:104} INFO - [2021-11-23 18:28:07,011] {dagbag.py:487} INFO - Filling up the DagBag from /home/uiliam/virtualenvs/sandbox/lib/python3.8/site-packages/airflow/example_dags/example_short_circuit_operator.py
[2021-11-23 18:28:07,026] {scheduler_job.py:643} INFO - DAG(s) dict_keys(['example_short_circuit_operator']) retrieved from /home/uiliam/virtualenvs/sandbox/lib/python3.8/site-packages/airflow/example_dags/example_short_circuit_operator.py
[2021-11-23 18:28:07,042] {logging_mixin.py:104} INFO - [2021-11-23 18:28:07,042] {dag.py:1832} INFO - Sync 1 DAGs
[2021-11-23 18:28:07,055] {logging_mixin.py:104} INFO - [2021-11-23 18:28:07,055] {dag.py:2305} INFO - Setting next_dagrun for example_short_circuit_operator to 2021-11-21 00:00:00+00:00
[2021-11-23 18:28:07,293] {scheduler_job.py:190} INFO - Processing /home/uiliam/virtualenvs/sandbox/lib/python3.8/site-packages/airflow/example_dags/example_short_circuit_operator.py took 0.288 seconds
[2021-11-23 18:28:44,019] {scheduler_job.py:182} INFO - Started process (PID=14599) to work on /home/uiliam/virtualenvs/sandbox/lib/python3.8/site-packages/airflow/example_dags/example_short_circuit_operator.py
[2021-11-23 18:28:44,021] {scheduler_job.py:633} INFO - Processing file /home/uiliam/virtualenvs/sandbox/lib/python3.8/site-packages/airflow/example_dags/example_short_circuit_operator.py for tasks to queue
[2021-11-23 18:28:44,022] {logging_mixin.py:104} INFO - [2021-11-23 18:28:44,022] {dagbag.py:487} INFO - Filling up the DagBag from /home/uiliam/virtualenvs/sandbox/lib/python3.8/site-packages/airflow/example_dags/example_short_circuit_operator.py
[2021-11-23 18:28:44,044] {scheduler_job.py:643} INFO - DAG(s) dict_keys(['example_short_circuit_operator']) retrieved from /home/uiliam/virtualenvs/sandbox/lib/python3.8/site-packages/airflow/example_dags/example_short_circuit_operator.py
[2021-11-23 18:28:44,073] {logging_mixin.py:104} INFO - [2021-11-23 18:28:44,072] {dag.py:1832} INFO - Sync 1 DAGs
[2021-11-23 18:28:44,092] {logging_mixin.py:104} INFO - [2021-11-23 18:28:44,092] {dag.py:2305} INFO - Setting next_dagrun for example_short_circuit_operator to 2021-11-21 00:00:00+00:00
[2021-11-23 18:28:44,193] {scheduler_job.py:190} INFO - Processing /home/uiliam/virtualenvs/sandbox/lib/python3.8/site-packages/airflow/example_dags/example_short_circuit_operator.py took 0.179 seconds
[2021-11-23 18:29:23,470] {scheduler_job.py:182} INFO - Started process (PID=14636) to work on /home/uiliam/virtualenvs/sandbox/lib/python3.8/site-packages/airflow/example_dags/example_short_circuit_operator.py
[2021-11-23 18:29:23,472] {scheduler_job.py:633} INFO - Processing file /home/uiliam/virtualenvs/sandbox/lib/python3.8/site-packages/airflow/example_dags/example_short_circuit_operator.py for tasks to queue
[2021-11-23 18:29:23,473] {logging_mixin.py:104} INFO - [2021-11-23 18:29:23,473] {dagbag.py:487} INFO - Filling up the DagBag from /home/uiliam/virtualenvs/sandbox/lib/python3.8/site-packages/airflow/example_dags/example_short_circuit_operator.py
[2021-11-23 18:29:23,497] {scheduler_job.py:643} INFO - DAG(s) dict_keys(['example_short_circuit_operator']) retrieved from /home/uiliam/virtualenvs/sandbox/lib/python3.8/site-packages/airflow/example_dags/example_short_circuit_operator.py
[2021-11-23 18:29:23,523] {logging_mixin.py:104} INFO - [2021-11-23 18:29:23,522] {dag.py:1832} INFO - Sync 1 DAGs
[2021-11-23 18:29:23,547] {logging_mixin.py:104} INFO - [2021-11-23 18:29:23,547] {dag.py:2305} INFO - Setting next_dagrun for example_short_circuit_operator to 2021-11-21 00:00:00+00:00
[2021-11-23 18:29:23,786] {scheduler_job.py:190} INFO - Processing /home/uiliam/virtualenvs/sandbox/lib/python3.8/site-packages/airflow/example_dags/example_short_circuit_operator.py took 0.325 seconds
[2021-11-23 18:30:04,104] {scheduler_job.py:182} INFO - Started process (PID=14672) to work on /home/uiliam/virtualenvs/sandbox/lib/python3.8/site-packages/airflow/example_dags/example_short_circuit_operator.py
[2021-11-23 18:30:04,106] {scheduler_job.py:633} INFO - Processing file /home/uiliam/virtualenvs/sandbox/lib/python3.8/site-packages/airflow/example_dags/example_short_circuit_operator.py for tasks to queue
[2021-11-23 18:30:04,107] {logging_mixin.py:104} INFO - [2021-11-23 18:30:04,107] {dagbag.py:487} INFO - Filling up the DagBag from /home/uiliam/virtualenvs/sandbox/lib/python3.8/site-packages/airflow/example_dags/example_short_circuit_operator.py
[2021-11-23 18:30:04,136] {scheduler_job.py:643} INFO - DAG(s) dict_keys(['example_short_circuit_operator']) retrieved from /home/uiliam/virtualenvs/sandbox/lib/python3.8/site-packages/airflow/example_dags/example_short_circuit_operator.py
[2021-11-23 18:30:04,159] {logging_mixin.py:104} INFO - [2021-11-23 18:30:04,158] {dag.py:1832} INFO - Sync 1 DAGs
[2021-11-23 18:30:04,189] {logging_mixin.py:104} INFO - [2021-11-23 18:30:04,189] {dag.py:2305} INFO - Setting next_dagrun for example_short_circuit_operator to 2021-11-21 00:00:00+00:00
[2021-11-23 18:30:04,310] {scheduler_job.py:190} INFO - Processing /home/uiliam/virtualenvs/sandbox/lib/python3.8/site-packages/airflow/example_dags/example_short_circuit_operator.py took 0.216 seconds
[2021-11-23 18:30:43,532] {scheduler_job.py:182} INFO - Started process (PID=14732) to work on /home/uiliam/virtualenvs/sandbox/lib/python3.8/site-packages/airflow/example_dags/example_short_circuit_operator.py
[2021-11-23 18:30:43,535] {scheduler_job.py:633} INFO - Processing file /home/uiliam/virtualenvs/sandbox/lib/python3.8/site-packages/airflow/example_dags/example_short_circuit_operator.py for tasks to queue
[2021-11-23 18:30:43,536] {logging_mixin.py:104} INFO - [2021-11-23 18:30:43,536] {dagbag.py:487} INFO - Filling up the DagBag from /home/uiliam/virtualenvs/sandbox/lib/python3.8/site-packages/airflow/example_dags/example_short_circuit_operator.py
[2021-11-23 18:30:43,572] {scheduler_job.py:643} INFO - DAG(s) dict_keys(['example_short_circuit_operator']) retrieved from /home/uiliam/virtualenvs/sandbox/lib/python3.8/site-packages/airflow/example_dags/example_short_circuit_operator.py
[2021-11-23 18:30:43,610] {logging_mixin.py:104} INFO - [2021-11-23 18:30:43,609] {dag.py:1832} INFO - Sync 1 DAGs
[2021-11-23 18:30:43,648] {logging_mixin.py:104} INFO - [2021-11-23 18:30:43,647] {dag.py:2305} INFO - Setting next_dagrun for example_short_circuit_operator to 2021-11-21 00:00:00+00:00
[2021-11-23 18:30:43,774] {scheduler_job.py:190} INFO - Processing /home/uiliam/virtualenvs/sandbox/lib/python3.8/site-packages/airflow/example_dags/example_short_circuit_operator.py took 0.249 seconds
[2021-11-23 18:31:25,261] {scheduler_job.py:182} INFO - Started process (PID=14800) to work on /home/uiliam/virtualenvs/sandbox/lib/python3.8/site-packages/airflow/example_dags/example_short_circuit_operator.py
[2021-11-23 18:31:25,262] {scheduler_job.py:633} INFO - Processing file /home/uiliam/virtualenvs/sandbox/lib/python3.8/site-packages/airflow/example_dags/example_short_circuit_operator.py for tasks to queue
[2021-11-23 18:31:25,263] {logging_mixin.py:104} INFO - [2021-11-23 18:31:25,263] {dagbag.py:487} INFO - Filling up the DagBag from /home/uiliam/virtualenvs/sandbox/lib/python3.8/site-packages/airflow/example_dags/example_short_circuit_operator.py
[2021-11-23 18:31:25,286] {scheduler_job.py:643} INFO - DAG(s) dict_keys(['example_short_circuit_operator']) retrieved from /home/uiliam/virtualenvs/sandbox/lib/python3.8/site-packages/airflow/example_dags/example_short_circuit_operator.py
[2021-11-23 18:31:25,309] {logging_mixin.py:104} INFO - [2021-11-23 18:31:25,309] {dag.py:1832} INFO - Sync 1 DAGs
[2021-11-23 18:31:25,343] {logging_mixin.py:104} INFO - [2021-11-23 18:31:25,343] {dag.py:2305} INFO - Setting next_dagrun for example_short_circuit_operator to 2021-11-21 00:00:00+00:00
[2021-11-23 18:31:25,460] {scheduler_job.py:190} INFO - Processing /home/uiliam/virtualenvs/sandbox/lib/python3.8/site-packages/airflow/example_dags/example_short_circuit_operator.py took 0.205 seconds
[2021-11-23 18:32:07,230] {scheduler_job.py:182} INFO - Started process (PID=14835) to work on /home/uiliam/virtualenvs/sandbox/lib/python3.8/site-packages/airflow/example_dags/example_short_circuit_operator.py
[2021-11-23 18:32:07,232] {scheduler_job.py:633} INFO - Processing file /home/uiliam/virtualenvs/sandbox/lib/python3.8/site-packages/airflow/example_dags/example_short_circuit_operator.py for tasks to queue
[2021-11-23 18:32:07,234] {logging_mixin.py:104} INFO - [2021-11-23 18:32:07,233] {dagbag.py:487} INFO - Filling up the DagBag from /home/uiliam/virtualenvs/sandbox/lib/python3.8/site-packages/airflow/example_dags/example_short_circuit_operator.py
[2021-11-23 18:32:07,265] {scheduler_job.py:643} INFO - DAG(s) dict_keys(['example_short_circuit_operator']) retrieved from /home/uiliam/virtualenvs/sandbox/lib/python3.8/site-packages/airflow/example_dags/example_short_circuit_operator.py
[2021-11-23 18:32:07,288] {logging_mixin.py:104} INFO - [2021-11-23 18:32:07,288] {dag.py:1832} INFO - Sync 1 DAGs
[2021-11-23 18:32:07,315] {logging_mixin.py:104} INFO - [2021-11-23 18:32:07,314] {dag.py:2305} INFO - Setting next_dagrun for example_short_circuit_operator to 2021-11-21 00:00:00+00:00
[2021-11-23 18:32:07,509] {scheduler_job.py:190} INFO - Processing /home/uiliam/virtualenvs/sandbox/lib/python3.8/site-packages/airflow/example_dags/example_short_circuit_operator.py took 0.286 seconds
