[2021-11-23 18:25:33,784] {scheduler_job.py:182} INFO - Started process (PID=14248) to work on /home/uiliam/virtualenvs/sandbox/lib/python3.8/site-packages/airflow/example_dags/example_trigger_target_dag.py
[2021-11-23 18:25:33,786] {scheduler_job.py:633} INFO - Processing file /home/uiliam/virtualenvs/sandbox/lib/python3.8/site-packages/airflow/example_dags/example_trigger_target_dag.py for tasks to queue
[2021-11-23 18:25:33,787] {logging_mixin.py:104} INFO - [2021-11-23 18:25:33,786] {dagbag.py:487} INFO - Filling up the DagBag from /home/uiliam/virtualenvs/sandbox/lib/python3.8/site-packages/airflow/example_dags/example_trigger_target_dag.py
[2021-11-23 18:25:33,814] {scheduler_job.py:643} INFO - DAG(s) dict_keys(['example_trigger_target_dag']) retrieved from /home/uiliam/virtualenvs/sandbox/lib/python3.8/site-packages/airflow/example_dags/example_trigger_target_dag.py
[2021-11-23 18:25:33,845] {logging_mixin.py:104} INFO - [2021-11-23 18:25:33,844] {dag.py:1832} INFO - Sync 1 DAGs
[2021-11-23 18:25:33,869] {logging_mixin.py:104} INFO - [2021-11-23 18:25:33,868] {dag.py:2305} INFO - Setting next_dagrun for example_trigger_target_dag to None
[2021-11-23 18:25:33,955] {scheduler_job.py:190} INFO - Processing /home/uiliam/virtualenvs/sandbox/lib/python3.8/site-packages/airflow/example_dags/example_trigger_target_dag.py took 0.174 seconds
[2021-11-23 18:26:15,559] {scheduler_job.py:182} INFO - Started process (PID=14315) to work on /home/uiliam/virtualenvs/sandbox/lib/python3.8/site-packages/airflow/example_dags/example_trigger_target_dag.py
[2021-11-23 18:26:15,561] {scheduler_job.py:633} INFO - Processing file /home/uiliam/virtualenvs/sandbox/lib/python3.8/site-packages/airflow/example_dags/example_trigger_target_dag.py for tasks to queue
[2021-11-23 18:26:15,562] {logging_mixin.py:104} INFO - [2021-11-23 18:26:15,561] {dagbag.py:487} INFO - Filling up the DagBag from /home/uiliam/virtualenvs/sandbox/lib/python3.8/site-packages/airflow/example_dags/example_trigger_target_dag.py
[2021-11-23 18:26:15,582] {scheduler_job.py:643} INFO - DAG(s) dict_keys(['example_trigger_target_dag']) retrieved from /home/uiliam/virtualenvs/sandbox/lib/python3.8/site-packages/airflow/example_dags/example_trigger_target_dag.py
[2021-11-23 18:26:15,603] {logging_mixin.py:104} INFO - [2021-11-23 18:26:15,603] {dag.py:1832} INFO - Sync 1 DAGs
[2021-11-23 18:26:15,619] {logging_mixin.py:104} INFO - [2021-11-23 18:26:15,619] {dag.py:2305} INFO - Setting next_dagrun for example_trigger_target_dag to None
[2021-11-23 18:26:15,705] {scheduler_job.py:190} INFO - Processing /home/uiliam/virtualenvs/sandbox/lib/python3.8/site-packages/airflow/example_dags/example_trigger_target_dag.py took 0.149 seconds
[2021-11-23 18:26:55,608] {scheduler_job.py:182} INFO - Started process (PID=14404) to work on /home/uiliam/virtualenvs/sandbox/lib/python3.8/site-packages/airflow/example_dags/example_trigger_target_dag.py
[2021-11-23 18:26:55,612] {scheduler_job.py:633} INFO - Processing file /home/uiliam/virtualenvs/sandbox/lib/python3.8/site-packages/airflow/example_dags/example_trigger_target_dag.py for tasks to queue
[2021-11-23 18:26:55,613] {logging_mixin.py:104} INFO - [2021-11-23 18:26:55,612] {dagbag.py:487} INFO - Filling up the DagBag from /home/uiliam/virtualenvs/sandbox/lib/python3.8/site-packages/airflow/example_dags/example_trigger_target_dag.py
[2021-11-23 18:26:55,639] {scheduler_job.py:643} INFO - DAG(s) dict_keys(['example_trigger_target_dag']) retrieved from /home/uiliam/virtualenvs/sandbox/lib/python3.8/site-packages/airflow/example_dags/example_trigger_target_dag.py
[2021-11-23 18:26:55,666] {logging_mixin.py:104} INFO - [2021-11-23 18:26:55,666] {dag.py:1832} INFO - Sync 1 DAGs
[2021-11-23 18:26:55,697] {logging_mixin.py:104} INFO - [2021-11-23 18:26:55,697] {dag.py:2305} INFO - Setting next_dagrun for example_trigger_target_dag to None
[2021-11-23 18:26:55,826] {scheduler_job.py:190} INFO - Processing /home/uiliam/virtualenvs/sandbox/lib/python3.8/site-packages/airflow/example_dags/example_trigger_target_dag.py took 0.226 seconds
[2021-11-23 18:27:37,772] {scheduler_job.py:182} INFO - Started process (PID=14475) to work on /home/uiliam/virtualenvs/sandbox/lib/python3.8/site-packages/airflow/example_dags/example_trigger_target_dag.py
[2021-11-23 18:27:37,777] {scheduler_job.py:633} INFO - Processing file /home/uiliam/virtualenvs/sandbox/lib/python3.8/site-packages/airflow/example_dags/example_trigger_target_dag.py for tasks to queue
[2021-11-23 18:27:37,778] {logging_mixin.py:104} INFO - [2021-11-23 18:27:37,778] {dagbag.py:487} INFO - Filling up the DagBag from /home/uiliam/virtualenvs/sandbox/lib/python3.8/site-packages/airflow/example_dags/example_trigger_target_dag.py
[2021-11-23 18:27:37,811] {scheduler_job.py:643} INFO - DAG(s) dict_keys(['example_trigger_target_dag']) retrieved from /home/uiliam/virtualenvs/sandbox/lib/python3.8/site-packages/airflow/example_dags/example_trigger_target_dag.py
[2021-11-23 18:27:37,845] {logging_mixin.py:104} INFO - [2021-11-23 18:27:37,845] {dag.py:1832} INFO - Sync 1 DAGs
[2021-11-23 18:27:37,868] {logging_mixin.py:104} INFO - [2021-11-23 18:27:37,867] {dag.py:2305} INFO - Setting next_dagrun for example_trigger_target_dag to None
[2021-11-23 18:27:37,991] {scheduler_job.py:190} INFO - Processing /home/uiliam/virtualenvs/sandbox/lib/python3.8/site-packages/airflow/example_dags/example_trigger_target_dag.py took 0.228 seconds
[2021-11-23 18:28:21,201] {scheduler_job.py:182} INFO - Started process (PID=14563) to work on /home/uiliam/virtualenvs/sandbox/lib/python3.8/site-packages/airflow/example_dags/example_trigger_target_dag.py
[2021-11-23 18:28:21,202] {scheduler_job.py:633} INFO - Processing file /home/uiliam/virtualenvs/sandbox/lib/python3.8/site-packages/airflow/example_dags/example_trigger_target_dag.py for tasks to queue
[2021-11-23 18:28:21,203] {logging_mixin.py:104} INFO - [2021-11-23 18:28:21,202] {dagbag.py:487} INFO - Filling up the DagBag from /home/uiliam/virtualenvs/sandbox/lib/python3.8/site-packages/airflow/example_dags/example_trigger_target_dag.py
[2021-11-23 18:28:21,221] {scheduler_job.py:643} INFO - DAG(s) dict_keys(['example_trigger_target_dag']) retrieved from /home/uiliam/virtualenvs/sandbox/lib/python3.8/site-packages/airflow/example_dags/example_trigger_target_dag.py
[2021-11-23 18:28:21,239] {logging_mixin.py:104} INFO - [2021-11-23 18:28:21,239] {dag.py:1832} INFO - Sync 1 DAGs
[2021-11-23 18:28:21,251] {logging_mixin.py:104} INFO - [2021-11-23 18:28:21,251] {dag.py:2305} INFO - Setting next_dagrun for example_trigger_target_dag to None
[2021-11-23 18:28:21,338] {scheduler_job.py:190} INFO - Processing /home/uiliam/virtualenvs/sandbox/lib/python3.8/site-packages/airflow/example_dags/example_trigger_target_dag.py took 0.140 seconds
[2021-11-23 18:28:59,686] {scheduler_job.py:182} INFO - Started process (PID=14616) to work on /home/uiliam/virtualenvs/sandbox/lib/python3.8/site-packages/airflow/example_dags/example_trigger_target_dag.py
[2021-11-23 18:28:59,689] {scheduler_job.py:633} INFO - Processing file /home/uiliam/virtualenvs/sandbox/lib/python3.8/site-packages/airflow/example_dags/example_trigger_target_dag.py for tasks to queue
[2021-11-23 18:28:59,690] {logging_mixin.py:104} INFO - [2021-11-23 18:28:59,690] {dagbag.py:487} INFO - Filling up the DagBag from /home/uiliam/virtualenvs/sandbox/lib/python3.8/site-packages/airflow/example_dags/example_trigger_target_dag.py
[2021-11-23 18:28:59,714] {scheduler_job.py:643} INFO - DAG(s) dict_keys(['example_trigger_target_dag']) retrieved from /home/uiliam/virtualenvs/sandbox/lib/python3.8/site-packages/airflow/example_dags/example_trigger_target_dag.py
[2021-11-23 18:28:59,744] {logging_mixin.py:104} INFO - [2021-11-23 18:28:59,744] {dag.py:1832} INFO - Sync 1 DAGs
[2021-11-23 18:28:59,767] {logging_mixin.py:104} INFO - [2021-11-23 18:28:59,766] {dag.py:2305} INFO - Setting next_dagrun for example_trigger_target_dag to None
[2021-11-23 18:28:59,878] {scheduler_job.py:190} INFO - Processing /home/uiliam/virtualenvs/sandbox/lib/python3.8/site-packages/airflow/example_dags/example_trigger_target_dag.py took 0.197 seconds
[2021-11-23 18:29:41,643] {scheduler_job.py:182} INFO - Started process (PID=14649) to work on /home/uiliam/virtualenvs/sandbox/lib/python3.8/site-packages/airflow/example_dags/example_trigger_target_dag.py
[2021-11-23 18:29:41,644] {scheduler_job.py:633} INFO - Processing file /home/uiliam/virtualenvs/sandbox/lib/python3.8/site-packages/airflow/example_dags/example_trigger_target_dag.py for tasks to queue
[2021-11-23 18:29:41,645] {logging_mixin.py:104} INFO - [2021-11-23 18:29:41,645] {dagbag.py:487} INFO - Filling up the DagBag from /home/uiliam/virtualenvs/sandbox/lib/python3.8/site-packages/airflow/example_dags/example_trigger_target_dag.py
[2021-11-23 18:29:41,675] {scheduler_job.py:643} INFO - DAG(s) dict_keys(['example_trigger_target_dag']) retrieved from /home/uiliam/virtualenvs/sandbox/lib/python3.8/site-packages/airflow/example_dags/example_trigger_target_dag.py
[2021-11-23 18:29:41,702] {logging_mixin.py:104} INFO - [2021-11-23 18:29:41,702] {dag.py:1832} INFO - Sync 1 DAGs
[2021-11-23 18:29:41,725] {logging_mixin.py:104} INFO - [2021-11-23 18:29:41,725] {dag.py:2305} INFO - Setting next_dagrun for example_trigger_target_dag to None
[2021-11-23 18:29:41,821] {scheduler_job.py:190} INFO - Processing /home/uiliam/virtualenvs/sandbox/lib/python3.8/site-packages/airflow/example_dags/example_trigger_target_dag.py took 0.182 seconds
[2021-11-23 18:30:20,495] {scheduler_job.py:182} INFO - Started process (PID=14712) to work on /home/uiliam/virtualenvs/sandbox/lib/python3.8/site-packages/airflow/example_dags/example_trigger_target_dag.py
[2021-11-23 18:30:20,497] {scheduler_job.py:633} INFO - Processing file /home/uiliam/virtualenvs/sandbox/lib/python3.8/site-packages/airflow/example_dags/example_trigger_target_dag.py for tasks to queue
[2021-11-23 18:30:20,498] {logging_mixin.py:104} INFO - [2021-11-23 18:30:20,498] {dagbag.py:487} INFO - Filling up the DagBag from /home/uiliam/virtualenvs/sandbox/lib/python3.8/site-packages/airflow/example_dags/example_trigger_target_dag.py
[2021-11-23 18:30:20,525] {scheduler_job.py:643} INFO - DAG(s) dict_keys(['example_trigger_target_dag']) retrieved from /home/uiliam/virtualenvs/sandbox/lib/python3.8/site-packages/airflow/example_dags/example_trigger_target_dag.py
[2021-11-23 18:30:20,553] {logging_mixin.py:104} INFO - [2021-11-23 18:30:20,553] {dag.py:1832} INFO - Sync 1 DAGs
[2021-11-23 18:30:20,582] {logging_mixin.py:104} INFO - [2021-11-23 18:30:20,581] {dag.py:2305} INFO - Setting next_dagrun for example_trigger_target_dag to None
[2021-11-23 18:30:20,667] {scheduler_job.py:190} INFO - Processing /home/uiliam/virtualenvs/sandbox/lib/python3.8/site-packages/airflow/example_dags/example_trigger_target_dag.py took 0.178 seconds
[2021-11-23 18:31:00,767] {scheduler_job.py:182} INFO - Started process (PID=14760) to work on /home/uiliam/virtualenvs/sandbox/lib/python3.8/site-packages/airflow/example_dags/example_trigger_target_dag.py
[2021-11-23 18:31:00,770] {scheduler_job.py:633} INFO - Processing file /home/uiliam/virtualenvs/sandbox/lib/python3.8/site-packages/airflow/example_dags/example_trigger_target_dag.py for tasks to queue
[2021-11-23 18:31:00,771] {logging_mixin.py:104} INFO - [2021-11-23 18:31:00,771] {dagbag.py:487} INFO - Filling up the DagBag from /home/uiliam/virtualenvs/sandbox/lib/python3.8/site-packages/airflow/example_dags/example_trigger_target_dag.py
[2021-11-23 18:31:00,793] {scheduler_job.py:643} INFO - DAG(s) dict_keys(['example_trigger_target_dag']) retrieved from /home/uiliam/virtualenvs/sandbox/lib/python3.8/site-packages/airflow/example_dags/example_trigger_target_dag.py
[2021-11-23 18:31:00,820] {logging_mixin.py:104} INFO - [2021-11-23 18:31:00,820] {dag.py:1832} INFO - Sync 1 DAGs
[2021-11-23 18:31:00,847] {logging_mixin.py:104} INFO - [2021-11-23 18:31:00,847] {dag.py:2305} INFO - Setting next_dagrun for example_trigger_target_dag to None
[2021-11-23 18:31:00,941] {scheduler_job.py:190} INFO - Processing /home/uiliam/virtualenvs/sandbox/lib/python3.8/site-packages/airflow/example_dags/example_trigger_target_dag.py took 0.181 seconds
[2021-11-23 18:31:42,717] {scheduler_job.py:182} INFO - Started process (PID=14813) to work on /home/uiliam/virtualenvs/sandbox/lib/python3.8/site-packages/airflow/example_dags/example_trigger_target_dag.py
[2021-11-23 18:31:42,719] {scheduler_job.py:633} INFO - Processing file /home/uiliam/virtualenvs/sandbox/lib/python3.8/site-packages/airflow/example_dags/example_trigger_target_dag.py for tasks to queue
[2021-11-23 18:31:42,720] {logging_mixin.py:104} INFO - [2021-11-23 18:31:42,720] {dagbag.py:487} INFO - Filling up the DagBag from /home/uiliam/virtualenvs/sandbox/lib/python3.8/site-packages/airflow/example_dags/example_trigger_target_dag.py
[2021-11-23 18:31:42,751] {scheduler_job.py:643} INFO - DAG(s) dict_keys(['example_trigger_target_dag']) retrieved from /home/uiliam/virtualenvs/sandbox/lib/python3.8/site-packages/airflow/example_dags/example_trigger_target_dag.py
[2021-11-23 18:31:42,775] {logging_mixin.py:104} INFO - [2021-11-23 18:31:42,774] {dag.py:1832} INFO - Sync 1 DAGs
[2021-11-23 18:31:42,804] {logging_mixin.py:104} INFO - [2021-11-23 18:31:42,803] {dag.py:2305} INFO - Setting next_dagrun for example_trigger_target_dag to None
[2021-11-23 18:31:42,904] {scheduler_job.py:190} INFO - Processing /home/uiliam/virtualenvs/sandbox/lib/python3.8/site-packages/airflow/example_dags/example_trigger_target_dag.py took 0.197 seconds
[2021-11-23 18:32:27,235] {scheduler_job.py:182} INFO - Started process (PID=14881) to work on /home/uiliam/virtualenvs/sandbox/lib/python3.8/site-packages/airflow/example_dags/example_trigger_target_dag.py
[2021-11-23 18:32:27,237] {scheduler_job.py:633} INFO - Processing file /home/uiliam/virtualenvs/sandbox/lib/python3.8/site-packages/airflow/example_dags/example_trigger_target_dag.py for tasks to queue
[2021-11-23 18:32:27,238] {logging_mixin.py:104} INFO - [2021-11-23 18:32:27,238] {dagbag.py:487} INFO - Filling up the DagBag from /home/uiliam/virtualenvs/sandbox/lib/python3.8/site-packages/airflow/example_dags/example_trigger_target_dag.py
[2021-11-23 18:32:27,258] {scheduler_job.py:643} INFO - DAG(s) dict_keys(['example_trigger_target_dag']) retrieved from /home/uiliam/virtualenvs/sandbox/lib/python3.8/site-packages/airflow/example_dags/example_trigger_target_dag.py
[2021-11-23 18:32:27,286] {logging_mixin.py:104} INFO - [2021-11-23 18:32:27,286] {dag.py:1832} INFO - Sync 1 DAGs
[2021-11-23 18:32:27,311] {logging_mixin.py:104} INFO - [2021-11-23 18:32:27,310] {dag.py:2305} INFO - Setting next_dagrun for example_trigger_target_dag to None
[2021-11-23 18:32:27,768] {scheduler_job.py:190} INFO - Processing /home/uiliam/virtualenvs/sandbox/lib/python3.8/site-packages/airflow/example_dags/example_trigger_target_dag.py took 0.536 seconds
