[2021-11-23 18:25:44,663] {scheduler_job.py:182} INFO - Started process (PID=14258) to work on /home/uiliam/virtualenvs/sandbox/lib/python3.8/site-packages/airflow/example_dags/example_branch_python_dop_operator_3.py
[2021-11-23 18:25:44,667] {scheduler_job.py:633} INFO - Processing file /home/uiliam/virtualenvs/sandbox/lib/python3.8/site-packages/airflow/example_dags/example_branch_python_dop_operator_3.py for tasks to queue
[2021-11-23 18:25:44,668] {logging_mixin.py:104} INFO - [2021-11-23 18:25:44,668] {dagbag.py:487} INFO - Filling up the DagBag from /home/uiliam/virtualenvs/sandbox/lib/python3.8/site-packages/airflow/example_dags/example_branch_python_dop_operator_3.py
[2021-11-23 18:25:44,710] {scheduler_job.py:643} INFO - DAG(s) dict_keys(['example_branch_dop_operator_v3']) retrieved from /home/uiliam/virtualenvs/sandbox/lib/python3.8/site-packages/airflow/example_dags/example_branch_python_dop_operator_3.py
[2021-11-23 18:25:44,747] {logging_mixin.py:104} INFO - [2021-11-23 18:25:44,747] {dag.py:1832} INFO - Sync 1 DAGs
[2021-11-23 18:25:44,812] {logging_mixin.py:104} INFO - [2021-11-23 18:25:44,811] {dag.py:2305} INFO - Setting next_dagrun for example_branch_dop_operator_v3 to 2021-11-21 00:00:00+00:00
[2021-11-23 18:25:44,970] {scheduler_job.py:190} INFO - Processing /home/uiliam/virtualenvs/sandbox/lib/python3.8/site-packages/airflow/example_dags/example_branch_python_dop_operator_3.py took 0.314 seconds
[2021-11-23 18:26:24,977] {scheduler_job.py:182} INFO - Started process (PID=14323) to work on /home/uiliam/virtualenvs/sandbox/lib/python3.8/site-packages/airflow/example_dags/example_branch_python_dop_operator_3.py
[2021-11-23 18:26:24,979] {scheduler_job.py:633} INFO - Processing file /home/uiliam/virtualenvs/sandbox/lib/python3.8/site-packages/airflow/example_dags/example_branch_python_dop_operator_3.py for tasks to queue
[2021-11-23 18:26:24,980] {logging_mixin.py:104} INFO - [2021-11-23 18:26:24,980] {dagbag.py:487} INFO - Filling up the DagBag from /home/uiliam/virtualenvs/sandbox/lib/python3.8/site-packages/airflow/example_dags/example_branch_python_dop_operator_3.py
[2021-11-23 18:26:24,996] {scheduler_job.py:643} INFO - DAG(s) dict_keys(['example_branch_dop_operator_v3']) retrieved from /home/uiliam/virtualenvs/sandbox/lib/python3.8/site-packages/airflow/example_dags/example_branch_python_dop_operator_3.py
[2021-11-23 18:26:25,012] {logging_mixin.py:104} INFO - [2021-11-23 18:26:25,012] {dag.py:1832} INFO - Sync 1 DAGs
[2021-11-23 18:26:25,044] {logging_mixin.py:104} INFO - [2021-11-23 18:26:25,044] {dag.py:2305} INFO - Setting next_dagrun for example_branch_dop_operator_v3 to 2021-11-21 00:00:00+00:00
[2021-11-23 18:26:25,128] {scheduler_job.py:190} INFO - Processing /home/uiliam/virtualenvs/sandbox/lib/python3.8/site-packages/airflow/example_dags/example_branch_python_dop_operator_3.py took 0.155 seconds
[2021-11-23 18:27:05,406] {scheduler_job.py:182} INFO - Started process (PID=14434) to work on /home/uiliam/virtualenvs/sandbox/lib/python3.8/site-packages/airflow/example_dags/example_branch_python_dop_operator_3.py
[2021-11-23 18:27:05,409] {scheduler_job.py:633} INFO - Processing file /home/uiliam/virtualenvs/sandbox/lib/python3.8/site-packages/airflow/example_dags/example_branch_python_dop_operator_3.py for tasks to queue
[2021-11-23 18:27:05,410] {logging_mixin.py:104} INFO - [2021-11-23 18:27:05,410] {dagbag.py:487} INFO - Filling up the DagBag from /home/uiliam/virtualenvs/sandbox/lib/python3.8/site-packages/airflow/example_dags/example_branch_python_dop_operator_3.py
[2021-11-23 18:27:05,447] {scheduler_job.py:643} INFO - DAG(s) dict_keys(['example_branch_dop_operator_v3']) retrieved from /home/uiliam/virtualenvs/sandbox/lib/python3.8/site-packages/airflow/example_dags/example_branch_python_dop_operator_3.py
[2021-11-23 18:27:05,483] {logging_mixin.py:104} INFO - [2021-11-23 18:27:05,482] {dag.py:1832} INFO - Sync 1 DAGs
[2021-11-23 18:27:05,534] {logging_mixin.py:104} INFO - [2021-11-23 18:27:05,533] {dag.py:2305} INFO - Setting next_dagrun for example_branch_dop_operator_v3 to 2021-11-21 00:00:00+00:00
[2021-11-23 18:27:05,644] {scheduler_job.py:190} INFO - Processing /home/uiliam/virtualenvs/sandbox/lib/python3.8/site-packages/airflow/example_dags/example_branch_python_dop_operator_3.py took 0.246 seconds
[2021-11-23 18:27:48,547] {scheduler_job.py:182} INFO - Started process (PID=14484) to work on /home/uiliam/virtualenvs/sandbox/lib/python3.8/site-packages/airflow/example_dags/example_branch_python_dop_operator_3.py
[2021-11-23 18:27:48,552] {scheduler_job.py:633} INFO - Processing file /home/uiliam/virtualenvs/sandbox/lib/python3.8/site-packages/airflow/example_dags/example_branch_python_dop_operator_3.py for tasks to queue
[2021-11-23 18:27:48,553] {logging_mixin.py:104} INFO - [2021-11-23 18:27:48,553] {dagbag.py:487} INFO - Filling up the DagBag from /home/uiliam/virtualenvs/sandbox/lib/python3.8/site-packages/airflow/example_dags/example_branch_python_dop_operator_3.py
[2021-11-23 18:27:48,580] {scheduler_job.py:643} INFO - DAG(s) dict_keys(['example_branch_dop_operator_v3']) retrieved from /home/uiliam/virtualenvs/sandbox/lib/python3.8/site-packages/airflow/example_dags/example_branch_python_dop_operator_3.py
[2021-11-23 18:27:48,608] {logging_mixin.py:104} INFO - [2021-11-23 18:27:48,608] {dag.py:1832} INFO - Sync 1 DAGs
[2021-11-23 18:27:48,645] {logging_mixin.py:104} INFO - [2021-11-23 18:27:48,645] {dag.py:2305} INFO - Setting next_dagrun for example_branch_dop_operator_v3 to 2021-11-21 00:00:00+00:00
[2021-11-23 18:27:48,763] {scheduler_job.py:190} INFO - Processing /home/uiliam/virtualenvs/sandbox/lib/python3.8/site-packages/airflow/example_dags/example_branch_python_dop_operator_3.py took 0.223 seconds
[2021-11-23 18:28:29,823] {scheduler_job.py:182} INFO - Started process (PID=14587) to work on /home/uiliam/virtualenvs/sandbox/lib/python3.8/site-packages/airflow/example_dags/example_branch_python_dop_operator_3.py
[2021-11-23 18:28:29,825] {scheduler_job.py:633} INFO - Processing file /home/uiliam/virtualenvs/sandbox/lib/python3.8/site-packages/airflow/example_dags/example_branch_python_dop_operator_3.py for tasks to queue
[2021-11-23 18:28:29,826] {logging_mixin.py:104} INFO - [2021-11-23 18:28:29,826] {dagbag.py:487} INFO - Filling up the DagBag from /home/uiliam/virtualenvs/sandbox/lib/python3.8/site-packages/airflow/example_dags/example_branch_python_dop_operator_3.py
[2021-11-23 18:28:29,847] {scheduler_job.py:643} INFO - DAG(s) dict_keys(['example_branch_dop_operator_v3']) retrieved from /home/uiliam/virtualenvs/sandbox/lib/python3.8/site-packages/airflow/example_dags/example_branch_python_dop_operator_3.py
[2021-11-23 18:28:29,873] {logging_mixin.py:104} INFO - [2021-11-23 18:28:29,873] {dag.py:1832} INFO - Sync 1 DAGs
[2021-11-23 18:28:29,917] {logging_mixin.py:104} INFO - [2021-11-23 18:28:29,917] {dag.py:2305} INFO - Setting next_dagrun for example_branch_dop_operator_v3 to 2021-11-21 00:00:00+00:00
[2021-11-23 18:28:30,004] {scheduler_job.py:190} INFO - Processing /home/uiliam/virtualenvs/sandbox/lib/python3.8/site-packages/airflow/example_dags/example_branch_python_dop_operator_3.py took 0.187 seconds
[2021-11-23 18:29:21,366] {scheduler_job.py:182} INFO - Started process (PID=14634) to work on /home/uiliam/virtualenvs/sandbox/lib/python3.8/site-packages/airflow/example_dags/example_branch_python_dop_operator_3.py
[2021-11-23 18:29:21,368] {scheduler_job.py:633} INFO - Processing file /home/uiliam/virtualenvs/sandbox/lib/python3.8/site-packages/airflow/example_dags/example_branch_python_dop_operator_3.py for tasks to queue
[2021-11-23 18:29:21,369] {logging_mixin.py:104} INFO - [2021-11-23 18:29:21,369] {dagbag.py:487} INFO - Filling up the DagBag from /home/uiliam/virtualenvs/sandbox/lib/python3.8/site-packages/airflow/example_dags/example_branch_python_dop_operator_3.py
[2021-11-23 18:29:21,393] {scheduler_job.py:643} INFO - DAG(s) dict_keys(['example_branch_dop_operator_v3']) retrieved from /home/uiliam/virtualenvs/sandbox/lib/python3.8/site-packages/airflow/example_dags/example_branch_python_dop_operator_3.py
[2021-11-23 18:29:21,421] {logging_mixin.py:104} INFO - [2021-11-23 18:29:21,421] {dag.py:1832} INFO - Sync 1 DAGs
[2021-11-23 18:29:21,455] {logging_mixin.py:104} INFO - [2021-11-23 18:29:21,455] {dag.py:2305} INFO - Setting next_dagrun for example_branch_dop_operator_v3 to 2021-11-21 00:00:00+00:00
[2021-11-23 18:29:21,740] {scheduler_job.py:190} INFO - Processing /home/uiliam/virtualenvs/sandbox/lib/python3.8/site-packages/airflow/example_dags/example_branch_python_dop_operator_3.py took 0.380 seconds
[2021-11-23 18:30:12,120] {scheduler_job.py:182} INFO - Started process (PID=14679) to work on /home/uiliam/virtualenvs/sandbox/lib/python3.8/site-packages/airflow/example_dags/example_branch_python_dop_operator_3.py
[2021-11-23 18:30:12,123] {scheduler_job.py:633} INFO - Processing file /home/uiliam/virtualenvs/sandbox/lib/python3.8/site-packages/airflow/example_dags/example_branch_python_dop_operator_3.py for tasks to queue
[2021-11-23 18:30:12,124] {logging_mixin.py:104} INFO - [2021-11-23 18:30:12,123] {dagbag.py:487} INFO - Filling up the DagBag from /home/uiliam/virtualenvs/sandbox/lib/python3.8/site-packages/airflow/example_dags/example_branch_python_dop_operator_3.py
[2021-11-23 18:30:12,154] {scheduler_job.py:643} INFO - DAG(s) dict_keys(['example_branch_dop_operator_v3']) retrieved from /home/uiliam/virtualenvs/sandbox/lib/python3.8/site-packages/airflow/example_dags/example_branch_python_dop_operator_3.py
[2021-11-23 18:30:12,179] {logging_mixin.py:104} INFO - [2021-11-23 18:30:12,179] {dag.py:1832} INFO - Sync 1 DAGs
[2021-11-23 18:30:12,232] {logging_mixin.py:104} INFO - [2021-11-23 18:30:12,231] {dag.py:2305} INFO - Setting next_dagrun for example_branch_dop_operator_v3 to 2021-11-21 00:00:00+00:00
[2021-11-23 18:30:12,353] {scheduler_job.py:190} INFO - Processing /home/uiliam/virtualenvs/sandbox/lib/python3.8/site-packages/airflow/example_dags/example_branch_python_dop_operator_3.py took 0.238 seconds
[2021-11-23 18:31:04,768] {scheduler_job.py:182} INFO - Started process (PID=14767) to work on /home/uiliam/virtualenvs/sandbox/lib/python3.8/site-packages/airflow/example_dags/example_branch_python_dop_operator_3.py
[2021-11-23 18:31:04,770] {scheduler_job.py:633} INFO - Processing file /home/uiliam/virtualenvs/sandbox/lib/python3.8/site-packages/airflow/example_dags/example_branch_python_dop_operator_3.py for tasks to queue
[2021-11-23 18:31:04,772] {logging_mixin.py:104} INFO - [2021-11-23 18:31:04,772] {dagbag.py:487} INFO - Filling up the DagBag from /home/uiliam/virtualenvs/sandbox/lib/python3.8/site-packages/airflow/example_dags/example_branch_python_dop_operator_3.py
[2021-11-23 18:31:04,807] {scheduler_job.py:643} INFO - DAG(s) dict_keys(['example_branch_dop_operator_v3']) retrieved from /home/uiliam/virtualenvs/sandbox/lib/python3.8/site-packages/airflow/example_dags/example_branch_python_dop_operator_3.py
[2021-11-23 18:31:04,845] {logging_mixin.py:104} INFO - [2021-11-23 18:31:04,845] {dag.py:1832} INFO - Sync 1 DAGs
[2021-11-23 18:31:04,895] {logging_mixin.py:104} INFO - [2021-11-23 18:31:04,895] {dag.py:2305} INFO - Setting next_dagrun for example_branch_dop_operator_v3 to 2021-11-21 00:00:00+00:00
[2021-11-23 18:31:05,017] {scheduler_job.py:190} INFO - Processing /home/uiliam/virtualenvs/sandbox/lib/python3.8/site-packages/airflow/example_dags/example_branch_python_dop_operator_3.py took 0.257 seconds
[2021-11-23 18:31:46,919] {scheduler_job.py:182} INFO - Started process (PID=14817) to work on /home/uiliam/virtualenvs/sandbox/lib/python3.8/site-packages/airflow/example_dags/example_branch_python_dop_operator_3.py
[2021-11-23 18:31:46,921] {scheduler_job.py:633} INFO - Processing file /home/uiliam/virtualenvs/sandbox/lib/python3.8/site-packages/airflow/example_dags/example_branch_python_dop_operator_3.py for tasks to queue
[2021-11-23 18:31:46,922] {logging_mixin.py:104} INFO - [2021-11-23 18:31:46,922] {dagbag.py:487} INFO - Filling up the DagBag from /home/uiliam/virtualenvs/sandbox/lib/python3.8/site-packages/airflow/example_dags/example_branch_python_dop_operator_3.py
[2021-11-23 18:31:46,946] {scheduler_job.py:643} INFO - DAG(s) dict_keys(['example_branch_dop_operator_v3']) retrieved from /home/uiliam/virtualenvs/sandbox/lib/python3.8/site-packages/airflow/example_dags/example_branch_python_dop_operator_3.py
[2021-11-23 18:31:46,975] {logging_mixin.py:104} INFO - [2021-11-23 18:31:46,975] {dag.py:1832} INFO - Sync 1 DAGs
[2021-11-23 18:31:47,022] {logging_mixin.py:104} INFO - [2021-11-23 18:31:47,021] {dag.py:2305} INFO - Setting next_dagrun for example_branch_dop_operator_v3 to 2021-11-21 00:00:00+00:00
[2021-11-23 18:31:47,118] {scheduler_job.py:190} INFO - Processing /home/uiliam/virtualenvs/sandbox/lib/python3.8/site-packages/airflow/example_dags/example_branch_python_dop_operator_3.py took 0.208 seconds
[2021-11-23 18:32:31,350] {scheduler_job.py:182} INFO - Started process (PID=14905) to work on /home/uiliam/virtualenvs/sandbox/lib/python3.8/site-packages/airflow/example_dags/example_branch_python_dop_operator_3.py
[2021-11-23 18:32:31,352] {scheduler_job.py:633} INFO - Processing file /home/uiliam/virtualenvs/sandbox/lib/python3.8/site-packages/airflow/example_dags/example_branch_python_dop_operator_3.py for tasks to queue
[2021-11-23 18:32:31,353] {logging_mixin.py:104} INFO - [2021-11-23 18:32:31,353] {dagbag.py:487} INFO - Filling up the DagBag from /home/uiliam/virtualenvs/sandbox/lib/python3.8/site-packages/airflow/example_dags/example_branch_python_dop_operator_3.py
[2021-11-23 18:32:31,368] {scheduler_job.py:643} INFO - DAG(s) dict_keys(['example_branch_dop_operator_v3']) retrieved from /home/uiliam/virtualenvs/sandbox/lib/python3.8/site-packages/airflow/example_dags/example_branch_python_dop_operator_3.py
[2021-11-23 18:32:31,386] {logging_mixin.py:104} INFO - [2021-11-23 18:32:31,386] {dag.py:1832} INFO - Sync 1 DAGs
[2021-11-23 18:32:31,410] {logging_mixin.py:104} INFO - [2021-11-23 18:32:31,410] {dag.py:2305} INFO - Setting next_dagrun for example_branch_dop_operator_v3 to 2021-11-21 00:00:00+00:00
[2021-11-23 18:32:31,555] {scheduler_job.py:190} INFO - Processing /home/uiliam/virtualenvs/sandbox/lib/python3.8/site-packages/airflow/example_dags/example_branch_python_dop_operator_3.py took 0.210 seconds
