[2021-11-23 18:25:48,142] {scheduler_job.py:182} INFO - Started process (PID=14261) to work on /home/uiliam/virtualenvs/sandbox/lib/python3.8/site-packages/airflow/example_dags/example_complex.py
[2021-11-23 18:25:48,145] {scheduler_job.py:633} INFO - Processing file /home/uiliam/virtualenvs/sandbox/lib/python3.8/site-packages/airflow/example_dags/example_complex.py for tasks to queue
[2021-11-23 18:25:48,146] {logging_mixin.py:104} INFO - [2021-11-23 18:25:48,146] {dagbag.py:487} INFO - Filling up the DagBag from /home/uiliam/virtualenvs/sandbox/lib/python3.8/site-packages/airflow/example_dags/example_complex.py
[2021-11-23 18:25:48,198] {scheduler_job.py:643} INFO - DAG(s) dict_keys(['example_complex']) retrieved from /home/uiliam/virtualenvs/sandbox/lib/python3.8/site-packages/airflow/example_dags/example_complex.py
[2021-11-23 18:25:48,238] {logging_mixin.py:104} INFO - [2021-11-23 18:25:48,238] {dag.py:1832} INFO - Sync 1 DAGs
[2021-11-23 18:25:48,269] {logging_mixin.py:104} INFO - [2021-11-23 18:25:48,269] {dag.py:2305} INFO - Setting next_dagrun for example_complex to None
[2021-11-23 18:25:48,465] {scheduler_job.py:190} INFO - Processing /home/uiliam/virtualenvs/sandbox/lib/python3.8/site-packages/airflow/example_dags/example_complex.py took 0.328 seconds
[2021-11-23 18:26:27,836] {scheduler_job.py:182} INFO - Started process (PID=14326) to work on /home/uiliam/virtualenvs/sandbox/lib/python3.8/site-packages/airflow/example_dags/example_complex.py
[2021-11-23 18:26:27,837] {scheduler_job.py:633} INFO - Processing file /home/uiliam/virtualenvs/sandbox/lib/python3.8/site-packages/airflow/example_dags/example_complex.py for tasks to queue
[2021-11-23 18:26:27,839] {logging_mixin.py:104} INFO - [2021-11-23 18:26:27,838] {dagbag.py:487} INFO - Filling up the DagBag from /home/uiliam/virtualenvs/sandbox/lib/python3.8/site-packages/airflow/example_dags/example_complex.py
[2021-11-23 18:26:27,877] {scheduler_job.py:643} INFO - DAG(s) dict_keys(['example_complex']) retrieved from /home/uiliam/virtualenvs/sandbox/lib/python3.8/site-packages/airflow/example_dags/example_complex.py
[2021-11-23 18:26:27,913] {logging_mixin.py:104} INFO - [2021-11-23 18:26:27,913] {dag.py:1832} INFO - Sync 1 DAGs
[2021-11-23 18:26:27,932] {logging_mixin.py:104} INFO - [2021-11-23 18:26:27,931] {dag.py:2305} INFO - Setting next_dagrun for example_complex to None
[2021-11-23 18:26:28,039] {scheduler_job.py:190} INFO - Processing /home/uiliam/virtualenvs/sandbox/lib/python3.8/site-packages/airflow/example_dags/example_complex.py took 0.211 seconds
[2021-11-23 18:27:09,411] {scheduler_job.py:182} INFO - Started process (PID=14438) to work on /home/uiliam/virtualenvs/sandbox/lib/python3.8/site-packages/airflow/example_dags/example_complex.py
[2021-11-23 18:27:09,412] {scheduler_job.py:633} INFO - Processing file /home/uiliam/virtualenvs/sandbox/lib/python3.8/site-packages/airflow/example_dags/example_complex.py for tasks to queue
[2021-11-23 18:27:09,414] {logging_mixin.py:104} INFO - [2021-11-23 18:27:09,413] {dagbag.py:487} INFO - Filling up the DagBag from /home/uiliam/virtualenvs/sandbox/lib/python3.8/site-packages/airflow/example_dags/example_complex.py
[2021-11-23 18:27:09,472] {scheduler_job.py:643} INFO - DAG(s) dict_keys(['example_complex']) retrieved from /home/uiliam/virtualenvs/sandbox/lib/python3.8/site-packages/airflow/example_dags/example_complex.py
[2021-11-23 18:27:09,538] {logging_mixin.py:104} INFO - [2021-11-23 18:27:09,538] {dag.py:1832} INFO - Sync 1 DAGs
[2021-11-23 18:27:09,580] {logging_mixin.py:104} INFO - [2021-11-23 18:27:09,579] {dag.py:2305} INFO - Setting next_dagrun for example_complex to None
[2021-11-23 18:27:09,683] {scheduler_job.py:190} INFO - Processing /home/uiliam/virtualenvs/sandbox/lib/python3.8/site-packages/airflow/example_dags/example_complex.py took 0.278 seconds
[2021-11-23 18:28:00,089] {scheduler_job.py:182} INFO - Started process (PID=14512) to work on /home/uiliam/virtualenvs/sandbox/lib/python3.8/site-packages/airflow/example_dags/example_complex.py
[2021-11-23 18:28:00,090] {scheduler_job.py:633} INFO - Processing file /home/uiliam/virtualenvs/sandbox/lib/python3.8/site-packages/airflow/example_dags/example_complex.py for tasks to queue
[2021-11-23 18:28:00,091] {logging_mixin.py:104} INFO - [2021-11-23 18:28:00,091] {dagbag.py:487} INFO - Filling up the DagBag from /home/uiliam/virtualenvs/sandbox/lib/python3.8/site-packages/airflow/example_dags/example_complex.py
[2021-11-23 18:28:00,114] {scheduler_job.py:643} INFO - DAG(s) dict_keys(['example_complex']) retrieved from /home/uiliam/virtualenvs/sandbox/lib/python3.8/site-packages/airflow/example_dags/example_complex.py
[2021-11-23 18:28:00,141] {logging_mixin.py:104} INFO - [2021-11-23 18:28:00,140] {dag.py:1832} INFO - Sync 1 DAGs
[2021-11-23 18:28:00,153] {logging_mixin.py:104} INFO - [2021-11-23 18:28:00,153] {dag.py:2305} INFO - Setting next_dagrun for example_complex to None
[2021-11-23 18:28:00,234] {scheduler_job.py:190} INFO - Processing /home/uiliam/virtualenvs/sandbox/lib/python3.8/site-packages/airflow/example_dags/example_complex.py took 0.150 seconds
[2021-11-23 18:28:41,394] {scheduler_job.py:182} INFO - Started process (PID=14596) to work on /home/uiliam/virtualenvs/sandbox/lib/python3.8/site-packages/airflow/example_dags/example_complex.py
[2021-11-23 18:28:41,395] {scheduler_job.py:633} INFO - Processing file /home/uiliam/virtualenvs/sandbox/lib/python3.8/site-packages/airflow/example_dags/example_complex.py for tasks to queue
[2021-11-23 18:28:41,396] {logging_mixin.py:104} INFO - [2021-11-23 18:28:41,396] {dagbag.py:487} INFO - Filling up the DagBag from /home/uiliam/virtualenvs/sandbox/lib/python3.8/site-packages/airflow/example_dags/example_complex.py
[2021-11-23 18:28:41,444] {scheduler_job.py:643} INFO - DAG(s) dict_keys(['example_complex']) retrieved from /home/uiliam/virtualenvs/sandbox/lib/python3.8/site-packages/airflow/example_dags/example_complex.py
[2021-11-23 18:28:41,497] {logging_mixin.py:104} INFO - [2021-11-23 18:28:41,496] {dag.py:1832} INFO - Sync 1 DAGs
[2021-11-23 18:28:41,533] {logging_mixin.py:104} INFO - [2021-11-23 18:28:41,533] {dag.py:2305} INFO - Setting next_dagrun for example_complex to None
[2021-11-23 18:28:41,646] {scheduler_job.py:190} INFO - Processing /home/uiliam/virtualenvs/sandbox/lib/python3.8/site-packages/airflow/example_dags/example_complex.py took 0.261 seconds
[2021-11-23 18:29:33,366] {scheduler_job.py:182} INFO - Started process (PID=14643) to work on /home/uiliam/virtualenvs/sandbox/lib/python3.8/site-packages/airflow/example_dags/example_complex.py
[2021-11-23 18:29:33,368] {scheduler_job.py:633} INFO - Processing file /home/uiliam/virtualenvs/sandbox/lib/python3.8/site-packages/airflow/example_dags/example_complex.py for tasks to queue
[2021-11-23 18:29:33,369] {logging_mixin.py:104} INFO - [2021-11-23 18:29:33,369] {dagbag.py:487} INFO - Filling up the DagBag from /home/uiliam/virtualenvs/sandbox/lib/python3.8/site-packages/airflow/example_dags/example_complex.py
[2021-11-23 18:29:33,407] {scheduler_job.py:643} INFO - DAG(s) dict_keys(['example_complex']) retrieved from /home/uiliam/virtualenvs/sandbox/lib/python3.8/site-packages/airflow/example_dags/example_complex.py
[2021-11-23 18:29:33,445] {logging_mixin.py:104} INFO - [2021-11-23 18:29:33,445] {dag.py:1832} INFO - Sync 1 DAGs
[2021-11-23 18:29:33,469] {logging_mixin.py:104} INFO - [2021-11-23 18:29:33,469] {dag.py:2305} INFO - Setting next_dagrun for example_complex to None
[2021-11-23 18:29:33,562] {scheduler_job.py:190} INFO - Processing /home/uiliam/virtualenvs/sandbox/lib/python3.8/site-packages/airflow/example_dags/example_complex.py took 0.203 seconds
[2021-11-23 18:30:24,485] {scheduler_job.py:182} INFO - Started process (PID=14719) to work on /home/uiliam/virtualenvs/sandbox/lib/python3.8/site-packages/airflow/example_dags/example_complex.py
[2021-11-23 18:30:24,487] {scheduler_job.py:633} INFO - Processing file /home/uiliam/virtualenvs/sandbox/lib/python3.8/site-packages/airflow/example_dags/example_complex.py for tasks to queue
[2021-11-23 18:30:24,489] {logging_mixin.py:104} INFO - [2021-11-23 18:30:24,488] {dagbag.py:487} INFO - Filling up the DagBag from /home/uiliam/virtualenvs/sandbox/lib/python3.8/site-packages/airflow/example_dags/example_complex.py
[2021-11-23 18:30:24,544] {scheduler_job.py:643} INFO - DAG(s) dict_keys(['example_complex']) retrieved from /home/uiliam/virtualenvs/sandbox/lib/python3.8/site-packages/airflow/example_dags/example_complex.py
[2021-11-23 18:30:24,588] {logging_mixin.py:104} INFO - [2021-11-23 18:30:24,588] {dag.py:1832} INFO - Sync 1 DAGs
[2021-11-23 18:30:24,620] {logging_mixin.py:104} INFO - [2021-11-23 18:30:24,620] {dag.py:2305} INFO - Setting next_dagrun for example_complex to None
[2021-11-23 18:30:24,729] {scheduler_job.py:190} INFO - Processing /home/uiliam/virtualenvs/sandbox/lib/python3.8/site-packages/airflow/example_dags/example_complex.py took 0.248 seconds
[2021-11-23 18:31:09,199] {scheduler_job.py:182} INFO - Started process (PID=14776) to work on /home/uiliam/virtualenvs/sandbox/lib/python3.8/site-packages/airflow/example_dags/example_complex.py
[2021-11-23 18:31:09,202] {scheduler_job.py:633} INFO - Processing file /home/uiliam/virtualenvs/sandbox/lib/python3.8/site-packages/airflow/example_dags/example_complex.py for tasks to queue
[2021-11-23 18:31:09,206] {logging_mixin.py:104} INFO - [2021-11-23 18:31:09,205] {dagbag.py:487} INFO - Filling up the DagBag from /home/uiliam/virtualenvs/sandbox/lib/python3.8/site-packages/airflow/example_dags/example_complex.py
[2021-11-23 18:31:09,293] {scheduler_job.py:643} INFO - DAG(s) dict_keys(['example_complex']) retrieved from /home/uiliam/virtualenvs/sandbox/lib/python3.8/site-packages/airflow/example_dags/example_complex.py
[2021-11-23 18:31:09,353] {logging_mixin.py:104} INFO - [2021-11-23 18:31:09,353] {dag.py:1832} INFO - Sync 1 DAGs
[2021-11-23 18:31:09,391] {logging_mixin.py:104} INFO - [2021-11-23 18:31:09,391] {dag.py:2305} INFO - Setting next_dagrun for example_complex to None
[2021-11-23 18:31:09,619] {scheduler_job.py:190} INFO - Processing /home/uiliam/virtualenvs/sandbox/lib/python3.8/site-packages/airflow/example_dags/example_complex.py took 0.430 seconds
[2021-11-23 18:32:01,722] {scheduler_job.py:182} INFO - Started process (PID=14831) to work on /home/uiliam/virtualenvs/sandbox/lib/python3.8/site-packages/airflow/example_dags/example_complex.py
[2021-11-23 18:32:01,725] {scheduler_job.py:633} INFO - Processing file /home/uiliam/virtualenvs/sandbox/lib/python3.8/site-packages/airflow/example_dags/example_complex.py for tasks to queue
[2021-11-23 18:32:01,726] {logging_mixin.py:104} INFO - [2021-11-23 18:32:01,726] {dagbag.py:487} INFO - Filling up the DagBag from /home/uiliam/virtualenvs/sandbox/lib/python3.8/site-packages/airflow/example_dags/example_complex.py
[2021-11-23 18:32:01,769] {scheduler_job.py:643} INFO - DAG(s) dict_keys(['example_complex']) retrieved from /home/uiliam/virtualenvs/sandbox/lib/python3.8/site-packages/airflow/example_dags/example_complex.py
[2021-11-23 18:32:01,819] {logging_mixin.py:104} INFO - [2021-11-23 18:32:01,819] {dag.py:1832} INFO - Sync 1 DAGs
[2021-11-23 18:32:01,839] {logging_mixin.py:104} INFO - [2021-11-23 18:32:01,839] {dag.py:2305} INFO - Setting next_dagrun for example_complex to None
[2021-11-23 18:32:01,945] {scheduler_job.py:190} INFO - Processing /home/uiliam/virtualenvs/sandbox/lib/python3.8/site-packages/airflow/example_dags/example_complex.py took 0.232 seconds
[2021-11-23 18:32:45,398] {scheduler_job.py:182} INFO - Started process (PID=14932) to work on /home/uiliam/virtualenvs/sandbox/lib/python3.8/site-packages/airflow/example_dags/example_complex.py
[2021-11-23 18:32:45,399] {scheduler_job.py:633} INFO - Processing file /home/uiliam/virtualenvs/sandbox/lib/python3.8/site-packages/airflow/example_dags/example_complex.py for tasks to queue
[2021-11-23 18:32:45,400] {logging_mixin.py:104} INFO - [2021-11-23 18:32:45,400] {dagbag.py:487} INFO - Filling up the DagBag from /home/uiliam/virtualenvs/sandbox/lib/python3.8/site-packages/airflow/example_dags/example_complex.py
[2021-11-23 18:32:45,431] {scheduler_job.py:643} INFO - DAG(s) dict_keys(['example_complex']) retrieved from /home/uiliam/virtualenvs/sandbox/lib/python3.8/site-packages/airflow/example_dags/example_complex.py
[2021-11-23 18:32:45,454] {logging_mixin.py:104} INFO - [2021-11-23 18:32:45,454] {dag.py:1832} INFO - Sync 1 DAGs
[2021-11-23 18:32:45,467] {logging_mixin.py:104} INFO - [2021-11-23 18:32:45,466] {dag.py:2305} INFO - Setting next_dagrun for example_complex to None
[2021-11-23 18:32:45,771] {scheduler_job.py:190} INFO - Processing /home/uiliam/virtualenvs/sandbox/lib/python3.8/site-packages/airflow/example_dags/example_complex.py took 0.377 seconds
