[2021-11-23 18:25:25,837] {scheduler_job.py:182} INFO - Started process (PID=14241) to work on /home/uiliam/virtualenvs/sandbox/lib/python3.8/site-packages/airflow/example_dags/example_subdag_operator.py
[2021-11-23 18:25:25,841] {scheduler_job.py:633} INFO - Processing file /home/uiliam/virtualenvs/sandbox/lib/python3.8/site-packages/airflow/example_dags/example_subdag_operator.py for tasks to queue
[2021-11-23 18:25:25,846] {logging_mixin.py:104} INFO - [2021-11-23 18:25:25,845] {dagbag.py:487} INFO - Filling up the DagBag from /home/uiliam/virtualenvs/sandbox/lib/python3.8/site-packages/airflow/example_dags/example_subdag_operator.py
[2021-11-23 18:25:25,910] {scheduler_job.py:643} INFO - DAG(s) dict_keys(['example_subdag_operator.section-1', 'example_subdag_operator.section-2', 'example_subdag_operator']) retrieved from /home/uiliam/virtualenvs/sandbox/lib/python3.8/site-packages/airflow/example_dags/example_subdag_operator.py
[2021-11-23 18:25:25,947] {logging_mixin.py:104} INFO - [2021-11-23 18:25:25,947] {dag.py:1832} INFO - Sync 3 DAGs
[2021-11-23 18:25:25,988] {logging_mixin.py:104} INFO - [2021-11-23 18:25:25,987] {dag.py:2305} INFO - Setting next_dagrun for example_subdag_operator to 2021-11-21 00:00:00+00:00
[2021-11-23 18:25:25,993] {logging_mixin.py:104} INFO - [2021-11-23 18:25:25,992] {dag.py:2305} INFO - Setting next_dagrun for example_subdag_operator.section-1 to None
[2021-11-23 18:25:25,994] {logging_mixin.py:104} INFO - [2021-11-23 18:25:25,994] {dag.py:2305} INFO - Setting next_dagrun for example_subdag_operator.section-2 to None
[2021-11-23 18:25:26,113] {logging_mixin.py:104} INFO - [2021-11-23 18:25:26,113] {dag.py:1832} INFO - Sync 2 DAGs
[2021-11-23 18:25:26,133] {logging_mixin.py:104} INFO - [2021-11-23 18:25:26,133] {dag.py:2305} INFO - Setting next_dagrun for example_subdag_operator.section-1 to None
[2021-11-23 18:25:26,133] {logging_mixin.py:104} INFO - [2021-11-23 18:25:26,133] {dag.py:2305} INFO - Setting next_dagrun for example_subdag_operator.section-2 to None
[2021-11-23 18:25:26,255] {scheduler_job.py:190} INFO - Processing /home/uiliam/virtualenvs/sandbox/lib/python3.8/site-packages/airflow/example_dags/example_subdag_operator.py took 0.427 seconds
[2021-11-23 18:26:08,818] {scheduler_job.py:182} INFO - Started process (PID=14305) to work on /home/uiliam/virtualenvs/sandbox/lib/python3.8/site-packages/airflow/example_dags/example_subdag_operator.py
[2021-11-23 18:26:08,819] {scheduler_job.py:633} INFO - Processing file /home/uiliam/virtualenvs/sandbox/lib/python3.8/site-packages/airflow/example_dags/example_subdag_operator.py for tasks to queue
[2021-11-23 18:26:08,820] {logging_mixin.py:104} INFO - [2021-11-23 18:26:08,820] {dagbag.py:487} INFO - Filling up the DagBag from /home/uiliam/virtualenvs/sandbox/lib/python3.8/site-packages/airflow/example_dags/example_subdag_operator.py
[2021-11-23 18:26:08,847] {scheduler_job.py:643} INFO - DAG(s) dict_keys(['example_subdag_operator.section-1', 'example_subdag_operator.section-2', 'example_subdag_operator']) retrieved from /home/uiliam/virtualenvs/sandbox/lib/python3.8/site-packages/airflow/example_dags/example_subdag_operator.py
[2021-11-23 18:26:08,859] {logging_mixin.py:104} INFO - [2021-11-23 18:26:08,859] {dag.py:1832} INFO - Sync 3 DAGs
[2021-11-23 18:26:08,874] {logging_mixin.py:104} INFO - [2021-11-23 18:26:08,874] {dag.py:2305} INFO - Setting next_dagrun for example_subdag_operator to 2021-11-21 00:00:00+00:00
[2021-11-23 18:26:08,875] {logging_mixin.py:104} INFO - [2021-11-23 18:26:08,875] {dag.py:2305} INFO - Setting next_dagrun for example_subdag_operator.section-1 to None
[2021-11-23 18:26:08,876] {logging_mixin.py:104} INFO - [2021-11-23 18:26:08,876] {dag.py:2305} INFO - Setting next_dagrun for example_subdag_operator.section-2 to None
[2021-11-23 18:26:08,961] {logging_mixin.py:104} INFO - [2021-11-23 18:26:08,960] {dag.py:1832} INFO - Sync 2 DAGs
[2021-11-23 18:26:08,969] {logging_mixin.py:104} INFO - [2021-11-23 18:26:08,969] {dag.py:2305} INFO - Setting next_dagrun for example_subdag_operator.section-1 to None
[2021-11-23 18:26:08,969] {logging_mixin.py:104} INFO - [2021-11-23 18:26:08,969] {dag.py:2305} INFO - Setting next_dagrun for example_subdag_operator.section-2 to None
[2021-11-23 18:26:09,052] {scheduler_job.py:190} INFO - Processing /home/uiliam/virtualenvs/sandbox/lib/python3.8/site-packages/airflow/example_dags/example_subdag_operator.py took 0.238 seconds
[2021-11-23 18:26:46,253] {scheduler_job.py:182} INFO - Started process (PID=14395) to work on /home/uiliam/virtualenvs/sandbox/lib/python3.8/site-packages/airflow/example_dags/example_subdag_operator.py
[2021-11-23 18:26:46,255] {scheduler_job.py:633} INFO - Processing file /home/uiliam/virtualenvs/sandbox/lib/python3.8/site-packages/airflow/example_dags/example_subdag_operator.py for tasks to queue
[2021-11-23 18:26:46,256] {logging_mixin.py:104} INFO - [2021-11-23 18:26:46,256] {dagbag.py:487} INFO - Filling up the DagBag from /home/uiliam/virtualenvs/sandbox/lib/python3.8/site-packages/airflow/example_dags/example_subdag_operator.py
[2021-11-23 18:26:46,330] {scheduler_job.py:643} INFO - DAG(s) dict_keys(['example_subdag_operator.section-1', 'example_subdag_operator.section-2', 'example_subdag_operator']) retrieved from /home/uiliam/virtualenvs/sandbox/lib/python3.8/site-packages/airflow/example_dags/example_subdag_operator.py
[2021-11-23 18:26:46,355] {logging_mixin.py:104} INFO - [2021-11-23 18:26:46,354] {dag.py:1832} INFO - Sync 3 DAGs
[2021-11-23 18:26:46,392] {logging_mixin.py:104} INFO - [2021-11-23 18:26:46,391] {dag.py:2305} INFO - Setting next_dagrun for example_subdag_operator to 2021-11-21 00:00:00+00:00
[2021-11-23 18:26:46,393] {logging_mixin.py:104} INFO - [2021-11-23 18:26:46,393] {dag.py:2305} INFO - Setting next_dagrun for example_subdag_operator.section-1 to None
[2021-11-23 18:26:46,394] {logging_mixin.py:104} INFO - [2021-11-23 18:26:46,394] {dag.py:2305} INFO - Setting next_dagrun for example_subdag_operator.section-2 to None
[2021-11-23 18:26:46,493] {logging_mixin.py:104} INFO - [2021-11-23 18:26:46,492] {dag.py:1832} INFO - Sync 2 DAGs
[2021-11-23 18:26:46,512] {logging_mixin.py:104} INFO - [2021-11-23 18:26:46,512] {dag.py:2305} INFO - Setting next_dagrun for example_subdag_operator.section-1 to None
[2021-11-23 18:26:46,513] {logging_mixin.py:104} INFO - [2021-11-23 18:26:46,513] {dag.py:2305} INFO - Setting next_dagrun for example_subdag_operator.section-2 to None
[2021-11-23 18:26:46,603] {scheduler_job.py:190} INFO - Processing /home/uiliam/virtualenvs/sandbox/lib/python3.8/site-packages/airflow/example_dags/example_subdag_operator.py took 0.355 seconds
[2021-11-23 18:27:29,563] {scheduler_job.py:182} INFO - Started process (PID=14469) to work on /home/uiliam/virtualenvs/sandbox/lib/python3.8/site-packages/airflow/example_dags/example_subdag_operator.py
[2021-11-23 18:27:29,568] {scheduler_job.py:633} INFO - Processing file /home/uiliam/virtualenvs/sandbox/lib/python3.8/site-packages/airflow/example_dags/example_subdag_operator.py for tasks to queue
[2021-11-23 18:27:29,573] {logging_mixin.py:104} INFO - [2021-11-23 18:27:29,572] {dagbag.py:487} INFO - Filling up the DagBag from /home/uiliam/virtualenvs/sandbox/lib/python3.8/site-packages/airflow/example_dags/example_subdag_operator.py
[2021-11-23 18:27:29,633] {scheduler_job.py:643} INFO - DAG(s) dict_keys(['example_subdag_operator.section-1', 'example_subdag_operator.section-2', 'example_subdag_operator']) retrieved from /home/uiliam/virtualenvs/sandbox/lib/python3.8/site-packages/airflow/example_dags/example_subdag_operator.py
[2021-11-23 18:27:29,665] {logging_mixin.py:104} INFO - [2021-11-23 18:27:29,664] {dag.py:1832} INFO - Sync 3 DAGs
[2021-11-23 18:27:29,682] {logging_mixin.py:104} INFO - [2021-11-23 18:27:29,682] {dag.py:2305} INFO - Setting next_dagrun for example_subdag_operator to 2021-11-21 00:00:00+00:00
[2021-11-23 18:27:29,684] {logging_mixin.py:104} INFO - [2021-11-23 18:27:29,684] {dag.py:2305} INFO - Setting next_dagrun for example_subdag_operator.section-1 to None
[2021-11-23 18:27:29,684] {logging_mixin.py:104} INFO - [2021-11-23 18:27:29,684] {dag.py:2305} INFO - Setting next_dagrun for example_subdag_operator.section-2 to None
[2021-11-23 18:27:29,804] {logging_mixin.py:104} INFO - [2021-11-23 18:27:29,804] {dag.py:1832} INFO - Sync 2 DAGs
[2021-11-23 18:27:29,816] {logging_mixin.py:104} INFO - [2021-11-23 18:27:29,816] {dag.py:2305} INFO - Setting next_dagrun for example_subdag_operator.section-1 to None
[2021-11-23 18:27:29,817] {logging_mixin.py:104} INFO - [2021-11-23 18:27:29,816] {dag.py:2305} INFO - Setting next_dagrun for example_subdag_operator.section-2 to None
[2021-11-23 18:27:29,936] {scheduler_job.py:190} INFO - Processing /home/uiliam/virtualenvs/sandbox/lib/python3.8/site-packages/airflow/example_dags/example_subdag_operator.py took 0.380 seconds
[2021-11-23 18:28:08,346] {scheduler_job.py:182} INFO - Started process (PID=14519) to work on /home/uiliam/virtualenvs/sandbox/lib/python3.8/site-packages/airflow/example_dags/example_subdag_operator.py
[2021-11-23 18:28:08,347] {scheduler_job.py:633} INFO - Processing file /home/uiliam/virtualenvs/sandbox/lib/python3.8/site-packages/airflow/example_dags/example_subdag_operator.py for tasks to queue
[2021-11-23 18:28:08,348] {logging_mixin.py:104} INFO - [2021-11-23 18:28:08,348] {dagbag.py:487} INFO - Filling up the DagBag from /home/uiliam/virtualenvs/sandbox/lib/python3.8/site-packages/airflow/example_dags/example_subdag_operator.py
[2021-11-23 18:28:08,380] {scheduler_job.py:643} INFO - DAG(s) dict_keys(['example_subdag_operator.section-1', 'example_subdag_operator.section-2', 'example_subdag_operator']) retrieved from /home/uiliam/virtualenvs/sandbox/lib/python3.8/site-packages/airflow/example_dags/example_subdag_operator.py
[2021-11-23 18:28:08,393] {logging_mixin.py:104} INFO - [2021-11-23 18:28:08,393] {dag.py:1832} INFO - Sync 3 DAGs
[2021-11-23 18:28:08,407] {logging_mixin.py:104} INFO - [2021-11-23 18:28:08,407] {dag.py:2305} INFO - Setting next_dagrun for example_subdag_operator to 2021-11-21 00:00:00+00:00
[2021-11-23 18:28:08,408] {logging_mixin.py:104} INFO - [2021-11-23 18:28:08,408] {dag.py:2305} INFO - Setting next_dagrun for example_subdag_operator.section-1 to None
[2021-11-23 18:28:08,408] {logging_mixin.py:104} INFO - [2021-11-23 18:28:08,408] {dag.py:2305} INFO - Setting next_dagrun for example_subdag_operator.section-2 to None
[2021-11-23 18:28:08,494] {logging_mixin.py:104} INFO - [2021-11-23 18:28:08,494] {dag.py:1832} INFO - Sync 2 DAGs
[2021-11-23 18:28:08,503] {logging_mixin.py:104} INFO - [2021-11-23 18:28:08,503] {dag.py:2305} INFO - Setting next_dagrun for example_subdag_operator.section-1 to None
[2021-11-23 18:28:08,503] {logging_mixin.py:104} INFO - [2021-11-23 18:28:08,503] {dag.py:2305} INFO - Setting next_dagrun for example_subdag_operator.section-2 to None
[2021-11-23 18:28:08,586] {scheduler_job.py:190} INFO - Processing /home/uiliam/virtualenvs/sandbox/lib/python3.8/site-packages/airflow/example_dags/example_subdag_operator.py took 0.243 seconds
[2021-11-23 18:28:45,419] {scheduler_job.py:182} INFO - Started process (PID=14600) to work on /home/uiliam/virtualenvs/sandbox/lib/python3.8/site-packages/airflow/example_dags/example_subdag_operator.py
[2021-11-23 18:28:45,421] {scheduler_job.py:633} INFO - Processing file /home/uiliam/virtualenvs/sandbox/lib/python3.8/site-packages/airflow/example_dags/example_subdag_operator.py for tasks to queue
[2021-11-23 18:28:45,422] {logging_mixin.py:104} INFO - [2021-11-23 18:28:45,422] {dagbag.py:487} INFO - Filling up the DagBag from /home/uiliam/virtualenvs/sandbox/lib/python3.8/site-packages/airflow/example_dags/example_subdag_operator.py
[2021-11-23 18:28:45,462] {scheduler_job.py:643} INFO - DAG(s) dict_keys(['example_subdag_operator.section-1', 'example_subdag_operator.section-2', 'example_subdag_operator']) retrieved from /home/uiliam/virtualenvs/sandbox/lib/python3.8/site-packages/airflow/example_dags/example_subdag_operator.py
[2021-11-23 18:28:45,482] {logging_mixin.py:104} INFO - [2021-11-23 18:28:45,482] {dag.py:1832} INFO - Sync 3 DAGs
[2021-11-23 18:28:45,504] {logging_mixin.py:104} INFO - [2021-11-23 18:28:45,503] {dag.py:2305} INFO - Setting next_dagrun for example_subdag_operator to 2021-11-21 00:00:00+00:00
[2021-11-23 18:28:45,505] {logging_mixin.py:104} INFO - [2021-11-23 18:28:45,505] {dag.py:2305} INFO - Setting next_dagrun for example_subdag_operator.section-1 to None
[2021-11-23 18:28:45,505] {logging_mixin.py:104} INFO - [2021-11-23 18:28:45,505] {dag.py:2305} INFO - Setting next_dagrun for example_subdag_operator.section-2 to None
[2021-11-23 18:28:45,581] {logging_mixin.py:104} INFO - [2021-11-23 18:28:45,581] {dag.py:1832} INFO - Sync 2 DAGs
[2021-11-23 18:28:45,596] {logging_mixin.py:104} INFO - [2021-11-23 18:28:45,595] {dag.py:2305} INFO - Setting next_dagrun for example_subdag_operator.section-1 to None
[2021-11-23 18:28:45,596] {logging_mixin.py:104} INFO - [2021-11-23 18:28:45,596] {dag.py:2305} INFO - Setting next_dagrun for example_subdag_operator.section-2 to None
[2021-11-23 18:28:45,698] {scheduler_job.py:190} INFO - Processing /home/uiliam/virtualenvs/sandbox/lib/python3.8/site-packages/airflow/example_dags/example_subdag_operator.py took 0.284 seconds
[2021-11-23 18:29:25,045] {scheduler_job.py:182} INFO - Started process (PID=14637) to work on /home/uiliam/virtualenvs/sandbox/lib/python3.8/site-packages/airflow/example_dags/example_subdag_operator.py
[2021-11-23 18:29:25,046] {scheduler_job.py:633} INFO - Processing file /home/uiliam/virtualenvs/sandbox/lib/python3.8/site-packages/airflow/example_dags/example_subdag_operator.py for tasks to queue
[2021-11-23 18:29:25,047] {logging_mixin.py:104} INFO - [2021-11-23 18:29:25,047] {dagbag.py:487} INFO - Filling up the DagBag from /home/uiliam/virtualenvs/sandbox/lib/python3.8/site-packages/airflow/example_dags/example_subdag_operator.py
[2021-11-23 18:29:25,102] {scheduler_job.py:643} INFO - DAG(s) dict_keys(['example_subdag_operator.section-1', 'example_subdag_operator.section-2', 'example_subdag_operator']) retrieved from /home/uiliam/virtualenvs/sandbox/lib/python3.8/site-packages/airflow/example_dags/example_subdag_operator.py
[2021-11-23 18:29:25,123] {logging_mixin.py:104} INFO - [2021-11-23 18:29:25,123] {dag.py:1832} INFO - Sync 3 DAGs
[2021-11-23 18:29:25,152] {logging_mixin.py:104} INFO - [2021-11-23 18:29:25,152] {dag.py:2305} INFO - Setting next_dagrun for example_subdag_operator to 2021-11-21 00:00:00+00:00
[2021-11-23 18:29:25,153] {logging_mixin.py:104} INFO - [2021-11-23 18:29:25,153] {dag.py:2305} INFO - Setting next_dagrun for example_subdag_operator.section-1 to None
[2021-11-23 18:29:25,154] {logging_mixin.py:104} INFO - [2021-11-23 18:29:25,153] {dag.py:2305} INFO - Setting next_dagrun for example_subdag_operator.section-2 to None
[2021-11-23 18:29:25,267] {logging_mixin.py:104} INFO - [2021-11-23 18:29:25,266] {dag.py:1832} INFO - Sync 2 DAGs
[2021-11-23 18:29:25,289] {logging_mixin.py:104} INFO - [2021-11-23 18:29:25,288] {dag.py:2305} INFO - Setting next_dagrun for example_subdag_operator.section-1 to None
[2021-11-23 18:29:25,289] {logging_mixin.py:104} INFO - [2021-11-23 18:29:25,289] {dag.py:2305} INFO - Setting next_dagrun for example_subdag_operator.section-2 to None
[2021-11-23 18:29:25,406] {scheduler_job.py:190} INFO - Processing /home/uiliam/virtualenvs/sandbox/lib/python3.8/site-packages/airflow/example_dags/example_subdag_operator.py took 0.364 seconds
[2021-11-23 18:30:05,449] {scheduler_job.py:182} INFO - Started process (PID=14673) to work on /home/uiliam/virtualenvs/sandbox/lib/python3.8/site-packages/airflow/example_dags/example_subdag_operator.py
[2021-11-23 18:30:05,451] {scheduler_job.py:633} INFO - Processing file /home/uiliam/virtualenvs/sandbox/lib/python3.8/site-packages/airflow/example_dags/example_subdag_operator.py for tasks to queue
[2021-11-23 18:30:05,452] {logging_mixin.py:104} INFO - [2021-11-23 18:30:05,452] {dagbag.py:487} INFO - Filling up the DagBag from /home/uiliam/virtualenvs/sandbox/lib/python3.8/site-packages/airflow/example_dags/example_subdag_operator.py
[2021-11-23 18:30:05,502] {scheduler_job.py:643} INFO - DAG(s) dict_keys(['example_subdag_operator.section-1', 'example_subdag_operator.section-2', 'example_subdag_operator']) retrieved from /home/uiliam/virtualenvs/sandbox/lib/python3.8/site-packages/airflow/example_dags/example_subdag_operator.py
[2021-11-23 18:30:05,525] {logging_mixin.py:104} INFO - [2021-11-23 18:30:05,525] {dag.py:1832} INFO - Sync 3 DAGs
[2021-11-23 18:30:05,556] {logging_mixin.py:104} INFO - [2021-11-23 18:30:05,556] {dag.py:2305} INFO - Setting next_dagrun for example_subdag_operator to 2021-11-21 00:00:00+00:00
[2021-11-23 18:30:05,558] {logging_mixin.py:104} INFO - [2021-11-23 18:30:05,557] {dag.py:2305} INFO - Setting next_dagrun for example_subdag_operator.section-1 to None
[2021-11-23 18:30:05,558] {logging_mixin.py:104} INFO - [2021-11-23 18:30:05,558] {dag.py:2305} INFO - Setting next_dagrun for example_subdag_operator.section-2 to None
[2021-11-23 18:30:05,714] {logging_mixin.py:104} INFO - [2021-11-23 18:30:05,713] {dag.py:1832} INFO - Sync 2 DAGs
[2021-11-23 18:30:05,738] {logging_mixin.py:104} INFO - [2021-11-23 18:30:05,737] {dag.py:2305} INFO - Setting next_dagrun for example_subdag_operator.section-1 to None
[2021-11-23 18:30:05,738] {logging_mixin.py:104} INFO - [2021-11-23 18:30:05,738] {dag.py:2305} INFO - Setting next_dagrun for example_subdag_operator.section-2 to None
[2021-11-23 18:30:05,905] {scheduler_job.py:190} INFO - Processing /home/uiliam/virtualenvs/sandbox/lib/python3.8/site-packages/airflow/example_dags/example_subdag_operator.py took 0.461 seconds
[2021-11-23 18:30:44,939] {scheduler_job.py:182} INFO - Started process (PID=14733) to work on /home/uiliam/virtualenvs/sandbox/lib/python3.8/site-packages/airflow/example_dags/example_subdag_operator.py
[2021-11-23 18:30:44,941] {scheduler_job.py:633} INFO - Processing file /home/uiliam/virtualenvs/sandbox/lib/python3.8/site-packages/airflow/example_dags/example_subdag_operator.py for tasks to queue
[2021-11-23 18:30:44,944] {logging_mixin.py:104} INFO - [2021-11-23 18:30:44,944] {dagbag.py:487} INFO - Filling up the DagBag from /home/uiliam/virtualenvs/sandbox/lib/python3.8/site-packages/airflow/example_dags/example_subdag_operator.py
[2021-11-23 18:30:45,005] {scheduler_job.py:643} INFO - DAG(s) dict_keys(['example_subdag_operator.section-1', 'example_subdag_operator.section-2', 'example_subdag_operator']) retrieved from /home/uiliam/virtualenvs/sandbox/lib/python3.8/site-packages/airflow/example_dags/example_subdag_operator.py
[2021-11-23 18:30:45,028] {logging_mixin.py:104} INFO - [2021-11-23 18:30:45,027] {dag.py:1832} INFO - Sync 3 DAGs
[2021-11-23 18:30:45,058] {logging_mixin.py:104} INFO - [2021-11-23 18:30:45,058] {dag.py:2305} INFO - Setting next_dagrun for example_subdag_operator to 2021-11-21 00:00:00+00:00
[2021-11-23 18:30:45,061] {logging_mixin.py:104} INFO - [2021-11-23 18:30:45,061] {dag.py:2305} INFO - Setting next_dagrun for example_subdag_operator.section-1 to None
[2021-11-23 18:30:45,062] {logging_mixin.py:104} INFO - [2021-11-23 18:30:45,062] {dag.py:2305} INFO - Setting next_dagrun for example_subdag_operator.section-2 to None
[2021-11-23 18:30:45,282] {logging_mixin.py:104} INFO - [2021-11-23 18:30:45,281] {dag.py:1832} INFO - Sync 2 DAGs
[2021-11-23 18:30:45,303] {logging_mixin.py:104} INFO - [2021-11-23 18:30:45,302] {dag.py:2305} INFO - Setting next_dagrun for example_subdag_operator.section-1 to None
[2021-11-23 18:30:45,303] {logging_mixin.py:104} INFO - [2021-11-23 18:30:45,303] {dag.py:2305} INFO - Setting next_dagrun for example_subdag_operator.section-2 to None
[2021-11-23 18:30:45,431] {scheduler_job.py:190} INFO - Processing /home/uiliam/virtualenvs/sandbox/lib/python3.8/site-packages/airflow/example_dags/example_subdag_operator.py took 0.498 seconds
[2021-11-23 18:31:26,654] {scheduler_job.py:182} INFO - Started process (PID=14801) to work on /home/uiliam/virtualenvs/sandbox/lib/python3.8/site-packages/airflow/example_dags/example_subdag_operator.py
[2021-11-23 18:31:26,658] {scheduler_job.py:633} INFO - Processing file /home/uiliam/virtualenvs/sandbox/lib/python3.8/site-packages/airflow/example_dags/example_subdag_operator.py for tasks to queue
[2021-11-23 18:31:26,660] {logging_mixin.py:104} INFO - [2021-11-23 18:31:26,659] {dagbag.py:487} INFO - Filling up the DagBag from /home/uiliam/virtualenvs/sandbox/lib/python3.8/site-packages/airflow/example_dags/example_subdag_operator.py
[2021-11-23 18:31:26,704] {scheduler_job.py:643} INFO - DAG(s) dict_keys(['example_subdag_operator.section-1', 'example_subdag_operator.section-2', 'example_subdag_operator']) retrieved from /home/uiliam/virtualenvs/sandbox/lib/python3.8/site-packages/airflow/example_dags/example_subdag_operator.py
[2021-11-23 18:31:26,733] {logging_mixin.py:104} INFO - [2021-11-23 18:31:26,733] {dag.py:1832} INFO - Sync 3 DAGs
[2021-11-23 18:31:26,771] {logging_mixin.py:104} INFO - [2021-11-23 18:31:26,771] {dag.py:2305} INFO - Setting next_dagrun for example_subdag_operator to 2021-11-21 00:00:00+00:00
[2021-11-23 18:31:26,774] {logging_mixin.py:104} INFO - [2021-11-23 18:31:26,774] {dag.py:2305} INFO - Setting next_dagrun for example_subdag_operator.section-1 to None
[2021-11-23 18:31:26,775] {logging_mixin.py:104} INFO - [2021-11-23 18:31:26,775] {dag.py:2305} INFO - Setting next_dagrun for example_subdag_operator.section-2 to None
[2021-11-23 18:31:26,960] {logging_mixin.py:104} INFO - [2021-11-23 18:31:26,959] {dag.py:1832} INFO - Sync 2 DAGs
[2021-11-23 18:31:26,977] {logging_mixin.py:104} INFO - [2021-11-23 18:31:26,976] {dag.py:2305} INFO - Setting next_dagrun for example_subdag_operator.section-1 to None
[2021-11-23 18:31:26,977] {logging_mixin.py:104} INFO - [2021-11-23 18:31:26,977] {dag.py:2305} INFO - Setting next_dagrun for example_subdag_operator.section-2 to None
[2021-11-23 18:31:27,092] {scheduler_job.py:190} INFO - Processing /home/uiliam/virtualenvs/sandbox/lib/python3.8/site-packages/airflow/example_dags/example_subdag_operator.py took 0.443 seconds
[2021-11-23 18:32:08,788] {scheduler_job.py:182} INFO - Started process (PID=14836) to work on /home/uiliam/virtualenvs/sandbox/lib/python3.8/site-packages/airflow/example_dags/example_subdag_operator.py
[2021-11-23 18:32:08,790] {scheduler_job.py:633} INFO - Processing file /home/uiliam/virtualenvs/sandbox/lib/python3.8/site-packages/airflow/example_dags/example_subdag_operator.py for tasks to queue
[2021-11-23 18:32:08,791] {logging_mixin.py:104} INFO - [2021-11-23 18:32:08,791] {dagbag.py:487} INFO - Filling up the DagBag from /home/uiliam/virtualenvs/sandbox/lib/python3.8/site-packages/airflow/example_dags/example_subdag_operator.py
[2021-11-23 18:32:08,839] {scheduler_job.py:643} INFO - DAG(s) dict_keys(['example_subdag_operator.section-1', 'example_subdag_operator.section-2', 'example_subdag_operator']) retrieved from /home/uiliam/virtualenvs/sandbox/lib/python3.8/site-packages/airflow/example_dags/example_subdag_operator.py
[2021-11-23 18:32:08,882] {logging_mixin.py:104} INFO - [2021-11-23 18:32:08,881] {dag.py:1832} INFO - Sync 3 DAGs
[2021-11-23 18:32:08,910] {logging_mixin.py:104} INFO - [2021-11-23 18:32:08,910] {dag.py:2305} INFO - Setting next_dagrun for example_subdag_operator to 2021-11-21 00:00:00+00:00
[2021-11-23 18:32:08,914] {logging_mixin.py:104} INFO - [2021-11-23 18:32:08,913] {dag.py:2305} INFO - Setting next_dagrun for example_subdag_operator.section-1 to None
[2021-11-23 18:32:08,917] {logging_mixin.py:104} INFO - [2021-11-23 18:32:08,916] {dag.py:2305} INFO - Setting next_dagrun for example_subdag_operator.section-2 to None
[2021-11-23 18:32:09,112] {logging_mixin.py:104} INFO - [2021-11-23 18:32:09,111] {dag.py:1832} INFO - Sync 2 DAGs
[2021-11-23 18:32:09,136] {logging_mixin.py:104} INFO - [2021-11-23 18:32:09,136] {dag.py:2305} INFO - Setting next_dagrun for example_subdag_operator.section-1 to None
[2021-11-23 18:32:09,136] {logging_mixin.py:104} INFO - [2021-11-23 18:32:09,136] {dag.py:2305} INFO - Setting next_dagrun for example_subdag_operator.section-2 to None
[2021-11-23 18:32:09,322] {scheduler_job.py:190} INFO - Processing /home/uiliam/virtualenvs/sandbox/lib/python3.8/site-packages/airflow/example_dags/example_subdag_operator.py took 0.542 seconds
