[2021-11-23 18:25:27,435] {scheduler_job.py:182} INFO - Started process (PID=14242) to work on /home/uiliam/virtualenvs/sandbox/lib/python3.8/site-packages/airflow/example_dags/example_task_group.py
[2021-11-23 18:25:27,437] {scheduler_job.py:633} INFO - Processing file /home/uiliam/virtualenvs/sandbox/lib/python3.8/site-packages/airflow/example_dags/example_task_group.py for tasks to queue
[2021-11-23 18:25:27,439] {logging_mixin.py:104} INFO - [2021-11-23 18:25:27,439] {dagbag.py:487} INFO - Filling up the DagBag from /home/uiliam/virtualenvs/sandbox/lib/python3.8/site-packages/airflow/example_dags/example_task_group.py
[2021-11-23 18:25:27,471] {scheduler_job.py:643} INFO - DAG(s) dict_keys(['example_task_group']) retrieved from /home/uiliam/virtualenvs/sandbox/lib/python3.8/site-packages/airflow/example_dags/example_task_group.py
[2021-11-23 18:25:27,527] {logging_mixin.py:104} INFO - [2021-11-23 18:25:27,525] {dag.py:1832} INFO - Sync 1 DAGs
[2021-11-23 18:25:27,550] {logging_mixin.py:104} INFO - [2021-11-23 18:25:27,550] {dag.py:2305} INFO - Setting next_dagrun for example_task_group to 2021-11-21 00:00:00+00:00
[2021-11-23 18:25:27,680] {scheduler_job.py:190} INFO - Processing /home/uiliam/virtualenvs/sandbox/lib/python3.8/site-packages/airflow/example_dags/example_task_group.py took 0.252 seconds
[2021-11-23 18:26:10,263] {scheduler_job.py:182} INFO - Started process (PID=14306) to work on /home/uiliam/virtualenvs/sandbox/lib/python3.8/site-packages/airflow/example_dags/example_task_group.py
[2021-11-23 18:26:10,265] {scheduler_job.py:633} INFO - Processing file /home/uiliam/virtualenvs/sandbox/lib/python3.8/site-packages/airflow/example_dags/example_task_group.py for tasks to queue
[2021-11-23 18:26:10,266] {logging_mixin.py:104} INFO - [2021-11-23 18:26:10,266] {dagbag.py:487} INFO - Filling up the DagBag from /home/uiliam/virtualenvs/sandbox/lib/python3.8/site-packages/airflow/example_dags/example_task_group.py
[2021-11-23 18:26:10,282] {scheduler_job.py:643} INFO - DAG(s) dict_keys(['example_task_group']) retrieved from /home/uiliam/virtualenvs/sandbox/lib/python3.8/site-packages/airflow/example_dags/example_task_group.py
[2021-11-23 18:26:10,299] {logging_mixin.py:104} INFO - [2021-11-23 18:26:10,299] {dag.py:1832} INFO - Sync 1 DAGs
[2021-11-23 18:26:10,312] {logging_mixin.py:104} INFO - [2021-11-23 18:26:10,312] {dag.py:2305} INFO - Setting next_dagrun for example_task_group to 2021-11-21 00:00:00+00:00
[2021-11-23 18:26:10,395] {scheduler_job.py:190} INFO - Processing /home/uiliam/virtualenvs/sandbox/lib/python3.8/site-packages/airflow/example_dags/example_task_group.py took 0.137 seconds
[2021-11-23 18:26:48,048] {scheduler_job.py:182} INFO - Started process (PID=14396) to work on /home/uiliam/virtualenvs/sandbox/lib/python3.8/site-packages/airflow/example_dags/example_task_group.py
[2021-11-23 18:26:48,052] {scheduler_job.py:633} INFO - Processing file /home/uiliam/virtualenvs/sandbox/lib/python3.8/site-packages/airflow/example_dags/example_task_group.py for tasks to queue
[2021-11-23 18:26:48,053] {logging_mixin.py:104} INFO - [2021-11-23 18:26:48,053] {dagbag.py:487} INFO - Filling up the DagBag from /home/uiliam/virtualenvs/sandbox/lib/python3.8/site-packages/airflow/example_dags/example_task_group.py
[2021-11-23 18:26:48,079] {scheduler_job.py:643} INFO - DAG(s) dict_keys(['example_task_group']) retrieved from /home/uiliam/virtualenvs/sandbox/lib/python3.8/site-packages/airflow/example_dags/example_task_group.py
[2021-11-23 18:26:48,104] {logging_mixin.py:104} INFO - [2021-11-23 18:26:48,104] {dag.py:1832} INFO - Sync 1 DAGs
[2021-11-23 18:26:48,129] {logging_mixin.py:104} INFO - [2021-11-23 18:26:48,129] {dag.py:2305} INFO - Setting next_dagrun for example_task_group to 2021-11-21 00:00:00+00:00
[2021-11-23 18:26:48,232] {scheduler_job.py:190} INFO - Processing /home/uiliam/virtualenvs/sandbox/lib/python3.8/site-packages/airflow/example_dags/example_task_group.py took 0.191 seconds
[2021-11-23 18:27:31,015] {scheduler_job.py:182} INFO - Started process (PID=14470) to work on /home/uiliam/virtualenvs/sandbox/lib/python3.8/site-packages/airflow/example_dags/example_task_group.py
[2021-11-23 18:27:31,018] {scheduler_job.py:633} INFO - Processing file /home/uiliam/virtualenvs/sandbox/lib/python3.8/site-packages/airflow/example_dags/example_task_group.py for tasks to queue
[2021-11-23 18:27:31,019] {logging_mixin.py:104} INFO - [2021-11-23 18:27:31,019] {dagbag.py:487} INFO - Filling up the DagBag from /home/uiliam/virtualenvs/sandbox/lib/python3.8/site-packages/airflow/example_dags/example_task_group.py
[2021-11-23 18:27:31,040] {scheduler_job.py:643} INFO - DAG(s) dict_keys(['example_task_group']) retrieved from /home/uiliam/virtualenvs/sandbox/lib/python3.8/site-packages/airflow/example_dags/example_task_group.py
[2021-11-23 18:27:31,071] {logging_mixin.py:104} INFO - [2021-11-23 18:27:31,071] {dag.py:1832} INFO - Sync 1 DAGs
[2021-11-23 18:27:31,088] {logging_mixin.py:104} INFO - [2021-11-23 18:27:31,088] {dag.py:2305} INFO - Setting next_dagrun for example_task_group to 2021-11-21 00:00:00+00:00
[2021-11-23 18:27:31,187] {scheduler_job.py:190} INFO - Processing /home/uiliam/virtualenvs/sandbox/lib/python3.8/site-packages/airflow/example_dags/example_task_group.py took 0.175 seconds
[2021-11-23 18:28:09,693] {scheduler_job.py:182} INFO - Started process (PID=14520) to work on /home/uiliam/virtualenvs/sandbox/lib/python3.8/site-packages/airflow/example_dags/example_task_group.py
[2021-11-23 18:28:09,695] {scheduler_job.py:633} INFO - Processing file /home/uiliam/virtualenvs/sandbox/lib/python3.8/site-packages/airflow/example_dags/example_task_group.py for tasks to queue
[2021-11-23 18:28:09,696] {logging_mixin.py:104} INFO - [2021-11-23 18:28:09,696] {dagbag.py:487} INFO - Filling up the DagBag from /home/uiliam/virtualenvs/sandbox/lib/python3.8/site-packages/airflow/example_dags/example_task_group.py
[2021-11-23 18:28:09,711] {scheduler_job.py:643} INFO - DAG(s) dict_keys(['example_task_group']) retrieved from /home/uiliam/virtualenvs/sandbox/lib/python3.8/site-packages/airflow/example_dags/example_task_group.py
[2021-11-23 18:28:09,728] {logging_mixin.py:104} INFO - [2021-11-23 18:28:09,728] {dag.py:1832} INFO - Sync 1 DAGs
[2021-11-23 18:28:09,740] {logging_mixin.py:104} INFO - [2021-11-23 18:28:09,740] {dag.py:2305} INFO - Setting next_dagrun for example_task_group to 2021-11-21 00:00:00+00:00
[2021-11-23 18:28:09,829] {scheduler_job.py:190} INFO - Processing /home/uiliam/virtualenvs/sandbox/lib/python3.8/site-packages/airflow/example_dags/example_task_group.py took 0.140 seconds
[2021-11-23 18:28:46,781] {scheduler_job.py:182} INFO - Started process (PID=14601) to work on /home/uiliam/virtualenvs/sandbox/lib/python3.8/site-packages/airflow/example_dags/example_task_group.py
[2021-11-23 18:28:46,784] {scheduler_job.py:633} INFO - Processing file /home/uiliam/virtualenvs/sandbox/lib/python3.8/site-packages/airflow/example_dags/example_task_group.py for tasks to queue
[2021-11-23 18:28:46,785] {logging_mixin.py:104} INFO - [2021-11-23 18:28:46,785] {dagbag.py:487} INFO - Filling up the DagBag from /home/uiliam/virtualenvs/sandbox/lib/python3.8/site-packages/airflow/example_dags/example_task_group.py
[2021-11-23 18:28:46,810] {scheduler_job.py:643} INFO - DAG(s) dict_keys(['example_task_group']) retrieved from /home/uiliam/virtualenvs/sandbox/lib/python3.8/site-packages/airflow/example_dags/example_task_group.py
[2021-11-23 18:28:46,843] {logging_mixin.py:104} INFO - [2021-11-23 18:28:46,843] {dag.py:1832} INFO - Sync 1 DAGs
[2021-11-23 18:28:46,864] {logging_mixin.py:104} INFO - [2021-11-23 18:28:46,864] {dag.py:2305} INFO - Setting next_dagrun for example_task_group to 2021-11-21 00:00:00+00:00
[2021-11-23 18:28:46,979] {scheduler_job.py:190} INFO - Processing /home/uiliam/virtualenvs/sandbox/lib/python3.8/site-packages/airflow/example_dags/example_task_group.py took 0.202 seconds
[2021-11-23 18:29:26,510] {scheduler_job.py:182} INFO - Started process (PID=14638) to work on /home/uiliam/virtualenvs/sandbox/lib/python3.8/site-packages/airflow/example_dags/example_task_group.py
[2021-11-23 18:29:26,512] {scheduler_job.py:633} INFO - Processing file /home/uiliam/virtualenvs/sandbox/lib/python3.8/site-packages/airflow/example_dags/example_task_group.py for tasks to queue
[2021-11-23 18:29:26,513] {logging_mixin.py:104} INFO - [2021-11-23 18:29:26,512] {dagbag.py:487} INFO - Filling up the DagBag from /home/uiliam/virtualenvs/sandbox/lib/python3.8/site-packages/airflow/example_dags/example_task_group.py
[2021-11-23 18:29:26,543] {scheduler_job.py:643} INFO - DAG(s) dict_keys(['example_task_group']) retrieved from /home/uiliam/virtualenvs/sandbox/lib/python3.8/site-packages/airflow/example_dags/example_task_group.py
[2021-11-23 18:29:26,569] {logging_mixin.py:104} INFO - [2021-11-23 18:29:26,569] {dag.py:1832} INFO - Sync 1 DAGs
[2021-11-23 18:29:26,587] {logging_mixin.py:104} INFO - [2021-11-23 18:29:26,587] {dag.py:2305} INFO - Setting next_dagrun for example_task_group to 2021-11-21 00:00:00+00:00
[2021-11-23 18:29:26,704] {scheduler_job.py:190} INFO - Processing /home/uiliam/virtualenvs/sandbox/lib/python3.8/site-packages/airflow/example_dags/example_task_group.py took 0.197 seconds
[2021-11-23 18:30:07,011] {scheduler_job.py:182} INFO - Started process (PID=14674) to work on /home/uiliam/virtualenvs/sandbox/lib/python3.8/site-packages/airflow/example_dags/example_task_group.py
[2021-11-23 18:30:07,013] {scheduler_job.py:633} INFO - Processing file /home/uiliam/virtualenvs/sandbox/lib/python3.8/site-packages/airflow/example_dags/example_task_group.py for tasks to queue
[2021-11-23 18:30:07,014] {logging_mixin.py:104} INFO - [2021-11-23 18:30:07,014] {dagbag.py:487} INFO - Filling up the DagBag from /home/uiliam/virtualenvs/sandbox/lib/python3.8/site-packages/airflow/example_dags/example_task_group.py
[2021-11-23 18:30:07,042] {scheduler_job.py:643} INFO - DAG(s) dict_keys(['example_task_group']) retrieved from /home/uiliam/virtualenvs/sandbox/lib/python3.8/site-packages/airflow/example_dags/example_task_group.py
[2021-11-23 18:30:07,073] {logging_mixin.py:104} INFO - [2021-11-23 18:30:07,073] {dag.py:1832} INFO - Sync 1 DAGs
[2021-11-23 18:30:07,105] {logging_mixin.py:104} INFO - [2021-11-23 18:30:07,105] {dag.py:2305} INFO - Setting next_dagrun for example_task_group to 2021-11-21 00:00:00+00:00
[2021-11-23 18:30:07,224] {scheduler_job.py:190} INFO - Processing /home/uiliam/virtualenvs/sandbox/lib/python3.8/site-packages/airflow/example_dags/example_task_group.py took 0.218 seconds
[2021-11-23 18:30:46,614] {scheduler_job.py:182} INFO - Started process (PID=14734) to work on /home/uiliam/virtualenvs/sandbox/lib/python3.8/site-packages/airflow/example_dags/example_task_group.py
[2021-11-23 18:30:46,618] {scheduler_job.py:633} INFO - Processing file /home/uiliam/virtualenvs/sandbox/lib/python3.8/site-packages/airflow/example_dags/example_task_group.py for tasks to queue
[2021-11-23 18:30:46,619] {logging_mixin.py:104} INFO - [2021-11-23 18:30:46,618] {dagbag.py:487} INFO - Filling up the DagBag from /home/uiliam/virtualenvs/sandbox/lib/python3.8/site-packages/airflow/example_dags/example_task_group.py
[2021-11-23 18:30:46,644] {scheduler_job.py:643} INFO - DAG(s) dict_keys(['example_task_group']) retrieved from /home/uiliam/virtualenvs/sandbox/lib/python3.8/site-packages/airflow/example_dags/example_task_group.py
[2021-11-23 18:30:46,676] {logging_mixin.py:104} INFO - [2021-11-23 18:30:46,675] {dag.py:1832} INFO - Sync 1 DAGs
[2021-11-23 18:30:46,709] {logging_mixin.py:104} INFO - [2021-11-23 18:30:46,709] {dag.py:2305} INFO - Setting next_dagrun for example_task_group to 2021-11-21 00:00:00+00:00
[2021-11-23 18:30:46,825] {scheduler_job.py:190} INFO - Processing /home/uiliam/virtualenvs/sandbox/lib/python3.8/site-packages/airflow/example_dags/example_task_group.py took 0.218 seconds
[2021-11-23 18:31:28,219] {scheduler_job.py:182} INFO - Started process (PID=14802) to work on /home/uiliam/virtualenvs/sandbox/lib/python3.8/site-packages/airflow/example_dags/example_task_group.py
[2021-11-23 18:31:28,221] {scheduler_job.py:633} INFO - Processing file /home/uiliam/virtualenvs/sandbox/lib/python3.8/site-packages/airflow/example_dags/example_task_group.py for tasks to queue
[2021-11-23 18:31:28,222] {logging_mixin.py:104} INFO - [2021-11-23 18:31:28,222] {dagbag.py:487} INFO - Filling up the DagBag from /home/uiliam/virtualenvs/sandbox/lib/python3.8/site-packages/airflow/example_dags/example_task_group.py
[2021-11-23 18:31:28,254] {scheduler_job.py:643} INFO - DAG(s) dict_keys(['example_task_group']) retrieved from /home/uiliam/virtualenvs/sandbox/lib/python3.8/site-packages/airflow/example_dags/example_task_group.py
[2021-11-23 18:31:28,285] {logging_mixin.py:104} INFO - [2021-11-23 18:31:28,285] {dag.py:1832} INFO - Sync 1 DAGs
[2021-11-23 18:31:28,308] {logging_mixin.py:104} INFO - [2021-11-23 18:31:28,308] {dag.py:2305} INFO - Setting next_dagrun for example_task_group to 2021-11-21 00:00:00+00:00
[2021-11-23 18:31:28,435] {scheduler_job.py:190} INFO - Processing /home/uiliam/virtualenvs/sandbox/lib/python3.8/site-packages/airflow/example_dags/example_task_group.py took 0.226 seconds
[2021-11-23 18:32:10,475] {scheduler_job.py:182} INFO - Started process (PID=14837) to work on /home/uiliam/virtualenvs/sandbox/lib/python3.8/site-packages/airflow/example_dags/example_task_group.py
[2021-11-23 18:32:10,477] {scheduler_job.py:633} INFO - Processing file /home/uiliam/virtualenvs/sandbox/lib/python3.8/site-packages/airflow/example_dags/example_task_group.py for tasks to queue
[2021-11-23 18:32:10,478] {logging_mixin.py:104} INFO - [2021-11-23 18:32:10,478] {dagbag.py:487} INFO - Filling up the DagBag from /home/uiliam/virtualenvs/sandbox/lib/python3.8/site-packages/airflow/example_dags/example_task_group.py
[2021-11-23 18:32:10,502] {scheduler_job.py:643} INFO - DAG(s) dict_keys(['example_task_group']) retrieved from /home/uiliam/virtualenvs/sandbox/lib/python3.8/site-packages/airflow/example_dags/example_task_group.py
[2021-11-23 18:32:10,543] {logging_mixin.py:104} INFO - [2021-11-23 18:32:10,543] {dag.py:1832} INFO - Sync 1 DAGs
[2021-11-23 18:32:10,566] {logging_mixin.py:104} INFO - [2021-11-23 18:32:10,565] {dag.py:2305} INFO - Setting next_dagrun for example_task_group to 2021-11-21 00:00:00+00:00
[2021-11-23 18:32:10,668] {scheduler_job.py:190} INFO - Processing /home/uiliam/virtualenvs/sandbox/lib/python3.8/site-packages/airflow/example_dags/example_task_group.py took 0.199 seconds
