[2021-11-23 18:25:44,123] {scheduler_job.py:182} INFO - Started process (PID=14257) to work on /home/uiliam/virtualenvs/sandbox/lib/python3.8/site-packages/airflow/example_dags/example_kubernetes_executor_config.py
[2021-11-23 18:25:44,125] {scheduler_job.py:633} INFO - Processing file /home/uiliam/virtualenvs/sandbox/lib/python3.8/site-packages/airflow/example_dags/example_kubernetes_executor_config.py for tasks to queue
[2021-11-23 18:25:44,127] {logging_mixin.py:104} INFO - [2021-11-23 18:25:44,127] {dagbag.py:487} INFO - Filling up the DagBag from /home/uiliam/virtualenvs/sandbox/lib/python3.8/site-packages/airflow/example_dags/example_kubernetes_executor_config.py
[2021-11-23 18:25:44,141] {logging_mixin.py:104} INFO - [2021-11-23 18:25:44,141] {example_kubernetes_executor_config.py:175} WARNING - Could not import DAGs in example_kubernetes_executor_config.py: No module named 'kubernetes'
[2021-11-23 18:25:44,142] {logging_mixin.py:104} INFO - [2021-11-23 18:25:44,141] {example_kubernetes_executor_config.py:176} WARNING - Install kubernetes dependencies with: pip install apache-airflow['cncf.kubernetes']
[2021-11-23 18:25:44,142] {scheduler_job.py:645} WARNING - No viable dags retrieved from /home/uiliam/virtualenvs/sandbox/lib/python3.8/site-packages/airflow/example_dags/example_kubernetes_executor_config.py
[2021-11-23 18:25:44,156] {scheduler_job.py:190} INFO - Processing /home/uiliam/virtualenvs/sandbox/lib/python3.8/site-packages/airflow/example_dags/example_kubernetes_executor_config.py took 0.037 seconds
[2021-11-23 18:26:23,832] {scheduler_job.py:182} INFO - Started process (PID=14322) to work on /home/uiliam/virtualenvs/sandbox/lib/python3.8/site-packages/airflow/example_dags/example_kubernetes_executor_config.py
[2021-11-23 18:26:23,837] {scheduler_job.py:633} INFO - Processing file /home/uiliam/virtualenvs/sandbox/lib/python3.8/site-packages/airflow/example_dags/example_kubernetes_executor_config.py for tasks to queue
[2021-11-23 18:26:23,838] {logging_mixin.py:104} INFO - [2021-11-23 18:26:23,838] {dagbag.py:487} INFO - Filling up the DagBag from /home/uiliam/virtualenvs/sandbox/lib/python3.8/site-packages/airflow/example_dags/example_kubernetes_executor_config.py
[2021-11-23 18:26:23,848] {logging_mixin.py:104} INFO - [2021-11-23 18:26:23,848] {example_kubernetes_executor_config.py:175} WARNING - Could not import DAGs in example_kubernetes_executor_config.py: No module named 'kubernetes'
[2021-11-23 18:26:23,848] {logging_mixin.py:104} INFO - [2021-11-23 18:26:23,848] {example_kubernetes_executor_config.py:176} WARNING - Install kubernetes dependencies with: pip install apache-airflow['cncf.kubernetes']
[2021-11-23 18:26:23,848] {scheduler_job.py:645} WARNING - No viable dags retrieved from /home/uiliam/virtualenvs/sandbox/lib/python3.8/site-packages/airflow/example_dags/example_kubernetes_executor_config.py
[2021-11-23 18:26:23,865] {scheduler_job.py:190} INFO - Processing /home/uiliam/virtualenvs/sandbox/lib/python3.8/site-packages/airflow/example_dags/example_kubernetes_executor_config.py took 0.038 seconds
[2021-11-23 18:27:04,103] {scheduler_job.py:182} INFO - Started process (PID=14414) to work on /home/uiliam/virtualenvs/sandbox/lib/python3.8/site-packages/airflow/example_dags/example_kubernetes_executor_config.py
[2021-11-23 18:27:04,105] {scheduler_job.py:633} INFO - Processing file /home/uiliam/virtualenvs/sandbox/lib/python3.8/site-packages/airflow/example_dags/example_kubernetes_executor_config.py for tasks to queue
[2021-11-23 18:27:04,108] {logging_mixin.py:104} INFO - [2021-11-23 18:27:04,107] {dagbag.py:487} INFO - Filling up the DagBag from /home/uiliam/virtualenvs/sandbox/lib/python3.8/site-packages/airflow/example_dags/example_kubernetes_executor_config.py
[2021-11-23 18:27:04,132] {logging_mixin.py:104} INFO - [2021-11-23 18:27:04,132] {example_kubernetes_executor_config.py:175} WARNING - Could not import DAGs in example_kubernetes_executor_config.py: No module named 'kubernetes'
[2021-11-23 18:27:04,133] {logging_mixin.py:104} INFO - [2021-11-23 18:27:04,133] {example_kubernetes_executor_config.py:176} WARNING - Install kubernetes dependencies with: pip install apache-airflow['cncf.kubernetes']
[2021-11-23 18:27:04,135] {scheduler_job.py:645} WARNING - No viable dags retrieved from /home/uiliam/virtualenvs/sandbox/lib/python3.8/site-packages/airflow/example_dags/example_kubernetes_executor_config.py
[2021-11-23 18:27:04,150] {scheduler_job.py:190} INFO - Processing /home/uiliam/virtualenvs/sandbox/lib/python3.8/site-packages/airflow/example_dags/example_kubernetes_executor_config.py took 0.052 seconds
[2021-11-23 18:27:47,553] {scheduler_job.py:182} INFO - Started process (PID=14482) to work on /home/uiliam/virtualenvs/sandbox/lib/python3.8/site-packages/airflow/example_dags/example_kubernetes_executor_config.py
[2021-11-23 18:27:47,555] {scheduler_job.py:633} INFO - Processing file /home/uiliam/virtualenvs/sandbox/lib/python3.8/site-packages/airflow/example_dags/example_kubernetes_executor_config.py for tasks to queue
[2021-11-23 18:27:47,556] {logging_mixin.py:104} INFO - [2021-11-23 18:27:47,556] {dagbag.py:487} INFO - Filling up the DagBag from /home/uiliam/virtualenvs/sandbox/lib/python3.8/site-packages/airflow/example_dags/example_kubernetes_executor_config.py
[2021-11-23 18:27:47,570] {logging_mixin.py:104} INFO - [2021-11-23 18:27:47,569] {example_kubernetes_executor_config.py:175} WARNING - Could not import DAGs in example_kubernetes_executor_config.py: No module named 'kubernetes'
[2021-11-23 18:27:47,570] {logging_mixin.py:104} INFO - [2021-11-23 18:27:47,570] {example_kubernetes_executor_config.py:176} WARNING - Install kubernetes dependencies with: pip install apache-airflow['cncf.kubernetes']
[2021-11-23 18:27:47,571] {scheduler_job.py:645} WARNING - No viable dags retrieved from /home/uiliam/virtualenvs/sandbox/lib/python3.8/site-packages/airflow/example_dags/example_kubernetes_executor_config.py
[2021-11-23 18:27:47,586] {scheduler_job.py:190} INFO - Processing /home/uiliam/virtualenvs/sandbox/lib/python3.8/site-packages/airflow/example_dags/example_kubernetes_executor_config.py took 0.038 seconds
[2021-11-23 18:28:28,665] {scheduler_job.py:182} INFO - Started process (PID=14586) to work on /home/uiliam/virtualenvs/sandbox/lib/python3.8/site-packages/airflow/example_dags/example_kubernetes_executor_config.py
[2021-11-23 18:28:28,670] {scheduler_job.py:633} INFO - Processing file /home/uiliam/virtualenvs/sandbox/lib/python3.8/site-packages/airflow/example_dags/example_kubernetes_executor_config.py for tasks to queue
[2021-11-23 18:28:28,672] {logging_mixin.py:104} INFO - [2021-11-23 18:28:28,671] {dagbag.py:487} INFO - Filling up the DagBag from /home/uiliam/virtualenvs/sandbox/lib/python3.8/site-packages/airflow/example_dags/example_kubernetes_executor_config.py
[2021-11-23 18:28:28,686] {logging_mixin.py:104} INFO - [2021-11-23 18:28:28,686] {example_kubernetes_executor_config.py:175} WARNING - Could not import DAGs in example_kubernetes_executor_config.py: No module named 'kubernetes'
[2021-11-23 18:28:28,686] {logging_mixin.py:104} INFO - [2021-11-23 18:28:28,686] {example_kubernetes_executor_config.py:176} WARNING - Install kubernetes dependencies with: pip install apache-airflow['cncf.kubernetes']
[2021-11-23 18:28:28,687] {scheduler_job.py:645} WARNING - No viable dags retrieved from /home/uiliam/virtualenvs/sandbox/lib/python3.8/site-packages/airflow/example_dags/example_kubernetes_executor_config.py
[2021-11-23 18:28:28,709] {scheduler_job.py:190} INFO - Processing /home/uiliam/virtualenvs/sandbox/lib/python3.8/site-packages/airflow/example_dags/example_kubernetes_executor_config.py took 0.050 seconds
[2021-11-23 18:29:20,842] {scheduler_job.py:182} INFO - Started process (PID=14633) to work on /home/uiliam/virtualenvs/sandbox/lib/python3.8/site-packages/airflow/example_dags/example_kubernetes_executor_config.py
[2021-11-23 18:29:20,843] {scheduler_job.py:633} INFO - Processing file /home/uiliam/virtualenvs/sandbox/lib/python3.8/site-packages/airflow/example_dags/example_kubernetes_executor_config.py for tasks to queue
[2021-11-23 18:29:20,844] {logging_mixin.py:104} INFO - [2021-11-23 18:29:20,843] {dagbag.py:487} INFO - Filling up the DagBag from /home/uiliam/virtualenvs/sandbox/lib/python3.8/site-packages/airflow/example_dags/example_kubernetes_executor_config.py
[2021-11-23 18:29:20,855] {logging_mixin.py:104} INFO - [2021-11-23 18:29:20,855] {example_kubernetes_executor_config.py:175} WARNING - Could not import DAGs in example_kubernetes_executor_config.py: No module named 'kubernetes'
[2021-11-23 18:29:20,855] {logging_mixin.py:104} INFO - [2021-11-23 18:29:20,855] {example_kubernetes_executor_config.py:176} WARNING - Install kubernetes dependencies with: pip install apache-airflow['cncf.kubernetes']
[2021-11-23 18:29:20,855] {scheduler_job.py:645} WARNING - No viable dags retrieved from /home/uiliam/virtualenvs/sandbox/lib/python3.8/site-packages/airflow/example_dags/example_kubernetes_executor_config.py
[2021-11-23 18:29:20,865] {scheduler_job.py:190} INFO - Processing /home/uiliam/virtualenvs/sandbox/lib/python3.8/site-packages/airflow/example_dags/example_kubernetes_executor_config.py took 0.027 seconds
[2021-11-23 18:30:10,969] {scheduler_job.py:182} INFO - Started process (PID=14677) to work on /home/uiliam/virtualenvs/sandbox/lib/python3.8/site-packages/airflow/example_dags/example_kubernetes_executor_config.py
[2021-11-23 18:30:10,971] {scheduler_job.py:633} INFO - Processing file /home/uiliam/virtualenvs/sandbox/lib/python3.8/site-packages/airflow/example_dags/example_kubernetes_executor_config.py for tasks to queue
[2021-11-23 18:30:10,972] {logging_mixin.py:104} INFO - [2021-11-23 18:30:10,972] {dagbag.py:487} INFO - Filling up the DagBag from /home/uiliam/virtualenvs/sandbox/lib/python3.8/site-packages/airflow/example_dags/example_kubernetes_executor_config.py
[2021-11-23 18:30:10,982] {logging_mixin.py:104} INFO - [2021-11-23 18:30:10,982] {example_kubernetes_executor_config.py:175} WARNING - Could not import DAGs in example_kubernetes_executor_config.py: No module named 'kubernetes'
[2021-11-23 18:30:10,982] {logging_mixin.py:104} INFO - [2021-11-23 18:30:10,982] {example_kubernetes_executor_config.py:176} WARNING - Install kubernetes dependencies with: pip install apache-airflow['cncf.kubernetes']
[2021-11-23 18:30:10,983] {scheduler_job.py:645} WARNING - No viable dags retrieved from /home/uiliam/virtualenvs/sandbox/lib/python3.8/site-packages/airflow/example_dags/example_kubernetes_executor_config.py
[2021-11-23 18:30:11,001] {scheduler_job.py:190} INFO - Processing /home/uiliam/virtualenvs/sandbox/lib/python3.8/site-packages/airflow/example_dags/example_kubernetes_executor_config.py took 0.043 seconds
[2021-11-23 18:30:53,057] {scheduler_job.py:182} INFO - Started process (PID=14755) to work on /home/uiliam/virtualenvs/sandbox/lib/python3.8/site-packages/airflow/example_dags/example_kubernetes_executor_config.py
[2021-11-23 18:30:53,060] {scheduler_job.py:633} INFO - Processing file /home/uiliam/virtualenvs/sandbox/lib/python3.8/site-packages/airflow/example_dags/example_kubernetes_executor_config.py for tasks to queue
[2021-11-23 18:30:53,062] {logging_mixin.py:104} INFO - [2021-11-23 18:30:53,061] {dagbag.py:487} INFO - Filling up the DagBag from /home/uiliam/virtualenvs/sandbox/lib/python3.8/site-packages/airflow/example_dags/example_kubernetes_executor_config.py
[2021-11-23 18:30:53,080] {logging_mixin.py:104} INFO - [2021-11-23 18:30:53,080] {example_kubernetes_executor_config.py:175} WARNING - Could not import DAGs in example_kubernetes_executor_config.py: No module named 'kubernetes'
[2021-11-23 18:30:53,080] {logging_mixin.py:104} INFO - [2021-11-23 18:30:53,080] {example_kubernetes_executor_config.py:176} WARNING - Install kubernetes dependencies with: pip install apache-airflow['cncf.kubernetes']
[2021-11-23 18:30:53,081] {scheduler_job.py:645} WARNING - No viable dags retrieved from /home/uiliam/virtualenvs/sandbox/lib/python3.8/site-packages/airflow/example_dags/example_kubernetes_executor_config.py
[2021-11-23 18:30:53,094] {scheduler_job.py:190} INFO - Processing /home/uiliam/virtualenvs/sandbox/lib/python3.8/site-packages/airflow/example_dags/example_kubernetes_executor_config.py took 0.043 seconds
[2021-11-23 18:31:35,282] {scheduler_job.py:182} INFO - Started process (PID=14807) to work on /home/uiliam/virtualenvs/sandbox/lib/python3.8/site-packages/airflow/example_dags/example_kubernetes_executor_config.py
[2021-11-23 18:31:35,283] {scheduler_job.py:633} INFO - Processing file /home/uiliam/virtualenvs/sandbox/lib/python3.8/site-packages/airflow/example_dags/example_kubernetes_executor_config.py for tasks to queue
[2021-11-23 18:31:35,284] {logging_mixin.py:104} INFO - [2021-11-23 18:31:35,284] {dagbag.py:487} INFO - Filling up the DagBag from /home/uiliam/virtualenvs/sandbox/lib/python3.8/site-packages/airflow/example_dags/example_kubernetes_executor_config.py
[2021-11-23 18:31:35,300] {logging_mixin.py:104} INFO - [2021-11-23 18:31:35,300] {example_kubernetes_executor_config.py:175} WARNING - Could not import DAGs in example_kubernetes_executor_config.py: No module named 'kubernetes'
[2021-11-23 18:31:35,301] {logging_mixin.py:104} INFO - [2021-11-23 18:31:35,301] {example_kubernetes_executor_config.py:176} WARNING - Install kubernetes dependencies with: pip install apache-airflow['cncf.kubernetes']
[2021-11-23 18:31:35,303] {scheduler_job.py:645} WARNING - No viable dags retrieved from /home/uiliam/virtualenvs/sandbox/lib/python3.8/site-packages/airflow/example_dags/example_kubernetes_executor_config.py
[2021-11-23 18:31:35,326] {scheduler_job.py:190} INFO - Processing /home/uiliam/virtualenvs/sandbox/lib/python3.8/site-packages/airflow/example_dags/example_kubernetes_executor_config.py took 0.049 seconds
[2021-11-23 18:32:17,865] {scheduler_job.py:182} INFO - Started process (PID=14845) to work on /home/uiliam/virtualenvs/sandbox/lib/python3.8/site-packages/airflow/example_dags/example_kubernetes_executor_config.py
[2021-11-23 18:32:17,866] {scheduler_job.py:633} INFO - Processing file /home/uiliam/virtualenvs/sandbox/lib/python3.8/site-packages/airflow/example_dags/example_kubernetes_executor_config.py for tasks to queue
[2021-11-23 18:32:17,867] {logging_mixin.py:104} INFO - [2021-11-23 18:32:17,867] {dagbag.py:487} INFO - Filling up the DagBag from /home/uiliam/virtualenvs/sandbox/lib/python3.8/site-packages/airflow/example_dags/example_kubernetes_executor_config.py
[2021-11-23 18:32:17,880] {logging_mixin.py:104} INFO - [2021-11-23 18:32:17,880] {example_kubernetes_executor_config.py:175} WARNING - Could not import DAGs in example_kubernetes_executor_config.py: No module named 'kubernetes'
[2021-11-23 18:32:17,882] {logging_mixin.py:104} INFO - [2021-11-23 18:32:17,881] {example_kubernetes_executor_config.py:176} WARNING - Install kubernetes dependencies with: pip install apache-airflow['cncf.kubernetes']
[2021-11-23 18:32:17,883] {scheduler_job.py:645} WARNING - No viable dags retrieved from /home/uiliam/virtualenvs/sandbox/lib/python3.8/site-packages/airflow/example_dags/example_kubernetes_executor_config.py
[2021-11-23 18:32:17,894] {scheduler_job.py:190} INFO - Processing /home/uiliam/virtualenvs/sandbox/lib/python3.8/site-packages/airflow/example_dags/example_kubernetes_executor_config.py took 0.035 seconds
