[2021-11-23 18:25:55,888] {scheduler_job.py:182} INFO - Started process (PID=14277) to work on /home/uiliam/virtualenvs/sandbox/lib/python3.8/site-packages/airflow/example_dags/example_branch_day_of_week_operator.py
[2021-11-23 18:25:55,891] {scheduler_job.py:633} INFO - Processing file /home/uiliam/virtualenvs/sandbox/lib/python3.8/site-packages/airflow/example_dags/example_branch_day_of_week_operator.py for tasks to queue
[2021-11-23 18:25:55,893] {logging_mixin.py:104} INFO - [2021-11-23 18:25:55,893] {dagbag.py:487} INFO - Filling up the DagBag from /home/uiliam/virtualenvs/sandbox/lib/python3.8/site-packages/airflow/example_dags/example_branch_day_of_week_operator.py
[2021-11-23 18:25:55,922] {scheduler_job.py:643} INFO - DAG(s) dict_keys(['example_weekday_branch_operator']) retrieved from /home/uiliam/virtualenvs/sandbox/lib/python3.8/site-packages/airflow/example_dags/example_branch_day_of_week_operator.py
[2021-11-23 18:25:55,950] {logging_mixin.py:104} INFO - [2021-11-23 18:25:55,950] {dag.py:1832} INFO - Sync 1 DAGs
[2021-11-23 18:25:55,981] {logging_mixin.py:104} INFO - [2021-11-23 18:25:55,981] {dag.py:2305} INFO - Setting next_dagrun for example_weekday_branch_operator to 2021-11-21 00:00:00+00:00
[2021-11-23 18:25:56,073] {scheduler_job.py:190} INFO - Processing /home/uiliam/virtualenvs/sandbox/lib/python3.8/site-packages/airflow/example_dags/example_branch_day_of_week_operator.py took 0.188 seconds
[2021-11-23 18:26:35,032] {scheduler_job.py:182} INFO - Started process (PID=14332) to work on /home/uiliam/virtualenvs/sandbox/lib/python3.8/site-packages/airflow/example_dags/example_branch_day_of_week_operator.py
[2021-11-23 18:26:35,034] {scheduler_job.py:633} INFO - Processing file /home/uiliam/virtualenvs/sandbox/lib/python3.8/site-packages/airflow/example_dags/example_branch_day_of_week_operator.py for tasks to queue
[2021-11-23 18:26:35,034] {logging_mixin.py:104} INFO - [2021-11-23 18:26:35,034] {dagbag.py:487} INFO - Filling up the DagBag from /home/uiliam/virtualenvs/sandbox/lib/python3.8/site-packages/airflow/example_dags/example_branch_day_of_week_operator.py
[2021-11-23 18:26:35,049] {scheduler_job.py:643} INFO - DAG(s) dict_keys(['example_weekday_branch_operator']) retrieved from /home/uiliam/virtualenvs/sandbox/lib/python3.8/site-packages/airflow/example_dags/example_branch_day_of_week_operator.py
[2021-11-23 18:26:35,065] {logging_mixin.py:104} INFO - [2021-11-23 18:26:35,065] {dag.py:1832} INFO - Sync 1 DAGs
[2021-11-23 18:26:35,082] {logging_mixin.py:104} INFO - [2021-11-23 18:26:35,081] {dag.py:2305} INFO - Setting next_dagrun for example_weekday_branch_operator to 2021-11-21 00:00:00+00:00
[2021-11-23 18:26:35,170] {scheduler_job.py:190} INFO - Processing /home/uiliam/virtualenvs/sandbox/lib/python3.8/site-packages/airflow/example_dags/example_branch_day_of_week_operator.py took 0.142 seconds
[2021-11-23 18:27:24,798] {scheduler_job.py:182} INFO - Started process (PID=14463) to work on /home/uiliam/virtualenvs/sandbox/lib/python3.8/site-packages/airflow/example_dags/example_branch_day_of_week_operator.py
[2021-11-23 18:27:24,803] {scheduler_job.py:633} INFO - Processing file /home/uiliam/virtualenvs/sandbox/lib/python3.8/site-packages/airflow/example_dags/example_branch_day_of_week_operator.py for tasks to queue
[2021-11-23 18:27:24,803] {logging_mixin.py:104} INFO - [2021-11-23 18:27:24,803] {dagbag.py:487} INFO - Filling up the DagBag from /home/uiliam/virtualenvs/sandbox/lib/python3.8/site-packages/airflow/example_dags/example_branch_day_of_week_operator.py
[2021-11-23 18:27:24,819] {scheduler_job.py:643} INFO - DAG(s) dict_keys(['example_weekday_branch_operator']) retrieved from /home/uiliam/virtualenvs/sandbox/lib/python3.8/site-packages/airflow/example_dags/example_branch_day_of_week_operator.py
[2021-11-23 18:27:24,837] {logging_mixin.py:104} INFO - [2021-11-23 18:27:24,836] {dag.py:1832} INFO - Sync 1 DAGs
[2021-11-23 18:27:24,855] {logging_mixin.py:104} INFO - [2021-11-23 18:27:24,855] {dag.py:2305} INFO - Setting next_dagrun for example_weekday_branch_operator to 2021-11-21 00:00:00+00:00
[2021-11-23 18:27:24,973] {scheduler_job.py:190} INFO - Processing /home/uiliam/virtualenvs/sandbox/lib/python3.8/site-packages/airflow/example_dags/example_branch_day_of_week_operator.py took 0.181 seconds
[2021-11-23 18:28:16,399] {scheduler_job.py:182} INFO - Started process (PID=14527) to work on /home/uiliam/virtualenvs/sandbox/lib/python3.8/site-packages/airflow/example_dags/example_branch_day_of_week_operator.py
[2021-11-23 18:28:16,400] {scheduler_job.py:633} INFO - Processing file /home/uiliam/virtualenvs/sandbox/lib/python3.8/site-packages/airflow/example_dags/example_branch_day_of_week_operator.py for tasks to queue
[2021-11-23 18:28:16,401] {logging_mixin.py:104} INFO - [2021-11-23 18:28:16,401] {dagbag.py:487} INFO - Filling up the DagBag from /home/uiliam/virtualenvs/sandbox/lib/python3.8/site-packages/airflow/example_dags/example_branch_day_of_week_operator.py
[2021-11-23 18:28:16,415] {scheduler_job.py:643} INFO - DAG(s) dict_keys(['example_weekday_branch_operator']) retrieved from /home/uiliam/virtualenvs/sandbox/lib/python3.8/site-packages/airflow/example_dags/example_branch_day_of_week_operator.py
[2021-11-23 18:28:16,430] {logging_mixin.py:104} INFO - [2021-11-23 18:28:16,430] {dag.py:1832} INFO - Sync 1 DAGs
[2021-11-23 18:28:16,446] {logging_mixin.py:104} INFO - [2021-11-23 18:28:16,446] {dag.py:2305} INFO - Setting next_dagrun for example_weekday_branch_operator to 2021-11-21 00:00:00+00:00
[2021-11-23 18:28:16,544] {scheduler_job.py:190} INFO - Processing /home/uiliam/virtualenvs/sandbox/lib/python3.8/site-packages/airflow/example_dags/example_branch_day_of_week_operator.py took 0.149 seconds
[2021-11-23 18:29:05,848] {scheduler_job.py:182} INFO - Started process (PID=14620) to work on /home/uiliam/virtualenvs/sandbox/lib/python3.8/site-packages/airflow/example_dags/example_branch_day_of_week_operator.py
[2021-11-23 18:29:05,850] {scheduler_job.py:633} INFO - Processing file /home/uiliam/virtualenvs/sandbox/lib/python3.8/site-packages/airflow/example_dags/example_branch_day_of_week_operator.py for tasks to queue
[2021-11-23 18:29:05,851] {logging_mixin.py:104} INFO - [2021-11-23 18:29:05,851] {dagbag.py:487} INFO - Filling up the DagBag from /home/uiliam/virtualenvs/sandbox/lib/python3.8/site-packages/airflow/example_dags/example_branch_day_of_week_operator.py
[2021-11-23 18:29:05,876] {scheduler_job.py:643} INFO - DAG(s) dict_keys(['example_weekday_branch_operator']) retrieved from /home/uiliam/virtualenvs/sandbox/lib/python3.8/site-packages/airflow/example_dags/example_branch_day_of_week_operator.py
[2021-11-23 18:29:05,906] {logging_mixin.py:104} INFO - [2021-11-23 18:29:05,906] {dag.py:1832} INFO - Sync 1 DAGs
[2021-11-23 18:29:05,930] {logging_mixin.py:104} INFO - [2021-11-23 18:29:05,930] {dag.py:2305} INFO - Setting next_dagrun for example_weekday_branch_operator to 2021-11-21 00:00:00+00:00
[2021-11-23 18:29:06,118] {scheduler_job.py:190} INFO - Processing /home/uiliam/virtualenvs/sandbox/lib/python3.8/site-packages/airflow/example_dags/example_branch_day_of_week_operator.py took 0.274 seconds
[2021-11-23 18:29:49,082] {scheduler_job.py:182} INFO - Started process (PID=14654) to work on /home/uiliam/virtualenvs/sandbox/lib/python3.8/site-packages/airflow/example_dags/example_branch_day_of_week_operator.py
[2021-11-23 18:29:49,083] {scheduler_job.py:633} INFO - Processing file /home/uiliam/virtualenvs/sandbox/lib/python3.8/site-packages/airflow/example_dags/example_branch_day_of_week_operator.py for tasks to queue
[2021-11-23 18:29:49,084] {logging_mixin.py:104} INFO - [2021-11-23 18:29:49,084] {dagbag.py:487} INFO - Filling up the DagBag from /home/uiliam/virtualenvs/sandbox/lib/python3.8/site-packages/airflow/example_dags/example_branch_day_of_week_operator.py
[2021-11-23 18:29:49,108] {scheduler_job.py:643} INFO - DAG(s) dict_keys(['example_weekday_branch_operator']) retrieved from /home/uiliam/virtualenvs/sandbox/lib/python3.8/site-packages/airflow/example_dags/example_branch_day_of_week_operator.py
[2021-11-23 18:29:49,140] {logging_mixin.py:104} INFO - [2021-11-23 18:29:49,140] {dag.py:1832} INFO - Sync 1 DAGs
[2021-11-23 18:29:49,167] {logging_mixin.py:104} INFO - [2021-11-23 18:29:49,167] {dag.py:2305} INFO - Setting next_dagrun for example_weekday_branch_operator to 2021-11-21 00:00:00+00:00
[2021-11-23 18:29:49,538] {scheduler_job.py:190} INFO - Processing /home/uiliam/virtualenvs/sandbox/lib/python3.8/site-packages/airflow/example_dags/example_branch_day_of_week_operator.py took 0.461 seconds
[2021-11-23 18:30:40,664] {scheduler_job.py:182} INFO - Started process (PID=14730) to work on /home/uiliam/virtualenvs/sandbox/lib/python3.8/site-packages/airflow/example_dags/example_branch_day_of_week_operator.py
[2021-11-23 18:30:40,666] {scheduler_job.py:633} INFO - Processing file /home/uiliam/virtualenvs/sandbox/lib/python3.8/site-packages/airflow/example_dags/example_branch_day_of_week_operator.py for tasks to queue
[2021-11-23 18:30:40,667] {logging_mixin.py:104} INFO - [2021-11-23 18:30:40,666] {dagbag.py:487} INFO - Filling up the DagBag from /home/uiliam/virtualenvs/sandbox/lib/python3.8/site-packages/airflow/example_dags/example_branch_day_of_week_operator.py
[2021-11-23 18:30:40,704] {scheduler_job.py:643} INFO - DAG(s) dict_keys(['example_weekday_branch_operator']) retrieved from /home/uiliam/virtualenvs/sandbox/lib/python3.8/site-packages/airflow/example_dags/example_branch_day_of_week_operator.py
[2021-11-23 18:30:40,741] {logging_mixin.py:104} INFO - [2021-11-23 18:30:40,740] {dag.py:1832} INFO - Sync 1 DAGs
[2021-11-23 18:30:40,794] {logging_mixin.py:104} INFO - [2021-11-23 18:30:40,793] {dag.py:2305} INFO - Setting next_dagrun for example_weekday_branch_operator to 2021-11-21 00:00:00+00:00
[2021-11-23 18:30:40,927] {scheduler_job.py:190} INFO - Processing /home/uiliam/virtualenvs/sandbox/lib/python3.8/site-packages/airflow/example_dags/example_branch_day_of_week_operator.py took 0.269 seconds
[2021-11-23 18:31:36,449] {scheduler_job.py:182} INFO - Started process (PID=14809) to work on /home/uiliam/virtualenvs/sandbox/lib/python3.8/site-packages/airflow/example_dags/example_branch_day_of_week_operator.py
[2021-11-23 18:31:36,454] {scheduler_job.py:633} INFO - Processing file /home/uiliam/virtualenvs/sandbox/lib/python3.8/site-packages/airflow/example_dags/example_branch_day_of_week_operator.py for tasks to queue
[2021-11-23 18:31:36,455] {logging_mixin.py:104} INFO - [2021-11-23 18:31:36,455] {dagbag.py:487} INFO - Filling up the DagBag from /home/uiliam/virtualenvs/sandbox/lib/python3.8/site-packages/airflow/example_dags/example_branch_day_of_week_operator.py
[2021-11-23 18:31:36,489] {scheduler_job.py:643} INFO - DAG(s) dict_keys(['example_weekday_branch_operator']) retrieved from /home/uiliam/virtualenvs/sandbox/lib/python3.8/site-packages/airflow/example_dags/example_branch_day_of_week_operator.py
[2021-11-23 18:31:36,519] {logging_mixin.py:104} INFO - [2021-11-23 18:31:36,519] {dag.py:1832} INFO - Sync 1 DAGs
[2021-11-23 18:31:36,553] {logging_mixin.py:104} INFO - [2021-11-23 18:31:36,553] {dag.py:2305} INFO - Setting next_dagrun for example_weekday_branch_operator to 2021-11-21 00:00:00+00:00
[2021-11-23 18:31:36,672] {scheduler_job.py:190} INFO - Processing /home/uiliam/virtualenvs/sandbox/lib/python3.8/site-packages/airflow/example_dags/example_branch_day_of_week_operator.py took 0.230 seconds
[2021-11-23 18:32:33,953] {scheduler_job.py:182} INFO - Started process (PID=14907) to work on /home/uiliam/virtualenvs/sandbox/lib/python3.8/site-packages/airflow/example_dags/example_branch_day_of_week_operator.py
[2021-11-23 18:32:33,955] {scheduler_job.py:633} INFO - Processing file /home/uiliam/virtualenvs/sandbox/lib/python3.8/site-packages/airflow/example_dags/example_branch_day_of_week_operator.py for tasks to queue
[2021-11-23 18:32:33,956] {logging_mixin.py:104} INFO - [2021-11-23 18:32:33,956] {dagbag.py:487} INFO - Filling up the DagBag from /home/uiliam/virtualenvs/sandbox/lib/python3.8/site-packages/airflow/example_dags/example_branch_day_of_week_operator.py
[2021-11-23 18:32:33,970] {scheduler_job.py:643} INFO - DAG(s) dict_keys(['example_weekday_branch_operator']) retrieved from /home/uiliam/virtualenvs/sandbox/lib/python3.8/site-packages/airflow/example_dags/example_branch_day_of_week_operator.py
[2021-11-23 18:32:33,988] {logging_mixin.py:104} INFO - [2021-11-23 18:32:33,988] {dag.py:1832} INFO - Sync 1 DAGs
[2021-11-23 18:32:34,005] {logging_mixin.py:104} INFO - [2021-11-23 18:32:34,004] {dag.py:2305} INFO - Setting next_dagrun for example_weekday_branch_operator to 2021-11-21 00:00:00+00:00
[2021-11-23 18:32:34,090] {scheduler_job.py:190} INFO - Processing /home/uiliam/virtualenvs/sandbox/lib/python3.8/site-packages/airflow/example_dags/example_branch_day_of_week_operator.py took 0.141 seconds
