[2021-11-23 18:25:42,751] {scheduler_job.py:182} INFO - Started process (PID=14256) to work on /home/uiliam/virtualenvs/sandbox/lib/python3.8/site-packages/airflow/example_dags/example_latest_only_with_trigger.py
[2021-11-23 18:25:42,757] {scheduler_job.py:633} INFO - Processing file /home/uiliam/virtualenvs/sandbox/lib/python3.8/site-packages/airflow/example_dags/example_latest_only_with_trigger.py for tasks to queue
[2021-11-23 18:25:42,760] {logging_mixin.py:104} INFO - [2021-11-23 18:25:42,760] {dagbag.py:487} INFO - Filling up the DagBag from /home/uiliam/virtualenvs/sandbox/lib/python3.8/site-packages/airflow/example_dags/example_latest_only_with_trigger.py
[2021-11-23 18:25:42,795] {scheduler_job.py:643} INFO - DAG(s) dict_keys(['latest_only_with_trigger']) retrieved from /home/uiliam/virtualenvs/sandbox/lib/python3.8/site-packages/airflow/example_dags/example_latest_only_with_trigger.py
[2021-11-23 18:25:42,825] {logging_mixin.py:104} INFO - [2021-11-23 18:25:42,824] {dag.py:1832} INFO - Sync 1 DAGs
[2021-11-23 18:25:42,856] {logging_mixin.py:104} INFO - [2021-11-23 18:25:42,856] {dag.py:2305} INFO - Setting next_dagrun for latest_only_with_trigger to 2021-11-21 00:00:00+00:00
[2021-11-23 18:25:42,987] {scheduler_job.py:190} INFO - Processing /home/uiliam/virtualenvs/sandbox/lib/python3.8/site-packages/airflow/example_dags/example_latest_only_with_trigger.py took 0.243 seconds
[2021-11-23 18:26:22,588] {scheduler_job.py:182} INFO - Started process (PID=14321) to work on /home/uiliam/virtualenvs/sandbox/lib/python3.8/site-packages/airflow/example_dags/example_latest_only_with_trigger.py
[2021-11-23 18:26:22,589] {scheduler_job.py:633} INFO - Processing file /home/uiliam/virtualenvs/sandbox/lib/python3.8/site-packages/airflow/example_dags/example_latest_only_with_trigger.py for tasks to queue
[2021-11-23 18:26:22,590] {logging_mixin.py:104} INFO - [2021-11-23 18:26:22,589] {dagbag.py:487} INFO - Filling up the DagBag from /home/uiliam/virtualenvs/sandbox/lib/python3.8/site-packages/airflow/example_dags/example_latest_only_with_trigger.py
[2021-11-23 18:26:22,603] {scheduler_job.py:643} INFO - DAG(s) dict_keys(['latest_only_with_trigger']) retrieved from /home/uiliam/virtualenvs/sandbox/lib/python3.8/site-packages/airflow/example_dags/example_latest_only_with_trigger.py
[2021-11-23 18:26:22,620] {logging_mixin.py:104} INFO - [2021-11-23 18:26:22,620] {dag.py:1832} INFO - Sync 1 DAGs
[2021-11-23 18:26:22,632] {logging_mixin.py:104} INFO - [2021-11-23 18:26:22,632] {dag.py:2305} INFO - Setting next_dagrun for latest_only_with_trigger to 2021-11-21 00:00:00+00:00
[2021-11-23 18:26:22,715] {scheduler_job.py:190} INFO - Processing /home/uiliam/virtualenvs/sandbox/lib/python3.8/site-packages/airflow/example_dags/example_latest_only_with_trigger.py took 0.131 seconds
[2021-11-23 18:27:03,418] {scheduler_job.py:182} INFO - Started process (PID=14413) to work on /home/uiliam/virtualenvs/sandbox/lib/python3.8/site-packages/airflow/example_dags/example_latest_only_with_trigger.py
[2021-11-23 18:27:03,422] {scheduler_job.py:633} INFO - Processing file /home/uiliam/virtualenvs/sandbox/lib/python3.8/site-packages/airflow/example_dags/example_latest_only_with_trigger.py for tasks to queue
[2021-11-23 18:27:03,425] {logging_mixin.py:104} INFO - [2021-11-23 18:27:03,425] {dagbag.py:487} INFO - Filling up the DagBag from /home/uiliam/virtualenvs/sandbox/lib/python3.8/site-packages/airflow/example_dags/example_latest_only_with_trigger.py
[2021-11-23 18:27:03,464] {scheduler_job.py:643} INFO - DAG(s) dict_keys(['latest_only_with_trigger']) retrieved from /home/uiliam/virtualenvs/sandbox/lib/python3.8/site-packages/airflow/example_dags/example_latest_only_with_trigger.py
[2021-11-23 18:27:03,506] {logging_mixin.py:104} INFO - [2021-11-23 18:27:03,505] {dag.py:1832} INFO - Sync 1 DAGs
[2021-11-23 18:27:03,545] {logging_mixin.py:104} INFO - [2021-11-23 18:27:03,545] {dag.py:2305} INFO - Setting next_dagrun for latest_only_with_trigger to 2021-11-21 00:00:00+00:00
[2021-11-23 18:27:03,645] {scheduler_job.py:190} INFO - Processing /home/uiliam/virtualenvs/sandbox/lib/python3.8/site-packages/airflow/example_dags/example_latest_only_with_trigger.py took 0.235 seconds
[2021-11-23 18:27:46,213] {scheduler_job.py:182} INFO - Started process (PID=14481) to work on /home/uiliam/virtualenvs/sandbox/lib/python3.8/site-packages/airflow/example_dags/example_latest_only_with_trigger.py
[2021-11-23 18:27:46,216] {scheduler_job.py:633} INFO - Processing file /home/uiliam/virtualenvs/sandbox/lib/python3.8/site-packages/airflow/example_dags/example_latest_only_with_trigger.py for tasks to queue
[2021-11-23 18:27:46,220] {logging_mixin.py:104} INFO - [2021-11-23 18:27:46,219] {dagbag.py:487} INFO - Filling up the DagBag from /home/uiliam/virtualenvs/sandbox/lib/python3.8/site-packages/airflow/example_dags/example_latest_only_with_trigger.py
[2021-11-23 18:27:46,253] {scheduler_job.py:643} INFO - DAG(s) dict_keys(['latest_only_with_trigger']) retrieved from /home/uiliam/virtualenvs/sandbox/lib/python3.8/site-packages/airflow/example_dags/example_latest_only_with_trigger.py
[2021-11-23 18:27:46,290] {logging_mixin.py:104} INFO - [2021-11-23 18:27:46,289] {dag.py:1832} INFO - Sync 1 DAGs
[2021-11-23 18:27:46,317] {logging_mixin.py:104} INFO - [2021-11-23 18:27:46,316] {dag.py:2305} INFO - Setting next_dagrun for latest_only_with_trigger to 2021-11-21 00:00:00+00:00
[2021-11-23 18:27:46,459] {scheduler_job.py:190} INFO - Processing /home/uiliam/virtualenvs/sandbox/lib/python3.8/site-packages/airflow/example_dags/example_latest_only_with_trigger.py took 0.253 seconds
[2021-11-23 18:28:27,173] {scheduler_job.py:182} INFO - Started process (PID=14585) to work on /home/uiliam/virtualenvs/sandbox/lib/python3.8/site-packages/airflow/example_dags/example_latest_only_with_trigger.py
[2021-11-23 18:28:27,178] {scheduler_job.py:633} INFO - Processing file /home/uiliam/virtualenvs/sandbox/lib/python3.8/site-packages/airflow/example_dags/example_latest_only_with_trigger.py for tasks to queue
[2021-11-23 18:28:27,179] {logging_mixin.py:104} INFO - [2021-11-23 18:28:27,179] {dagbag.py:487} INFO - Filling up the DagBag from /home/uiliam/virtualenvs/sandbox/lib/python3.8/site-packages/airflow/example_dags/example_latest_only_with_trigger.py
[2021-11-23 18:28:27,208] {scheduler_job.py:643} INFO - DAG(s) dict_keys(['latest_only_with_trigger']) retrieved from /home/uiliam/virtualenvs/sandbox/lib/python3.8/site-packages/airflow/example_dags/example_latest_only_with_trigger.py
[2021-11-23 18:28:27,245] {logging_mixin.py:104} INFO - [2021-11-23 18:28:27,245] {dag.py:1832} INFO - Sync 1 DAGs
[2021-11-23 18:28:27,266] {logging_mixin.py:104} INFO - [2021-11-23 18:28:27,265] {dag.py:2305} INFO - Setting next_dagrun for latest_only_with_trigger to 2021-11-21 00:00:00+00:00
[2021-11-23 18:28:27,422] {scheduler_job.py:190} INFO - Processing /home/uiliam/virtualenvs/sandbox/lib/python3.8/site-packages/airflow/example_dags/example_latest_only_with_trigger.py took 0.259 seconds
[2021-11-23 18:29:19,468] {scheduler_job.py:182} INFO - Started process (PID=14632) to work on /home/uiliam/virtualenvs/sandbox/lib/python3.8/site-packages/airflow/example_dags/example_latest_only_with_trigger.py
[2021-11-23 18:29:19,471] {scheduler_job.py:633} INFO - Processing file /home/uiliam/virtualenvs/sandbox/lib/python3.8/site-packages/airflow/example_dags/example_latest_only_with_trigger.py for tasks to queue
[2021-11-23 18:29:19,473] {logging_mixin.py:104} INFO - [2021-11-23 18:29:19,473] {dagbag.py:487} INFO - Filling up the DagBag from /home/uiliam/virtualenvs/sandbox/lib/python3.8/site-packages/airflow/example_dags/example_latest_only_with_trigger.py
[2021-11-23 18:29:19,499] {scheduler_job.py:643} INFO - DAG(s) dict_keys(['latest_only_with_trigger']) retrieved from /home/uiliam/virtualenvs/sandbox/lib/python3.8/site-packages/airflow/example_dags/example_latest_only_with_trigger.py
[2021-11-23 18:29:19,527] {logging_mixin.py:104} INFO - [2021-11-23 18:29:19,527] {dag.py:1832} INFO - Sync 1 DAGs
[2021-11-23 18:29:19,546] {logging_mixin.py:104} INFO - [2021-11-23 18:29:19,545] {dag.py:2305} INFO - Setting next_dagrun for latest_only_with_trigger to 2021-11-21 00:00:00+00:00
[2021-11-23 18:29:19,691] {scheduler_job.py:190} INFO - Processing /home/uiliam/virtualenvs/sandbox/lib/python3.8/site-packages/airflow/example_dags/example_latest_only_with_trigger.py took 0.232 seconds
[2021-11-23 18:30:00,071] {scheduler_job.py:182} INFO - Started process (PID=14667) to work on /home/uiliam/virtualenvs/sandbox/lib/python3.8/site-packages/airflow/example_dags/example_latest_only_with_trigger.py
[2021-11-23 18:30:00,074] {scheduler_job.py:633} INFO - Processing file /home/uiliam/virtualenvs/sandbox/lib/python3.8/site-packages/airflow/example_dags/example_latest_only_with_trigger.py for tasks to queue
[2021-11-23 18:30:00,076] {logging_mixin.py:104} INFO - [2021-11-23 18:30:00,076] {dagbag.py:487} INFO - Filling up the DagBag from /home/uiliam/virtualenvs/sandbox/lib/python3.8/site-packages/airflow/example_dags/example_latest_only_with_trigger.py
[2021-11-23 18:30:00,100] {scheduler_job.py:643} INFO - DAG(s) dict_keys(['latest_only_with_trigger']) retrieved from /home/uiliam/virtualenvs/sandbox/lib/python3.8/site-packages/airflow/example_dags/example_latest_only_with_trigger.py
[2021-11-23 18:30:00,128] {logging_mixin.py:104} INFO - [2021-11-23 18:30:00,128] {dag.py:1832} INFO - Sync 1 DAGs
[2021-11-23 18:30:00,150] {logging_mixin.py:104} INFO - [2021-11-23 18:30:00,150] {dag.py:2305} INFO - Setting next_dagrun for latest_only_with_trigger to 2021-11-21 00:00:00+00:00
[2021-11-23 18:30:00,274] {scheduler_job.py:190} INFO - Processing /home/uiliam/virtualenvs/sandbox/lib/python3.8/site-packages/airflow/example_dags/example_latest_only_with_trigger.py took 0.209 seconds
[2021-11-23 18:30:51,786] {scheduler_job.py:182} INFO - Started process (PID=14754) to work on /home/uiliam/virtualenvs/sandbox/lib/python3.8/site-packages/airflow/example_dags/example_latest_only_with_trigger.py
[2021-11-23 18:30:51,789] {scheduler_job.py:633} INFO - Processing file /home/uiliam/virtualenvs/sandbox/lib/python3.8/site-packages/airflow/example_dags/example_latest_only_with_trigger.py for tasks to queue
[2021-11-23 18:30:51,790] {logging_mixin.py:104} INFO - [2021-11-23 18:30:51,790] {dagbag.py:487} INFO - Filling up the DagBag from /home/uiliam/virtualenvs/sandbox/lib/python3.8/site-packages/airflow/example_dags/example_latest_only_with_trigger.py
[2021-11-23 18:30:51,811] {scheduler_job.py:643} INFO - DAG(s) dict_keys(['latest_only_with_trigger']) retrieved from /home/uiliam/virtualenvs/sandbox/lib/python3.8/site-packages/airflow/example_dags/example_latest_only_with_trigger.py
[2021-11-23 18:30:51,844] {logging_mixin.py:104} INFO - [2021-11-23 18:30:51,844] {dag.py:1832} INFO - Sync 1 DAGs
[2021-11-23 18:30:51,877] {logging_mixin.py:104} INFO - [2021-11-23 18:30:51,876] {dag.py:2305} INFO - Setting next_dagrun for latest_only_with_trigger to 2021-11-21 00:00:00+00:00
[2021-11-23 18:30:52,015] {scheduler_job.py:190} INFO - Processing /home/uiliam/virtualenvs/sandbox/lib/python3.8/site-packages/airflow/example_dags/example_latest_only_with_trigger.py took 0.234 seconds
[2021-11-23 18:31:33,789] {scheduler_job.py:182} INFO - Started process (PID=14806) to work on /home/uiliam/virtualenvs/sandbox/lib/python3.8/site-packages/airflow/example_dags/example_latest_only_with_trigger.py
[2021-11-23 18:31:33,791] {scheduler_job.py:633} INFO - Processing file /home/uiliam/virtualenvs/sandbox/lib/python3.8/site-packages/airflow/example_dags/example_latest_only_with_trigger.py for tasks to queue
[2021-11-23 18:31:33,792] {logging_mixin.py:104} INFO - [2021-11-23 18:31:33,792] {dagbag.py:487} INFO - Filling up the DagBag from /home/uiliam/virtualenvs/sandbox/lib/python3.8/site-packages/airflow/example_dags/example_latest_only_with_trigger.py
[2021-11-23 18:31:33,811] {scheduler_job.py:643} INFO - DAG(s) dict_keys(['latest_only_with_trigger']) retrieved from /home/uiliam/virtualenvs/sandbox/lib/python3.8/site-packages/airflow/example_dags/example_latest_only_with_trigger.py
[2021-11-23 18:31:33,840] {logging_mixin.py:104} INFO - [2021-11-23 18:31:33,840] {dag.py:1832} INFO - Sync 1 DAGs
[2021-11-23 18:31:33,879] {logging_mixin.py:104} INFO - [2021-11-23 18:31:33,879] {dag.py:2305} INFO - Setting next_dagrun for latest_only_with_trigger to 2021-11-21 00:00:00+00:00
[2021-11-23 18:31:33,996] {scheduler_job.py:190} INFO - Processing /home/uiliam/virtualenvs/sandbox/lib/python3.8/site-packages/airflow/example_dags/example_latest_only_with_trigger.py took 0.212 seconds
[2021-11-23 18:32:16,499] {scheduler_job.py:182} INFO - Started process (PID=14844) to work on /home/uiliam/virtualenvs/sandbox/lib/python3.8/site-packages/airflow/example_dags/example_latest_only_with_trigger.py
[2021-11-23 18:32:16,501] {scheduler_job.py:633} INFO - Processing file /home/uiliam/virtualenvs/sandbox/lib/python3.8/site-packages/airflow/example_dags/example_latest_only_with_trigger.py for tasks to queue
[2021-11-23 18:32:16,502] {logging_mixin.py:104} INFO - [2021-11-23 18:32:16,502] {dagbag.py:487} INFO - Filling up the DagBag from /home/uiliam/virtualenvs/sandbox/lib/python3.8/site-packages/airflow/example_dags/example_latest_only_with_trigger.py
[2021-11-23 18:32:16,534] {scheduler_job.py:643} INFO - DAG(s) dict_keys(['latest_only_with_trigger']) retrieved from /home/uiliam/virtualenvs/sandbox/lib/python3.8/site-packages/airflow/example_dags/example_latest_only_with_trigger.py
[2021-11-23 18:32:16,564] {logging_mixin.py:104} INFO - [2021-11-23 18:32:16,564] {dag.py:1832} INFO - Sync 1 DAGs
[2021-11-23 18:32:16,603] {logging_mixin.py:104} INFO - [2021-11-23 18:32:16,603] {dag.py:2305} INFO - Setting next_dagrun for latest_only_with_trigger to 2021-11-21 00:00:00+00:00
[2021-11-23 18:32:16,753] {scheduler_job.py:190} INFO - Processing /home/uiliam/virtualenvs/sandbox/lib/python3.8/site-packages/airflow/example_dags/example_latest_only_with_trigger.py took 0.260 seconds
