[2021-11-23 18:25:53,821] {scheduler_job.py:182} INFO - Started process (PID=14274) to work on /home/uiliam/virtualenvs/sandbox/lib/python3.8/site-packages/airflow/example_dags/example_dag_decorator.py
[2021-11-23 18:25:53,823] {scheduler_job.py:633} INFO - Processing file /home/uiliam/virtualenvs/sandbox/lib/python3.8/site-packages/airflow/example_dags/example_dag_decorator.py for tasks to queue
[2021-11-23 18:25:53,826] {logging_mixin.py:104} INFO - [2021-11-23 18:25:53,826] {dagbag.py:487} INFO - Filling up the DagBag from /home/uiliam/virtualenvs/sandbox/lib/python3.8/site-packages/airflow/example_dags/example_dag_decorator.py
[2021-11-23 18:25:53,873] {scheduler_job.py:643} INFO - DAG(s) dict_keys(['example_dag_decorator']) retrieved from /home/uiliam/virtualenvs/sandbox/lib/python3.8/site-packages/airflow/example_dags/example_dag_decorator.py
[2021-11-23 18:25:54,631] {logging_mixin.py:104} INFO - [2021-11-23 18:25:54,631] {dag.py:1832} INFO - Sync 1 DAGs
[2021-11-23 18:25:54,662] {logging_mixin.py:104} INFO - [2021-11-23 18:25:54,662] {dag.py:2305} INFO - Setting next_dagrun for example_dag_decorator to None
[2021-11-23 18:25:54,785] {scheduler_job.py:190} INFO - Processing /home/uiliam/virtualenvs/sandbox/lib/python3.8/site-packages/airflow/example_dags/example_dag_decorator.py took 0.968 seconds
[2021-11-23 18:26:33,491] {scheduler_job.py:182} INFO - Started process (PID=14331) to work on /home/uiliam/virtualenvs/sandbox/lib/python3.8/site-packages/airflow/example_dags/example_dag_decorator.py
[2021-11-23 18:26:33,492] {scheduler_job.py:633} INFO - Processing file /home/uiliam/virtualenvs/sandbox/lib/python3.8/site-packages/airflow/example_dags/example_dag_decorator.py for tasks to queue
[2021-11-23 18:26:33,493] {logging_mixin.py:104} INFO - [2021-11-23 18:26:33,493] {dagbag.py:487} INFO - Filling up the DagBag from /home/uiliam/virtualenvs/sandbox/lib/python3.8/site-packages/airflow/example_dags/example_dag_decorator.py
[2021-11-23 18:26:33,514] {scheduler_job.py:643} INFO - DAG(s) dict_keys(['example_dag_decorator']) retrieved from /home/uiliam/virtualenvs/sandbox/lib/python3.8/site-packages/airflow/example_dags/example_dag_decorator.py
[2021-11-23 18:26:33,885] {logging_mixin.py:104} INFO - [2021-11-23 18:26:33,885] {dag.py:1832} INFO - Sync 1 DAGs
[2021-11-23 18:26:33,896] {logging_mixin.py:104} INFO - [2021-11-23 18:26:33,896] {dag.py:2305} INFO - Setting next_dagrun for example_dag_decorator to None
[2021-11-23 18:26:33,971] {scheduler_job.py:190} INFO - Processing /home/uiliam/virtualenvs/sandbox/lib/python3.8/site-packages/airflow/example_dags/example_dag_decorator.py took 0.484 seconds
[2021-11-23 18:27:22,747] {scheduler_job.py:182} INFO - Started process (PID=14462) to work on /home/uiliam/virtualenvs/sandbox/lib/python3.8/site-packages/airflow/example_dags/example_dag_decorator.py
[2021-11-23 18:27:22,750] {scheduler_job.py:633} INFO - Processing file /home/uiliam/virtualenvs/sandbox/lib/python3.8/site-packages/airflow/example_dags/example_dag_decorator.py for tasks to queue
[2021-11-23 18:27:22,751] {logging_mixin.py:104} INFO - [2021-11-23 18:27:22,751] {dagbag.py:487} INFO - Filling up the DagBag from /home/uiliam/virtualenvs/sandbox/lib/python3.8/site-packages/airflow/example_dags/example_dag_decorator.py
[2021-11-23 18:27:22,807] {scheduler_job.py:643} INFO - DAG(s) dict_keys(['example_dag_decorator']) retrieved from /home/uiliam/virtualenvs/sandbox/lib/python3.8/site-packages/airflow/example_dags/example_dag_decorator.py
[2021-11-23 18:27:23,540] {logging_mixin.py:104} INFO - [2021-11-23 18:27:23,540] {dag.py:1832} INFO - Sync 1 DAGs
[2021-11-23 18:27:23,552] {logging_mixin.py:104} INFO - [2021-11-23 18:27:23,552] {dag.py:2305} INFO - Setting next_dagrun for example_dag_decorator to None
[2021-11-23 18:27:23,685] {scheduler_job.py:190} INFO - Processing /home/uiliam/virtualenvs/sandbox/lib/python3.8/site-packages/airflow/example_dags/example_dag_decorator.py took 0.943 seconds
[2021-11-23 18:28:14,878] {scheduler_job.py:182} INFO - Started process (PID=14526) to work on /home/uiliam/virtualenvs/sandbox/lib/python3.8/site-packages/airflow/example_dags/example_dag_decorator.py
[2021-11-23 18:28:14,880] {scheduler_job.py:633} INFO - Processing file /home/uiliam/virtualenvs/sandbox/lib/python3.8/site-packages/airflow/example_dags/example_dag_decorator.py for tasks to queue
[2021-11-23 18:28:14,881] {logging_mixin.py:104} INFO - [2021-11-23 18:28:14,880] {dagbag.py:487} INFO - Filling up the DagBag from /home/uiliam/virtualenvs/sandbox/lib/python3.8/site-packages/airflow/example_dags/example_dag_decorator.py
[2021-11-23 18:28:14,902] {scheduler_job.py:643} INFO - DAG(s) dict_keys(['example_dag_decorator']) retrieved from /home/uiliam/virtualenvs/sandbox/lib/python3.8/site-packages/airflow/example_dags/example_dag_decorator.py
[2021-11-23 18:28:15,267] {logging_mixin.py:104} INFO - [2021-11-23 18:28:15,267] {dag.py:1832} INFO - Sync 1 DAGs
[2021-11-23 18:28:15,277] {logging_mixin.py:104} INFO - [2021-11-23 18:28:15,277] {dag.py:2305} INFO - Setting next_dagrun for example_dag_decorator to None
[2021-11-23 18:28:15,371] {scheduler_job.py:190} INFO - Processing /home/uiliam/virtualenvs/sandbox/lib/python3.8/site-packages/airflow/example_dags/example_dag_decorator.py took 0.496 seconds
[2021-11-23 18:29:03,982] {scheduler_job.py:182} INFO - Started process (PID=14619) to work on /home/uiliam/virtualenvs/sandbox/lib/python3.8/site-packages/airflow/example_dags/example_dag_decorator.py
[2021-11-23 18:29:03,985] {scheduler_job.py:633} INFO - Processing file /home/uiliam/virtualenvs/sandbox/lib/python3.8/site-packages/airflow/example_dags/example_dag_decorator.py for tasks to queue
[2021-11-23 18:29:03,986] {logging_mixin.py:104} INFO - [2021-11-23 18:29:03,986] {dagbag.py:487} INFO - Filling up the DagBag from /home/uiliam/virtualenvs/sandbox/lib/python3.8/site-packages/airflow/example_dags/example_dag_decorator.py
[2021-11-23 18:29:04,023] {scheduler_job.py:643} INFO - DAG(s) dict_keys(['example_dag_decorator']) retrieved from /home/uiliam/virtualenvs/sandbox/lib/python3.8/site-packages/airflow/example_dags/example_dag_decorator.py
[2021-11-23 18:29:04,630] {logging_mixin.py:104} INFO - [2021-11-23 18:29:04,629] {dag.py:1832} INFO - Sync 1 DAGs
[2021-11-23 18:29:04,646] {logging_mixin.py:104} INFO - [2021-11-23 18:29:04,646] {dag.py:2305} INFO - Setting next_dagrun for example_dag_decorator to None
[2021-11-23 18:29:04,769] {scheduler_job.py:190} INFO - Processing /home/uiliam/virtualenvs/sandbox/lib/python3.8/site-packages/airflow/example_dags/example_dag_decorator.py took 0.791 seconds
[2021-11-23 18:29:47,123] {scheduler_job.py:182} INFO - Started process (PID=14653) to work on /home/uiliam/virtualenvs/sandbox/lib/python3.8/site-packages/airflow/example_dags/example_dag_decorator.py
[2021-11-23 18:29:47,125] {scheduler_job.py:633} INFO - Processing file /home/uiliam/virtualenvs/sandbox/lib/python3.8/site-packages/airflow/example_dags/example_dag_decorator.py for tasks to queue
[2021-11-23 18:29:47,127] {logging_mixin.py:104} INFO - [2021-11-23 18:29:47,126] {dagbag.py:487} INFO - Filling up the DagBag from /home/uiliam/virtualenvs/sandbox/lib/python3.8/site-packages/airflow/example_dags/example_dag_decorator.py
[2021-11-23 18:29:47,171] {scheduler_job.py:643} INFO - DAG(s) dict_keys(['example_dag_decorator']) retrieved from /home/uiliam/virtualenvs/sandbox/lib/python3.8/site-packages/airflow/example_dags/example_dag_decorator.py
[2021-11-23 18:29:47,813] {logging_mixin.py:104} INFO - [2021-11-23 18:29:47,813] {dag.py:1832} INFO - Sync 1 DAGs
[2021-11-23 18:29:47,835] {logging_mixin.py:104} INFO - [2021-11-23 18:29:47,835] {dag.py:2305} INFO - Setting next_dagrun for example_dag_decorator to None
[2021-11-23 18:29:47,994] {scheduler_job.py:190} INFO - Processing /home/uiliam/virtualenvs/sandbox/lib/python3.8/site-packages/airflow/example_dags/example_dag_decorator.py took 0.878 seconds
[2021-11-23 18:30:38,469] {scheduler_job.py:182} INFO - Started process (PID=14729) to work on /home/uiliam/virtualenvs/sandbox/lib/python3.8/site-packages/airflow/example_dags/example_dag_decorator.py
[2021-11-23 18:30:38,471] {scheduler_job.py:633} INFO - Processing file /home/uiliam/virtualenvs/sandbox/lib/python3.8/site-packages/airflow/example_dags/example_dag_decorator.py for tasks to queue
[2021-11-23 18:30:38,473] {logging_mixin.py:104} INFO - [2021-11-23 18:30:38,473] {dagbag.py:487} INFO - Filling up the DagBag from /home/uiliam/virtualenvs/sandbox/lib/python3.8/site-packages/airflow/example_dags/example_dag_decorator.py
[2021-11-23 18:30:38,521] {scheduler_job.py:643} INFO - DAG(s) dict_keys(['example_dag_decorator']) retrieved from /home/uiliam/virtualenvs/sandbox/lib/python3.8/site-packages/airflow/example_dags/example_dag_decorator.py
[2021-11-23 18:30:39,237] {logging_mixin.py:104} INFO - [2021-11-23 18:30:39,237] {dag.py:1832} INFO - Sync 1 DAGs
[2021-11-23 18:30:39,265] {logging_mixin.py:104} INFO - [2021-11-23 18:30:39,265] {dag.py:2305} INFO - Setting next_dagrun for example_dag_decorator to None
[2021-11-23 18:30:39,481] {scheduler_job.py:190} INFO - Processing /home/uiliam/virtualenvs/sandbox/lib/python3.8/site-packages/airflow/example_dags/example_dag_decorator.py took 1.016 seconds
[2021-11-23 18:31:22,137] {scheduler_job.py:182} INFO - Started process (PID=14798) to work on /home/uiliam/virtualenvs/sandbox/lib/python3.8/site-packages/airflow/example_dags/example_dag_decorator.py
[2021-11-23 18:31:22,139] {scheduler_job.py:633} INFO - Processing file /home/uiliam/virtualenvs/sandbox/lib/python3.8/site-packages/airflow/example_dags/example_dag_decorator.py for tasks to queue
[2021-11-23 18:31:22,140] {logging_mixin.py:104} INFO - [2021-11-23 18:31:22,140] {dagbag.py:487} INFO - Filling up the DagBag from /home/uiliam/virtualenvs/sandbox/lib/python3.8/site-packages/airflow/example_dags/example_dag_decorator.py
[2021-11-23 18:31:22,183] {scheduler_job.py:643} INFO - DAG(s) dict_keys(['example_dag_decorator']) retrieved from /home/uiliam/virtualenvs/sandbox/lib/python3.8/site-packages/airflow/example_dags/example_dag_decorator.py
[2021-11-23 18:31:22,894] {logging_mixin.py:104} INFO - [2021-11-23 18:31:22,894] {dag.py:1832} INFO - Sync 1 DAGs
[2021-11-23 18:31:22,921] {logging_mixin.py:104} INFO - [2021-11-23 18:31:22,921] {dag.py:2305} INFO - Setting next_dagrun for example_dag_decorator to None
[2021-11-23 18:31:23,091] {scheduler_job.py:190} INFO - Processing /home/uiliam/virtualenvs/sandbox/lib/python3.8/site-packages/airflow/example_dags/example_dag_decorator.py took 0.960 seconds
[2021-11-23 18:32:19,963] {scheduler_job.py:182} INFO - Started process (PID=14847) to work on /home/uiliam/virtualenvs/sandbox/lib/python3.8/site-packages/airflow/example_dags/example_dag_decorator.py
[2021-11-23 18:32:19,965] {scheduler_job.py:633} INFO - Processing file /home/uiliam/virtualenvs/sandbox/lib/python3.8/site-packages/airflow/example_dags/example_dag_decorator.py for tasks to queue
[2021-11-23 18:32:19,966] {logging_mixin.py:104} INFO - [2021-11-23 18:32:19,965] {dagbag.py:487} INFO - Filling up the DagBag from /home/uiliam/virtualenvs/sandbox/lib/python3.8/site-packages/airflow/example_dags/example_dag_decorator.py
[2021-11-23 18:32:20,005] {scheduler_job.py:643} INFO - DAG(s) dict_keys(['example_dag_decorator']) retrieved from /home/uiliam/virtualenvs/sandbox/lib/python3.8/site-packages/airflow/example_dags/example_dag_decorator.py
[2021-11-23 18:32:20,683] {logging_mixin.py:104} INFO - [2021-11-23 18:32:20,683] {dag.py:1832} INFO - Sync 1 DAGs
[2021-11-23 18:32:20,702] {logging_mixin.py:104} INFO - [2021-11-23 18:32:20,702] {dag.py:2305} INFO - Setting next_dagrun for example_dag_decorator to None
[2021-11-23 18:32:20,886] {scheduler_job.py:190} INFO - Processing /home/uiliam/virtualenvs/sandbox/lib/python3.8/site-packages/airflow/example_dags/example_dag_decorator.py took 0.932 seconds
