[2021-11-23 18:25:16,935] {scheduler_job.py:182} INFO - Started process (PID=14193) to work on /home/uiliam/virtualenvs/sandbox/lib/python3.8/site-packages/airflow/example_dags/tutorial_taskflow_api_etl.py
[2021-11-23 18:25:16,937] {scheduler_job.py:633} INFO - Processing file /home/uiliam/virtualenvs/sandbox/lib/python3.8/site-packages/airflow/example_dags/tutorial_taskflow_api_etl.py for tasks to queue
[2021-11-23 18:25:16,938] {logging_mixin.py:104} INFO - [2021-11-23 18:25:16,937] {dagbag.py:487} INFO - Filling up the DagBag from /home/uiliam/virtualenvs/sandbox/lib/python3.8/site-packages/airflow/example_dags/tutorial_taskflow_api_etl.py
[2021-11-23 18:25:16,974] {scheduler_job.py:643} INFO - DAG(s) dict_keys(['tutorial_taskflow_api_etl']) retrieved from /home/uiliam/virtualenvs/sandbox/lib/python3.8/site-packages/airflow/example_dags/tutorial_taskflow_api_etl.py
[2021-11-23 18:25:17,522] {logging_mixin.py:104} INFO - [2021-11-23 18:25:17,522] {dag.py:1832} INFO - Sync 1 DAGs
[2021-11-23 18:25:17,533] {logging_mixin.py:104} INFO - [2021-11-23 18:25:17,532] {dag.py:2305} INFO - Setting next_dagrun for tutorial_taskflow_api_etl to None
[2021-11-23 18:25:17,622] {scheduler_job.py:190} INFO - Processing /home/uiliam/virtualenvs/sandbox/lib/python3.8/site-packages/airflow/example_dags/tutorial_taskflow_api_etl.py took 0.691 seconds
[2021-11-23 18:26:01,564] {scheduler_job.py:182} INFO - Started process (PID=14283) to work on /home/uiliam/virtualenvs/sandbox/lib/python3.8/site-packages/airflow/example_dags/tutorial_taskflow_api_etl.py
[2021-11-23 18:26:01,565] {scheduler_job.py:633} INFO - Processing file /home/uiliam/virtualenvs/sandbox/lib/python3.8/site-packages/airflow/example_dags/tutorial_taskflow_api_etl.py for tasks to queue
[2021-11-23 18:26:01,567] {logging_mixin.py:104} INFO - [2021-11-23 18:26:01,566] {dagbag.py:487} INFO - Filling up the DagBag from /home/uiliam/virtualenvs/sandbox/lib/python3.8/site-packages/airflow/example_dags/tutorial_taskflow_api_etl.py
[2021-11-23 18:26:01,601] {scheduler_job.py:643} INFO - DAG(s) dict_keys(['tutorial_taskflow_api_etl']) retrieved from /home/uiliam/virtualenvs/sandbox/lib/python3.8/site-packages/airflow/example_dags/tutorial_taskflow_api_etl.py
[2021-11-23 18:26:02,318] {logging_mixin.py:104} INFO - [2021-11-23 18:26:02,317] {dag.py:1832} INFO - Sync 1 DAGs
[2021-11-23 18:26:02,335] {logging_mixin.py:104} INFO - [2021-11-23 18:26:02,334] {dag.py:2305} INFO - Setting next_dagrun for tutorial_taskflow_api_etl to None
[2021-11-23 18:26:02,469] {scheduler_job.py:190} INFO - Processing /home/uiliam/virtualenvs/sandbox/lib/python3.8/site-packages/airflow/example_dags/tutorial_taskflow_api_etl.py took 0.912 seconds
[2021-11-23 18:26:38,392] {scheduler_job.py:182} INFO - Started process (PID=14336) to work on /home/uiliam/virtualenvs/sandbox/lib/python3.8/site-packages/airflow/example_dags/tutorial_taskflow_api_etl.py
[2021-11-23 18:26:38,393] {scheduler_job.py:633} INFO - Processing file /home/uiliam/virtualenvs/sandbox/lib/python3.8/site-packages/airflow/example_dags/tutorial_taskflow_api_etl.py for tasks to queue
[2021-11-23 18:26:38,394] {logging_mixin.py:104} INFO - [2021-11-23 18:26:38,394] {dagbag.py:487} INFO - Filling up the DagBag from /home/uiliam/virtualenvs/sandbox/lib/python3.8/site-packages/airflow/example_dags/tutorial_taskflow_api_etl.py
[2021-11-23 18:26:38,412] {scheduler_job.py:643} INFO - DAG(s) dict_keys(['tutorial_taskflow_api_etl']) retrieved from /home/uiliam/virtualenvs/sandbox/lib/python3.8/site-packages/airflow/example_dags/tutorial_taskflow_api_etl.py
[2021-11-23 18:26:38,783] {logging_mixin.py:104} INFO - [2021-11-23 18:26:38,783] {dag.py:1832} INFO - Sync 1 DAGs
[2021-11-23 18:26:38,793] {logging_mixin.py:104} INFO - [2021-11-23 18:26:38,793] {dag.py:2305} INFO - Setting next_dagrun for tutorial_taskflow_api_etl to None
[2021-11-23 18:26:38,882] {scheduler_job.py:190} INFO - Processing /home/uiliam/virtualenvs/sandbox/lib/python3.8/site-packages/airflow/example_dags/tutorial_taskflow_api_etl.py took 0.494 seconds
[2021-11-23 18:27:14,865] {scheduler_job.py:182} INFO - Started process (PID=14450) to work on /home/uiliam/virtualenvs/sandbox/lib/python3.8/site-packages/airflow/example_dags/tutorial_taskflow_api_etl.py
[2021-11-23 18:27:14,870] {scheduler_job.py:633} INFO - Processing file /home/uiliam/virtualenvs/sandbox/lib/python3.8/site-packages/airflow/example_dags/tutorial_taskflow_api_etl.py for tasks to queue
[2021-11-23 18:27:14,872] {logging_mixin.py:104} INFO - [2021-11-23 18:27:14,871] {dagbag.py:487} INFO - Filling up the DagBag from /home/uiliam/virtualenvs/sandbox/lib/python3.8/site-packages/airflow/example_dags/tutorial_taskflow_api_etl.py
[2021-11-23 18:27:14,917] {scheduler_job.py:643} INFO - DAG(s) dict_keys(['tutorial_taskflow_api_etl']) retrieved from /home/uiliam/virtualenvs/sandbox/lib/python3.8/site-packages/airflow/example_dags/tutorial_taskflow_api_etl.py
[2021-11-23 18:27:15,658] {logging_mixin.py:104} INFO - [2021-11-23 18:27:15,658] {dag.py:1832} INFO - Sync 1 DAGs
[2021-11-23 18:27:15,683] {logging_mixin.py:104} INFO - [2021-11-23 18:27:15,683] {dag.py:2305} INFO - Setting next_dagrun for tutorial_taskflow_api_etl to None
[2021-11-23 18:27:15,907] {scheduler_job.py:190} INFO - Processing /home/uiliam/virtualenvs/sandbox/lib/python3.8/site-packages/airflow/example_dags/tutorial_taskflow_api_etl.py took 1.049 seconds
[2021-11-23 18:27:54,113] {scheduler_job.py:182} INFO - Started process (PID=14492) to work on /home/uiliam/virtualenvs/sandbox/lib/python3.8/site-packages/airflow/example_dags/tutorial_taskflow_api_etl.py
[2021-11-23 18:27:54,116] {scheduler_job.py:633} INFO - Processing file /home/uiliam/virtualenvs/sandbox/lib/python3.8/site-packages/airflow/example_dags/tutorial_taskflow_api_etl.py for tasks to queue
[2021-11-23 18:27:54,119] {logging_mixin.py:104} INFO - [2021-11-23 18:27:54,119] {dagbag.py:487} INFO - Filling up the DagBag from /home/uiliam/virtualenvs/sandbox/lib/python3.8/site-packages/airflow/example_dags/tutorial_taskflow_api_etl.py
[2021-11-23 18:27:54,146] {scheduler_job.py:643} INFO - DAG(s) dict_keys(['tutorial_taskflow_api_etl']) retrieved from /home/uiliam/virtualenvs/sandbox/lib/python3.8/site-packages/airflow/example_dags/tutorial_taskflow_api_etl.py
[2021-11-23 18:27:54,754] {logging_mixin.py:104} INFO - [2021-11-23 18:27:54,754] {dag.py:1832} INFO - Sync 1 DAGs
[2021-11-23 18:27:54,768] {logging_mixin.py:104} INFO - [2021-11-23 18:27:54,767] {dag.py:2305} INFO - Setting next_dagrun for tutorial_taskflow_api_etl to None
[2021-11-23 18:27:54,890] {scheduler_job.py:190} INFO - Processing /home/uiliam/virtualenvs/sandbox/lib/python3.8/site-packages/airflow/example_dags/tutorial_taskflow_api_etl.py took 0.783 seconds
[2021-11-23 18:28:32,447] {scheduler_job.py:182} INFO - Started process (PID=14590) to work on /home/uiliam/virtualenvs/sandbox/lib/python3.8/site-packages/airflow/example_dags/tutorial_taskflow_api_etl.py
[2021-11-23 18:28:32,450] {scheduler_job.py:633} INFO - Processing file /home/uiliam/virtualenvs/sandbox/lib/python3.8/site-packages/airflow/example_dags/tutorial_taskflow_api_etl.py for tasks to queue
[2021-11-23 18:28:32,452] {logging_mixin.py:104} INFO - [2021-11-23 18:28:32,451] {dagbag.py:487} INFO - Filling up the DagBag from /home/uiliam/virtualenvs/sandbox/lib/python3.8/site-packages/airflow/example_dags/tutorial_taskflow_api_etl.py
[2021-11-23 18:28:32,497] {scheduler_job.py:643} INFO - DAG(s) dict_keys(['tutorial_taskflow_api_etl']) retrieved from /home/uiliam/virtualenvs/sandbox/lib/python3.8/site-packages/airflow/example_dags/tutorial_taskflow_api_etl.py
[2021-11-23 18:28:33,208] {logging_mixin.py:104} INFO - [2021-11-23 18:28:33,208] {dag.py:1832} INFO - Sync 1 DAGs
[2021-11-23 18:28:33,226] {logging_mixin.py:104} INFO - [2021-11-23 18:28:33,226] {dag.py:2305} INFO - Setting next_dagrun for tutorial_taskflow_api_etl to None
[2021-11-23 18:28:33,330] {scheduler_job.py:190} INFO - Processing /home/uiliam/virtualenvs/sandbox/lib/python3.8/site-packages/airflow/example_dags/tutorial_taskflow_api_etl.py took 0.890 seconds
[2021-11-23 18:29:10,120] {scheduler_job.py:182} INFO - Started process (PID=14623) to work on /home/uiliam/virtualenvs/sandbox/lib/python3.8/site-packages/airflow/example_dags/tutorial_taskflow_api_etl.py
[2021-11-23 18:29:10,122] {scheduler_job.py:633} INFO - Processing file /home/uiliam/virtualenvs/sandbox/lib/python3.8/site-packages/airflow/example_dags/tutorial_taskflow_api_etl.py for tasks to queue
[2021-11-23 18:29:10,124] {logging_mixin.py:104} INFO - [2021-11-23 18:29:10,123] {dagbag.py:487} INFO - Filling up the DagBag from /home/uiliam/virtualenvs/sandbox/lib/python3.8/site-packages/airflow/example_dags/tutorial_taskflow_api_etl.py
[2021-11-23 18:29:10,157] {scheduler_job.py:643} INFO - DAG(s) dict_keys(['tutorial_taskflow_api_etl']) retrieved from /home/uiliam/virtualenvs/sandbox/lib/python3.8/site-packages/airflow/example_dags/tutorial_taskflow_api_etl.py
[2021-11-23 18:29:10,765] {logging_mixin.py:104} INFO - [2021-11-23 18:29:10,765] {dag.py:1832} INFO - Sync 1 DAGs
[2021-11-23 18:29:10,784] {logging_mixin.py:104} INFO - [2021-11-23 18:29:10,784] {dag.py:2305} INFO - Setting next_dagrun for tutorial_taskflow_api_etl to None
[2021-11-23 18:29:10,909] {scheduler_job.py:190} INFO - Processing /home/uiliam/virtualenvs/sandbox/lib/python3.8/site-packages/airflow/example_dags/tutorial_taskflow_api_etl.py took 0.794 seconds
[2021-11-23 18:29:51,124] {scheduler_job.py:182} INFO - Started process (PID=14661) to work on /home/uiliam/virtualenvs/sandbox/lib/python3.8/site-packages/airflow/example_dags/tutorial_taskflow_api_etl.py
[2021-11-23 18:29:51,127] {scheduler_job.py:633} INFO - Processing file /home/uiliam/virtualenvs/sandbox/lib/python3.8/site-packages/airflow/example_dags/tutorial_taskflow_api_etl.py for tasks to queue
[2021-11-23 18:29:51,128] {logging_mixin.py:104} INFO - [2021-11-23 18:29:51,128] {dagbag.py:487} INFO - Filling up the DagBag from /home/uiliam/virtualenvs/sandbox/lib/python3.8/site-packages/airflow/example_dags/tutorial_taskflow_api_etl.py
[2021-11-23 18:29:51,159] {scheduler_job.py:643} INFO - DAG(s) dict_keys(['tutorial_taskflow_api_etl']) retrieved from /home/uiliam/virtualenvs/sandbox/lib/python3.8/site-packages/airflow/example_dags/tutorial_taskflow_api_etl.py
[2021-11-23 18:29:51,837] {logging_mixin.py:104} INFO - [2021-11-23 18:29:51,837] {dag.py:1832} INFO - Sync 1 DAGs
[2021-11-23 18:29:51,851] {logging_mixin.py:104} INFO - [2021-11-23 18:29:51,851] {dag.py:2305} INFO - Setting next_dagrun for tutorial_taskflow_api_etl to None
[2021-11-23 18:29:51,993] {scheduler_job.py:190} INFO - Processing /home/uiliam/virtualenvs/sandbox/lib/python3.8/site-packages/airflow/example_dags/tutorial_taskflow_api_etl.py took 0.875 seconds
[2021-11-23 18:30:30,009] {scheduler_job.py:182} INFO - Started process (PID=14723) to work on /home/uiliam/virtualenvs/sandbox/lib/python3.8/site-packages/airflow/example_dags/tutorial_taskflow_api_etl.py
[2021-11-23 18:30:30,011] {scheduler_job.py:633} INFO - Processing file /home/uiliam/virtualenvs/sandbox/lib/python3.8/site-packages/airflow/example_dags/tutorial_taskflow_api_etl.py for tasks to queue
[2021-11-23 18:30:30,012] {logging_mixin.py:104} INFO - [2021-11-23 18:30:30,011] {dagbag.py:487} INFO - Filling up the DagBag from /home/uiliam/virtualenvs/sandbox/lib/python3.8/site-packages/airflow/example_dags/tutorial_taskflow_api_etl.py
[2021-11-23 18:30:30,040] {scheduler_job.py:643} INFO - DAG(s) dict_keys(['tutorial_taskflow_api_etl']) retrieved from /home/uiliam/virtualenvs/sandbox/lib/python3.8/site-packages/airflow/example_dags/tutorial_taskflow_api_etl.py
[2021-11-23 18:30:30,892] {logging_mixin.py:104} INFO - [2021-11-23 18:30:30,891] {dag.py:1832} INFO - Sync 1 DAGs
[2021-11-23 18:30:30,928] {logging_mixin.py:104} INFO - [2021-11-23 18:30:30,927] {dag.py:2305} INFO - Setting next_dagrun for tutorial_taskflow_api_etl to None
[2021-11-23 18:30:31,127] {scheduler_job.py:190} INFO - Processing /home/uiliam/virtualenvs/sandbox/lib/python3.8/site-packages/airflow/example_dags/tutorial_taskflow_api_etl.py took 1.123 seconds
[2021-11-23 18:31:10,293] {scheduler_job.py:182} INFO - Started process (PID=14778) to work on /home/uiliam/virtualenvs/sandbox/lib/python3.8/site-packages/airflow/example_dags/tutorial_taskflow_api_etl.py
[2021-11-23 18:31:10,295] {scheduler_job.py:633} INFO - Processing file /home/uiliam/virtualenvs/sandbox/lib/python3.8/site-packages/airflow/example_dags/tutorial_taskflow_api_etl.py for tasks to queue
[2021-11-23 18:31:10,296] {logging_mixin.py:104} INFO - [2021-11-23 18:31:10,296] {dagbag.py:487} INFO - Filling up the DagBag from /home/uiliam/virtualenvs/sandbox/lib/python3.8/site-packages/airflow/example_dags/tutorial_taskflow_api_etl.py
[2021-11-23 18:31:10,335] {scheduler_job.py:643} INFO - DAG(s) dict_keys(['tutorial_taskflow_api_etl']) retrieved from /home/uiliam/virtualenvs/sandbox/lib/python3.8/site-packages/airflow/example_dags/tutorial_taskflow_api_etl.py
[2021-11-23 18:31:11,156] {logging_mixin.py:104} INFO - [2021-11-23 18:31:11,155] {dag.py:1832} INFO - Sync 1 DAGs
[2021-11-23 18:31:11,187] {logging_mixin.py:104} INFO - [2021-11-23 18:31:11,186] {dag.py:2305} INFO - Setting next_dagrun for tutorial_taskflow_api_etl to None
[2021-11-23 18:31:11,336] {scheduler_job.py:190} INFO - Processing /home/uiliam/virtualenvs/sandbox/lib/python3.8/site-packages/airflow/example_dags/tutorial_taskflow_api_etl.py took 1.051 seconds
[2021-11-23 18:31:52,362] {scheduler_job.py:182} INFO - Started process (PID=14823) to work on /home/uiliam/virtualenvs/sandbox/lib/python3.8/site-packages/airflow/example_dags/tutorial_taskflow_api_etl.py
[2021-11-23 18:31:52,365] {scheduler_job.py:633} INFO - Processing file /home/uiliam/virtualenvs/sandbox/lib/python3.8/site-packages/airflow/example_dags/tutorial_taskflow_api_etl.py for tasks to queue
[2021-11-23 18:31:52,368] {logging_mixin.py:104} INFO - [2021-11-23 18:31:52,367] {dagbag.py:487} INFO - Filling up the DagBag from /home/uiliam/virtualenvs/sandbox/lib/python3.8/site-packages/airflow/example_dags/tutorial_taskflow_api_etl.py
[2021-11-23 18:31:52,411] {scheduler_job.py:643} INFO - DAG(s) dict_keys(['tutorial_taskflow_api_etl']) retrieved from /home/uiliam/virtualenvs/sandbox/lib/python3.8/site-packages/airflow/example_dags/tutorial_taskflow_api_etl.py
[2021-11-23 18:31:53,153] {logging_mixin.py:104} INFO - [2021-11-23 18:31:53,153] {dag.py:1832} INFO - Sync 1 DAGs
[2021-11-23 18:31:53,189] {logging_mixin.py:104} INFO - [2021-11-23 18:31:53,189] {dag.py:2305} INFO - Setting next_dagrun for tutorial_taskflow_api_etl to None
[2021-11-23 18:31:53,307] {scheduler_job.py:190} INFO - Processing /home/uiliam/virtualenvs/sandbox/lib/python3.8/site-packages/airflow/example_dags/tutorial_taskflow_api_etl.py took 0.950 seconds
[2021-11-23 18:32:36,536] {scheduler_job.py:182} INFO - Started process (PID=14909) to work on /home/uiliam/virtualenvs/sandbox/lib/python3.8/site-packages/airflow/example_dags/tutorial_taskflow_api_etl.py
[2021-11-23 18:32:36,538] {scheduler_job.py:633} INFO - Processing file /home/uiliam/virtualenvs/sandbox/lib/python3.8/site-packages/airflow/example_dags/tutorial_taskflow_api_etl.py for tasks to queue
[2021-11-23 18:32:36,539] {logging_mixin.py:104} INFO - [2021-11-23 18:32:36,539] {dagbag.py:487} INFO - Filling up the DagBag from /home/uiliam/virtualenvs/sandbox/lib/python3.8/site-packages/airflow/example_dags/tutorial_taskflow_api_etl.py
[2021-11-23 18:32:36,557] {scheduler_job.py:643} INFO - DAG(s) dict_keys(['tutorial_taskflow_api_etl']) retrieved from /home/uiliam/virtualenvs/sandbox/lib/python3.8/site-packages/airflow/example_dags/tutorial_taskflow_api_etl.py
[2021-11-23 18:32:36,969] {logging_mixin.py:104} INFO - [2021-11-23 18:32:36,968] {dag.py:1832} INFO - Sync 1 DAGs
[2021-11-23 18:32:36,981] {logging_mixin.py:104} INFO - [2021-11-23 18:32:36,981] {dag.py:2305} INFO - Setting next_dagrun for tutorial_taskflow_api_etl to None
[2021-11-23 18:32:37,076] {scheduler_job.py:190} INFO - Processing /home/uiliam/virtualenvs/sandbox/lib/python3.8/site-packages/airflow/example_dags/tutorial_taskflow_api_etl.py took 0.544 seconds
