[2021-11-23 18:25:18,677] {scheduler_job.py:182} INFO - Started process (PID=14217) to work on /home/uiliam/virtualenvs/sandbox/lib/python3.8/site-packages/airflow/example_dags/tutorial_taskflow_api_etl_virtualenv.py
[2021-11-23 18:25:18,678] {scheduler_job.py:633} INFO - Processing file /home/uiliam/virtualenvs/sandbox/lib/python3.8/site-packages/airflow/example_dags/tutorial_taskflow_api_etl_virtualenv.py for tasks to queue
[2021-11-23 18:25:18,679] {logging_mixin.py:104} INFO - [2021-11-23 18:25:18,679] {dagbag.py:487} INFO - Filling up the DagBag from /home/uiliam/virtualenvs/sandbox/lib/python3.8/site-packages/airflow/example_dags/tutorial_taskflow_api_etl_virtualenv.py
[2021-11-23 18:25:18,696] {scheduler_job.py:643} INFO - DAG(s) dict_keys(['tutorial_taskflow_api_etl_virtualenv']) retrieved from /home/uiliam/virtualenvs/sandbox/lib/python3.8/site-packages/airflow/example_dags/tutorial_taskflow_api_etl_virtualenv.py
[2021-11-23 18:25:19,121] {logging_mixin.py:104} INFO - [2021-11-23 18:25:19,121] {dag.py:1832} INFO - Sync 1 DAGs
[2021-11-23 18:25:19,132] {logging_mixin.py:104} INFO - [2021-11-23 18:25:19,132] {dag.py:2305} INFO - Setting next_dagrun for tutorial_taskflow_api_etl_virtualenv to None
[2021-11-23 18:25:19,227] {scheduler_job.py:190} INFO - Processing /home/uiliam/virtualenvs/sandbox/lib/python3.8/site-packages/airflow/example_dags/tutorial_taskflow_api_etl_virtualenv.py took 0.554 seconds
[2021-11-23 18:26:03,059] {scheduler_job.py:182} INFO - Started process (PID=14287) to work on /home/uiliam/virtualenvs/sandbox/lib/python3.8/site-packages/airflow/example_dags/tutorial_taskflow_api_etl_virtualenv.py
[2021-11-23 18:26:03,061] {scheduler_job.py:633} INFO - Processing file /home/uiliam/virtualenvs/sandbox/lib/python3.8/site-packages/airflow/example_dags/tutorial_taskflow_api_etl_virtualenv.py for tasks to queue
[2021-11-23 18:26:03,061] {logging_mixin.py:104} INFO - [2021-11-23 18:26:03,061] {dagbag.py:487} INFO - Filling up the DagBag from /home/uiliam/virtualenvs/sandbox/lib/python3.8/site-packages/airflow/example_dags/tutorial_taskflow_api_etl_virtualenv.py
[2021-11-23 18:26:03,079] {scheduler_job.py:643} INFO - DAG(s) dict_keys(['tutorial_taskflow_api_etl_virtualenv']) retrieved from /home/uiliam/virtualenvs/sandbox/lib/python3.8/site-packages/airflow/example_dags/tutorial_taskflow_api_etl_virtualenv.py
[2021-11-23 18:26:03,544] {logging_mixin.py:104} INFO - [2021-11-23 18:26:03,544] {dag.py:1832} INFO - Sync 1 DAGs
[2021-11-23 18:26:03,556] {logging_mixin.py:104} INFO - [2021-11-23 18:26:03,555] {dag.py:2305} INFO - Setting next_dagrun for tutorial_taskflow_api_etl_virtualenv to None
[2021-11-23 18:26:03,650] {scheduler_job.py:190} INFO - Processing /home/uiliam/virtualenvs/sandbox/lib/python3.8/site-packages/airflow/example_dags/tutorial_taskflow_api_etl_virtualenv.py took 0.594 seconds
[2021-11-23 18:26:39,960] {scheduler_job.py:182} INFO - Started process (PID=14337) to work on /home/uiliam/virtualenvs/sandbox/lib/python3.8/site-packages/airflow/example_dags/tutorial_taskflow_api_etl_virtualenv.py
[2021-11-23 18:26:39,962] {scheduler_job.py:633} INFO - Processing file /home/uiliam/virtualenvs/sandbox/lib/python3.8/site-packages/airflow/example_dags/tutorial_taskflow_api_etl_virtualenv.py for tasks to queue
[2021-11-23 18:26:39,962] {logging_mixin.py:104} INFO - [2021-11-23 18:26:39,962] {dagbag.py:487} INFO - Filling up the DagBag from /home/uiliam/virtualenvs/sandbox/lib/python3.8/site-packages/airflow/example_dags/tutorial_taskflow_api_etl_virtualenv.py
[2021-11-23 18:26:39,980] {scheduler_job.py:643} INFO - DAG(s) dict_keys(['tutorial_taskflow_api_etl_virtualenv']) retrieved from /home/uiliam/virtualenvs/sandbox/lib/python3.8/site-packages/airflow/example_dags/tutorial_taskflow_api_etl_virtualenv.py
[2021-11-23 18:26:40,367] {logging_mixin.py:104} INFO - [2021-11-23 18:26:40,367] {dag.py:1832} INFO - Sync 1 DAGs
[2021-11-23 18:26:40,382] {logging_mixin.py:104} INFO - [2021-11-23 18:26:40,382] {dag.py:2305} INFO - Setting next_dagrun for tutorial_taskflow_api_etl_virtualenv to None
[2021-11-23 18:26:40,468] {scheduler_job.py:190} INFO - Processing /home/uiliam/virtualenvs/sandbox/lib/python3.8/site-packages/airflow/example_dags/tutorial_taskflow_api_etl_virtualenv.py took 0.511 seconds
[2021-11-23 18:27:17,165] {scheduler_job.py:182} INFO - Started process (PID=14453) to work on /home/uiliam/virtualenvs/sandbox/lib/python3.8/site-packages/airflow/example_dags/tutorial_taskflow_api_etl_virtualenv.py
[2021-11-23 18:27:17,166] {scheduler_job.py:633} INFO - Processing file /home/uiliam/virtualenvs/sandbox/lib/python3.8/site-packages/airflow/example_dags/tutorial_taskflow_api_etl_virtualenv.py for tasks to queue
[2021-11-23 18:27:17,167] {logging_mixin.py:104} INFO - [2021-11-23 18:27:17,166] {dagbag.py:487} INFO - Filling up the DagBag from /home/uiliam/virtualenvs/sandbox/lib/python3.8/site-packages/airflow/example_dags/tutorial_taskflow_api_etl_virtualenv.py
[2021-11-23 18:27:17,194] {scheduler_job.py:643} INFO - DAG(s) dict_keys(['tutorial_taskflow_api_etl_virtualenv']) retrieved from /home/uiliam/virtualenvs/sandbox/lib/python3.8/site-packages/airflow/example_dags/tutorial_taskflow_api_etl_virtualenv.py
[2021-11-23 18:27:17,830] {logging_mixin.py:104} INFO - [2021-11-23 18:27:17,830] {dag.py:1832} INFO - Sync 1 DAGs
[2021-11-23 18:27:17,846] {logging_mixin.py:104} INFO - [2021-11-23 18:27:17,846] {dag.py:2305} INFO - Setting next_dagrun for tutorial_taskflow_api_etl_virtualenv to None
[2021-11-23 18:27:17,997] {scheduler_job.py:190} INFO - Processing /home/uiliam/virtualenvs/sandbox/lib/python3.8/site-packages/airflow/example_dags/tutorial_taskflow_api_etl_virtualenv.py took 0.836 seconds
[2021-11-23 18:27:56,094] {scheduler_job.py:182} INFO - Started process (PID=14496) to work on /home/uiliam/virtualenvs/sandbox/lib/python3.8/site-packages/airflow/example_dags/tutorial_taskflow_api_etl_virtualenv.py
[2021-11-23 18:27:56,096] {scheduler_job.py:633} INFO - Processing file /home/uiliam/virtualenvs/sandbox/lib/python3.8/site-packages/airflow/example_dags/tutorial_taskflow_api_etl_virtualenv.py for tasks to queue
[2021-11-23 18:27:56,097] {logging_mixin.py:104} INFO - [2021-11-23 18:27:56,096] {dagbag.py:487} INFO - Filling up the DagBag from /home/uiliam/virtualenvs/sandbox/lib/python3.8/site-packages/airflow/example_dags/tutorial_taskflow_api_etl_virtualenv.py
[2021-11-23 18:27:56,124] {scheduler_job.py:643} INFO - DAG(s) dict_keys(['tutorial_taskflow_api_etl_virtualenv']) retrieved from /home/uiliam/virtualenvs/sandbox/lib/python3.8/site-packages/airflow/example_dags/tutorial_taskflow_api_etl_virtualenv.py
[2021-11-23 18:27:56,583] {logging_mixin.py:104} INFO - [2021-11-23 18:27:56,583] {dag.py:1832} INFO - Sync 1 DAGs
[2021-11-23 18:27:56,595] {logging_mixin.py:104} INFO - [2021-11-23 18:27:56,595] {dag.py:2305} INFO - Setting next_dagrun for tutorial_taskflow_api_etl_virtualenv to None
[2021-11-23 18:27:56,710] {scheduler_job.py:190} INFO - Processing /home/uiliam/virtualenvs/sandbox/lib/python3.8/site-packages/airflow/example_dags/tutorial_taskflow_api_etl_virtualenv.py took 0.621 seconds
[2021-11-23 18:28:34,532] {scheduler_job.py:182} INFO - Started process (PID=14591) to work on /home/uiliam/virtualenvs/sandbox/lib/python3.8/site-packages/airflow/example_dags/tutorial_taskflow_api_etl_virtualenv.py
[2021-11-23 18:28:34,535] {scheduler_job.py:633} INFO - Processing file /home/uiliam/virtualenvs/sandbox/lib/python3.8/site-packages/airflow/example_dags/tutorial_taskflow_api_etl_virtualenv.py for tasks to queue
[2021-11-23 18:28:34,536] {logging_mixin.py:104} INFO - [2021-11-23 18:28:34,536] {dagbag.py:487} INFO - Filling up the DagBag from /home/uiliam/virtualenvs/sandbox/lib/python3.8/site-packages/airflow/example_dags/tutorial_taskflow_api_etl_virtualenv.py
[2021-11-23 18:28:34,579] {scheduler_job.py:643} INFO - DAG(s) dict_keys(['tutorial_taskflow_api_etl_virtualenv']) retrieved from /home/uiliam/virtualenvs/sandbox/lib/python3.8/site-packages/airflow/example_dags/tutorial_taskflow_api_etl_virtualenv.py
[2021-11-23 18:28:35,328] {logging_mixin.py:104} INFO - [2021-11-23 18:28:35,328] {dag.py:1832} INFO - Sync 1 DAGs
[2021-11-23 18:28:35,348] {logging_mixin.py:104} INFO - [2021-11-23 18:28:35,348] {dag.py:2305} INFO - Setting next_dagrun for tutorial_taskflow_api_etl_virtualenv to None
[2021-11-23 18:28:35,469] {scheduler_job.py:190} INFO - Processing /home/uiliam/virtualenvs/sandbox/lib/python3.8/site-packages/airflow/example_dags/tutorial_taskflow_api_etl_virtualenv.py took 0.941 seconds
[2021-11-23 18:29:11,369] {scheduler_job.py:182} INFO - Started process (PID=14624) to work on /home/uiliam/virtualenvs/sandbox/lib/python3.8/site-packages/airflow/example_dags/tutorial_taskflow_api_etl_virtualenv.py
[2021-11-23 18:29:11,370] {scheduler_job.py:633} INFO - Processing file /home/uiliam/virtualenvs/sandbox/lib/python3.8/site-packages/airflow/example_dags/tutorial_taskflow_api_etl_virtualenv.py for tasks to queue
[2021-11-23 18:29:11,372] {logging_mixin.py:104} INFO - [2021-11-23 18:29:11,371] {dagbag.py:487} INFO - Filling up the DagBag from /home/uiliam/virtualenvs/sandbox/lib/python3.8/site-packages/airflow/example_dags/tutorial_taskflow_api_etl_virtualenv.py
[2021-11-23 18:29:11,406] {scheduler_job.py:643} INFO - DAG(s) dict_keys(['tutorial_taskflow_api_etl_virtualenv']) retrieved from /home/uiliam/virtualenvs/sandbox/lib/python3.8/site-packages/airflow/example_dags/tutorial_taskflow_api_etl_virtualenv.py
[2021-11-23 18:29:12,074] {logging_mixin.py:104} INFO - [2021-11-23 18:29:12,074] {dag.py:1832} INFO - Sync 1 DAGs
[2021-11-23 18:29:12,091] {logging_mixin.py:104} INFO - [2021-11-23 18:29:12,091] {dag.py:2305} INFO - Setting next_dagrun for tutorial_taskflow_api_etl_virtualenv to None
[2021-11-23 18:29:12,192] {scheduler_job.py:190} INFO - Processing /home/uiliam/virtualenvs/sandbox/lib/python3.8/site-packages/airflow/example_dags/tutorial_taskflow_api_etl_virtualenv.py took 0.830 seconds
[2021-11-23 18:29:53,251] {scheduler_job.py:182} INFO - Started process (PID=14662) to work on /home/uiliam/virtualenvs/sandbox/lib/python3.8/site-packages/airflow/example_dags/tutorial_taskflow_api_etl_virtualenv.py
[2021-11-23 18:29:53,253] {scheduler_job.py:633} INFO - Processing file /home/uiliam/virtualenvs/sandbox/lib/python3.8/site-packages/airflow/example_dags/tutorial_taskflow_api_etl_virtualenv.py for tasks to queue
[2021-11-23 18:29:53,255] {logging_mixin.py:104} INFO - [2021-11-23 18:29:53,255] {dagbag.py:487} INFO - Filling up the DagBag from /home/uiliam/virtualenvs/sandbox/lib/python3.8/site-packages/airflow/example_dags/tutorial_taskflow_api_etl_virtualenv.py
[2021-11-23 18:29:53,286] {scheduler_job.py:643} INFO - DAG(s) dict_keys(['tutorial_taskflow_api_etl_virtualenv']) retrieved from /home/uiliam/virtualenvs/sandbox/lib/python3.8/site-packages/airflow/example_dags/tutorial_taskflow_api_etl_virtualenv.py
[2021-11-23 18:29:53,941] {logging_mixin.py:104} INFO - [2021-11-23 18:29:53,941] {dag.py:1832} INFO - Sync 1 DAGs
[2021-11-23 18:29:53,960] {logging_mixin.py:104} INFO - [2021-11-23 18:29:53,960] {dag.py:2305} INFO - Setting next_dagrun for tutorial_taskflow_api_etl_virtualenv to None
[2021-11-23 18:29:54,067] {scheduler_job.py:190} INFO - Processing /home/uiliam/virtualenvs/sandbox/lib/python3.8/site-packages/airflow/example_dags/tutorial_taskflow_api_etl_virtualenv.py took 0.822 seconds
[2021-11-23 18:30:32,430] {scheduler_job.py:182} INFO - Started process (PID=14724) to work on /home/uiliam/virtualenvs/sandbox/lib/python3.8/site-packages/airflow/example_dags/tutorial_taskflow_api_etl_virtualenv.py
[2021-11-23 18:30:32,433] {scheduler_job.py:633} INFO - Processing file /home/uiliam/virtualenvs/sandbox/lib/python3.8/site-packages/airflow/example_dags/tutorial_taskflow_api_etl_virtualenv.py for tasks to queue
[2021-11-23 18:30:32,434] {logging_mixin.py:104} INFO - [2021-11-23 18:30:32,433] {dagbag.py:487} INFO - Filling up the DagBag from /home/uiliam/virtualenvs/sandbox/lib/python3.8/site-packages/airflow/example_dags/tutorial_taskflow_api_etl_virtualenv.py
[2021-11-23 18:30:32,467] {scheduler_job.py:643} INFO - DAG(s) dict_keys(['tutorial_taskflow_api_etl_virtualenv']) retrieved from /home/uiliam/virtualenvs/sandbox/lib/python3.8/site-packages/airflow/example_dags/tutorial_taskflow_api_etl_virtualenv.py
[2021-11-23 18:30:33,342] {logging_mixin.py:104} INFO - [2021-11-23 18:30:33,342] {dag.py:1832} INFO - Sync 1 DAGs
[2021-11-23 18:30:33,367] {logging_mixin.py:104} INFO - [2021-11-23 18:30:33,367] {dag.py:2305} INFO - Setting next_dagrun for tutorial_taskflow_api_etl_virtualenv to None
[2021-11-23 18:30:33,521] {scheduler_job.py:190} INFO - Processing /home/uiliam/virtualenvs/sandbox/lib/python3.8/site-packages/airflow/example_dags/tutorial_taskflow_api_etl_virtualenv.py took 1.097 seconds
[2021-11-23 18:31:12,612] {scheduler_job.py:182} INFO - Started process (PID=14780) to work on /home/uiliam/virtualenvs/sandbox/lib/python3.8/site-packages/airflow/example_dags/tutorial_taskflow_api_etl_virtualenv.py
[2021-11-23 18:31:12,618] {scheduler_job.py:633} INFO - Processing file /home/uiliam/virtualenvs/sandbox/lib/python3.8/site-packages/airflow/example_dags/tutorial_taskflow_api_etl_virtualenv.py for tasks to queue
[2021-11-23 18:31:12,619] {logging_mixin.py:104} INFO - [2021-11-23 18:31:12,619] {dagbag.py:487} INFO - Filling up the DagBag from /home/uiliam/virtualenvs/sandbox/lib/python3.8/site-packages/airflow/example_dags/tutorial_taskflow_api_etl_virtualenv.py
[2021-11-23 18:31:12,662] {scheduler_job.py:643} INFO - DAG(s) dict_keys(['tutorial_taskflow_api_etl_virtualenv']) retrieved from /home/uiliam/virtualenvs/sandbox/lib/python3.8/site-packages/airflow/example_dags/tutorial_taskflow_api_etl_virtualenv.py
[2021-11-23 18:31:13,359] {logging_mixin.py:104} INFO - [2021-11-23 18:31:13,359] {dag.py:1832} INFO - Sync 1 DAGs
[2021-11-23 18:31:13,387] {logging_mixin.py:104} INFO - [2021-11-23 18:31:13,386] {dag.py:2305} INFO - Setting next_dagrun for tutorial_taskflow_api_etl_virtualenv to None
[2021-11-23 18:31:13,516] {scheduler_job.py:190} INFO - Processing /home/uiliam/virtualenvs/sandbox/lib/python3.8/site-packages/airflow/example_dags/tutorial_taskflow_api_etl_virtualenv.py took 0.911 seconds
[2021-11-23 18:31:54,435] {scheduler_job.py:182} INFO - Started process (PID=14826) to work on /home/uiliam/virtualenvs/sandbox/lib/python3.8/site-packages/airflow/example_dags/tutorial_taskflow_api_etl_virtualenv.py
[2021-11-23 18:31:54,437] {scheduler_job.py:633} INFO - Processing file /home/uiliam/virtualenvs/sandbox/lib/python3.8/site-packages/airflow/example_dags/tutorial_taskflow_api_etl_virtualenv.py for tasks to queue
[2021-11-23 18:31:54,438] {logging_mixin.py:104} INFO - [2021-11-23 18:31:54,438] {dagbag.py:487} INFO - Filling up the DagBag from /home/uiliam/virtualenvs/sandbox/lib/python3.8/site-packages/airflow/example_dags/tutorial_taskflow_api_etl_virtualenv.py
[2021-11-23 18:31:54,484] {scheduler_job.py:643} INFO - DAG(s) dict_keys(['tutorial_taskflow_api_etl_virtualenv']) retrieved from /home/uiliam/virtualenvs/sandbox/lib/python3.8/site-packages/airflow/example_dags/tutorial_taskflow_api_etl_virtualenv.py
[2021-11-23 18:31:55,189] {logging_mixin.py:104} INFO - [2021-11-23 18:31:55,189] {dag.py:1832} INFO - Sync 1 DAGs
[2021-11-23 18:31:55,216] {logging_mixin.py:104} INFO - [2021-11-23 18:31:55,216] {dag.py:2305} INFO - Setting next_dagrun for tutorial_taskflow_api_etl_virtualenv to None
[2021-11-23 18:31:55,313] {scheduler_job.py:190} INFO - Processing /home/uiliam/virtualenvs/sandbox/lib/python3.8/site-packages/airflow/example_dags/tutorial_taskflow_api_etl_virtualenv.py took 0.884 seconds
[2021-11-23 18:32:38,186] {scheduler_job.py:182} INFO - Started process (PID=14910) to work on /home/uiliam/virtualenvs/sandbox/lib/python3.8/site-packages/airflow/example_dags/tutorial_taskflow_api_etl_virtualenv.py
[2021-11-23 18:32:38,187] {scheduler_job.py:633} INFO - Processing file /home/uiliam/virtualenvs/sandbox/lib/python3.8/site-packages/airflow/example_dags/tutorial_taskflow_api_etl_virtualenv.py for tasks to queue
[2021-11-23 18:32:38,188] {logging_mixin.py:104} INFO - [2021-11-23 18:32:38,188] {dagbag.py:487} INFO - Filling up the DagBag from /home/uiliam/virtualenvs/sandbox/lib/python3.8/site-packages/airflow/example_dags/tutorial_taskflow_api_etl_virtualenv.py
[2021-11-23 18:32:38,205] {scheduler_job.py:643} INFO - DAG(s) dict_keys(['tutorial_taskflow_api_etl_virtualenv']) retrieved from /home/uiliam/virtualenvs/sandbox/lib/python3.8/site-packages/airflow/example_dags/tutorial_taskflow_api_etl_virtualenv.py
[2021-11-23 18:32:38,586] {logging_mixin.py:104} INFO - [2021-11-23 18:32:38,586] {dag.py:1832} INFO - Sync 1 DAGs
[2021-11-23 18:32:38,599] {logging_mixin.py:104} INFO - [2021-11-23 18:32:38,598] {dag.py:2305} INFO - Setting next_dagrun for tutorial_taskflow_api_etl_virtualenv to None
[2021-11-23 18:32:38,704] {scheduler_job.py:190} INFO - Processing /home/uiliam/virtualenvs/sandbox/lib/python3.8/site-packages/airflow/example_dags/tutorial_taskflow_api_etl_virtualenv.py took 0.523 seconds
