[2021-11-23 18:25:14,334] {scheduler_job.py:182} INFO - Started process (PID=14185) to work on /home/uiliam/virtualenvs/sandbox/lib/python3.8/site-packages/airflow/example_dags/tutorial_etl_dag.py
[2021-11-23 18:25:14,339] {scheduler_job.py:633} INFO - Processing file /home/uiliam/virtualenvs/sandbox/lib/python3.8/site-packages/airflow/example_dags/tutorial_etl_dag.py for tasks to queue
[2021-11-23 18:25:14,340] {logging_mixin.py:104} INFO - [2021-11-23 18:25:14,339] {dagbag.py:487} INFO - Filling up the DagBag from /home/uiliam/virtualenvs/sandbox/lib/python3.8/site-packages/airflow/example_dags/tutorial_etl_dag.py
[2021-11-23 18:25:14,369] {scheduler_job.py:643} INFO - DAG(s) dict_keys(['tutorial_etl_dag']) retrieved from /home/uiliam/virtualenvs/sandbox/lib/python3.8/site-packages/airflow/example_dags/tutorial_etl_dag.py
[2021-11-23 18:25:14,398] {logging_mixin.py:104} INFO - [2021-11-23 18:25:14,398] {dag.py:1832} INFO - Sync 1 DAGs
[2021-11-23 18:25:14,424] {logging_mixin.py:104} INFO - [2021-11-23 18:25:14,424] {dag.py:2305} INFO - Setting next_dagrun for tutorial_etl_dag to None
[2021-11-23 18:25:14,577] {scheduler_job.py:190} INFO - Processing /home/uiliam/virtualenvs/sandbox/lib/python3.8/site-packages/airflow/example_dags/tutorial_etl_dag.py took 0.250 seconds
[2021-11-23 18:25:59,063] {scheduler_job.py:182} INFO - Started process (PID=14281) to work on /home/uiliam/virtualenvs/sandbox/lib/python3.8/site-packages/airflow/example_dags/tutorial_etl_dag.py
[2021-11-23 18:25:59,065] {scheduler_job.py:633} INFO - Processing file /home/uiliam/virtualenvs/sandbox/lib/python3.8/site-packages/airflow/example_dags/tutorial_etl_dag.py for tasks to queue
[2021-11-23 18:25:59,067] {logging_mixin.py:104} INFO - [2021-11-23 18:25:59,067] {dagbag.py:487} INFO - Filling up the DagBag from /home/uiliam/virtualenvs/sandbox/lib/python3.8/site-packages/airflow/example_dags/tutorial_etl_dag.py
[2021-11-23 18:25:59,087] {scheduler_job.py:643} INFO - DAG(s) dict_keys(['tutorial_etl_dag']) retrieved from /home/uiliam/virtualenvs/sandbox/lib/python3.8/site-packages/airflow/example_dags/tutorial_etl_dag.py
[2021-11-23 18:25:59,117] {logging_mixin.py:104} INFO - [2021-11-23 18:25:59,117] {dag.py:1832} INFO - Sync 1 DAGs
[2021-11-23 18:25:59,139] {logging_mixin.py:104} INFO - [2021-11-23 18:25:59,139] {dag.py:2305} INFO - Setting next_dagrun for tutorial_etl_dag to None
[2021-11-23 18:25:59,262] {scheduler_job.py:190} INFO - Processing /home/uiliam/virtualenvs/sandbox/lib/python3.8/site-packages/airflow/example_dags/tutorial_etl_dag.py took 0.206 seconds
[2021-11-23 18:26:30,439] {scheduler_job.py:182} INFO - Started process (PID=14328) to work on /home/uiliam/virtualenvs/sandbox/lib/python3.8/site-packages/airflow/example_dags/tutorial_etl_dag.py
[2021-11-23 18:26:30,442] {scheduler_job.py:633} INFO - Processing file /home/uiliam/virtualenvs/sandbox/lib/python3.8/site-packages/airflow/example_dags/tutorial_etl_dag.py for tasks to queue
[2021-11-23 18:26:30,443] {logging_mixin.py:104} INFO - [2021-11-23 18:26:30,443] {dagbag.py:487} INFO - Filling up the DagBag from /home/uiliam/virtualenvs/sandbox/lib/python3.8/site-packages/airflow/example_dags/tutorial_etl_dag.py
[2021-11-23 18:26:30,471] {scheduler_job.py:643} INFO - DAG(s) dict_keys(['tutorial_etl_dag']) retrieved from /home/uiliam/virtualenvs/sandbox/lib/python3.8/site-packages/airflow/example_dags/tutorial_etl_dag.py
[2021-11-23 18:26:30,500] {logging_mixin.py:104} INFO - [2021-11-23 18:26:30,499] {dag.py:1832} INFO - Sync 1 DAGs
[2021-11-23 18:26:30,526] {logging_mixin.py:104} INFO - [2021-11-23 18:26:30,526] {dag.py:2305} INFO - Setting next_dagrun for tutorial_etl_dag to None
[2021-11-23 18:26:30,613] {scheduler_job.py:190} INFO - Processing /home/uiliam/virtualenvs/sandbox/lib/python3.8/site-packages/airflow/example_dags/tutorial_etl_dag.py took 0.180 seconds
[2021-11-23 18:27:02,034] {scheduler_job.py:182} INFO - Started process (PID=14412) to work on /home/uiliam/virtualenvs/sandbox/lib/python3.8/site-packages/airflow/example_dags/tutorial_etl_dag.py
[2021-11-23 18:27:02,036] {scheduler_job.py:633} INFO - Processing file /home/uiliam/virtualenvs/sandbox/lib/python3.8/site-packages/airflow/example_dags/tutorial_etl_dag.py for tasks to queue
[2021-11-23 18:27:02,038] {logging_mixin.py:104} INFO - [2021-11-23 18:27:02,037] {dagbag.py:487} INFO - Filling up the DagBag from /home/uiliam/virtualenvs/sandbox/lib/python3.8/site-packages/airflow/example_dags/tutorial_etl_dag.py
[2021-11-23 18:27:02,080] {scheduler_job.py:643} INFO - DAG(s) dict_keys(['tutorial_etl_dag']) retrieved from /home/uiliam/virtualenvs/sandbox/lib/python3.8/site-packages/airflow/example_dags/tutorial_etl_dag.py
[2021-11-23 18:27:02,105] {logging_mixin.py:104} INFO - [2021-11-23 18:27:02,105] {dag.py:1832} INFO - Sync 1 DAGs
[2021-11-23 18:27:02,128] {logging_mixin.py:104} INFO - [2021-11-23 18:27:02,128] {dag.py:2305} INFO - Setting next_dagrun for tutorial_etl_dag to None
[2021-11-23 18:27:02,226] {scheduler_job.py:190} INFO - Processing /home/uiliam/virtualenvs/sandbox/lib/python3.8/site-packages/airflow/example_dags/tutorial_etl_dag.py took 0.199 seconds
[2021-11-23 18:27:39,331] {scheduler_job.py:182} INFO - Started process (PID=14476) to work on /home/uiliam/virtualenvs/sandbox/lib/python3.8/site-packages/airflow/example_dags/tutorial_etl_dag.py
[2021-11-23 18:27:39,336] {scheduler_job.py:633} INFO - Processing file /home/uiliam/virtualenvs/sandbox/lib/python3.8/site-packages/airflow/example_dags/tutorial_etl_dag.py for tasks to queue
[2021-11-23 18:27:39,337] {logging_mixin.py:104} INFO - [2021-11-23 18:27:39,337] {dagbag.py:487} INFO - Filling up the DagBag from /home/uiliam/virtualenvs/sandbox/lib/python3.8/site-packages/airflow/example_dags/tutorial_etl_dag.py
[2021-11-23 18:27:39,354] {scheduler_job.py:643} INFO - DAG(s) dict_keys(['tutorial_etl_dag']) retrieved from /home/uiliam/virtualenvs/sandbox/lib/python3.8/site-packages/airflow/example_dags/tutorial_etl_dag.py
[2021-11-23 18:27:39,376] {logging_mixin.py:104} INFO - [2021-11-23 18:27:39,375] {dag.py:1832} INFO - Sync 1 DAGs
[2021-11-23 18:27:39,393] {logging_mixin.py:104} INFO - [2021-11-23 18:27:39,393] {dag.py:2305} INFO - Setting next_dagrun for tutorial_etl_dag to None
[2021-11-23 18:27:39,616] {scheduler_job.py:190} INFO - Processing /home/uiliam/virtualenvs/sandbox/lib/python3.8/site-packages/airflow/example_dags/tutorial_etl_dag.py took 0.290 seconds
[2021-11-23 18:28:19,018] {scheduler_job.py:182} INFO - Started process (PID=14529) to work on /home/uiliam/virtualenvs/sandbox/lib/python3.8/site-packages/airflow/example_dags/tutorial_etl_dag.py
[2021-11-23 18:28:19,020] {scheduler_job.py:633} INFO - Processing file /home/uiliam/virtualenvs/sandbox/lib/python3.8/site-packages/airflow/example_dags/tutorial_etl_dag.py for tasks to queue
[2021-11-23 18:28:19,021] {logging_mixin.py:104} INFO - [2021-11-23 18:28:19,021] {dagbag.py:487} INFO - Filling up the DagBag from /home/uiliam/virtualenvs/sandbox/lib/python3.8/site-packages/airflow/example_dags/tutorial_etl_dag.py
[2021-11-23 18:28:19,041] {scheduler_job.py:643} INFO - DAG(s) dict_keys(['tutorial_etl_dag']) retrieved from /home/uiliam/virtualenvs/sandbox/lib/python3.8/site-packages/airflow/example_dags/tutorial_etl_dag.py
[2021-11-23 18:28:19,070] {logging_mixin.py:104} INFO - [2021-11-23 18:28:19,070] {dag.py:1832} INFO - Sync 1 DAGs
[2021-11-23 18:28:19,098] {logging_mixin.py:104} INFO - [2021-11-23 18:28:19,097] {dag.py:2305} INFO - Setting next_dagrun for tutorial_etl_dag to None
[2021-11-23 18:28:19,204] {scheduler_job.py:190} INFO - Processing /home/uiliam/virtualenvs/sandbox/lib/python3.8/site-packages/airflow/example_dags/tutorial_etl_dag.py took 0.191 seconds
[2021-11-23 18:28:54,907] {scheduler_job.py:182} INFO - Started process (PID=14610) to work on /home/uiliam/virtualenvs/sandbox/lib/python3.8/site-packages/airflow/example_dags/tutorial_etl_dag.py
[2021-11-23 18:28:54,908] {scheduler_job.py:633} INFO - Processing file /home/uiliam/virtualenvs/sandbox/lib/python3.8/site-packages/airflow/example_dags/tutorial_etl_dag.py for tasks to queue
[2021-11-23 18:28:54,909] {logging_mixin.py:104} INFO - [2021-11-23 18:28:54,909] {dagbag.py:487} INFO - Filling up the DagBag from /home/uiliam/virtualenvs/sandbox/lib/python3.8/site-packages/airflow/example_dags/tutorial_etl_dag.py
[2021-11-23 18:28:54,930] {scheduler_job.py:643} INFO - DAG(s) dict_keys(['tutorial_etl_dag']) retrieved from /home/uiliam/virtualenvs/sandbox/lib/python3.8/site-packages/airflow/example_dags/tutorial_etl_dag.py
[2021-11-23 18:28:54,967] {logging_mixin.py:104} INFO - [2021-11-23 18:28:54,966] {dag.py:1832} INFO - Sync 1 DAGs
[2021-11-23 18:28:54,995] {logging_mixin.py:104} INFO - [2021-11-23 18:28:54,995] {dag.py:2305} INFO - Setting next_dagrun for tutorial_etl_dag to None
[2021-11-23 18:28:55,119] {scheduler_job.py:190} INFO - Processing /home/uiliam/virtualenvs/sandbox/lib/python3.8/site-packages/airflow/example_dags/tutorial_etl_dag.py took 0.217 seconds
[2021-11-23 18:29:36,841] {scheduler_job.py:182} INFO - Started process (PID=14646) to work on /home/uiliam/virtualenvs/sandbox/lib/python3.8/site-packages/airflow/example_dags/tutorial_etl_dag.py
[2021-11-23 18:29:36,842] {scheduler_job.py:633} INFO - Processing file /home/uiliam/virtualenvs/sandbox/lib/python3.8/site-packages/airflow/example_dags/tutorial_etl_dag.py for tasks to queue
[2021-11-23 18:29:36,843] {logging_mixin.py:104} INFO - [2021-11-23 18:29:36,843] {dagbag.py:487} INFO - Filling up the DagBag from /home/uiliam/virtualenvs/sandbox/lib/python3.8/site-packages/airflow/example_dags/tutorial_etl_dag.py
[2021-11-23 18:29:36,865] {scheduler_job.py:643} INFO - DAG(s) dict_keys(['tutorial_etl_dag']) retrieved from /home/uiliam/virtualenvs/sandbox/lib/python3.8/site-packages/airflow/example_dags/tutorial_etl_dag.py
[2021-11-23 18:29:36,893] {logging_mixin.py:104} INFO - [2021-11-23 18:29:36,893] {dag.py:1832} INFO - Sync 1 DAGs
[2021-11-23 18:29:36,911] {logging_mixin.py:104} INFO - [2021-11-23 18:29:36,911] {dag.py:2305} INFO - Setting next_dagrun for tutorial_etl_dag to None
[2021-11-23 18:29:37,026] {scheduler_job.py:190} INFO - Processing /home/uiliam/virtualenvs/sandbox/lib/python3.8/site-packages/airflow/example_dags/tutorial_etl_dag.py took 0.188 seconds
[2021-11-23 18:30:15,606] {scheduler_job.py:182} INFO - Started process (PID=14688) to work on /home/uiliam/virtualenvs/sandbox/lib/python3.8/site-packages/airflow/example_dags/tutorial_etl_dag.py
[2021-11-23 18:30:15,609] {scheduler_job.py:633} INFO - Processing file /home/uiliam/virtualenvs/sandbox/lib/python3.8/site-packages/airflow/example_dags/tutorial_etl_dag.py for tasks to queue
[2021-11-23 18:30:15,610] {logging_mixin.py:104} INFO - [2021-11-23 18:30:15,610] {dagbag.py:487} INFO - Filling up the DagBag from /home/uiliam/virtualenvs/sandbox/lib/python3.8/site-packages/airflow/example_dags/tutorial_etl_dag.py
[2021-11-23 18:30:15,646] {scheduler_job.py:643} INFO - DAG(s) dict_keys(['tutorial_etl_dag']) retrieved from /home/uiliam/virtualenvs/sandbox/lib/python3.8/site-packages/airflow/example_dags/tutorial_etl_dag.py
[2021-11-23 18:30:15,690] {logging_mixin.py:104} INFO - [2021-11-23 18:30:15,690] {dag.py:1832} INFO - Sync 1 DAGs
[2021-11-23 18:30:15,728] {logging_mixin.py:104} INFO - [2021-11-23 18:30:15,728] {dag.py:2305} INFO - Setting next_dagrun for tutorial_etl_dag to None
[2021-11-23 18:30:15,851] {scheduler_job.py:190} INFO - Processing /home/uiliam/virtualenvs/sandbox/lib/python3.8/site-packages/airflow/example_dags/tutorial_etl_dag.py took 0.255 seconds
[2021-11-23 18:30:55,873] {scheduler_job.py:182} INFO - Started process (PID=14757) to work on /home/uiliam/virtualenvs/sandbox/lib/python3.8/site-packages/airflow/example_dags/tutorial_etl_dag.py
[2021-11-23 18:30:55,875] {scheduler_job.py:633} INFO - Processing file /home/uiliam/virtualenvs/sandbox/lib/python3.8/site-packages/airflow/example_dags/tutorial_etl_dag.py for tasks to queue
[2021-11-23 18:30:55,876] {logging_mixin.py:104} INFO - [2021-11-23 18:30:55,876] {dagbag.py:487} INFO - Filling up the DagBag from /home/uiliam/virtualenvs/sandbox/lib/python3.8/site-packages/airflow/example_dags/tutorial_etl_dag.py
[2021-11-23 18:30:55,899] {scheduler_job.py:643} INFO - DAG(s) dict_keys(['tutorial_etl_dag']) retrieved from /home/uiliam/virtualenvs/sandbox/lib/python3.8/site-packages/airflow/example_dags/tutorial_etl_dag.py
[2021-11-23 18:30:55,926] {logging_mixin.py:104} INFO - [2021-11-23 18:30:55,926] {dag.py:1832} INFO - Sync 1 DAGs
[2021-11-23 18:30:55,961] {logging_mixin.py:104} INFO - [2021-11-23 18:30:55,961] {dag.py:2305} INFO - Setting next_dagrun for tutorial_etl_dag to None
[2021-11-23 18:30:56,151] {scheduler_job.py:190} INFO - Processing /home/uiliam/virtualenvs/sandbox/lib/python3.8/site-packages/airflow/example_dags/tutorial_etl_dag.py took 0.283 seconds
[2021-11-23 18:31:37,831] {scheduler_job.py:182} INFO - Started process (PID=14810) to work on /home/uiliam/virtualenvs/sandbox/lib/python3.8/site-packages/airflow/example_dags/tutorial_etl_dag.py
[2021-11-23 18:31:37,834] {scheduler_job.py:633} INFO - Processing file /home/uiliam/virtualenvs/sandbox/lib/python3.8/site-packages/airflow/example_dags/tutorial_etl_dag.py for tasks to queue
[2021-11-23 18:31:37,836] {logging_mixin.py:104} INFO - [2021-11-23 18:31:37,836] {dagbag.py:487} INFO - Filling up the DagBag from /home/uiliam/virtualenvs/sandbox/lib/python3.8/site-packages/airflow/example_dags/tutorial_etl_dag.py
[2021-11-23 18:31:37,872] {scheduler_job.py:643} INFO - DAG(s) dict_keys(['tutorial_etl_dag']) retrieved from /home/uiliam/virtualenvs/sandbox/lib/python3.8/site-packages/airflow/example_dags/tutorial_etl_dag.py
[2021-11-23 18:31:37,902] {logging_mixin.py:104} INFO - [2021-11-23 18:31:37,902] {dag.py:1832} INFO - Sync 1 DAGs
[2021-11-23 18:31:37,929] {logging_mixin.py:104} INFO - [2021-11-23 18:31:37,929] {dag.py:2305} INFO - Setting next_dagrun for tutorial_etl_dag to None
[2021-11-23 18:31:38,080] {scheduler_job.py:190} INFO - Processing /home/uiliam/virtualenvs/sandbox/lib/python3.8/site-packages/airflow/example_dags/tutorial_etl_dag.py took 0.254 seconds
[2021-11-23 18:32:22,038] {scheduler_job.py:182} INFO - Started process (PID=14851) to work on /home/uiliam/virtualenvs/sandbox/lib/python3.8/site-packages/airflow/example_dags/tutorial_etl_dag.py
[2021-11-23 18:32:22,040] {scheduler_job.py:633} INFO - Processing file /home/uiliam/virtualenvs/sandbox/lib/python3.8/site-packages/airflow/example_dags/tutorial_etl_dag.py for tasks to queue
[2021-11-23 18:32:22,041] {logging_mixin.py:104} INFO - [2021-11-23 18:32:22,041] {dagbag.py:487} INFO - Filling up the DagBag from /home/uiliam/virtualenvs/sandbox/lib/python3.8/site-packages/airflow/example_dags/tutorial_etl_dag.py
[2021-11-23 18:32:22,054] {scheduler_job.py:643} INFO - DAG(s) dict_keys(['tutorial_etl_dag']) retrieved from /home/uiliam/virtualenvs/sandbox/lib/python3.8/site-packages/airflow/example_dags/tutorial_etl_dag.py
[2021-11-23 18:32:22,070] {logging_mixin.py:104} INFO - [2021-11-23 18:32:22,070] {dag.py:1832} INFO - Sync 1 DAGs
[2021-11-23 18:32:22,085] {logging_mixin.py:104} INFO - [2021-11-23 18:32:22,084] {dag.py:2305} INFO - Setting next_dagrun for tutorial_etl_dag to None
[2021-11-23 18:32:22,179] {scheduler_job.py:190} INFO - Processing /home/uiliam/virtualenvs/sandbox/lib/python3.8/site-packages/airflow/example_dags/tutorial_etl_dag.py took 0.145 seconds
