[2021-11-23 18:25:20,344] {scheduler_job.py:182} INFO - Started process (PID=14218) to work on /home/uiliam/virtualenvs/sandbox/lib/python3.8/site-packages/airflow/example_dags/tutorial.py
[2021-11-23 18:25:20,345] {scheduler_job.py:633} INFO - Processing file /home/uiliam/virtualenvs/sandbox/lib/python3.8/site-packages/airflow/example_dags/tutorial.py for tasks to queue
[2021-11-23 18:25:20,346] {logging_mixin.py:104} INFO - [2021-11-23 18:25:20,346] {dagbag.py:487} INFO - Filling up the DagBag from /home/uiliam/virtualenvs/sandbox/lib/python3.8/site-packages/airflow/example_dags/tutorial.py
[2021-11-23 18:25:20,359] {scheduler_job.py:643} INFO - DAG(s) dict_keys(['tutorial']) retrieved from /home/uiliam/virtualenvs/sandbox/lib/python3.8/site-packages/airflow/example_dags/tutorial.py
[2021-11-23 18:25:20,376] {logging_mixin.py:104} INFO - [2021-11-23 18:25:20,375] {dag.py:1832} INFO - Sync 1 DAGs
[2021-11-23 18:25:20,388] {logging_mixin.py:104} INFO - [2021-11-23 18:25:20,388] {dag.py:2305} INFO - Setting next_dagrun for tutorial to 2021-11-21 00:00:00+00:00
[2021-11-23 18:25:20,477] {scheduler_job.py:190} INFO - Processing /home/uiliam/virtualenvs/sandbox/lib/python3.8/site-packages/airflow/example_dags/tutorial.py took 0.137 seconds
[2021-11-23 18:26:04,820] {scheduler_job.py:182} INFO - Started process (PID=14288) to work on /home/uiliam/virtualenvs/sandbox/lib/python3.8/site-packages/airflow/example_dags/tutorial.py
[2021-11-23 18:26:04,821] {scheduler_job.py:633} INFO - Processing file /home/uiliam/virtualenvs/sandbox/lib/python3.8/site-packages/airflow/example_dags/tutorial.py for tasks to queue
[2021-11-23 18:26:04,822] {logging_mixin.py:104} INFO - [2021-11-23 18:26:04,822] {dagbag.py:487} INFO - Filling up the DagBag from /home/uiliam/virtualenvs/sandbox/lib/python3.8/site-packages/airflow/example_dags/tutorial.py
[2021-11-23 18:26:04,836] {scheduler_job.py:643} INFO - DAG(s) dict_keys(['tutorial']) retrieved from /home/uiliam/virtualenvs/sandbox/lib/python3.8/site-packages/airflow/example_dags/tutorial.py
[2021-11-23 18:26:04,854] {logging_mixin.py:104} INFO - [2021-11-23 18:26:04,854] {dag.py:1832} INFO - Sync 1 DAGs
[2021-11-23 18:26:04,867] {logging_mixin.py:104} INFO - [2021-11-23 18:26:04,867] {dag.py:2305} INFO - Setting next_dagrun for tutorial to 2021-11-21 00:00:00+00:00
[2021-11-23 18:26:04,956] {scheduler_job.py:190} INFO - Processing /home/uiliam/virtualenvs/sandbox/lib/python3.8/site-packages/airflow/example_dags/tutorial.py took 0.141 seconds
[2021-11-23 18:26:41,143] {scheduler_job.py:182} INFO - Started process (PID=14338) to work on /home/uiliam/virtualenvs/sandbox/lib/python3.8/site-packages/airflow/example_dags/tutorial.py
[2021-11-23 18:26:41,144] {scheduler_job.py:633} INFO - Processing file /home/uiliam/virtualenvs/sandbox/lib/python3.8/site-packages/airflow/example_dags/tutorial.py for tasks to queue
[2021-11-23 18:26:41,145] {logging_mixin.py:104} INFO - [2021-11-23 18:26:41,145] {dagbag.py:487} INFO - Filling up the DagBag from /home/uiliam/virtualenvs/sandbox/lib/python3.8/site-packages/airflow/example_dags/tutorial.py
[2021-11-23 18:26:41,161] {scheduler_job.py:643} INFO - DAG(s) dict_keys(['tutorial']) retrieved from /home/uiliam/virtualenvs/sandbox/lib/python3.8/site-packages/airflow/example_dags/tutorial.py
[2021-11-23 18:26:41,180] {logging_mixin.py:104} INFO - [2021-11-23 18:26:41,180] {dag.py:1832} INFO - Sync 1 DAGs
[2021-11-23 18:26:41,194] {logging_mixin.py:104} INFO - [2021-11-23 18:26:41,194] {dag.py:2305} INFO - Setting next_dagrun for tutorial to 2021-11-21 00:00:00+00:00
[2021-11-23 18:26:41,299] {scheduler_job.py:190} INFO - Processing /home/uiliam/virtualenvs/sandbox/lib/python3.8/site-packages/airflow/example_dags/tutorial.py took 0.160 seconds
[2021-11-23 18:27:19,163] {scheduler_job.py:182} INFO - Started process (PID=14454) to work on /home/uiliam/virtualenvs/sandbox/lib/python3.8/site-packages/airflow/example_dags/tutorial.py
[2021-11-23 18:27:19,165] {scheduler_job.py:633} INFO - Processing file /home/uiliam/virtualenvs/sandbox/lib/python3.8/site-packages/airflow/example_dags/tutorial.py for tasks to queue
[2021-11-23 18:27:19,166] {logging_mixin.py:104} INFO - [2021-11-23 18:27:19,166] {dagbag.py:487} INFO - Filling up the DagBag from /home/uiliam/virtualenvs/sandbox/lib/python3.8/site-packages/airflow/example_dags/tutorial.py
[2021-11-23 18:27:19,199] {scheduler_job.py:643} INFO - DAG(s) dict_keys(['tutorial']) retrieved from /home/uiliam/virtualenvs/sandbox/lib/python3.8/site-packages/airflow/example_dags/tutorial.py
[2021-11-23 18:27:19,232] {logging_mixin.py:104} INFO - [2021-11-23 18:27:19,232] {dag.py:1832} INFO - Sync 1 DAGs
[2021-11-23 18:27:19,263] {logging_mixin.py:104} INFO - [2021-11-23 18:27:19,263] {dag.py:2305} INFO - Setting next_dagrun for tutorial to 2021-11-21 00:00:00+00:00
[2021-11-23 18:27:19,426] {scheduler_job.py:190} INFO - Processing /home/uiliam/virtualenvs/sandbox/lib/python3.8/site-packages/airflow/example_dags/tutorial.py took 0.271 seconds
[2021-11-23 18:27:57,837] {scheduler_job.py:182} INFO - Started process (PID=14497) to work on /home/uiliam/virtualenvs/sandbox/lib/python3.8/site-packages/airflow/example_dags/tutorial.py
[2021-11-23 18:27:57,838] {scheduler_job.py:633} INFO - Processing file /home/uiliam/virtualenvs/sandbox/lib/python3.8/site-packages/airflow/example_dags/tutorial.py for tasks to queue
[2021-11-23 18:27:57,839] {logging_mixin.py:104} INFO - [2021-11-23 18:27:57,839] {dagbag.py:487} INFO - Filling up the DagBag from /home/uiliam/virtualenvs/sandbox/lib/python3.8/site-packages/airflow/example_dags/tutorial.py
[2021-11-23 18:27:57,854] {scheduler_job.py:643} INFO - DAG(s) dict_keys(['tutorial']) retrieved from /home/uiliam/virtualenvs/sandbox/lib/python3.8/site-packages/airflow/example_dags/tutorial.py
[2021-11-23 18:27:57,871] {logging_mixin.py:104} INFO - [2021-11-23 18:27:57,871] {dag.py:1832} INFO - Sync 1 DAGs
[2021-11-23 18:27:57,885] {logging_mixin.py:104} INFO - [2021-11-23 18:27:57,885] {dag.py:2305} INFO - Setting next_dagrun for tutorial to 2021-11-21 00:00:00+00:00
[2021-11-23 18:27:57,972] {scheduler_job.py:190} INFO - Processing /home/uiliam/virtualenvs/sandbox/lib/python3.8/site-packages/airflow/example_dags/tutorial.py took 0.139 seconds
[2021-11-23 18:28:36,618] {scheduler_job.py:182} INFO - Started process (PID=14592) to work on /home/uiliam/virtualenvs/sandbox/lib/python3.8/site-packages/airflow/example_dags/tutorial.py
[2021-11-23 18:28:36,622] {scheduler_job.py:633} INFO - Processing file /home/uiliam/virtualenvs/sandbox/lib/python3.8/site-packages/airflow/example_dags/tutorial.py for tasks to queue
[2021-11-23 18:28:36,624] {logging_mixin.py:104} INFO - [2021-11-23 18:28:36,623] {dagbag.py:487} INFO - Filling up the DagBag from /home/uiliam/virtualenvs/sandbox/lib/python3.8/site-packages/airflow/example_dags/tutorial.py
[2021-11-23 18:28:36,653] {scheduler_job.py:643} INFO - DAG(s) dict_keys(['tutorial']) retrieved from /home/uiliam/virtualenvs/sandbox/lib/python3.8/site-packages/airflow/example_dags/tutorial.py
[2021-11-23 18:28:36,685] {logging_mixin.py:104} INFO - [2021-11-23 18:28:36,685] {dag.py:1832} INFO - Sync 1 DAGs
[2021-11-23 18:28:36,708] {logging_mixin.py:104} INFO - [2021-11-23 18:28:36,708] {dag.py:2305} INFO - Setting next_dagrun for tutorial to 2021-11-21 00:00:00+00:00
[2021-11-23 18:28:36,806] {scheduler_job.py:190} INFO - Processing /home/uiliam/virtualenvs/sandbox/lib/python3.8/site-packages/airflow/example_dags/tutorial.py took 0.197 seconds
[2021-11-23 18:29:13,460] {scheduler_job.py:182} INFO - Started process (PID=14626) to work on /home/uiliam/virtualenvs/sandbox/lib/python3.8/site-packages/airflow/example_dags/tutorial.py
[2021-11-23 18:29:13,462] {scheduler_job.py:633} INFO - Processing file /home/uiliam/virtualenvs/sandbox/lib/python3.8/site-packages/airflow/example_dags/tutorial.py for tasks to queue
[2021-11-23 18:29:13,466] {logging_mixin.py:104} INFO - [2021-11-23 18:29:13,465] {dagbag.py:487} INFO - Filling up the DagBag from /home/uiliam/virtualenvs/sandbox/lib/python3.8/site-packages/airflow/example_dags/tutorial.py
[2021-11-23 18:29:13,488] {scheduler_job.py:643} INFO - DAG(s) dict_keys(['tutorial']) retrieved from /home/uiliam/virtualenvs/sandbox/lib/python3.8/site-packages/airflow/example_dags/tutorial.py
[2021-11-23 18:29:13,512] {logging_mixin.py:104} INFO - [2021-11-23 18:29:13,512] {dag.py:1832} INFO - Sync 1 DAGs
[2021-11-23 18:29:13,540] {logging_mixin.py:104} INFO - [2021-11-23 18:29:13,540] {dag.py:2305} INFO - Setting next_dagrun for tutorial to 2021-11-21 00:00:00+00:00
[2021-11-23 18:29:13,671] {scheduler_job.py:190} INFO - Processing /home/uiliam/virtualenvs/sandbox/lib/python3.8/site-packages/airflow/example_dags/tutorial.py took 0.217 seconds
[2021-11-23 18:29:55,212] {scheduler_job.py:182} INFO - Started process (PID=14663) to work on /home/uiliam/virtualenvs/sandbox/lib/python3.8/site-packages/airflow/example_dags/tutorial.py
[2021-11-23 18:29:55,215] {scheduler_job.py:633} INFO - Processing file /home/uiliam/virtualenvs/sandbox/lib/python3.8/site-packages/airflow/example_dags/tutorial.py for tasks to queue
[2021-11-23 18:29:55,216] {logging_mixin.py:104} INFO - [2021-11-23 18:29:55,216] {dagbag.py:487} INFO - Filling up the DagBag from /home/uiliam/virtualenvs/sandbox/lib/python3.8/site-packages/airflow/example_dags/tutorial.py
[2021-11-23 18:29:55,239] {scheduler_job.py:643} INFO - DAG(s) dict_keys(['tutorial']) retrieved from /home/uiliam/virtualenvs/sandbox/lib/python3.8/site-packages/airflow/example_dags/tutorial.py
[2021-11-23 18:29:55,271] {logging_mixin.py:104} INFO - [2021-11-23 18:29:55,271] {dag.py:1832} INFO - Sync 1 DAGs
[2021-11-23 18:29:55,292] {logging_mixin.py:104} INFO - [2021-11-23 18:29:55,292] {dag.py:2305} INFO - Setting next_dagrun for tutorial to 2021-11-21 00:00:00+00:00
[2021-11-23 18:29:55,413] {scheduler_job.py:190} INFO - Processing /home/uiliam/virtualenvs/sandbox/lib/python3.8/site-packages/airflow/example_dags/tutorial.py took 0.205 seconds
[2021-11-23 18:30:34,620] {scheduler_job.py:182} INFO - Started process (PID=14725) to work on /home/uiliam/virtualenvs/sandbox/lib/python3.8/site-packages/airflow/example_dags/tutorial.py
[2021-11-23 18:30:34,622] {scheduler_job.py:633} INFO - Processing file /home/uiliam/virtualenvs/sandbox/lib/python3.8/site-packages/airflow/example_dags/tutorial.py for tasks to queue
[2021-11-23 18:30:34,624] {logging_mixin.py:104} INFO - [2021-11-23 18:30:34,623] {dagbag.py:487} INFO - Filling up the DagBag from /home/uiliam/virtualenvs/sandbox/lib/python3.8/site-packages/airflow/example_dags/tutorial.py
[2021-11-23 18:30:34,651] {scheduler_job.py:643} INFO - DAG(s) dict_keys(['tutorial']) retrieved from /home/uiliam/virtualenvs/sandbox/lib/python3.8/site-packages/airflow/example_dags/tutorial.py
[2021-11-23 18:30:34,678] {logging_mixin.py:104} INFO - [2021-11-23 18:30:34,678] {dag.py:1832} INFO - Sync 1 DAGs
[2021-11-23 18:30:34,708] {logging_mixin.py:104} INFO - [2021-11-23 18:30:34,708] {dag.py:2305} INFO - Setting next_dagrun for tutorial to 2021-11-21 00:00:00+00:00
[2021-11-23 18:30:34,824] {scheduler_job.py:190} INFO - Processing /home/uiliam/virtualenvs/sandbox/lib/python3.8/site-packages/airflow/example_dags/tutorial.py took 0.207 seconds
[2021-11-23 18:31:14,694] {scheduler_job.py:182} INFO - Started process (PID=14781) to work on /home/uiliam/virtualenvs/sandbox/lib/python3.8/site-packages/airflow/example_dags/tutorial.py
[2021-11-23 18:31:14,696] {scheduler_job.py:633} INFO - Processing file /home/uiliam/virtualenvs/sandbox/lib/python3.8/site-packages/airflow/example_dags/tutorial.py for tasks to queue
[2021-11-23 18:31:14,698] {logging_mixin.py:104} INFO - [2021-11-23 18:31:14,697] {dagbag.py:487} INFO - Filling up the DagBag from /home/uiliam/virtualenvs/sandbox/lib/python3.8/site-packages/airflow/example_dags/tutorial.py
[2021-11-23 18:31:14,738] {scheduler_job.py:643} INFO - DAG(s) dict_keys(['tutorial']) retrieved from /home/uiliam/virtualenvs/sandbox/lib/python3.8/site-packages/airflow/example_dags/tutorial.py
[2021-11-23 18:31:14,775] {logging_mixin.py:104} INFO - [2021-11-23 18:31:14,775] {dag.py:1832} INFO - Sync 1 DAGs
[2021-11-23 18:31:14,814] {logging_mixin.py:104} INFO - [2021-11-23 18:31:14,814] {dag.py:2305} INFO - Setting next_dagrun for tutorial to 2021-11-21 00:00:00+00:00
[2021-11-23 18:31:14,907] {scheduler_job.py:190} INFO - Processing /home/uiliam/virtualenvs/sandbox/lib/python3.8/site-packages/airflow/example_dags/tutorial.py took 0.221 seconds
[2021-11-23 18:31:56,360] {scheduler_job.py:182} INFO - Started process (PID=14827) to work on /home/uiliam/virtualenvs/sandbox/lib/python3.8/site-packages/airflow/example_dags/tutorial.py
[2021-11-23 18:31:56,362] {scheduler_job.py:633} INFO - Processing file /home/uiliam/virtualenvs/sandbox/lib/python3.8/site-packages/airflow/example_dags/tutorial.py for tasks to queue
[2021-11-23 18:31:56,363] {logging_mixin.py:104} INFO - [2021-11-23 18:31:56,362] {dagbag.py:487} INFO - Filling up the DagBag from /home/uiliam/virtualenvs/sandbox/lib/python3.8/site-packages/airflow/example_dags/tutorial.py
[2021-11-23 18:31:56,395] {scheduler_job.py:643} INFO - DAG(s) dict_keys(['tutorial']) retrieved from /home/uiliam/virtualenvs/sandbox/lib/python3.8/site-packages/airflow/example_dags/tutorial.py
[2021-11-23 18:31:56,430] {logging_mixin.py:104} INFO - [2021-11-23 18:31:56,430] {dag.py:1832} INFO - Sync 1 DAGs
[2021-11-23 18:31:56,465] {logging_mixin.py:104} INFO - [2021-11-23 18:31:56,465] {dag.py:2305} INFO - Setting next_dagrun for tutorial to 2021-11-21 00:00:00+00:00
[2021-11-23 18:31:56,588] {scheduler_job.py:190} INFO - Processing /home/uiliam/virtualenvs/sandbox/lib/python3.8/site-packages/airflow/example_dags/tutorial.py took 0.234 seconds
[2021-11-23 18:32:39,824] {scheduler_job.py:182} INFO - Started process (PID=14927) to work on /home/uiliam/virtualenvs/sandbox/lib/python3.8/site-packages/airflow/example_dags/tutorial.py
[2021-11-23 18:32:39,826] {scheduler_job.py:633} INFO - Processing file /home/uiliam/virtualenvs/sandbox/lib/python3.8/site-packages/airflow/example_dags/tutorial.py for tasks to queue
[2021-11-23 18:32:39,826] {logging_mixin.py:104} INFO - [2021-11-23 18:32:39,826] {dagbag.py:487} INFO - Filling up the DagBag from /home/uiliam/virtualenvs/sandbox/lib/python3.8/site-packages/airflow/example_dags/tutorial.py
[2021-11-23 18:32:39,840] {scheduler_job.py:643} INFO - DAG(s) dict_keys(['tutorial']) retrieved from /home/uiliam/virtualenvs/sandbox/lib/python3.8/site-packages/airflow/example_dags/tutorial.py
[2021-11-23 18:32:39,858] {logging_mixin.py:104} INFO - [2021-11-23 18:32:39,858] {dag.py:1832} INFO - Sync 1 DAGs
[2021-11-23 18:32:39,871] {logging_mixin.py:104} INFO - [2021-11-23 18:32:39,871] {dag.py:2305} INFO - Setting next_dagrun for tutorial to 2021-11-21 00:00:00+00:00
[2021-11-23 18:32:40,112] {scheduler_job.py:190} INFO - Processing /home/uiliam/virtualenvs/sandbox/lib/python3.8/site-packages/airflow/example_dags/tutorial.py took 0.291 seconds
