[2022-01-28 20:23:03,263] {taskinstance.py:1032} INFO - Dependencies all met for <TaskInstance: xcom_dag.processing_tasks.training_model_c manual__2022-01-28T23:22:59.026255+00:00 [queued]>
[2022-01-28 20:23:03,281] {taskinstance.py:1032} INFO - Dependencies all met for <TaskInstance: xcom_dag.processing_tasks.training_model_c manual__2022-01-28T23:22:59.026255+00:00 [queued]>
[2022-01-28 20:23:03,281] {taskinstance.py:1238} INFO - 
--------------------------------------------------------------------------------
[2022-01-28 20:23:03,282] {taskinstance.py:1239} INFO - Starting attempt 1 of 1
[2022-01-28 20:23:03,282] {taskinstance.py:1240} INFO - 
--------------------------------------------------------------------------------
[2022-01-28 20:23:03,296] {taskinstance.py:1259} INFO - Executing <Task(PythonOperator): processing_tasks.training_model_c> on 2022-01-28 23:22:59.026255+00:00
[2022-01-28 20:23:03,302] {standard_task_runner.py:52} INFO - Started process 216297 to run task
[2022-01-28 20:23:03,304] {standard_task_runner.py:76} INFO - Running: ['airflow', 'tasks', 'run', 'xcom_dag', 'processing_tasks.training_model_c', 'manual__2022-01-28T23:22:59.026255+00:00', '--job-id', '1007', '--raw', '--subdir', 'DAGS_FOLDER/xcom_dag.py', '--cfg-path', '/tmp/tmp22qqx6oy', '--error-file', '/tmp/tmpde05zgj5']
[2022-01-28 20:23:03,305] {standard_task_runner.py:77} INFO - Job 1007: Subtask processing_tasks.training_model_c
[2022-01-28 20:23:03,387] {logging_mixin.py:109} INFO - Running <TaskInstance: xcom_dag.processing_tasks.training_model_c manual__2022-01-28T23:22:59.026255+00:00 [running]> on host uiliam-Vostro-15-3515
[2022-01-28 20:23:03,462] {taskinstance.py:1424} INFO - Exporting the following env vars:
AIRFLOW_CTX_DAG_OWNER=airflow
AIRFLOW_CTX_DAG_ID=xcom_dag
AIRFLOW_CTX_TASK_ID=processing_tasks.training_model_c
AIRFLOW_CTX_EXECUTION_DATE=2022-01-28T23:22:59.026255+00:00
AIRFLOW_CTX_DAG_RUN_ID=manual__2022-01-28T23:22:59.026255+00:00
[2022-01-28 20:23:03,463] {logging_mixin.py:109} INFO - model's accuracy: 1.506033065977018
[2022-01-28 20:23:03,476] {python.py:175} INFO - Done. Returned value was: None
[2022-01-28 20:23:03,486] {taskinstance.py:1267} INFO - Marking task as SUCCESS. dag_id=xcom_dag, task_id=processing_tasks.training_model_c, execution_date=20220128T232259, start_date=20220128T232303, end_date=20220128T232303
[2022-01-28 20:23:03,517] {local_task_job.py:154} INFO - Task exited with return code 0
[2022-01-28 20:23:03,566] {local_task_job.py:264} INFO - 1 downstream tasks scheduled from follow-on schedule check
