[2022-01-26 23:30:59,321] {taskinstance.py:1032} INFO - Dependencies all met for <TaskInstance: parallel_dag.task_2 scheduled__2022-01-26T00:00:00+00:00 [queued]>
[2022-01-26 23:30:59,334] {taskinstance.py:1032} INFO - Dependencies all met for <TaskInstance: parallel_dag.task_2 scheduled__2022-01-26T00:00:00+00:00 [queued]>
[2022-01-26 23:30:59,334] {taskinstance.py:1238} INFO - 
--------------------------------------------------------------------------------
[2022-01-26 23:30:59,334] {taskinstance.py:1239} INFO - Starting attempt 1 of 1
[2022-01-26 23:30:59,334] {taskinstance.py:1240} INFO - 
--------------------------------------------------------------------------------
[2022-01-26 23:30:59,353] {taskinstance.py:1259} INFO - Executing <Task(BashOperator): task_2> on 2022-01-26 00:00:00+00:00
[2022-01-26 23:30:59,360] {standard_task_runner.py:52} INFO - Started process 18806 to run task
[2022-01-26 23:30:59,368] {standard_task_runner.py:76} INFO - Running: ['airflow', 'tasks', 'run', 'parallel_dag', 'task_2', 'scheduled__2022-01-26T00:00:00+00:00', '--job-id', '928', '--raw', '--subdir', 'DAGS_FOLDER/parallel_dag.py', '--cfg-path', '/tmp/tmphhgmwq0_', '--error-file', '/tmp/tmpysxnwxba']
[2022-01-26 23:30:59,368] {standard_task_runner.py:77} INFO - Job 928: Subtask task_2
[2022-01-26 23:30:59,444] {logging_mixin.py:109} INFO - Running <TaskInstance: parallel_dag.task_2 scheduled__2022-01-26T00:00:00+00:00 [running]> on host uiliam-Vostro-15-3515
[2022-01-26 23:30:59,527] {taskinstance.py:1424} INFO - Exporting the following env vars:
AIRFLOW_CTX_DAG_OWNER=airflow
AIRFLOW_CTX_DAG_ID=parallel_dag
AIRFLOW_CTX_TASK_ID=task_2
AIRFLOW_CTX_EXECUTION_DATE=2022-01-26T00:00:00+00:00
AIRFLOW_CTX_DAG_RUN_ID=scheduled__2022-01-26T00:00:00+00:00
[2022-01-26 23:30:59,528] {subprocess.py:62} INFO - Tmp dir root location: 
 /tmp
[2022-01-26 23:30:59,528] {subprocess.py:74} INFO - Running command: ['bash', '-c', 'sleep 3']
[2022-01-26 23:30:59,545] {subprocess.py:85} INFO - Output:
[2022-01-26 23:31:02,546] {subprocess.py:93} INFO - Command exited with return code 0
[2022-01-26 23:31:02,579] {taskinstance.py:1267} INFO - Marking task as SUCCESS. dag_id=parallel_dag, task_id=task_2, execution_date=20220126T000000, start_date=20220127T023059, end_date=20220127T023102
[2022-01-26 23:31:02,630] {local_task_job.py:154} INFO - Task exited with return code 0
[2022-01-26 23:31:02,670] {local_task_job.py:264} INFO - 1 downstream tasks scheduled from follow-on schedule check
