[2021-11-25 13:43:28,797] {taskinstance.py:876} INFO - Dependencies all met for <TaskInstance: user_processing.is_api_available 2021-11-24T00:00:00+00:00 [queued]>
[2021-11-25 13:43:28,817] {taskinstance.py:876} INFO - Dependencies all met for <TaskInstance: user_processing.is_api_available 2021-11-24T00:00:00+00:00 [queued]>
[2021-11-25 13:43:28,817] {taskinstance.py:1067} INFO - 
--------------------------------------------------------------------------------
[2021-11-25 13:43:28,817] {taskinstance.py:1068} INFO - Starting attempt 1 of 1
[2021-11-25 13:43:28,817] {taskinstance.py:1069} INFO - 
--------------------------------------------------------------------------------
[2021-11-25 13:43:28,958] {taskinstance.py:1087} INFO - Executing <Task(HttpSensor): is_api_available> on 2021-11-24T00:00:00+00:00
[2021-11-25 13:43:28,966] {standard_task_runner.py:52} INFO - Started process 10761 to run task
[2021-11-25 13:43:28,985] {standard_task_runner.py:76} INFO - Running: ['airflow', 'tasks', 'run', 'user_processing', 'is_api_available', '2021-11-24T00:00:00+00:00', '--job-id', '9', '--pool', 'default_pool', '--raw', '--subdir', 'DAGS_FOLDER/user_processing.py', '--cfg-path', '/tmp/tmpxgv1t725', '--error-file', '/tmp/tmplmf40zq5']
[2021-11-25 13:43:28,986] {standard_task_runner.py:77} INFO - Job 9: Subtask is_api_available
[2021-11-25 13:43:29,197] {logging_mixin.py:104} INFO - Running <TaskInstance: user_processing.is_api_available 2021-11-24T00:00:00+00:00 [running]> on host uiliam-Lenovo-G40-70
[2021-11-25 13:43:29,495] {taskinstance.py:1280} INFO - Exporting the following env vars:
AIRFLOW_CTX_DAG_OWNER=airflow
AIRFLOW_CTX_DAG_ID=user_processing
AIRFLOW_CTX_TASK_ID=is_api_available
AIRFLOW_CTX_EXECUTION_DATE=2021-11-24T00:00:00+00:00
AIRFLOW_CTX_DAG_RUN_ID=scheduled__2021-11-24T00:00:00+00:00
[2021-11-25 13:43:29,496] {http.py:101} INFO - Poking: api/
[2021-11-25 13:43:29,508] {base.py:69} INFO - Using connection to: id: user_api. Host: https://randomuser.me/, Port: None, Schema: , Login: , Password: ***, extra: {}
[2021-11-25 13:43:29,514] {http.py:140} INFO - Sending 'GET' to url: https://randomuser.me/api/
[2021-11-25 13:43:30,650] {base.py:243} INFO - Success criteria met. Exiting.
[2021-11-25 13:43:30,663] {taskinstance.py:1184} INFO - Marking task as SUCCESS. dag_id=user_processing, task_id=is_api_available, execution_date=20211124T000000, start_date=20211125T164328, end_date=20211125T164330
[2021-11-25 13:43:30,950] {taskinstance.py:1245} INFO - 1 downstream tasks scheduled from follow-on schedule check
[2021-11-25 13:43:30,998] {local_task_job.py:151} INFO - Task exited with return code 0
