[2022-01-28 19:34:22,021] {taskinstance.py:1032} INFO - Dependencies all met for <TaskInstance: xcom_dag.downloading_data manual__2022-01-28T05:47:44.856139+00:00 [queued]>
[2022-01-28 19:34:22,035] {taskinstance.py:1032} INFO - Dependencies all met for <TaskInstance: xcom_dag.downloading_data manual__2022-01-28T05:47:44.856139+00:00 [queued]>
[2022-01-28 19:34:22,036] {taskinstance.py:1238} INFO - 
--------------------------------------------------------------------------------
[2022-01-28 19:34:22,036] {taskinstance.py:1239} INFO - Starting attempt 2 of 2
[2022-01-28 19:34:22,036] {taskinstance.py:1240} INFO - 
--------------------------------------------------------------------------------
[2022-01-28 19:34:22,051] {taskinstance.py:1259} INFO - Executing <Task(BashOperator): downloading_data> on 2022-01-28 05:47:44.856139+00:00
[2022-01-28 19:34:22,054] {standard_task_runner.py:52} INFO - Started process 203637 to run task
[2022-01-28 19:34:22,059] {standard_task_runner.py:76} INFO - Running: ['airflow', 'tasks', 'run', 'xcom_dag', 'downloading_data', 'manual__2022-01-28T05:47:44.856139+00:00', '--job-id', '967', '--raw', '--subdir', 'DAGS_FOLDER/xcom_dag.py', '--cfg-path', '/tmp/tmp31bfd226', '--error-file', '/tmp/tmpt_cdu483']
[2022-01-28 19:34:22,060] {standard_task_runner.py:77} INFO - Job 967: Subtask downloading_data
[2022-01-28 19:34:22,134] {logging_mixin.py:109} INFO - Running <TaskInstance: xcom_dag.downloading_data manual__2022-01-28T05:47:44.856139+00:00 [running]> on host uiliam-Vostro-15-3515
[2022-01-28 19:34:22,221] {taskinstance.py:1424} INFO - Exporting the following env vars:
AIRFLOW_CTX_DAG_OWNER=airflow
AIRFLOW_CTX_DAG_ID=xcom_dag
AIRFLOW_CTX_TASK_ID=downloading_data
AIRFLOW_CTX_EXECUTION_DATE=2022-01-28T05:47:44.856139+00:00
AIRFLOW_CTX_DAG_RUN_ID=manual__2022-01-28T05:47:44.856139+00:00
[2022-01-28 19:34:22,223] {subprocess.py:62} INFO - Tmp dir root location: 
 /tmp
[2022-01-28 19:34:22,224] {subprocess.py:74} INFO - Running command: ['bash', '-c', 'sleep 3']
[2022-01-28 19:34:22,235] {subprocess.py:85} INFO - Output:
[2022-01-28 19:34:25,237] {subprocess.py:93} INFO - Command exited with return code 0
[2022-01-28 19:34:25,278] {taskinstance.py:1267} INFO - Marking task as SUCCESS. dag_id=xcom_dag, task_id=downloading_data, execution_date=20220128T054744, start_date=20220128T223422, end_date=20220128T223425
[2022-01-28 19:34:25,320] {local_task_job.py:154} INFO - Task exited with return code 0
[2022-01-28 19:34:25,372] {local_task_job.py:264} INFO - 0 downstream tasks scheduled from follow-on schedule check
