[2022-01-28 22:45:33,825] {taskinstance.py:1032} INFO - Dependencies all met for <TaskInstance: xcom_dag.processing_tasks.training_model_b manual__2022-01-29T01:45:28.924474+00:00 [queued]>
[2022-01-28 22:45:33,834] {taskinstance.py:1032} INFO - Dependencies all met for <TaskInstance: xcom_dag.processing_tasks.training_model_b manual__2022-01-29T01:45:28.924474+00:00 [queued]>
[2022-01-28 22:45:33,834] {taskinstance.py:1238} INFO - 
--------------------------------------------------------------------------------
[2022-01-28 22:45:33,834] {taskinstance.py:1239} INFO - Starting attempt 1 of 1
[2022-01-28 22:45:33,834] {taskinstance.py:1240} INFO - 
--------------------------------------------------------------------------------
[2022-01-28 22:45:33,844] {taskinstance.py:1259} INFO - Executing <Task(PythonOperator): processing_tasks.training_model_b> on 2022-01-29 01:45:28.924474+00:00
[2022-01-28 22:45:33,848] {standard_task_runner.py:52} INFO - Started process 245176 to run task
[2022-01-28 22:45:33,853] {standard_task_runner.py:76} INFO - Running: ['airflow', 'tasks', 'run', 'xcom_dag', 'processing_tasks.training_model_b', 'manual__2022-01-29T01:45:28.924474+00:00', '--job-id', '1060', '--raw', '--subdir', 'DAGS_FOLDER/xcom_dag.py', '--cfg-path', '/tmp/tmpsjfz7zs0', '--error-file', '/tmp/tmpqjmu7cm3']
[2022-01-28 22:45:33,854] {standard_task_runner.py:77} INFO - Job 1060: Subtask processing_tasks.training_model_b
[2022-01-28 22:45:33,916] {logging_mixin.py:109} INFO - Running <TaskInstance: xcom_dag.processing_tasks.training_model_b manual__2022-01-29T01:45:28.924474+00:00 [running]> on host uiliam-Vostro-15-3515
[2022-01-28 22:45:33,993] {taskinstance.py:1424} INFO - Exporting the following env vars:
AIRFLOW_CTX_DAG_OWNER=airflow
AIRFLOW_CTX_DAG_ID=xcom_dag
AIRFLOW_CTX_TASK_ID=processing_tasks.training_model_b
AIRFLOW_CTX_EXECUTION_DATE=2022-01-29T01:45:28.924474+00:00
AIRFLOW_CTX_DAG_RUN_ID=manual__2022-01-29T01:45:28.924474+00:00
[2022-01-28 22:45:33,994] {logging_mixin.py:109} INFO - model's accuracy: 2.7035238488813853
[2022-01-28 22:45:34,002] {python.py:175} INFO - Done. Returned value was: None
[2022-01-28 22:45:34,021] {taskinstance.py:1267} INFO - Marking task as SUCCESS. dag_id=xcom_dag, task_id=processing_tasks.training_model_b, execution_date=20220129T014528, start_date=20220129T014533, end_date=20220129T014534
[2022-01-28 22:45:34,064] {local_task_job.py:154} INFO - Task exited with return code 0
[2022-01-28 22:45:34,122] {local_task_job.py:264} INFO - 1 downstream tasks scheduled from follow-on schedule check
