[2022-01-28 20:49:58,798] {taskinstance.py:1032} INFO - Dependencies all met for <TaskInstance: xcom_dag.processing_tasks.training_model_c manual__2022-01-28T23:49:52.996846+00:00 [queued]>
[2022-01-28 20:49:58,814] {taskinstance.py:1032} INFO - Dependencies all met for <TaskInstance: xcom_dag.processing_tasks.training_model_c manual__2022-01-28T23:49:52.996846+00:00 [queued]>
[2022-01-28 20:49:58,814] {taskinstance.py:1238} INFO - 
--------------------------------------------------------------------------------
[2022-01-28 20:49:58,815] {taskinstance.py:1239} INFO - Starting attempt 1 of 1
[2022-01-28 20:49:58,815] {taskinstance.py:1240} INFO - 
--------------------------------------------------------------------------------
[2022-01-28 20:49:58,829] {taskinstance.py:1259} INFO - Executing <Task(PythonOperator): processing_tasks.training_model_c> on 2022-01-28 23:49:52.996846+00:00
[2022-01-28 20:49:58,834] {standard_task_runner.py:52} INFO - Started process 222276 to run task
[2022-01-28 20:49:58,838] {standard_task_runner.py:76} INFO - Running: ['airflow', 'tasks', 'run', 'xcom_dag', 'processing_tasks.training_model_c', 'manual__2022-01-28T23:49:52.996846+00:00', '--job-id', '1012', '--raw', '--subdir', 'DAGS_FOLDER/xcom_dag.py', '--cfg-path', '/tmp/tmpujs7ttmm', '--error-file', '/tmp/tmprwrdn4rd']
[2022-01-28 20:49:58,839] {standard_task_runner.py:77} INFO - Job 1012: Subtask processing_tasks.training_model_c
[2022-01-28 20:49:58,906] {logging_mixin.py:109} INFO - Running <TaskInstance: xcom_dag.processing_tasks.training_model_c manual__2022-01-28T23:49:52.996846+00:00 [running]> on host uiliam-Vostro-15-3515
[2022-01-28 20:49:58,975] {taskinstance.py:1424} INFO - Exporting the following env vars:
AIRFLOW_CTX_DAG_OWNER=airflow
AIRFLOW_CTX_DAG_ID=xcom_dag
AIRFLOW_CTX_TASK_ID=processing_tasks.training_model_c
AIRFLOW_CTX_EXECUTION_DATE=2022-01-28T23:49:52.996846+00:00
AIRFLOW_CTX_DAG_RUN_ID=manual__2022-01-28T23:49:52.996846+00:00
[2022-01-28 20:49:58,976] {logging_mixin.py:109} INFO - model's accuracy: 6.8468341921812765
[2022-01-28 20:49:58,989] {python.py:175} INFO - Done. Returned value was: None
[2022-01-28 20:49:59,016] {taskinstance.py:1267} INFO - Marking task as SUCCESS. dag_id=xcom_dag, task_id=processing_tasks.training_model_c, execution_date=20220128T234952, start_date=20220128T234958, end_date=20220128T234959
[2022-01-28 20:49:59,049] {local_task_job.py:154} INFO - Task exited with return code 0
[2022-01-28 20:49:59,095] {local_task_job.py:264} INFO - 0 downstream tasks scheduled from follow-on schedule check
