[2022-01-28 20:53:02,523] {taskinstance.py:1032} INFO - Dependencies all met for <TaskInstance: xcom_dag.processing_tasks.training_model_c manual__2022-01-28T23:49:52.996846+00:00 [queued]>
[2022-01-28 20:53:02,537] {taskinstance.py:1032} INFO - Dependencies all met for <TaskInstance: xcom_dag.processing_tasks.training_model_c manual__2022-01-28T23:49:52.996846+00:00 [queued]>
[2022-01-28 20:53:02,537] {taskinstance.py:1238} INFO - 
--------------------------------------------------------------------------------
[2022-01-28 20:53:02,537] {taskinstance.py:1239} INFO - Starting attempt 2 of 2
[2022-01-28 20:53:02,537] {taskinstance.py:1240} INFO - 
--------------------------------------------------------------------------------
[2022-01-28 20:53:02,551] {taskinstance.py:1259} INFO - Executing <Task(PythonOperator): processing_tasks.training_model_c> on 2022-01-28 23:49:52.996846+00:00
[2022-01-28 20:53:02,555] {standard_task_runner.py:52} INFO - Started process 223693 to run task
[2022-01-28 20:53:02,557] {standard_task_runner.py:76} INFO - Running: ['airflow', 'tasks', 'run', 'xcom_dag', 'processing_tasks.training_model_c', 'manual__2022-01-28T23:49:52.996846+00:00', '--job-id', '1018', '--raw', '--subdir', 'DAGS_FOLDER/xcom_dag.py', '--cfg-path', '/tmp/tmp2ar1acen', '--error-file', '/tmp/tmpxvno_k5u']
[2022-01-28 20:53:02,558] {standard_task_runner.py:77} INFO - Job 1018: Subtask processing_tasks.training_model_c
[2022-01-28 20:53:02,637] {logging_mixin.py:109} INFO - Running <TaskInstance: xcom_dag.processing_tasks.training_model_c manual__2022-01-28T23:49:52.996846+00:00 [running]> on host uiliam-Vostro-15-3515
[2022-01-28 20:53:02,717] {taskinstance.py:1424} INFO - Exporting the following env vars:
AIRFLOW_CTX_DAG_OWNER=airflow
AIRFLOW_CTX_DAG_ID=xcom_dag
AIRFLOW_CTX_TASK_ID=processing_tasks.training_model_c
AIRFLOW_CTX_EXECUTION_DATE=2022-01-28T23:49:52.996846+00:00
AIRFLOW_CTX_DAG_RUN_ID=manual__2022-01-28T23:49:52.996846+00:00
[2022-01-28 20:53:02,718] {logging_mixin.py:109} INFO - model's accuracy: 3.9199167705900386
[2022-01-28 20:53:02,729] {python.py:175} INFO - Done. Returned value was: None
[2022-01-28 20:53:02,746] {taskinstance.py:1267} INFO - Marking task as SUCCESS. dag_id=xcom_dag, task_id=processing_tasks.training_model_c, execution_date=20220128T234952, start_date=20220128T235302, end_date=20220128T235302
[2022-01-28 20:53:02,774] {local_task_job.py:154} INFO - Task exited with return code 0
[2022-01-28 20:53:02,822] {local_task_job.py:264} INFO - 0 downstream tasks scheduled from follow-on schedule check
