[2022-01-28 20:53:02,563] {taskinstance.py:1032} INFO - Dependencies all met for <TaskInstance: xcom_dag.processing_tasks.training_model_a manual__2022-01-28T23:49:52.996846+00:00 [queued]>
[2022-01-28 20:53:02,577] {taskinstance.py:1032} INFO - Dependencies all met for <TaskInstance: xcom_dag.processing_tasks.training_model_a manual__2022-01-28T23:49:52.996846+00:00 [queued]>
[2022-01-28 20:53:02,578] {taskinstance.py:1238} INFO - 
--------------------------------------------------------------------------------
[2022-01-28 20:53:02,578] {taskinstance.py:1239} INFO - Starting attempt 2 of 2
[2022-01-28 20:53:02,578] {taskinstance.py:1240} INFO - 
--------------------------------------------------------------------------------
[2022-01-28 20:53:02,595] {taskinstance.py:1259} INFO - Executing <Task(PythonOperator): processing_tasks.training_model_a> on 2022-01-28 23:49:52.996846+00:00
[2022-01-28 20:53:02,603] {standard_task_runner.py:52} INFO - Started process 223697 to run task
[2022-01-28 20:53:02,607] {standard_task_runner.py:76} INFO - Running: ['airflow', 'tasks', 'run', 'xcom_dag', 'processing_tasks.training_model_a', 'manual__2022-01-28T23:49:52.996846+00:00', '--job-id', '1017', '--raw', '--subdir', 'DAGS_FOLDER/xcom_dag.py', '--cfg-path', '/tmp/tmp49f6alop', '--error-file', '/tmp/tmppx3k7598']
[2022-01-28 20:53:02,608] {standard_task_runner.py:77} INFO - Job 1017: Subtask processing_tasks.training_model_a
[2022-01-28 20:53:02,673] {logging_mixin.py:109} INFO - Running <TaskInstance: xcom_dag.processing_tasks.training_model_a manual__2022-01-28T23:49:52.996846+00:00 [running]> on host uiliam-Vostro-15-3515
[2022-01-28 20:53:02,740] {taskinstance.py:1424} INFO - Exporting the following env vars:
AIRFLOW_CTX_DAG_OWNER=airflow
AIRFLOW_CTX_DAG_ID=xcom_dag
AIRFLOW_CTX_TASK_ID=processing_tasks.training_model_a
AIRFLOW_CTX_EXECUTION_DATE=2022-01-28T23:49:52.996846+00:00
AIRFLOW_CTX_DAG_RUN_ID=manual__2022-01-28T23:49:52.996846+00:00
[2022-01-28 20:53:02,740] {logging_mixin.py:109} INFO - model's accuracy: 7.008862551937711
[2022-01-28 20:53:02,751] {python.py:175} INFO - Done. Returned value was: None
[2022-01-28 20:53:02,764] {taskinstance.py:1267} INFO - Marking task as SUCCESS. dag_id=xcom_dag, task_id=processing_tasks.training_model_a, execution_date=20220128T234952, start_date=20220128T235302, end_date=20220128T235302
[2022-01-28 20:53:02,818] {local_task_job.py:154} INFO - Task exited with return code 0
[2022-01-28 20:53:02,859] {local_task_job.py:264} INFO - 1 downstream tasks scheduled from follow-on schedule check
