[2022-01-28 20:54:26,301] {taskinstance.py:1032} INFO - Dependencies all met for <TaskInstance: xcom_dag.downloading_data manual__2022-01-28T23:53:01.536064+00:00 [queued]>
[2022-01-28 20:54:26,314] {taskinstance.py:1032} INFO - Dependencies all met for <TaskInstance: xcom_dag.downloading_data manual__2022-01-28T23:53:01.536064+00:00 [queued]>
[2022-01-28 20:54:26,314] {taskinstance.py:1238} INFO - 
--------------------------------------------------------------------------------
[2022-01-28 20:54:26,314] {taskinstance.py:1239} INFO - Starting attempt 2 of 2
[2022-01-28 20:54:26,314] {taskinstance.py:1240} INFO - 
--------------------------------------------------------------------------------
[2022-01-28 20:54:26,325] {taskinstance.py:1259} INFO - Executing <Task(BashOperator): downloading_data> on 2022-01-28 23:53:01.536064+00:00
[2022-01-28 20:54:26,328] {standard_task_runner.py:52} INFO - Started process 224670 to run task
[2022-01-28 20:54:26,332] {standard_task_runner.py:76} INFO - Running: ['airflow', 'tasks', 'run', 'xcom_dag', 'downloading_data', 'manual__2022-01-28T23:53:01.536064+00:00', '--job-id', '1025', '--raw', '--subdir', 'DAGS_FOLDER/xcom_dag.py', '--cfg-path', '/tmp/tmpqvl0k28y', '--error-file', '/tmp/tmpkk3tb4hd']
[2022-01-28 20:54:26,333] {standard_task_runner.py:77} INFO - Job 1025: Subtask downloading_data
[2022-01-28 20:54:26,397] {logging_mixin.py:109} INFO - Running <TaskInstance: xcom_dag.downloading_data manual__2022-01-28T23:53:01.536064+00:00 [running]> on host uiliam-Vostro-15-3515
[2022-01-28 20:54:26,458] {taskinstance.py:1424} INFO - Exporting the following env vars:
AIRFLOW_CTX_DAG_OWNER=airflow
AIRFLOW_CTX_DAG_ID=xcom_dag
AIRFLOW_CTX_TASK_ID=downloading_data
AIRFLOW_CTX_EXECUTION_DATE=2022-01-28T23:53:01.536064+00:00
AIRFLOW_CTX_DAG_RUN_ID=manual__2022-01-28T23:53:01.536064+00:00
[2022-01-28 20:54:26,459] {subprocess.py:62} INFO - Tmp dir root location: 
 /tmp
[2022-01-28 20:54:26,459] {subprocess.py:74} INFO - Running command: ['bash', '-c', 'sleep 3']
[2022-01-28 20:54:26,470] {subprocess.py:85} INFO - Output:
[2022-01-28 20:54:29,473] {subprocess.py:93} INFO - Command exited with return code 0
[2022-01-28 20:54:29,493] {taskinstance.py:1267} INFO - Marking task as SUCCESS. dag_id=xcom_dag, task_id=downloading_data, execution_date=20220128T235301, start_date=20220128T235426, end_date=20220128T235429
[2022-01-28 20:54:29,551] {local_task_job.py:154} INFO - Task exited with return code 0
[2022-01-28 20:54:29,610] {local_task_job.py:264} INFO - 3 downstream tasks scheduled from follow-on schedule check
