[2021-11-25 22:42:02,026] {taskinstance.py:876} INFO - Dependencies all met for <TaskInstance: user_processing.storing_user 2021-11-25T00:00:00+00:00 [queued]>
[2021-11-25 22:42:02,045] {taskinstance.py:876} INFO - Dependencies all met for <TaskInstance: user_processing.storing_user 2021-11-25T00:00:00+00:00 [queued]>
[2021-11-25 22:42:02,046] {taskinstance.py:1067} INFO - 
--------------------------------------------------------------------------------
[2021-11-25 22:42:02,046] {taskinstance.py:1068} INFO - Starting attempt 1 of 1
[2021-11-25 22:42:02,046] {taskinstance.py:1069} INFO - 
--------------------------------------------------------------------------------
[2021-11-25 22:42:02,171] {taskinstance.py:1087} INFO - Executing <Task(BashOperator): storing_user> on 2021-11-25T00:00:00+00:00
[2021-11-25 22:42:02,177] {standard_task_runner.py:52} INFO - Started process 57370 to run task
[2021-11-25 22:42:02,187] {standard_task_runner.py:76} INFO - Running: ['airflow', 'tasks', 'run', 'user_processing', 'storing_user', '2021-11-25T00:00:00+00:00', '--job-id', '21', '--pool', 'default_pool', '--raw', '--subdir', 'DAGS_FOLDER/user_processing.py', '--cfg-path', '/tmp/tmpa1kg_ijf', '--error-file', '/tmp/tmpxu7zvxah']
[2021-11-25 22:42:02,188] {standard_task_runner.py:77} INFO - Job 21: Subtask storing_user
[2021-11-25 22:42:02,349] {logging_mixin.py:104} INFO - Running <TaskInstance: user_processing.storing_user 2021-11-25T00:00:00+00:00 [running]> on host uiliam-Lenovo-G40-70
[2021-11-25 22:42:02,573] {taskinstance.py:1280} INFO - Exporting the following env vars:
AIRFLOW_CTX_DAG_OWNER=airflow
AIRFLOW_CTX_DAG_ID=user_processing
AIRFLOW_CTX_TASK_ID=storing_user
AIRFLOW_CTX_EXECUTION_DATE=2021-11-25T00:00:00+00:00
AIRFLOW_CTX_DAG_RUN_ID=scheduled__2021-11-25T00:00:00+00:00
[2021-11-25 22:42:02,574] {subprocess.py:52} INFO - Tmp dir root location: 
 /tmp
[2021-11-25 22:42:02,574] {subprocess.py:63} INFO - Running command: ['bash', '-c', 'echo -e ".separator ","\n.import /tmp/processed_user.csv users" | sqlite3  /home/uiliam/airflow/airflow.db']
[2021-11-25 22:42:02,594] {subprocess.py:75} INFO - Output:
[2021-11-25 22:42:02,784] {subprocess.py:83} INFO - Command exited with return code 0
[2021-11-25 22:42:02,901] {taskinstance.py:1184} INFO - Marking task as SUCCESS. dag_id=user_processing, task_id=storing_user, execution_date=20211125T000000, start_date=20211126T014202, end_date=20211126T014202
[2021-11-25 22:42:03,052] {taskinstance.py:1245} INFO - 0 downstream tasks scheduled from follow-on schedule check
[2021-11-25 22:42:03,081] {local_task_job.py:151} INFO - Task exited with return code 0
