[2022-01-28 20:49:59,901] {taskinstance.py:1032} INFO - Dependencies all met for <TaskInstance: xcom_dag.choose_best_model manual__2022-01-28T23:49:52.996846+00:00 [queued]>
[2022-01-28 20:49:59,911] {taskinstance.py:1032} INFO - Dependencies all met for <TaskInstance: xcom_dag.choose_best_model manual__2022-01-28T23:49:52.996846+00:00 [queued]>
[2022-01-28 20:49:59,911] {taskinstance.py:1238} INFO - 
--------------------------------------------------------------------------------
[2022-01-28 20:49:59,911] {taskinstance.py:1239} INFO - Starting attempt 1 of 1
[2022-01-28 20:49:59,911] {taskinstance.py:1240} INFO - 
--------------------------------------------------------------------------------
[2022-01-28 20:49:59,924] {taskinstance.py:1259} INFO - Executing <Task(BranchPythonOperator): choose_best_model> on 2022-01-28 23:49:52.996846+00:00
[2022-01-28 20:49:59,928] {standard_task_runner.py:52} INFO - Started process 222313 to run task
[2022-01-28 20:49:59,932] {standard_task_runner.py:76} INFO - Running: ['airflow', 'tasks', 'run', 'xcom_dag', 'choose_best_model', 'manual__2022-01-28T23:49:52.996846+00:00', '--job-id', '1014', '--raw', '--subdir', 'DAGS_FOLDER/xcom_dag.py', '--cfg-path', '/tmp/tmpn7jhremx', '--error-file', '/tmp/tmp057hknll']
[2022-01-28 20:49:59,933] {standard_task_runner.py:77} INFO - Job 1014: Subtask choose_best_model
[2022-01-28 20:49:59,997] {logging_mixin.py:109} INFO - Running <TaskInstance: xcom_dag.choose_best_model manual__2022-01-28T23:49:52.996846+00:00 [running]> on host uiliam-Vostro-15-3515
[2022-01-28 20:50:00,062] {taskinstance.py:1424} INFO - Exporting the following env vars:
AIRFLOW_CTX_DAG_OWNER=airflow
AIRFLOW_CTX_DAG_ID=xcom_dag
AIRFLOW_CTX_TASK_ID=choose_best_model
AIRFLOW_CTX_EXECUTION_DATE=2022-01-28T23:49:52.996846+00:00
AIRFLOW_CTX_DAG_RUN_ID=manual__2022-01-28T23:49:52.996846+00:00
[2022-01-28 20:50:00,063] {logging_mixin.py:109} INFO - choose best model
[2022-01-28 20:50:00,072] {python.py:175} INFO - Done. Returned value was: accurate
[2022-01-28 20:50:00,073] {skipmixin.py:143} INFO - Following branch accurate
[2022-01-28 20:50:00,073] {skipmixin.py:174} INFO - Skipping tasks ['inaccurate']
[2022-01-28 20:50:00,115] {taskinstance.py:1267} INFO - Marking task as SUCCESS. dag_id=xcom_dag, task_id=choose_best_model, execution_date=20220128T234952, start_date=20220128T234959, end_date=20220128T235000
[2022-01-28 20:50:00,142] {local_task_job.py:154} INFO - Task exited with return code 0
[2022-01-28 20:50:00,193] {local_task_job.py:264} INFO - 1 downstream tasks scheduled from follow-on schedule check
