[2022-01-28 20:16:54,498] {taskinstance.py:1032} INFO - Dependencies all met for <TaskInstance: xcom_dag.processing_tasks.training_model_b manual__2022-01-28T23:16:49.720040+00:00 [queued]>
[2022-01-28 20:16:54,509] {taskinstance.py:1032} INFO - Dependencies all met for <TaskInstance: xcom_dag.processing_tasks.training_model_b manual__2022-01-28T23:16:49.720040+00:00 [queued]>
[2022-01-28 20:16:54,510] {taskinstance.py:1238} INFO - 
--------------------------------------------------------------------------------
[2022-01-28 20:16:54,510] {taskinstance.py:1239} INFO - Starting attempt 1 of 1
[2022-01-28 20:16:54,510] {taskinstance.py:1240} INFO - 
--------------------------------------------------------------------------------
[2022-01-28 20:16:54,527] {taskinstance.py:1259} INFO - Executing <Task(PythonOperator): processing_tasks.training_model_b> on 2022-01-28 23:16:49.720040+00:00
[2022-01-28 20:16:54,531] {standard_task_runner.py:52} INFO - Started process 212166 to run task
[2022-01-28 20:16:54,534] {standard_task_runner.py:76} INFO - Running: ['airflow', 'tasks', 'run', 'xcom_dag', 'processing_tasks.training_model_b', 'manual__2022-01-28T23:16:49.720040+00:00', '--job-id', '979', '--raw', '--subdir', 'DAGS_FOLDER/xcom_dag.py', '--cfg-path', '/tmp/tmp1zj23hxg', '--error-file', '/tmp/tmp_jswkf63']
[2022-01-28 20:16:54,534] {standard_task_runner.py:77} INFO - Job 979: Subtask processing_tasks.training_model_b
[2022-01-28 20:16:54,606] {logging_mixin.py:109} INFO - Running <TaskInstance: xcom_dag.processing_tasks.training_model_b manual__2022-01-28T23:16:49.720040+00:00 [running]> on host uiliam-Vostro-15-3515
[2022-01-28 20:16:54,680] {taskinstance.py:1424} INFO - Exporting the following env vars:
AIRFLOW_CTX_DAG_OWNER=airflow
AIRFLOW_CTX_DAG_ID=xcom_dag
AIRFLOW_CTX_TASK_ID=processing_tasks.training_model_b
AIRFLOW_CTX_EXECUTION_DATE=2022-01-28T23:16:49.720040+00:00
AIRFLOW_CTX_DAG_RUN_ID=manual__2022-01-28T23:16:49.720040+00:00
[2022-01-28 20:16:54,681] {logging_mixin.py:109} INFO - model's accuracy: 7.1597671060062895
[2022-01-28 20:16:54,695] {python.py:175} INFO - Done. Returned value was: None
[2022-01-28 20:16:54,714] {taskinstance.py:1267} INFO - Marking task as SUCCESS. dag_id=xcom_dag, task_id=processing_tasks.training_model_b, execution_date=20220128T231649, start_date=20220128T231654, end_date=20220128T231654
[2022-01-28 20:16:54,746] {local_task_job.py:154} INFO - Task exited with return code 0
[2022-01-28 20:16:54,790] {local_task_job.py:264} INFO - 0 downstream tasks scheduled from follow-on schedule check
