[2022-01-28 20:22:43,192] {taskinstance.py:1032} INFO - Dependencies all met for <TaskInstance: xcom_dag.processing_tasks.training_model_c manual__2022-01-28T23:22:38.358263+00:00 [queued]>
[2022-01-28 20:22:43,202] {taskinstance.py:1032} INFO - Dependencies all met for <TaskInstance: xcom_dag.processing_tasks.training_model_c manual__2022-01-28T23:22:38.358263+00:00 [queued]>
[2022-01-28 20:22:43,202] {taskinstance.py:1238} INFO - 
--------------------------------------------------------------------------------
[2022-01-28 20:22:43,202] {taskinstance.py:1239} INFO - Starting attempt 1 of 1
[2022-01-28 20:22:43,202] {taskinstance.py:1240} INFO - 
--------------------------------------------------------------------------------
[2022-01-28 20:22:43,212] {taskinstance.py:1259} INFO - Executing <Task(PythonOperator): processing_tasks.training_model_c> on 2022-01-28 23:22:38.358263+00:00
[2022-01-28 20:22:43,214] {standard_task_runner.py:52} INFO - Started process 215725 to run task
[2022-01-28 20:22:43,218] {standard_task_runner.py:76} INFO - Running: ['airflow', 'tasks', 'run', 'xcom_dag', 'processing_tasks.training_model_c', 'manual__2022-01-28T23:22:38.358263+00:00', '--job-id', '1001', '--raw', '--subdir', 'DAGS_FOLDER/xcom_dag.py', '--cfg-path', '/tmp/tmpm3klte74', '--error-file', '/tmp/tmp8k1lvky8']
[2022-01-28 20:22:43,219] {standard_task_runner.py:77} INFO - Job 1001: Subtask processing_tasks.training_model_c
[2022-01-28 20:22:43,275] {logging_mixin.py:109} INFO - Running <TaskInstance: xcom_dag.processing_tasks.training_model_c manual__2022-01-28T23:22:38.358263+00:00 [running]> on host uiliam-Vostro-15-3515
[2022-01-28 20:22:43,338] {taskinstance.py:1424} INFO - Exporting the following env vars:
AIRFLOW_CTX_DAG_OWNER=airflow
AIRFLOW_CTX_DAG_ID=xcom_dag
AIRFLOW_CTX_TASK_ID=processing_tasks.training_model_c
AIRFLOW_CTX_EXECUTION_DATE=2022-01-28T23:22:38.358263+00:00
AIRFLOW_CTX_DAG_RUN_ID=manual__2022-01-28T23:22:38.358263+00:00
[2022-01-28 20:22:43,338] {logging_mixin.py:109} INFO - model's accuracy: 5.30441860432509
[2022-01-28 20:22:43,350] {python.py:175} INFO - Done. Returned value was: None
[2022-01-28 20:22:43,365] {taskinstance.py:1267} INFO - Marking task as SUCCESS. dag_id=xcom_dag, task_id=processing_tasks.training_model_c, execution_date=20220128T232238, start_date=20220128T232243, end_date=20220128T232243
[2022-01-28 20:22:43,388] {local_task_job.py:154} INFO - Task exited with return code 0
[2022-01-28 20:22:43,432] {local_task_job.py:264} INFO - 0 downstream tasks scheduled from follow-on schedule check
