[2022-01-28 20:23:04,583] {taskinstance.py:1032} INFO - Dependencies all met for <TaskInstance: xcom_dag.task_4 manual__2022-01-28T23:22:59.026255+00:00 [queued]>
[2022-01-28 20:23:04,602] {taskinstance.py:1032} INFO - Dependencies all met for <TaskInstance: xcom_dag.task_4 manual__2022-01-28T23:22:59.026255+00:00 [queued]>
[2022-01-28 20:23:04,602] {taskinstance.py:1238} INFO - 
--------------------------------------------------------------------------------
[2022-01-28 20:23:04,602] {taskinstance.py:1239} INFO - Starting attempt 1 of 1
[2022-01-28 20:23:04,602] {taskinstance.py:1240} INFO - 
--------------------------------------------------------------------------------
[2022-01-28 20:23:04,612] {taskinstance.py:1259} INFO - Executing <Task(PythonOperator): task_4> on 2022-01-28 23:22:59.026255+00:00
[2022-01-28 20:23:04,616] {standard_task_runner.py:52} INFO - Started process 216377 to run task
[2022-01-28 20:23:04,620] {standard_task_runner.py:76} INFO - Running: ['airflow', 'tasks', 'run', 'xcom_dag', 'task_4', 'manual__2022-01-28T23:22:59.026255+00:00', '--job-id', '1009', '--raw', '--subdir', 'DAGS_FOLDER/xcom_dag.py', '--cfg-path', '/tmp/tmpdcdgzr0d', '--error-file', '/tmp/tmp2uxywxj4']
[2022-01-28 20:23:04,621] {standard_task_runner.py:77} INFO - Job 1009: Subtask task_4
[2022-01-28 20:23:04,686] {logging_mixin.py:109} INFO - Running <TaskInstance: xcom_dag.task_4 manual__2022-01-28T23:22:59.026255+00:00 [running]> on host uiliam-Vostro-15-3515
[2022-01-28 20:23:04,752] {taskinstance.py:1424} INFO - Exporting the following env vars:
AIRFLOW_CTX_DAG_OWNER=airflow
AIRFLOW_CTX_DAG_ID=xcom_dag
AIRFLOW_CTX_TASK_ID=task_4
AIRFLOW_CTX_EXECUTION_DATE=2022-01-28T23:22:59.026255+00:00
AIRFLOW_CTX_DAG_RUN_ID=manual__2022-01-28T23:22:59.026255+00:00
[2022-01-28 20:23:04,753] {logging_mixin.py:109} INFO - choose best model
[2022-01-28 20:23:04,767] {logging_mixin.py:109} INFO - [8.904137923922967, 9.92748354621673, 1.506033065977018]
[2022-01-28 20:23:04,767] {python.py:175} INFO - Done. Returned value was: None
[2022-01-28 20:23:04,781] {taskinstance.py:1267} INFO - Marking task as SUCCESS. dag_id=xcom_dag, task_id=task_4, execution_date=20220128T232259, start_date=20220128T232304, end_date=20220128T232304
[2022-01-28 20:23:04,830] {local_task_job.py:154} INFO - Task exited with return code 0
[2022-01-28 20:23:04,876] {local_task_job.py:264} INFO - 0 downstream tasks scheduled from follow-on schedule check
