[2022-01-26 23:30:55,591] {taskinstance.py:1032} INFO - Dependencies all met for <TaskInstance: parallel_dag.task_1 manual__2022-01-27T02:29:34.331101+00:00 [queued]>
[2022-01-26 23:30:55,609] {taskinstance.py:1032} INFO - Dependencies all met for <TaskInstance: parallel_dag.task_1 manual__2022-01-27T02:29:34.331101+00:00 [queued]>
[2022-01-26 23:30:55,609] {taskinstance.py:1238} INFO - 
--------------------------------------------------------------------------------
[2022-01-26 23:30:55,609] {taskinstance.py:1239} INFO - Starting attempt 1 of 1
[2022-01-26 23:30:55,609] {taskinstance.py:1240} INFO - 
--------------------------------------------------------------------------------
[2022-01-26 23:30:55,624] {taskinstance.py:1259} INFO - Executing <Task(BashOperator): task_1> on 2022-01-27 02:29:34.331101+00:00
[2022-01-26 23:30:55,630] {standard_task_runner.py:52} INFO - Started process 18545 to run task
[2022-01-26 23:30:55,634] {standard_task_runner.py:76} INFO - Running: ['airflow', 'tasks', 'run', 'parallel_dag', 'task_1', 'manual__2022-01-27T02:29:34.331101+00:00', '--job-id', '927', '--raw', '--subdir', 'DAGS_FOLDER/parallel_dag.py', '--cfg-path', '/tmp/tmpnpo_l1tp', '--error-file', '/tmp/tmpwn2nm3mv']
[2022-01-26 23:30:55,635] {standard_task_runner.py:77} INFO - Job 927: Subtask task_1
[2022-01-26 23:30:55,696] {logging_mixin.py:109} INFO - Running <TaskInstance: parallel_dag.task_1 manual__2022-01-27T02:29:34.331101+00:00 [running]> on host uiliam-Vostro-15-3515
[2022-01-26 23:30:55,754] {taskinstance.py:1424} INFO - Exporting the following env vars:
AIRFLOW_CTX_DAG_OWNER=airflow
AIRFLOW_CTX_DAG_ID=parallel_dag
AIRFLOW_CTX_TASK_ID=task_1
AIRFLOW_CTX_EXECUTION_DATE=2022-01-27T02:29:34.331101+00:00
AIRFLOW_CTX_DAG_RUN_ID=manual__2022-01-27T02:29:34.331101+00:00
[2022-01-26 23:30:55,754] {subprocess.py:62} INFO - Tmp dir root location: 
 /tmp
[2022-01-26 23:30:55,755] {subprocess.py:74} INFO - Running command: ['bash', '-c', 'sleep 3']
[2022-01-26 23:30:55,767] {subprocess.py:85} INFO - Output:
[2022-01-26 23:30:58,770] {subprocess.py:93} INFO - Command exited with return code 0
[2022-01-26 23:30:58,807] {taskinstance.py:1267} INFO - Marking task as SUCCESS. dag_id=parallel_dag, task_id=task_1, execution_date=20220127T022934, start_date=20220127T023055, end_date=20220127T023058
[2022-01-26 23:30:58,854] {local_task_job.py:154} INFO - Task exited with return code 0
[2022-01-26 23:30:58,914] {local_task_job.py:264} INFO - 2 downstream tasks scheduled from follow-on schedule check
