[2022-01-28 20:16:50,383] {taskinstance.py:1032} INFO - Dependencies all met for <TaskInstance: xcom_dag.downloading_data manual__2022-01-28T23:16:49.720040+00:00 [queued]>
[2022-01-28 20:16:50,393] {taskinstance.py:1032} INFO - Dependencies all met for <TaskInstance: xcom_dag.downloading_data manual__2022-01-28T23:16:49.720040+00:00 [queued]>
[2022-01-28 20:16:50,394] {taskinstance.py:1238} INFO - 
--------------------------------------------------------------------------------
[2022-01-28 20:16:50,394] {taskinstance.py:1239} INFO - Starting attempt 1 of 1
[2022-01-28 20:16:50,394] {taskinstance.py:1240} INFO - 
--------------------------------------------------------------------------------
[2022-01-28 20:16:50,407] {taskinstance.py:1259} INFO - Executing <Task(BashOperator): downloading_data> on 2022-01-28 23:16:49.720040+00:00
[2022-01-28 20:16:50,409] {standard_task_runner.py:52} INFO - Started process 211969 to run task
[2022-01-28 20:16:50,413] {standard_task_runner.py:76} INFO - Running: ['airflow', 'tasks', 'run', 'xcom_dag', 'downloading_data', 'manual__2022-01-28T23:16:49.720040+00:00', '--job-id', '977', '--raw', '--subdir', 'DAGS_FOLDER/xcom_dag.py', '--cfg-path', '/tmp/tmpuibvzcpw', '--error-file', '/tmp/tmpaxqvicge']
[2022-01-28 20:16:50,414] {standard_task_runner.py:77} INFO - Job 977: Subtask downloading_data
[2022-01-28 20:16:50,480] {logging_mixin.py:109} INFO - Running <TaskInstance: xcom_dag.downloading_data manual__2022-01-28T23:16:49.720040+00:00 [running]> on host uiliam-Vostro-15-3515
[2022-01-28 20:16:50,548] {taskinstance.py:1424} INFO - Exporting the following env vars:
AIRFLOW_CTX_DAG_OWNER=airflow
AIRFLOW_CTX_DAG_ID=xcom_dag
AIRFLOW_CTX_TASK_ID=downloading_data
AIRFLOW_CTX_EXECUTION_DATE=2022-01-28T23:16:49.720040+00:00
AIRFLOW_CTX_DAG_RUN_ID=manual__2022-01-28T23:16:49.720040+00:00
[2022-01-28 20:16:50,549] {subprocess.py:62} INFO - Tmp dir root location: 
 /tmp
[2022-01-28 20:16:50,549] {subprocess.py:74} INFO - Running command: ['bash', '-c', 'sleep 3']
[2022-01-28 20:16:50,560] {subprocess.py:85} INFO - Output:
[2022-01-28 20:16:53,563] {subprocess.py:93} INFO - Command exited with return code 0
[2022-01-28 20:16:53,598] {taskinstance.py:1267} INFO - Marking task as SUCCESS. dag_id=xcom_dag, task_id=downloading_data, execution_date=20220128T231649, start_date=20220128T231650, end_date=20220128T231653
[2022-01-28 20:16:53,633] {local_task_job.py:154} INFO - Task exited with return code 0
[2022-01-28 20:16:53,686] {local_task_job.py:264} INFO - 3 downstream tasks scheduled from follow-on schedule check
