[2022-01-28 20:54:36,580] {taskinstance.py:1032} INFO - Dependencies all met for <TaskInstance: xcom_dag.choose_best_model manual__2022-01-28T23:54:31.253328+00:00 [queued]>
[2022-01-28 20:54:36,597] {taskinstance.py:1032} INFO - Dependencies all met for <TaskInstance: xcom_dag.choose_best_model manual__2022-01-28T23:54:31.253328+00:00 [queued]>
[2022-01-28 20:54:36,597] {taskinstance.py:1238} INFO - 
--------------------------------------------------------------------------------
[2022-01-28 20:54:36,597] {taskinstance.py:1239} INFO - Starting attempt 1 of 1
[2022-01-28 20:54:36,597] {taskinstance.py:1240} INFO - 
--------------------------------------------------------------------------------
[2022-01-28 20:54:36,609] {taskinstance.py:1259} INFO - Executing <Task(BranchPythonOperator): choose_best_model> on 2022-01-28 23:54:31.253328+00:00
[2022-01-28 20:54:36,613] {standard_task_runner.py:52} INFO - Started process 225179 to run task
[2022-01-28 20:54:36,617] {standard_task_runner.py:76} INFO - Running: ['airflow', 'tasks', 'run', 'xcom_dag', 'choose_best_model', 'manual__2022-01-28T23:54:31.253328+00:00', '--job-id', '1034', '--raw', '--subdir', 'DAGS_FOLDER/xcom_dag.py', '--cfg-path', '/tmp/tmpcv7l4lge', '--error-file', '/tmp/tmpby5d43eb']
[2022-01-28 20:54:36,618] {standard_task_runner.py:77} INFO - Job 1034: Subtask choose_best_model
[2022-01-28 20:54:36,685] {logging_mixin.py:109} INFO - Running <TaskInstance: xcom_dag.choose_best_model manual__2022-01-28T23:54:31.253328+00:00 [running]> on host uiliam-Vostro-15-3515
[2022-01-28 20:54:36,750] {taskinstance.py:1424} INFO - Exporting the following env vars:
AIRFLOW_CTX_DAG_OWNER=airflow
AIRFLOW_CTX_DAG_ID=xcom_dag
AIRFLOW_CTX_TASK_ID=choose_best_model
AIRFLOW_CTX_EXECUTION_DATE=2022-01-28T23:54:31.253328+00:00
AIRFLOW_CTX_DAG_RUN_ID=manual__2022-01-28T23:54:31.253328+00:00
[2022-01-28 20:54:36,750] {logging_mixin.py:109} INFO - choose best model
[2022-01-28 20:54:36,761] {python.py:175} INFO - Done. Returned value was: accurate
[2022-01-28 20:54:36,761] {skipmixin.py:143} INFO - Following branch accurate
[2022-01-28 20:54:36,761] {skipmixin.py:174} INFO - Skipping tasks ['inaccurate']
[2022-01-28 20:54:36,809] {taskinstance.py:1267} INFO - Marking task as SUCCESS. dag_id=xcom_dag, task_id=choose_best_model, execution_date=20220128T235431, start_date=20220128T235436, end_date=20220128T235436
[2022-01-28 20:54:36,829] {local_task_job.py:154} INFO - Task exited with return code 0
[2022-01-28 20:54:36,871] {local_task_job.py:264} INFO - 1 downstream tasks scheduled from follow-on schedule check
